<?xml version="1.0" encoding="utf-8"?>
<TestRun id="29dbaf7a-ed24-4ed5-bb23-be99a7f83d44" name="@runnervmnay03 2026-02-28 18:00:26" xmlns="http://microsoft.com/schemas/VisualStudio/TeamTest/2010">
  <Times creation="2026-02-28T18:00:26.9565692+00:00" queuing="2026-02-28T18:00:26.9565694+00:00" start="2026-02-28T18:00:21.1312408+00:00" finish="2026-02-28T18:01:48.2539670+00:00" />
  <TestSettings name="default" id="58e95aaf-de41-42e1-96bc-7d7017077fb2">
    <Deployment runDeploymentRoot="_runnervmnay03_2026-02-28_18_00_26" />
  </TestSettings>
  <Results>
    <UnitTestResult executionId="cd8f44c8-3323-4612-aec4-52bb12f05c21" testId="3e5f2d29-dc28-8da4-e4f3-1dff850f96ee" testName="AssetHub.Tests.Endpoints.AdminEndpointTests.Viewer_CannotCreateUser_Returns403" computerName="runnervmnay03" duration="00:00:00.0115666" startTime="2026-02-28T18:00:38.5158015+00:00" endTime="2026-02-28T18:00:38.5158017+00:00" testType="13cdc9d9-ddb5-4fa4-a97d-d965ccfc6d4b" outcome="Passed" testListId="8c84fa94-04c1-424b-9868-57a2d4851a1d" relativeResultsDirectory="cd8f44c8-3323-4612-aec4-52bb12f05c21" />
    <UnitTestResult executionId="b06a254b-adb8-4b17-8fb2-eac63de692ed" testId="117093fd-4f16-a90c-40a3-d280c73f2fd9" testName="AssetHub.Tests.Services.CollectionAclServiceTests.SetAccess_ManagerCanGrantViewer_Success" computerName="runnervmnay03" duration="00:00:00.0476826" startTime="2026-02-28T18:00:47.5095294+00:00" endTime="2026-02-28T18:00:47.5095295+00:00" testType="13cdc9d9-ddb5-4fa4-a97d-d965ccfc6d4b" outcome="Passed" testListId="8c84fa94-04c1-424b-9868-57a2d4851a1d" relativeResultsDirectory="b06a254b-adb8-4b17-8fb2-eac63de692ed" />
    <UnitTestResult executionId="867718a7-c070-4984-b04f-b08849530b30" testId="d76af619-e3e4-9461-54d4-b6ff8336d27c" testName="AssetHub.Tests.Endpoints.DashboardEndpointTests.GetDashboard_Viewer_NoStats" computerName="runnervmnay03" duration="00:00:00.0508322" startTime="2026-02-28T18:00:41.7653320+00:00" endTime="2026-02-28T18:00:41.7653321+00:00" testType="13cdc9d9-ddb5-4fa4-a97d-d965ccfc6d4b" outcome="Passed" testListId="8c84fa94-04c1-424b-9868-57a2d4851a1d" relativeResultsDirectory="867718a7-c070-4984-b04f-b08849530b30" />
    <UnitTestResult executionId="4d073bae-c529-4790-84a9-338f79d3c03d" testId="9923e15f-9f53-fe1d-3d28-4b3cbcf7d434" testName="AssetHub.Tests.Endpoints.CollectionEndpointTests.ViewerCannotDeleteCollection_Returns403" computerName="runnervmnay03" duration="00:00:00.0308296" startTime="2026-02-28T18:00:40.9156158+00:00" endTime="2026-02-28T18:00:40.9156160+00:00" testType="13cdc9d9-ddb5-4fa4-a97d-d965ccfc6d4b" outcome="Passed" testListId="8c84fa94-04c1-424b-9868-57a2d4851a1d" relativeResultsDirectory="4d073bae-c529-4790-84a9-338f79d3c03d" />
    <UnitTestResult executionId="0797fb21-c526-4013-b624-b60d134b7e5c" testId="11bba509-07e4-77c9-b3a2-40486f5f7f7a" testName="AssetHub.Tests.Repositories.AssetCollectionRepositoryTests.GetByAssetAsync_ReturnsJoinEntitiesWithCollection" computerName="runnervmnay03" duration="00:00:00.0640830" startTime="2026-02-28T18:01:07.0556133+00:00" endTime="2026-02-28T18:01:07.0556133+00:00" testType="13cdc9d9-ddb5-4fa4-a97d-d965ccfc6d4b" outcome="Passed" testListId="8c84fa94-04c1-424b-9868-57a2d4851a1d" relativeResultsDirectory="0797fb21-c526-4013-b624-b60d134b7e5c" />
    <UnitTestResult executionId="d96cea73-a07e-48b7-a58e-b4b6f5004c4c" testId="7e9ae403-748f-813f-5e13-cf42cb1fe66c" testName="AssetHub.Tests.Endpoints.CollectionEndpointTests.GetCollectionAcls_Returns200" computerName="runnervmnay03" duration="00:00:00.0299329" startTime="2026-02-28T18:00:41.1888385+00:00" endTime="2026-02-28T18:00:41.1888387+00:00" testType="13cdc9d9-ddb5-4fa4-a97d-d965ccfc6d4b" outcome="Passed" testListId="8c84fa94-04c1-424b-9868-57a2d4851a1d" relativeResultsDirectory="d96cea73-a07e-48b7-a58e-b4b6f5004c4c" />
    <UnitTestResult executionId="b84514ef-6580-4e30-b1ef-76ad7cc055b0" testId="d098861f-f50f-1cb3-fa73-6a2e14809bff" testName="AssetHub.Tests.Repositories.ShareRepositoryTests.GetByTokenHashAsync_FindsShare" computerName="runnervmnay03" duration="00:00:00.0343342" startTime="2026-02-28T18:01:27.6659549+00:00" endTime="2026-02-28T18:01:27.6659549+00:00" testType="13cdc9d9-ddb5-4fa4-a97d-d965ccfc6d4b" outcome="Passed" testListId="8c84fa94-04c1-424b-9868-57a2d4851a1d" relativeResultsDirectory="b84514ef-6580-4e30-b1ef-76ad7cc055b0" />
    <UnitTestResult executionId="88271dc3-e0c8-4321-9741-691c494a99a3" testId="68fde456-160f-0505-bf10-7e3803d4c5ef" testName="AssetHub.Tests.EdgeCases.SecurityTests.UserA_CannotDownload_UserBs_Asset" computerName="runnervmnay03" duration="00:00:00.0198993" startTime="2026-02-28T18:00:42.8646036+00:00" endTime="2026-02-28T18:00:42.8646037+00:00" testType="13cdc9d9-ddb5-4fa4-a97d-d965ccfc6d4b" outcome="Passed" testListId="8c84fa94-04c1-424b-9868-57a2d4851a1d" relativeResultsDirectory="88271dc3-e0c8-4321-9741-691c494a99a3" />
    <UnitTestResult executionId="e128c47f-58c6-4264-b052-cd6a2f750474" testId="a16e821b-a8de-f204-ccb2-8daed32274bc" testName="AssetHub.Tests.EdgeCases.ConcurrencyTests.DeleteAsync_ParallelDeletionOfMultipleAssets_AllDeleted" computerName="runnervmnay03" duration="00:00:00.1601006" startTime="2026-02-28T18:01:39.4310318+00:00" endTime="2026-02-28T18:01:39.4310319+00:00" testType="13cdc9d9-ddb5-4fa4-a97d-d965ccfc6d4b" outcome="Passed" testListId="8c84fa94-04c1-424b-9868-57a2d4851a1d" relativeResultsDirectory="e128c47f-58c6-4264-b052-cd6a2f750474" />
    <UnitTestResult executionId="6a2cdd21-b37b-4e2d-b486-b582dc51324e" testId="d713d812-e8f8-145d-d2bc-c6e8dac92031" testName="AssetHub.Tests.Helpers.FileMagicValidatorTests.Validate_ValidMp3_ReturnsTrue(header: [73, 68, 51, 4, 0, ···])" computerName="runnervmnay03" duration="00:00:00.0000837" startTime="2026-02-28T18:00:44.4161819+00:00" endTime="2026-02-28T18:00:44.4161819+00:00" testType="13cdc9d9-ddb5-4fa4-a97d-d965ccfc6d4b" outcome="Passed" testListId="8c84fa94-04c1-424b-9868-57a2d4851a1d" relativeResultsDirectory="6a2cdd21-b37b-4e2d-b486-b582dc51324e" />
    <UnitTestResult executionId="c0312b77-ea0a-4305-934d-76c40e0b59d6" testId="96ba300c-5157-ef88-d801-4c714bb5c5be" testName="AssetHub.Tests.EdgeCases.SmartDeletionServiceTests.GetDeletionContext_MultipleCollections_PartialAccess_CannotDeletePermanently" computerName="runnervmnay03" duration="00:00:00.0958080" startTime="2026-02-28T18:01:45.0702672+00:00" endTime="2026-02-28T18:01:45.0702673+00:00" testType="13cdc9d9-ddb5-4fa4-a97d-d965ccfc6d4b" outcome="Passed" testListId="8c84fa94-04c1-424b-9868-57a2d4851a1d" relativeResultsDirectory="c0312b77-ea0a-4305-934d-76c40e0b59d6" />
    <UnitTestResult executionId="3917cca5-9619-4200-80d9-1b1356982cc7" testId="6a618629-0324-4ac7-0be5-3c37f0207c05" testName="AssetHub.Tests.Services.CollectionServiceTests.UpdateAsync_NameTooLong_ReturnsBadRequest" computerName="runnervmnay03" duration="00:00:00.0437881" startTime="2026-02-28T18:00:55.5961358+00:00" endTime="2026-02-28T18:00:55.5961358+00:00" testType="13cdc9d9-ddb5-4fa4-a97d-d965ccfc6d4b" outcome="Passed" testListId="8c84fa94-04c1-424b-9868-57a2d4851a1d" relativeResultsDirectory="3917cca5-9619-4200-80d9-1b1356982cc7" />
    <UnitTestResult executionId="e29b2d41-9210-4a98-8b15-a0a6f55ee92b" testId="bb85c94d-3076-8e93-3f4e-91b1e1efe53c" testName="AssetHub.Tests.Services.KeycloakUserServiceTests.Constructor_MissingAdminPassword_ThrowsInvalidOperationException" computerName="runnervmnay03" duration="00:00:00.0007577" startTime="2026-02-28T18:00:28.9516357+00:00" endTime="2026-02-28T18:00:28.9516358+00:00" testType="13cdc9d9-ddb5-4fa4-a97d-d965ccfc6d4b" outcome="Passed" testListId="8c84fa94-04c1-424b-9868-57a2d4851a1d" relativeResultsDirectory="e29b2d41-9210-4a98-8b15-a0a6f55ee92b" />
    <UnitTestResult executionId="091e64cb-b050-48ef-892a-a09bd626a1f0" testId="7e8ef7ca-383f-cf48-c549-a707cfb49aa4" testName="AssetHub.Tests.EdgeCases.SmartDeletionTests.DeleteByCollection_EmptyCollection_ReturnsEmpty" computerName="runnervmnay03" duration="00:00:00.0225247" startTime="2026-02-28T18:01:47.0016065+00:00" endTime="2026-02-28T18:01:47.0016066+00:00" testType="13cdc9d9-ddb5-4fa4-a97d-d965ccfc6d4b" outcome="Passed" testListId="8c84fa94-04c1-424b-9868-57a2d4851a1d" relativeResultsDirectory="091e64cb-b050-48ef-892a-a09bd626a1f0" />
    <UnitTestResult executionId="8a7a7f42-5bdc-487c-a5c5-6c4829871c73" testId="c5195ad7-703d-ae1c-5f28-d61ef4a5d259" testName="AssetHub.Tests.Endpoints.AdminEndpointTests.GetAllShares_Admin_Returns200" computerName="runnervmnay03" duration="00:00:00.1168969" startTime="2026-02-28T18:00:38.6570909+00:00" endTime="2026-02-28T18:00:38.6570911+00:00" testType="13cdc9d9-ddb5-4fa4-a97d-d965ccfc6d4b" outcome="Passed" testListId="8c84fa94-04c1-424b-9868-57a2d4851a1d" relativeResultsDirectory="8a7a7f42-5bdc-487c-a5c5-6c4829871c73" />
    <UnitTestResult executionId="4d8309cb-3935-4599-851a-1b74f9649131" testId="695a0c2d-f8e3-7af4-c3ac-37e469b91967" testName="AssetHub.Tests.Endpoints.AssetEndpointTests.AddAssetToCollection_ViewerNoAccess_Returns403" computerName="runnervmnay03" duration="00:00:00.0175142" startTime="2026-02-28T18:00:39.0451500+00:00" endTime="2026-02-28T18:00:39.0451502+00:00" testType="13cdc9d9-ddb5-4fa4-a97d-d965ccfc6d4b" outcome="Passed" testListId="8c84fa94-04c1-424b-9868-57a2d4851a1d" relativeResultsDirectory="4d8309cb-3935-4599-851a-1b74f9649131" />
    <UnitTestResult executionId="9ae0d7c7-b4b2-4b84-8a3a-70bf10635a39" testId="2000e496-7801-6fb8-fa50-2b9ef931d206" testName="AssetHub.Tests.EdgeCases.SecurityTests.PasswordProtectedShare_WithoutPassword_ReturnsUnauthorized" computerName="runnervmnay03" duration="00:00:00.0127761" startTime="2026-02-28T18:00:43.6842245+00:00" endTime="2026-02-28T18:00:43.6842247+00:00" testType="13cdc9d9-ddb5-4fa4-a97d-d965ccfc6d4b" outcome="Passed" testListId="8c84fa94-04c1-424b-9868-57a2d4851a1d" relativeResultsDirectory="9ae0d7c7-b4b2-4b84-8a3a-70bf10635a39" />
    <UnitTestResult executionId="96ed916f-fc91-436d-abb6-fe3b597dc0b8" testId="8f4b57c5-ff05-175f-ba6a-01619f2a5af1" testName="AssetHub.Tests.Repositories.CollectionRepositoryTests.DeleteAsync_CascadesAcls" computerName="runnervmnay03" duration="00:00:00.0385140" startTime="2026-02-28T18:01:22.9724635+00:00" endTime="2026-02-28T18:01:22.9724635+00:00" testType="13cdc9d9-ddb5-4fa4-a97d-d965ccfc6d4b" outcome="Passed" testListId="8c84fa94-04c1-424b-9868-57a2d4851a1d" relativeResultsDirectory="96ed916f-fc91-436d-abb6-fe3b597dc0b8" />
    <UnitTestResult executionId="66d1bfa2-be1e-4501-a05f-15366d026e23" testId="5e04170c-cddf-4bc1-d1d4-110ed3325ddd" testName="AssetHub.Tests.Services.ExternalServiceResilienceTests.UploadAsync_WhenMalwareScannerTimesOut_ReturnsServerError" computerName="runnervmnay03" duration="00:00:00.0433626" startTime="2026-02-28T18:01:00.6146208+00:00" endTime="2026-02-28T18:01:00.6146208+00:00" testType="13cdc9d9-ddb5-4fa4-a97d-d965ccfc6d4b" outcome="Passed" testListId="8c84fa94-04c1-424b-9868-57a2d4851a1d" relativeResultsDirectory="66d1bfa2-be1e-4501-a05f-15366d026e23" />
    <UnitTestResult executionId="64f58761-d0c5-400e-b3b9-7f7fd02ce738" testId="40b75977-5c04-367f-b085-101add032828" testName="AssetHub.Tests.Endpoints.AdminEndpointTests.AdminEndpoints_ViewerForbidden_Shares" computerName="runnervmnay03" duration="00:00:00.0031773" startTime="2026-02-28T18:00:38.6886033+00:00" endTime="2026-02-28T18:00:38.6886034+00:00" testType="13cdc9d9-ddb5-4fa4-a97d-d965ccfc6d4b" outcome="Passed" testListId="8c84fa94-04c1-424b-9868-57a2d4851a1d" relativeResultsDirectory="64f58761-d0c5-400e-b3b9-7f7fd02ce738" />
    <UnitTestResult executionId="71828321-ef84-4639-8a5e-64594cbe8058" testId="2598bc4f-7455-c246-b75a-78459dae0185" testName="AssetHub.Tests.Helpers.FileMagicValidatorTests.Validate_TextBasedTypes_AlwaysReturnsTrue(mimeType: &quot;application/json&quot;)" computerName="runnervmnay03" duration="00:00:00.0000033" startTime="2026-02-28T18:00:44.4111429+00:00" endTime="2026-02-28T18:00:44.4111430+00:00" testType="13cdc9d9-ddb5-4fa4-a97d-d965ccfc6d4b" outcome="Passed" testListId="8c84fa94-04c1-424b-9868-57a2d4851a1d" relativeResultsDirectory="71828321-ef84-4639-8a5e-64594cbe8058" />
    <UnitTestResult executionId="e67f1cb0-fa2a-4c3c-9dd4-594d5b5818e4" testId="72a45461-5d32-7204-5781-9fa10b33854c" testName="AssetHub.Tests.Endpoints.AssetEndpointTests.InitUpload_ViewerNoAccess_Returns403" computerName="runnervmnay03" duration="00:00:00.0114088" startTime="2026-02-28T18:00:39.5734241+00:00" endTime="2026-02-28T18:00:39.5734243+00:00" testType="13cdc9d9-ddb5-4fa4-a97d-d965ccfc6d4b" outcome="Passed" testListId="8c84fa94-04c1-424b-9868-57a2d4851a1d" relativeResultsDirectory="e67f1cb0-fa2a-4c3c-9dd4-594d5b5818e4" />
    <UnitTestResult executionId="25013f52-3502-407a-a1f4-04f22b6a610f" testId="ff13be91-0f89-1928-200a-806e624105f8" testName="AssetHub.Tests.Services.AssetDeletionServiceTests.DeleteCollectionAssets_CleansUpSharesPerAsset" computerName="runnervmnay03" duration="00:00:00.3227196" startTime="2026-02-28T18:00:39.4386583+00:00" endTime="2026-02-28T18:00:39.4386585+00:00" testType="13cdc9d9-ddb5-4fa4-a97d-d965ccfc6d4b" outcome="Passed" testListId="8c84fa94-04c1-424b-9868-57a2d4851a1d" relativeResultsDirectory="25013f52-3502-407a-a1f4-04f22b6a610f" />
    <UnitTestResult executionId="7cf107fa-e777-46d0-9888-0c3934499a5c" testId="0cbf6868-2830-2c20-c7bf-526caab82968" testName="AssetHub.Tests.Helpers.FileMagicValidatorTests.Validate_NullContentType_ReturnsFalse" computerName="runnervmnay03" duration="00:00:00.0000889" startTime="2026-02-28T18:00:44.4197250+00:00" endTime="2026-02-28T18:00:44.4197250+00:00" testType="13cdc9d9-ddb5-4fa4-a97d-d965ccfc6d4b" outcome="Passed" testListId="8c84fa94-04c1-424b-9868-57a2d4851a1d" relativeResultsDirectory="7cf107fa-e777-46d0-9888-0c3934499a5c" />
    <UnitTestResult executionId="a98dca65-2afc-420c-be71-cc1549c0e41b" testId="2c0b30d9-3afa-f988-55ce-70057077a5b7" testName="AssetHub.Tests.Repositories.CollectionAclRepositoryTests.RevokeAllAccessAsync_RemovesAllAcls" computerName="runnervmnay03" duration="00:00:00.0416672" startTime="2026-02-28T18:01:20.8568347+00:00" endTime="2026-02-28T18:01:20.8568347+00:00" testType="13cdc9d9-ddb5-4fa4-a97d-d965ccfc6d4b" outcome="Passed" testListId="8c84fa94-04c1-424b-9868-57a2d4851a1d" relativeResultsDirectory="a98dca65-2afc-420c-be71-cc1549c0e41b" />
    <UnitTestResult executionId="0578b22c-adf9-4122-99f5-5833ac84bcbd" testId="31d2b76e-2d25-99ba-ecfc-ab339fdcfc51" testName="AssetHub.Tests.Endpoints.AssetEndpointTests.GetThumbnail_NonExistentAsset_Returns404" computerName="runnervmnay03" duration="00:00:00.0087677" startTime="2026-02-28T18:00:40.1862535+00:00" endTime="2026-02-28T18:00:40.1862538+00:00" testType="13cdc9d9-ddb5-4fa4-a97d-d965ccfc6d4b" outcome="Passed" testListId="8c84fa94-04c1-424b-9868-57a2d4851a1d" relativeResultsDirectory="0578b22c-adf9-4122-99f5-5833ac84bcbd" />
    <UnitTestResult executionId="73c08775-21a3-46b5-9504-d3797439fe1d" testId="ebd2611b-3f09-3a68-cb6f-95a14d557688" testName="AssetHub.Tests.Helpers.FileMagicValidatorTests.Validate_ValidFtypContainer_ReturnsTrue(mimeType: &quot;image/heif&quot;)" computerName="runnervmnay03" duration="00:00:00.0000064" startTime="2026-02-28T18:00:44.4123653+00:00" endTime="2026-02-28T18:00:44.4123654+00:00" testType="13cdc9d9-ddb5-4fa4-a97d-d965ccfc6d4b" outcome="Passed" testListId="8c84fa94-04c1-424b-9868-57a2d4851a1d" relativeResultsDirectory="73c08775-21a3-46b5-9504-d3797439fe1d" />
    <UnitTestResult executionId="7a8ffdb7-852c-4685-b3a3-de85ebf569d0" testId="acd4eea4-0494-85e5-5801-fdbd81a0dd75" testName="AssetHub.Tests.Endpoints.AssetEndpointTests.DeleteAsset_NotFound_Returns404" computerName="runnervmnay03" duration="00:00:00.0104943" startTime="2026-02-28T18:00:39.0120786+00:00" endTime="2026-02-28T18:00:39.0120788+00:00" testType="13cdc9d9-ddb5-4fa4-a97d-d965ccfc6d4b" outcome="Passed" testListId="8c84fa94-04c1-424b-9868-57a2d4851a1d" relativeResultsDirectory="7a8ffdb7-852c-4685-b3a3-de85ebf569d0" />
    <UnitTestResult executionId="96ff7a31-d901-4b56-93a3-1603bf61e33e" testId="900a074c-6acc-871f-d27e-8fa59fa5c211" testName="AssetHub.Tests.Repositories.AssetRepositoryTests.SearchAsync_SupportsPagination_WithCorrectTotal" computerName="runnervmnay03" duration="00:00:00.0801984" startTime="2026-02-28T18:01:16.5892802+00:00" endTime="2026-02-28T18:01:16.5892802+00:00" testType="13cdc9d9-ddb5-4fa4-a97d-d965ccfc6d4b" outcome="Passed" testListId="8c84fa94-04c1-424b-9868-57a2d4851a1d" relativeResultsDirectory="96ff7a31-d901-4b56-93a3-1603bf61e33e" />
    <UnitTestResult executionId="4664d36f-8385-4b14-bfd0-d64e60483b61" testId="e40e960e-55b0-1be7-6be5-10783d394613" testName="AssetHub.Tests.EdgeCases.SmartDeletionTests.DeleteByCollection_SharedAsset_IsPreserved" computerName="runnervmnay03" duration="00:00:00.0727954" startTime="2026-02-28T18:01:45.9317726+00:00" endTime="2026-02-28T18:01:45.9317726+00:00" testType="13cdc9d9-ddb5-4fa4-a97d-d965ccfc6d4b" outcome="Passed" testListId="8c84fa94-04c1-424b-9868-57a2d4851a1d" relativeResultsDirectory="4664d36f-8385-4b14-bfd0-d64e60483b61" />
    <UnitTestResult executionId="ef408271-3ee2-49c3-87a7-89d6cf73b044" testId="a773f59d-4133-5304-fa33-5888fc7afe50" testName="AssetHub.Tests.Repositories.AssetCollectionRepositoryTests.GetCollectionIdsForAssetAsync_CachesResult" computerName="runnervmnay03" duration="00:00:00.0619893" startTime="2026-02-28T18:01:04.4790573+00:00" endTime="2026-02-28T18:01:04.4790573+00:00" testType="13cdc9d9-ddb5-4fa4-a97d-d965ccfc6d4b" outcome="Passed" testListId="8c84fa94-04c1-424b-9868-57a2d4851a1d" relativeResultsDirectory="ef408271-3ee2-49c3-87a7-89d6cf73b044" />
    <UnitTestResult executionId="8e4abf9d-36c5-4a46-86e2-c2279e4c8c9d" testId="87393a0d-1f9f-b670-a421-f21bb4809285" testName="AssetHub.Tests.Services.ClamAvScannerServiceTests.IsAvailableAsync_WhenEnabled_ButHostUnreachable_ReturnsFalse" computerName="runnervmnay03" duration="00:00:00.0042747" startTime="2026-02-28T18:00:44.3806141+00:00" endTime="2026-02-28T18:00:44.3806143+00:00" testType="13cdc9d9-ddb5-4fa4-a97d-d965ccfc6d4b" outcome="Passed" testListId="8c84fa94-04c1-424b-9868-57a2d4851a1d" relativeResultsDirectory="8e4abf9d-36c5-4a46-86e2-c2279e4c8c9d" />
    <UnitTestResult executionId="a5e0cfbf-961f-4602-ac90-74421b60b676" testId="f9175d76-2acd-7e59-6ed9-1a6e6610d9b3" testName="AssetHub.Tests.Endpoints.AdminEndpointTests.CreateUser_InvalidEmail_Returns400" computerName="runnervmnay03" duration="00:00:00.0078223" startTime="2026-02-28T18:00:38.4851288+00:00" endTime="2026-02-28T18:00:38.4851290+00:00" testType="13cdc9d9-ddb5-4fa4-a97d-d965ccfc6d4b" outcome="Passed" testListId="8c84fa94-04c1-424b-9868-57a2d4851a1d" relativeResultsDirectory="a5e0cfbf-961f-4602-ac90-74421b60b676" />
    <UnitTestResult executionId="ad2a1abb-29a5-4627-abc9-2fed0a8b1a14" testId="a176529c-08ed-a7af-9c7b-8e87fd458191" testName="AssetHub.Tests.Endpoints.CollectionEndpointTests.GetCollectionById_ViewerNoAccess_Returns403" computerName="runnervmnay03" duration="00:00:00.0243173" startTime="2026-02-28T18:00:40.5711257+00:00" endTime="2026-02-28T18:00:40.5711258+00:00" testType="13cdc9d9-ddb5-4fa4-a97d-d965ccfc6d4b" outcome="Passed" testListId="8c84fa94-04c1-424b-9868-57a2d4851a1d" relativeResultsDirectory="ad2a1abb-29a5-4627-abc9-2fed0a8b1a14" />
    <UnitTestResult executionId="88386797-bb34-423f-b281-3916811f3d78" testId="d441fd40-7a0a-0855-a983-caf0cdc4c133" testName="AssetHub.Tests.Services.CollectionAclServiceTests.AdminRevokeAccess_Success" computerName="runnervmnay03" duration="00:00:00.0437374" startTime="2026-02-28T18:00:50.6431986+00:00" endTime="2026-02-28T18:00:50.6431987+00:00" testType="13cdc9d9-ddb5-4fa4-a97d-d965ccfc6d4b" outcome="Passed" testListId="8c84fa94-04c1-424b-9868-57a2d4851a1d" relativeResultsDirectory="88386797-bb34-423f-b281-3916811f3d78" />
    <UnitTestResult executionId="9d9b44a2-d3d5-45f7-92b3-d5dea9a1fb4b" testId="582089dc-50c0-9189-e44b-368a92d5617d" testName="AssetHub.Tests.Endpoints.AdminEndpointTests.CreateUser_MissingFirstName_Returns400" computerName="runnervmnay03" duration="00:00:00.0195847" startTime="2026-02-28T18:00:38.3155972+00:00" endTime="2026-02-28T18:00:38.3155974+00:00" testType="13cdc9d9-ddb5-4fa4-a97d-d965ccfc6d4b" outcome="Passed" testListId="8c84fa94-04c1-424b-9868-57a2d4851a1d" relativeResultsDirectory="9d9b44a2-d3d5-45f7-92b3-d5dea9a1fb4b" />
    <UnitTestResult executionId="f471dad0-81de-4955-bda4-c61c282586a8" testId="919d747b-dfe8-84c4-3d17-1e2201d0355c" testName="AssetHub.Tests.Repositories.ShareRepositoryTests.GetAllAsync_WithIncludeCollection_LoadsCollectionNavigation" computerName="runnervmnay03" duration="00:00:00.0533890" startTime="2026-02-28T18:01:26.9672132+00:00" endTime="2026-02-28T18:01:26.9672132+00:00" testType="13cdc9d9-ddb5-4fa4-a97d-d965ccfc6d4b" outcome="Passed" testListId="8c84fa94-04c1-424b-9868-57a2d4851a1d" relativeResultsDirectory="f471dad0-81de-4955-bda4-c61c282586a8" />
    <UnitTestResult executionId="991603c8-e7d7-4b18-afd8-0da78e87e2d5" testId="0ec39ca2-a41b-ceac-5206-8d0d70837b10" testName="AssetHub.Tests.EdgeCases.CollectionAclInheritanceTests.GetAccessibleCollections_ReturnsOnlyUserCollections" computerName="runnervmnay03" duration="00:00:00.0416853" startTime="2026-02-28T18:01:33.3974049+00:00" endTime="2026-02-28T18:01:33.3974049+00:00" testType="13cdc9d9-ddb5-4fa4-a97d-d965ccfc6d4b" outcome="Passed" testListId="8c84fa94-04c1-424b-9868-57a2d4851a1d" relativeResultsDirectory="991603c8-e7d7-4b18-afd8-0da78e87e2d5" />
    <UnitTestResult executionId="91b44856-1c91-4c00-a097-f0012f26a54a" testId="403a90b8-5070-aa5a-748a-da2c41fac666" testName="AssetHub.Tests.Helpers.FileMagicValidatorTests.Validate_ShellScriptClaimingToBeJpeg_ReturnsFalse" computerName="runnervmnay03" duration="00:00:00.0001082" startTime="2026-02-28T18:00:44.4188459+00:00" endTime="2026-02-28T18:00:44.4188459+00:00" testType="13cdc9d9-ddb5-4fa4-a97d-d965ccfc6d4b" outcome="Passed" testListId="8c84fa94-04c1-424b-9868-57a2d4851a1d" relativeResultsDirectory="91b44856-1c91-4c00-a097-f0012f26a54a" />
    <UnitTestResult executionId="003612a3-495b-424e-aebe-7c450610b3c8" testId="c673982d-5e62-d8b5-44af-f911cd5c08cf" testName="AssetHub.Tests.Services.CollectionAclServiceTests.SetAccess_InvalidRole_ReturnsBadRequest" computerName="runnervmnay03" duration="00:00:00.0398981" startTime="2026-02-28T18:00:49.3966949+00:00" endTime="2026-02-28T18:00:49.3966950+00:00" testType="13cdc9d9-ddb5-4fa4-a97d-d965ccfc6d4b" outcome="Passed" testListId="8c84fa94-04c1-424b-9868-57a2d4851a1d" relativeResultsDirectory="003612a3-495b-424e-aebe-7c450610b3c8" />
    <UnitTestResult executionId="ae793cb9-f188-486a-bf5d-cc4c080d4ea9" testId="862a802d-8ad6-aa3f-8bb5-8857dc0b29f4" testName="AssetHub.Tests.Endpoints.AdminEndpointTests.AdminSetCollectionAccess_NonExistentCollection_Returns404" computerName="runnervmnay03" duration="00:00:00.0166793" startTime="2026-02-28T18:00:38.0016074+00:00" endTime="2026-02-28T18:00:38.0016075+00:00" testType="13cdc9d9-ddb5-4fa4-a97d-d965ccfc6d4b" outcome="Passed" testListId="8c84fa94-04c1-424b-9868-57a2d4851a1d" relativeResultsDirectory="ae793cb9-f188-486a-bf5d-cc4c080d4ea9" />
    <UnitTestResult executionId="9a99fe2f-f043-40aa-8348-68982791d7fd" testId="5f84df12-84de-4f24-c7d7-5506d9ab5e71" testName="AssetHub.Tests.Endpoints.AssetEndpointTests.UpdateAsset_ViewerNoAccess_Returns403" computerName="runnervmnay03" duration="00:00:00.0244884" startTime="2026-02-28T18:00:39.9518396+00:00" endTime="2026-02-28T18:00:39.9518398+00:00" testType="13cdc9d9-ddb5-4fa4-a97d-d965ccfc6d4b" outcome="Passed" testListId="8c84fa94-04c1-424b-9868-57a2d4851a1d" relativeResultsDirectory="9a99fe2f-f043-40aa-8348-68982791d7fd" />
    <UnitTestResult executionId="4247d803-bb9f-477d-a705-cb6a19635bbd" testId="e919ef5e-c093-d520-3861-1a0c9fdcdc02" testName="AssetHub.Tests.Repositories.AssetRepositoryTests.SearchAsync_SortsCorrectly" computerName="runnervmnay03" duration="00:00:00.0674474" startTime="2026-02-28T18:01:07.5412080+00:00" endTime="2026-02-28T18:01:07.5412081+00:00" testType="13cdc9d9-ddb5-4fa4-a97d-d965ccfc6d4b" outcome="Passed" testListId="8c84fa94-04c1-424b-9868-57a2d4851a1d" relativeResultsDirectory="4247d803-bb9f-477d-a705-cb6a19635bbd" />
    <UnitTestResult executionId="2b155fdc-9ccb-433b-8748-94d83e1dee0a" testId="9675f479-cafc-2252-0917-cb9b9121d00c" testName="AssetHub.Tests.Endpoints.AssetEndpointTests.GetAssetsByCollection_WithAccess_Returns200" computerName="runnervmnay03" duration="00:00:00.0182506" startTime="2026-02-28T18:00:40.0583289+00:00" endTime="2026-02-28T18:00:40.0583295+00:00" testType="13cdc9d9-ddb5-4fa4-a97d-d965ccfc6d4b" outcome="Passed" testListId="8c84fa94-04c1-424b-9868-57a2d4851a1d" relativeResultsDirectory="2b155fdc-9ccb-433b-8748-94d83e1dee0a" />
    <UnitTestResult executionId="7a1f3c1f-f325-44f8-95a4-42d27060cc34" testId="dac5bb11-a6f3-e43f-5277-ad1eb37ac329" testName="AssetHub.Tests.Repositories.ShareRepositoryTests.GetAllAsync_ReturnsAllShares" computerName="runnervmnay03" duration="00:00:00.0367505" startTime="2026-02-28T18:01:25.9809484+00:00" endTime="2026-02-28T18:01:25.9809485+00:00" testType="13cdc9d9-ddb5-4fa4-a97d-d965ccfc6d4b" outcome="Passed" testListId="8c84fa94-04c1-424b-9868-57a2d4851a1d" relativeResultsDirectory="7a1f3c1f-f325-44f8-95a4-42d27060cc34" />
    <UnitTestResult executionId="75c3092c-279e-4e45-83c0-53204a0f7c03" testId="7efbc2ba-f24c-3343-8e14-97a7762d5408" testName="AssetHub.Tests.EdgeCases.MultiCollectionAccessTests.RemoveFromAllCollections_AssetBecomesOrphaned" computerName="runnervmnay03" duration="00:00:00.0715203" startTime="2026-02-28T18:01:41.1945814+00:00" endTime="2026-02-28T18:01:41.1945814+00:00" testType="13cdc9d9-ddb5-4fa4-a97d-d965ccfc6d4b" outcome="Passed" testListId="8c84fa94-04c1-424b-9868-57a2d4851a1d" relativeResultsDirectory="75c3092c-279e-4e45-83c0-53204a0f7c03" />
    <UnitTestResult executionId="6bdfac51-91ab-44b4-9818-da565b42983f" testId="11f07974-4e9a-9412-abc5-dd5ce325306b" testName="AssetHub.Tests.Services.CollectionAclServiceTests.SetAccess_ViewerCannotManageAcl_ReturnsForbidden" computerName="runnervmnay03" duration="00:00:00.0406440" startTime="2026-02-28T18:00:50.3165370+00:00" endTime="2026-02-28T18:00:50.3165371+00:00" testType="13cdc9d9-ddb5-4fa4-a97d-d965ccfc6d4b" outcome="Passed" testListId="8c84fa94-04c1-424b-9868-57a2d4851a1d" relativeResultsDirectory="6bdfac51-91ab-44b4-9818-da565b42983f" />
    <UnitTestResult executionId="607aff48-0ad7-488e-9681-0c3d05880d39" testId="f0effc41-f250-75bf-c344-dd6e19a9c8aa" testName="AssetHub.Tests.Repositories.AssetRepositoryTests.GetByUserAsync_SupportsPagination" computerName="runnervmnay03" duration="00:00:00.0463610" startTime="2026-02-28T18:01:17.9390087+00:00" endTime="2026-02-28T18:01:17.9390089+00:00" testType="13cdc9d9-ddb5-4fa4-a97d-d965ccfc6d4b" outcome="Passed" testListId="8c84fa94-04c1-424b-9868-57a2d4851a1d" relativeResultsDirectory="607aff48-0ad7-488e-9681-0c3d05880d39" />
    <UnitTestResult executionId="14cbae21-fab7-4e3a-a132-83daf67ece4b" testId="8cd81577-7e97-c433-5866-dde969f64a0c" testName="AssetHub.Tests.Endpoints.AdminEndpointTests.GetCollectionAccessTree_Admin_Returns200" computerName="runnervmnay03" duration="00:00:00.0193360" startTime="2026-02-28T18:00:38.3529844+00:00" endTime="2026-02-28T18:00:38.3529846+00:00" testType="13cdc9d9-ddb5-4fa4-a97d-d965ccfc6d4b" outcome="Passed" testListId="8c84fa94-04c1-424b-9868-57a2d4851a1d" relativeResultsDirectory="14cbae21-fab7-4e3a-a132-83daf67ece4b" />
    <UnitTestResult executionId="e67c5e74-3499-4e51-86c1-5aa83c0c84fc" testId="bbeb0687-1f81-d994-5e2f-0b76b1e0f77e" testName="AssetHub.Tests.Services.ShareAccessServiceTests.GetSharedContentAsync_ExpiresInFuture_Succeeds" computerName="runnervmnay03" duration="00:00:00.0022962" startTime="2026-02-28T18:00:28.9319779+00:00" endTime="2026-02-28T18:00:28.9319780+00:00" testType="13cdc9d9-ddb5-4fa4-a97d-d965ccfc6d4b" outcome="Passed" testListId="8c84fa94-04c1-424b-9868-57a2d4851a1d" relativeResultsDirectory="e67c5e74-3499-4e51-86c1-5aa83c0c84fc" />
    <UnitTestResult executionId="65350155-29e1-4036-bdc4-4e011d57a49c" testId="17f5db22-afe6-713e-58b5-e16d1e935859" testName="AssetHub.Tests.EdgeCases.ConcurrencyTests.DeleteByCollectionAsync_ConcurrentWithAssetRead_HandlesGracefully" computerName="runnervmnay03" duration="00:00:00.1535123" startTime="2026-02-28T18:01:38.6796661+00:00" endTime="2026-02-28T18:01:38.6796661+00:00" testType="13cdc9d9-ddb5-4fa4-a97d-d965ccfc6d4b" outcome="Passed" testListId="8c84fa94-04c1-424b-9868-57a2d4851a1d" relativeResultsDirectory="65350155-29e1-4036-bdc4-4e011d57a49c" />
    <UnitTestResult executionId="93c8c5f1-ccf7-4e73-9040-e9c2d8e46420" testId="923f8827-14a7-292d-99e6-822a82f481e7" testName="AssetHub.Tests.Endpoints.AdminEndpointTests.RevokeShare_NotFound_Returns404" computerName="runnervmnay03" duration="00:00:00.0410711" startTime="2026-02-28T18:00:37.5876152+00:00" endTime="2026-02-28T18:00:37.5876155+00:00" testType="13cdc9d9-ddb5-4fa4-a97d-d965ccfc6d4b" outcome="Passed" testListId="8c84fa94-04c1-424b-9868-57a2d4851a1d" relativeResultsDirectory="93c8c5f1-ccf7-4e73-9040-e9c2d8e46420" />
    <UnitTestResult executionId="f22ae24a-e22e-47c4-8edd-5748585697ef" testId="2ffd4008-3002-1553-125c-bcd9ccaf2f3e" testName="AssetHub.Tests.Helpers.FileMagicValidatorTests.Validate_JpegClaimingToBePng_ReturnsFalse" computerName="runnervmnay03" duration="00:00:00.0016313" startTime="2026-02-28T18:00:44.4015188+00:00" endTime="2026-02-28T18:00:44.4015189+00:00" testType="13cdc9d9-ddb5-4fa4-a97d-d965ccfc6d4b" outcome="Passed" testListId="8c84fa94-04c1-424b-9868-57a2d4851a1d" relativeResultsDirectory="f22ae24a-e22e-47c4-8edd-5748585697ef" />
    <UnitTestResult executionId="a0334ef8-fe69-4656-be83-96e9de56fb88" testId="33631489-77e3-5c19-ccdb-f6f58fa14723" testName="AssetHub.Tests.Services.DashboardServiceTests.GetDashboard_NonAdmin_OnlySeesAccessibleCollectionAssets" computerName="runnervmnay03" duration="00:00:00.1148331" startTime="2026-02-28T18:00:58.3200641+00:00" endTime="2026-02-28T18:00:58.3200642+00:00" testType="13cdc9d9-ddb5-4fa4-a97d-d965ccfc6d4b" outcome="Passed" testListId="8c84fa94-04c1-424b-9868-57a2d4851a1d" relativeResultsDirectory="a0334ef8-fe69-4656-be83-96e9de56fb88" />
    <UnitTestResult executionId="af4ff0bc-4f14-4f5e-bd6c-0cf66c3ef14c" testId="39fcdcc5-3a51-901c-9398-72e1f4874352" testName="AssetHub.Tests.Services.AssetDeletionServiceTests.RemoveFromCollection_MultipleCollections_OnlyRemovesLink" computerName="runnervmnay03" duration="00:00:00.1801693" startTime="2026-02-28T18:00:38.6646302+00:00" endTime="2026-02-28T18:00:38.6646308+00:00" testType="13cdc9d9-ddb5-4fa4-a97d-d965ccfc6d4b" outcome="Passed" testListId="8c84fa94-04c1-424b-9868-57a2d4851a1d" relativeResultsDirectory="af4ff0bc-4f14-4f5e-bd6c-0cf66c3ef14c" />
    <UnitTestResult executionId="941b6878-64d7-45e1-a8b5-9ded5f7594e9" testId="e785590b-b690-eb64-6d6c-5ee47587b913" testName="AssetHub.Tests.Endpoints.AdminEndpointTests.DeleteUser_NonExistentUser_Returns404Or500" computerName="runnervmnay03" duration="00:00:00.0148902" startTime="2026-02-28T18:00:37.7153881+00:00" endTime="2026-02-28T18:00:37.7153882+00:00" testType="13cdc9d9-ddb5-4fa4-a97d-d965ccfc6d4b" outcome="Passed" testListId="8c84fa94-04c1-424b-9868-57a2d4851a1d" relativeResultsDirectory="941b6878-64d7-45e1-a8b5-9ded5f7594e9" />
    <UnitTestResult executionId="bf794b91-ad78-4ae1-9379-63fce0a71a35" testId="41bc270d-c5db-3f7b-fb53-3c0a321107a9" testName="AssetHub.Tests.Services.DashboardServiceTests.GetDashboard_ResolvesCreatorAndActorUserNames" computerName="runnervmnay03" duration="00:00:00.1624250" startTime="2026-02-28T18:00:59.5713687+00:00" endTime="2026-02-28T18:00:59.5713687+00:00" testType="13cdc9d9-ddb5-4fa4-a97d-d965ccfc6d4b" outcome="Passed" testListId="8c84fa94-04c1-424b-9868-57a2d4851a1d" relativeResultsDirectory="bf794b91-ad78-4ae1-9379-63fce0a71a35" />
    <UnitTestResult executionId="99532195-7639-4d81-9633-752c19a4cb89" testId="dc410c0c-9a8f-9895-215d-52f3668cb457" testName="AssetHub.Tests.Services.KeycloakUserServiceTests.CreateUserAsync_WithValidInput_ReturnsUserId" computerName="runnervmnay03" duration="00:00:00.0280952" startTime="2026-02-28T18:00:28.9813733+00:00" endTime="2026-02-28T18:00:28.9813734+00:00" testType="13cdc9d9-ddb5-4fa4-a97d-d965ccfc6d4b" outcome="Passed" testListId="8c84fa94-04c1-424b-9868-57a2d4851a1d" relativeResultsDirectory="99532195-7639-4d81-9633-752c19a4cb89" />
    <UnitTestResult executionId="1f4cda04-f7ff-4398-9c40-cfe3cc002920" testId="1887276a-7589-b6e4-1247-9ee006da95da" testName="AssetHub.Tests.Endpoints.ShareEndpointTests.UpdateSharePassword_NonExistentShare_Returns404" computerName="runnervmnay03" duration="00:00:00.0068173" startTime="2026-02-28T18:00:42.5509767+00:00" endTime="2026-02-28T18:00:42.5509768+00:00" testType="13cdc9d9-ddb5-4fa4-a97d-d965ccfc6d4b" outcome="Passed" testListId="8c84fa94-04c1-424b-9868-57a2d4851a1d" relativeResultsDirectory="1f4cda04-f7ff-4398-9c40-cfe3cc002920" />
    <UnitTestResult executionId="c6de47cf-12ff-4f6f-949d-29b2faebe067" testId="33d8b00e-e5fb-baf2-8135-0d220de93cc5" testName="AssetHub.Tests.Services.KeycloakUserServiceTests.Constructor_WithClientSecret_UsesClientCredentialsGrant" computerName="runnervmnay03" duration="00:00:00.0022377" startTime="2026-02-28T18:00:28.9526950+00:00" endTime="2026-02-28T18:00:28.9526951+00:00" testType="13cdc9d9-ddb5-4fa4-a97d-d965ccfc6d4b" outcome="Passed" testListId="8c84fa94-04c1-424b-9868-57a2d4851a1d" relativeResultsDirectory="c6de47cf-12ff-4f6f-949d-29b2faebe067" />
    <UnitTestResult executionId="02053c62-ac48-4e1c-8760-fa0409443d69" testId="8a87546b-2ac1-21e1-c252-1e144516a239" testName="AssetHub.Tests.Endpoints.CollectionEndpointTests.CreateCollection_EmptyName_Returns400" computerName="runnervmnay03" duration="00:00:00.0039512" startTime="2026-02-28T18:00:40.5912788+00:00" endTime="2026-02-28T18:00:40.5912789+00:00" testType="13cdc9d9-ddb5-4fa4-a97d-d965ccfc6d4b" outcome="Passed" testListId="8c84fa94-04c1-424b-9868-57a2d4851a1d" relativeResultsDirectory="02053c62-ac48-4e1c-8760-fa0409443d69" />
    <UnitTestResult executionId="73bfd19b-14b8-497b-aed8-58b7c9533724" testId="0671abb1-de6e-286d-4997-977bd0826fc2" testName="AssetHub.Tests.EdgeCases.AuthorizationEdgeCaseTests.CanCreateRootCollection_ValidUserId_ReturnsTrue" computerName="runnervmnay03" duration="00:00:00.0004671" startTime="2026-02-28T18:01:30.8611095+00:00" endTime="2026-02-28T18:01:30.8611095+00:00" testType="13cdc9d9-ddb5-4fa4-a97d-d965ccfc6d4b" outcome="Passed" testListId="8c84fa94-04c1-424b-9868-57a2d4851a1d" relativeResultsDirectory="73bfd19b-14b8-497b-aed8-58b7c9533724" />
    <UnitTestResult executionId="b83e8d9e-e970-4ab6-b412-7547d96dd6de" testId="cfc8320c-b7fb-084a-b2c2-058e79e736e7" testName="AssetHub.Tests.EdgeCases.SmartDeletionTests.DeleteByCollection_MixedAssets_OnlyExclusiveDeleted" computerName="runnervmnay03" duration="00:00:00.0929374" startTime="2026-02-28T18:01:46.2171076+00:00" endTime="2026-02-28T18:01:46.2171076+00:00" testType="13cdc9d9-ddb5-4fa4-a97d-d965ccfc6d4b" outcome="Passed" testListId="8c84fa94-04c1-424b-9868-57a2d4851a1d" relativeResultsDirectory="b83e8d9e-e970-4ab6-b412-7547d96dd6de" />
    <UnitTestResult executionId="b9c346df-210c-4a23-8329-5a2a70dab6ef" testId="bb80c984-1736-f20d-90cf-047832de2820" testName="AssetHub.Tests.Endpoints.ShareEndpointTests.CreateAccessToken_NoPasswordHeader_WhenPasswordRequired_Returns401" computerName="runnervmnay03" duration="00:00:00.0143011" startTime="2026-02-28T18:00:42.0057468+00:00" endTime="2026-02-28T18:00:42.0057470+00:00" testType="13cdc9d9-ddb5-4fa4-a97d-d965ccfc6d4b" outcome="Passed" testListId="8c84fa94-04c1-424b-9868-57a2d4851a1d" relativeResultsDirectory="b9c346df-210c-4a23-8329-5a2a70dab6ef" />
    <UnitTestResult executionId="07ed6283-89c8-4079-afae-6536335cb17c" testId="7c4dc252-1419-47fe-e574-6124b33715af" testName="AssetHub.Tests.EdgeCases.SecurityTests.UpdateAsset_WithOversizedMetadataValue_Returns400" computerName="runnervmnay03" duration="00:00:00.0139759" startTime="2026-02-28T18:00:43.5533481+00:00" endTime="2026-02-28T18:00:43.5533482+00:00" testType="13cdc9d9-ddb5-4fa4-a97d-d965ccfc6d4b" outcome="Passed" testListId="8c84fa94-04c1-424b-9868-57a2d4851a1d" relativeResultsDirectory="07ed6283-89c8-4079-afae-6536335cb17c" />
    <UnitTestResult executionId="cf7aaa03-c66b-42cc-9043-a45c7e4e1d8c" testId="49b52938-7608-e895-e138-d7d0da36c682" testName="AssetHub.Tests.Repositories.AssetRepositoryTests.GetByCollectionAsync_SupportsPagination" computerName="runnervmnay03" duration="00:00:00.0770982" startTime="2026-02-28T18:01:14.5628431+00:00" endTime="2026-02-28T18:01:14.5628431+00:00" testType="13cdc9d9-ddb5-4fa4-a97d-d965ccfc6d4b" outcome="Passed" testListId="8c84fa94-04c1-424b-9868-57a2d4851a1d" relativeResultsDirectory="cf7aaa03-c66b-42cc-9043-a45c7e4e1d8c" />
    <UnitTestResult executionId="31441ca4-b82a-4380-94bd-88e72c2f9cb9" testId="c5806774-f51e-b705-e8f5-34f3907b975e" testName="AssetHub.Tests.Services.AssetDeletionServiceTests.PermanentDelete_CallsMinIODeleteForAssetObjects" computerName="runnervmnay03" duration="00:00:00.0675497" startTime="2026-02-28T18:00:36.8673119+00:00" endTime="2026-02-28T18:00:36.8673122+00:00" testType="13cdc9d9-ddb5-4fa4-a97d-d965ccfc6d4b" outcome="Passed" testListId="8c84fa94-04c1-424b-9868-57a2d4851a1d" relativeResultsDirectory="31441ca4-b82a-4380-94bd-88e72c2f9cb9" />
    <UnitTestResult executionId="2f0f62c0-3730-4dfe-848c-0f1db621ee90" testId="30b08f3f-a4b3-7740-6efb-6d1a5b2afe8e" testName="AssetHub.Tests.Services.KeycloakUserServiceTests.Constructor_ParsesRealmFromAuthority" computerName="runnervmnay03" duration="00:00:00.0019254" startTime="2026-02-28T18:00:28.9381966+00:00" endTime="2026-02-28T18:00:28.9381967+00:00" testType="13cdc9d9-ddb5-4fa4-a97d-d965ccfc6d4b" outcome="Passed" testListId="8c84fa94-04c1-424b-9868-57a2d4851a1d" relativeResultsDirectory="2f0f62c0-3730-4dfe-848c-0f1db621ee90" />
    <UnitTestResult executionId="00bdbca6-08a9-4e0a-9eab-7c366888809d" testId="c65e2948-08f7-6ef3-c4f5-adc252746f38" testName="AssetHub.Tests.EdgeCases.SecurityTests.Random_AssetId_Guessing_Returns403_Not_AssetDetails" computerName="runnervmnay03" duration="00:00:00.0160349" startTime="2026-02-28T18:00:43.9598242+00:00" endTime="2026-02-28T18:00:43.9598243+00:00" testType="13cdc9d9-ddb5-4fa4-a97d-d965ccfc6d4b" outcome="Passed" testListId="8c84fa94-04c1-424b-9868-57a2d4851a1d" relativeResultsDirectory="00bdbca6-08a9-4e0a-9eab-7c366888809d" />
    <UnitTestResult executionId="ba1c9c39-e224-4ade-ac35-49902880476d" testId="dd9a386d-0c5a-b311-9d6a-57f283b2b5db" testName="AssetHub.Tests.Services.ExternalServiceResilienceTests.UploadAsync_WhenMinIOThrowsStorageException_ReturnsServerError" computerName="runnervmnay03" duration="00:00:00.0575238" startTime="2026-02-28T18:01:01.6043497+00:00" endTime="2026-02-28T18:01:01.6043498+00:00" testType="13cdc9d9-ddb5-4fa4-a97d-d965ccfc6d4b" outcome="Passed" testListId="8c84fa94-04c1-424b-9868-57a2d4851a1d" relativeResultsDirectory="ba1c9c39-e224-4ade-ac35-49902880476d" />
    <UnitTestResult executionId="15cecceb-e0d4-454a-a05f-99e57fd58c92" testId="064dfe69-8cf7-07d4-bd62-57cbd81f6e76" testName="AssetHub.Tests.Services.ShareAccessServiceTests.GetDownloadUrlAsync_DownloadNotPermitted_ReturnsForbidden" computerName="runnervmnay03" duration="00:00:00.0423635" startTime="2026-02-28T18:00:26.1821434+00:00" endTime="2026-02-28T18:00:26.1821435+00:00" testType="13cdc9d9-ddb5-4fa4-a97d-d965ccfc6d4b" outcome="Passed" testListId="8c84fa94-04c1-424b-9868-57a2d4851a1d" relativeResultsDirectory="15cecceb-e0d4-454a-a05f-99e57fd58c92" />
    <UnitTestResult executionId="7434edc2-937e-4717-a192-dd0b4cec442d" testId="8df6451a-d8f3-6c2b-01b7-8e02a8821d71" testName="AssetHub.Tests.Repositories.AssetRepositoryTests.DeleteAsync_NoOp_WhenNotExists" computerName="runnervmnay03" duration="00:00:00.0137182" startTime="2026-02-28T18:01:14.7873333+00:00" endTime="2026-02-28T18:01:14.7873334+00:00" testType="13cdc9d9-ddb5-4fa4-a97d-d965ccfc6d4b" outcome="Passed" testListId="8c84fa94-04c1-424b-9868-57a2d4851a1d" relativeResultsDirectory="7434edc2-937e-4717-a192-dd0b4cec442d" />
    <UnitTestResult executionId="3b507633-3001-4ff6-8b33-f2413e2fc7c8" testId="51f69c47-c499-9880-e5fb-2e051d955339" testName="AssetHub.Tests.Endpoints.AssetEndpointTests.GetAssetCollections_ViewerNoAccess_Returns403" computerName="runnervmnay03" duration="00:00:00.0987019" startTime="2026-02-28T18:00:38.9856253+00:00" endTime="2026-02-28T18:00:38.9856255+00:00" testType="13cdc9d9-ddb5-4fa4-a97d-d965ccfc6d4b" outcome="Passed" testListId="8c84fa94-04c1-424b-9868-57a2d4851a1d" relativeResultsDirectory="3b507633-3001-4ff6-8b33-f2413e2fc7c8" />
    <UnitTestResult executionId="129af567-e30b-43ba-8ad4-5c1ef7fea36b" testId="307bd0ed-8ddd-2144-ee07-564e3fe8d6fc" testName="AssetHub.Tests.EdgeCases.AuthorizationEdgeCaseTests.CheckAccess_NoAcl_ReturnsFalse" computerName="runnervmnay03" duration="00:00:00.0269036" startTime="2026-02-28T18:01:32.8983332+00:00" endTime="2026-02-28T18:01:32.8983332+00:00" testType="13cdc9d9-ddb5-4fa4-a97d-d965ccfc6d4b" outcome="Passed" testListId="8c84fa94-04c1-424b-9868-57a2d4851a1d" relativeResultsDirectory="129af567-e30b-43ba-8ad4-5c1ef7fea36b" />
    <UnitTestResult executionId="e494983c-0914-43fa-ad54-04f325643276" testId="60099a62-97da-ea3e-e874-3e2c3cdd8731" testName="AssetHub.Tests.Helpers.FileMagicValidatorTests.Validate_ValidGif_ReturnsTrue(header: [71, 73, 70, 56, 57, ···])" computerName="runnervmnay03" duration="00:00:00.0000897" startTime="2026-02-28T18:00:44.4183989+00:00" endTime="2026-02-28T18:00:44.4183990+00:00" testType="13cdc9d9-ddb5-4fa4-a97d-d965ccfc6d4b" outcome="Passed" testListId="8c84fa94-04c1-424b-9868-57a2d4851a1d" relativeResultsDirectory="e494983c-0914-43fa-ad54-04f325643276" />
    <UnitTestResult executionId="39a7bd27-540c-46f7-adbf-fb5cc5969d3f" testId="a65a6fcc-0abb-0e18-2e21-6ed2ad732c85" testName="AssetHub.Tests.EdgeCases.SecurityTests.UserA_CannotGet_DeletionContext_ForUserBsAsset" computerName="runnervmnay03" duration="00:00:00.0170288" startTime="2026-02-28T18:00:42.6898326+00:00" endTime="2026-02-28T18:00:42.6898328+00:00" testType="13cdc9d9-ddb5-4fa4-a97d-d965ccfc6d4b" outcome="Passed" testListId="8c84fa94-04c1-424b-9868-57a2d4851a1d" relativeResultsDirectory="39a7bd27-540c-46f7-adbf-fb5cc5969d3f" />
    <UnitTestResult executionId="c12a9be6-be11-44cd-901c-f9ab0a532071" testId="49bd8489-c63b-a515-dd67-c9e03794a7d5" testName="AssetHub.Tests.Repositories.AssetRepositoryTests.SearchAsync_DefaultSortIsCreatedDescending" computerName="runnervmnay03" duration="00:00:00.0729411" startTime="2026-02-28T18:01:09.4954812+00:00" endTime="2026-02-28T18:01:09.4954813+00:00" testType="13cdc9d9-ddb5-4fa4-a97d-d965ccfc6d4b" outcome="Passed" testListId="8c84fa94-04c1-424b-9868-57a2d4851a1d" relativeResultsDirectory="c12a9be6-be11-44cd-901c-f9ab0a532071" />
    <UnitTestResult executionId="00fe79f7-d188-4929-96c1-4a233162ee67" testId="61c90eee-b50a-4740-19bd-5c5485de7b94" testName="AssetHub.Tests.Services.CollectionAclServiceTests.SetAccess_ManagerCannotGrantAdmin_ReturnsBadRequest" computerName="runnervmnay03" duration="00:00:00.0476511" startTime="2026-02-28T18:00:51.3069089+00:00" endTime="2026-02-28T18:00:51.3069090+00:00" testType="13cdc9d9-ddb5-4fa4-a97d-d965ccfc6d4b" outcome="Passed" testListId="8c84fa94-04c1-424b-9868-57a2d4851a1d" relativeResultsDirectory="00fe79f7-d188-4929-96c1-4a233162ee67" />
    <UnitTestResult executionId="d10d394d-d458-4669-a2db-7a4712186b2d" testId="f8206b9e-ebf5-7d80-398e-71afdee43d49" testName="AssetHub.Tests.Repositories.AssetCollectionRepositoryTests.AddToCollectionAsync_ReturnsNull_WhenAlreadyLinked" computerName="runnervmnay03" duration="00:00:00.0810380" startTime="2026-02-28T18:01:05.9054194+00:00" endTime="2026-02-28T18:01:05.9054195+00:00" testType="13cdc9d9-ddb5-4fa4-a97d-d965ccfc6d4b" outcome="Passed" testListId="8c84fa94-04c1-424b-9868-57a2d4851a1d" relativeResultsDirectory="d10d394d-d458-4669-a2db-7a4712186b2d" />
    <UnitTestResult executionId="f18204ab-b451-4904-a8c1-d936c2353a46" testId="40cf1e5c-12f0-43b2-9856-9c47eed5127f" testName="AssetHub.Tests.Services.KeycloakUserServiceTests.Constructor_WithEmptyClientSecret_UsesPasswordGrant" computerName="runnervmnay03" duration="00:00:00.0092887" startTime="2026-02-28T18:00:28.9475767+00:00" endTime="2026-02-28T18:00:28.9475768+00:00" testType="13cdc9d9-ddb5-4fa4-a97d-d965ccfc6d4b" outcome="Passed" testListId="8c84fa94-04c1-424b-9868-57a2d4851a1d" relativeResultsDirectory="f18204ab-b451-4904-a8c1-d936c2353a46" />
    <UnitTestResult executionId="411a0a44-c910-475f-95af-99fa786da20a" testId="57584441-f51e-71fb-f2ff-afa6fc8f66fb" testName="AssetHub.Tests.Repositories.AssetRepositoryTests.SearchAsync_SortsBySizeAscending" computerName="runnervmnay03" duration="00:00:00.0756421" startTime="2026-02-28T18:01:10.4463912+00:00" endTime="2026-02-28T18:01:10.4463912+00:00" testType="13cdc9d9-ddb5-4fa4-a97d-d965ccfc6d4b" outcome="Passed" testListId="8c84fa94-04c1-424b-9868-57a2d4851a1d" relativeResultsDirectory="411a0a44-c910-475f-95af-99fa786da20a" />
    <UnitTestResult executionId="7ca9dea0-1695-41ae-96a4-2185d079e904" testId="043c9755-f6b5-eeeb-58a3-59da10f0da73" testName="AssetHub.Tests.Endpoints.AssetEndpointTests.GetAssetsByCollection_ViewerNoAccess_Returns403" computerName="runnervmnay03" duration="00:00:00.0128841" startTime="2026-02-28T18:00:39.8091391+00:00" endTime="2026-02-28T18:00:39.8091393+00:00" testType="13cdc9d9-ddb5-4fa4-a97d-d965ccfc6d4b" outcome="Passed" testListId="8c84fa94-04c1-424b-9868-57a2d4851a1d" relativeResultsDirectory="7ca9dea0-1695-41ae-96a4-2185d079e904" />
    <UnitTestResult executionId="f598eb2e-adbe-4c5b-8f9e-fcc2d45ede6a" testId="d6342219-ca61-c0d8-fa31-eb3c8d0b49eb" testName="AssetHub.Tests.Endpoints.CollectionEndpointTests.DeleteCollection_NonExistentCollection_Returns403" computerName="runnervmnay03" duration="00:00:00.0111748" startTime="2026-02-28T18:00:40.7374625+00:00" endTime="2026-02-28T18:00:40.7374627+00:00" testType="13cdc9d9-ddb5-4fa4-a97d-d965ccfc6d4b" outcome="Passed" testListId="8c84fa94-04c1-424b-9868-57a2d4851a1d" relativeResultsDirectory="f598eb2e-adbe-4c5b-8f9e-fcc2d45ede6a" />
    <UnitTestResult executionId="86c6ef40-98ab-4308-a08f-b7ec2a254852" testId="41ed3254-dde4-ae2b-faf8-dc180ccca502" testName="AssetHub.Tests.Repositories.ShareRepositoryTests.GetAllAsync_WithIncludeAsset_LoadsAssetNavigation" computerName="runnervmnay03" duration="00:00:00.0680171" startTime="2026-02-28T18:01:26.4571855+00:00" endTime="2026-02-28T18:01:26.4571855+00:00" testType="13cdc9d9-ddb5-4fa4-a97d-d965ccfc6d4b" outcome="Passed" testListId="8c84fa94-04c1-424b-9868-57a2d4851a1d" relativeResultsDirectory="86c6ef40-98ab-4308-a08f-b7ec2a254852" />
    <UnitTestResult executionId="f7dc53e1-0a1d-4cd9-b97d-85c2504957d1" testId="fbbfff35-83b6-7fdb-ae26-0db8bb92a355" testName="AssetHub.Tests.Services.AssetServiceMalwareScanTests.UploadAsync_WhenScannerFails_RejectsWithInternalError" computerName="runnervmnay03" duration="00:00:00.0615731" startTime="2026-02-28T18:00:44.3322653+00:00" endTime="2026-02-28T18:00:44.3322655+00:00" testType="13cdc9d9-ddb5-4fa4-a97d-d965ccfc6d4b" outcome="Passed" testListId="8c84fa94-04c1-424b-9868-57a2d4851a1d" relativeResultsDirectory="f7dc53e1-0a1d-4cd9-b97d-85c2504957d1" />
    <UnitTestResult executionId="0360a9e7-53ae-424d-a2e2-3be2ff0a86e6" testId="478801e8-bcb0-2d40-e525-9fd13059689a" testName="AssetHub.Tests.Repositories.AssetRepositoryTests.SearchAsync_FindsByDescription" computerName="runnervmnay03" duration="00:00:00.0669590" startTime="2026-02-28T18:01:18.5334342+00:00" endTime="2026-02-28T18:01:18.5334342+00:00" testType="13cdc9d9-ddb5-4fa4-a97d-d965ccfc6d4b" outcome="Passed" testListId="8c84fa94-04c1-424b-9868-57a2d4851a1d" relativeResultsDirectory="0360a9e7-53ae-424d-a2e2-3be2ff0a86e6" />
    <UnitTestResult executionId="61016449-b3c7-4b1e-a5a0-ec109dc14a20" testId="40523d95-2685-dd17-b978-df2971497e1d" testName="AssetHub.Tests.Helpers.FileMagicValidatorTests.Validate_UnknownMimeType_ReturnsTrue" computerName="runnervmnay03" duration="00:00:00.0000837" startTime="2026-02-28T18:00:44.4159775+00:00" endTime="2026-02-28T18:00:44.4159776+00:00" testType="13cdc9d9-ddb5-4fa4-a97d-d965ccfc6d4b" outcome="Passed" testListId="8c84fa94-04c1-424b-9868-57a2d4851a1d" relativeResultsDirectory="61016449-b3c7-4b1e-a5a0-ec109dc14a20" />
    <UnitTestResult executionId="45dd9732-64d6-42d9-a80a-16492c92f708" testId="bdc7dc37-171d-3f97-d649-3036c1e71425" testName="AssetHub.Tests.Endpoints.ShareEndpointTests.CreateAccessToken_NonExistentToken_Returns401Or404" computerName="runnervmnay03" duration="00:00:00.0064144" startTime="2026-02-28T18:00:42.4575961+00:00" endTime="2026-02-28T18:00:42.4575963+00:00" testType="13cdc9d9-ddb5-4fa4-a97d-d965ccfc6d4b" outcome="Passed" testListId="8c84fa94-04c1-424b-9868-57a2d4851a1d" relativeResultsDirectory="45dd9732-64d6-42d9-a80a-16492c92f708" />
    <UnitTestResult executionId="d5264b9e-5017-4db5-9d06-362a87369911" testId="8539b52a-8b44-f516-d9a3-78cdbc924a3c" testName="AssetHub.Tests.Services.CollectionServiceTests.DeleteAsync_NonExistent_ReturnsNotFound" computerName="runnervmnay03" duration="00:00:00.0176403" startTime="2026-02-28T18:00:52.8587886+00:00" endTime="2026-02-28T18:00:52.8587887+00:00" testType="13cdc9d9-ddb5-4fa4-a97d-d965ccfc6d4b" outcome="Passed" testListId="8c84fa94-04c1-424b-9868-57a2d4851a1d" relativeResultsDirectory="d5264b9e-5017-4db5-9d06-362a87369911" />
    <UnitTestResult executionId="82349a26-1fb0-4c88-a579-cff3e1996f1d" testId="bb278843-2a92-bcc5-ea9c-88afad341272" testName="AssetHub.Tests.Endpoints.AssetEndpointTests.AddAssetToCollection_NonExistentCollection_Returns400Or403Or404" computerName="runnervmnay03" duration="00:00:00.0812741" startTime="2026-02-28T18:00:39.2989900+00:00" endTime="2026-02-28T18:00:39.2989901+00:00" testType="13cdc9d9-ddb5-4fa4-a97d-d965ccfc6d4b" outcome="Passed" testListId="8c84fa94-04c1-424b-9868-57a2d4851a1d" relativeResultsDirectory="82349a26-1fb0-4c88-a579-cff3e1996f1d" />
    <UnitTestResult executionId="e625644b-7f2d-4ed1-8aa0-ad65a7739ce1" testId="fd0e8cff-6e2c-9a79-2fc5-1f9b9b574340" testName="AssetHub.Tests.Services.ShareAccessServiceTests.GetSharedContentAsync_ExpiresExactlyNow_ReturnsExpired" computerName="runnervmnay03" duration="00:00:00.0022769" startTime="2026-02-28T18:00:28.9249176+00:00" endTime="2026-02-28T18:00:28.9249177+00:00" testType="13cdc9d9-ddb5-4fa4-a97d-d965ccfc6d4b" outcome="Passed" testListId="8c84fa94-04c1-424b-9868-57a2d4851a1d" relativeResultsDirectory="e625644b-7f2d-4ed1-8aa0-ad65a7739ce1" />
    <UnitTestResult executionId="9c2133ac-14f4-4085-8060-e2eb534063e8" testId="cd6a89e7-1a9f-2154-247e-6d32165f1b45" testName="AssetHub.Tests.Endpoints.CollectionEndpointTests.RevokeCollectionAccess_Returns204" computerName="runnervmnay03" duration="00:00:00.0427823" startTime="2026-02-28T18:00:40.7949063+00:00" endTime="2026-02-28T18:00:40.7949065+00:00" testType="13cdc9d9-ddb5-4fa4-a97d-d965ccfc6d4b" outcome="Passed" testListId="8c84fa94-04c1-424b-9868-57a2d4851a1d" relativeResultsDirectory="9c2133ac-14f4-4085-8060-e2eb534063e8" />
    <UnitTestResult executionId="9b9e753a-2170-4f23-b1ba-a4d8c19a2222" testId="094b64b9-8fcd-3f0d-599c-d167f28eb504" testName="AssetHub.Tests.EdgeCases.SecurityTests.Anonymous_CannotAccess_Collections_Returns401" computerName="runnervmnay03" duration="00:00:00.0134497" startTime="2026-02-28T18:00:42.7592012+00:00" endTime="2026-02-28T18:00:42.7592013+00:00" testType="13cdc9d9-ddb5-4fa4-a97d-d965ccfc6d4b" outcome="Passed" testListId="8c84fa94-04c1-424b-9868-57a2d4851a1d" relativeResultsDirectory="9b9e753a-2170-4f23-b1ba-a4d8c19a2222" />
    <UnitTestResult executionId="7b9dc309-7661-4743-9e5c-28d79b694ddc" testId="c10bf44e-1dd3-d798-8dae-9782de51188b" testName="AssetHub.Tests.Services.ZipBuildServiceAuditTests.BuildZip_NoAssets_DoesNotLogAuditEvent" computerName="runnervmnay03" duration="00:00:00.0759501" startTime="2026-02-28T18:01:02.6338700+00:00" endTime="2026-02-28T18:01:02.6338701+00:00" testType="13cdc9d9-ddb5-4fa4-a97d-d965ccfc6d4b" outcome="Passed" testListId="8c84fa94-04c1-424b-9868-57a2d4851a1d" relativeResultsDirectory="7b9dc309-7661-4743-9e5c-28d79b694ddc" />
    <UnitTestResult executionId="07c3695f-8ad4-4566-a86d-a8149d8a00f7" testId="64a4dd59-e8bb-3dbf-1ff8-54e26d0ca41e" testName="AssetHub.Tests.Repositories.CollectionAclRepositoryTests.SetAccessAsync_CreatesNewAcl" computerName="runnervmnay03" duration="00:00:00.0352024" startTime="2026-02-28T18:01:19.1818108+00:00" endTime="2026-02-28T18:01:19.1818108+00:00" testType="13cdc9d9-ddb5-4fa4-a97d-d965ccfc6d4b" outcome="Passed" testListId="8c84fa94-04c1-424b-9868-57a2d4851a1d" relativeResultsDirectory="07c3695f-8ad4-4566-a86d-a8149d8a00f7" />
    <UnitTestResult executionId="ed18ea42-a88d-40f8-a30d-66d1d55c17ea" testId="b7b098d5-080c-e4ad-8a2a-a3641c456a10" testName="AssetHub.Tests.Repositories.AssetRepositoryTests.CountByStatusAsync_ReturnsCorrectCount" computerName="runnervmnay03" duration="00:00:00.0416662" startTime="2026-02-28T18:01:15.3355758+00:00" endTime="2026-02-28T18:01:15.3355758+00:00" testType="13cdc9d9-ddb5-4fa4-a97d-d965ccfc6d4b" outcome="Passed" testListId="8c84fa94-04c1-424b-9868-57a2d4851a1d" relativeResultsDirectory="ed18ea42-a88d-40f8-a30d-66d1d55c17ea" />
    <UnitTestResult executionId="c2c88c65-442d-4baa-85fe-d4596c67a96a" testId="0d6ca51c-6860-cd33-6796-ab114e670633" testName="AssetHub.Tests.Repositories.CollectionRepositoryTests.ExistsAsync_ReturnsTrue_WhenExists" computerName="runnervmnay03" duration="00:00:00.0288252" startTime="2026-02-28T18:01:21.8136249+00:00" endTime="2026-02-28T18:01:21.8136250+00:00" testType="13cdc9d9-ddb5-4fa4-a97d-d965ccfc6d4b" outcome="Passed" testListId="8c84fa94-04c1-424b-9868-57a2d4851a1d" relativeResultsDirectory="c2c88c65-442d-4baa-85fe-d4596c67a96a" />
    <UnitTestResult executionId="e8896375-abe2-473f-b483-a540cc190b35" testId="06915603-f8d1-090f-7758-ec7043f6a8c2" testName="AssetHub.Tests.Repositories.CollectionRepositoryTests.UpdateAsync_ModifiesName" computerName="runnervmnay03" duration="00:00:00.0178094" startTime="2026-02-28T18:01:22.4825811+00:00" endTime="2026-02-28T18:01:22.4825811+00:00" testType="13cdc9d9-ddb5-4fa4-a97d-d965ccfc6d4b" outcome="Passed" testListId="8c84fa94-04c1-424b-9868-57a2d4851a1d" relativeResultsDirectory="e8896375-abe2-473f-b483-a540cc190b35" />
    <UnitTestResult executionId="4cb438ad-5cfc-4b2f-adfd-218d64277f40" testId="79c16b94-4c80-a530-1f0f-31fa400c6427" testName="AssetHub.Tests.Endpoints.AdminEndpointTests.AdminRemoveCollectionAccess_NonExistentCollection_Returns404" computerName="runnervmnay03" duration="00:00:00.0095677" startTime="2026-02-28T18:00:38.4086039+00:00" endTime="2026-02-28T18:00:38.4086041+00:00" testType="13cdc9d9-ddb5-4fa4-a97d-d965ccfc6d4b" outcome="Passed" testListId="8c84fa94-04c1-424b-9868-57a2d4851a1d" relativeResultsDirectory="4cb438ad-5cfc-4b2f-adfd-218d64277f40" />
    <UnitTestResult executionId="40a567e6-9d08-4931-ab9b-656ccad13151" testId="bc429232-0153-1402-f07a-634c250f9f76" testName="AssetHub.Tests.Services.AssetDeletionServiceTests.RemoveFromCollection_OnlyCollection_PermanentlyDeletes" computerName="runnervmnay03" duration="00:00:01.2471028" startTime="2026-02-28T18:00:36.2963567+00:00" endTime="2026-02-28T18:00:36.2963570+00:00" testType="13cdc9d9-ddb5-4fa4-a97d-d965ccfc6d4b" outcome="Passed" testListId="8c84fa94-04c1-424b-9868-57a2d4851a1d" relativeResultsDirectory="40a567e6-9d08-4931-ab9b-656ccad13151" />
    <UnitTestResult executionId="bd16b0b1-4a30-445b-a46e-8ad798b1e8d4" testId="c185a605-ce39-9272-b26f-91aae6bc7198" testName="AssetHub.Tests.EdgeCases.SecurityTests.Contributor_CannotGrantManager_ToOther" computerName="runnervmnay03" duration="00:00:00.0133305" startTime="2026-02-28T18:00:43.2279628+00:00" endTime="2026-02-28T18:00:43.2279630+00:00" testType="13cdc9d9-ddb5-4fa4-a97d-d965ccfc6d4b" outcome="Passed" testListId="8c84fa94-04c1-424b-9868-57a2d4851a1d" relativeResultsDirectory="bd16b0b1-4a30-445b-a46e-8ad798b1e8d4" />
    <UnitTestResult executionId="e33b2a50-b676-449a-9090-d841724fc7f0" testId="13d9ef03-2267-9789-e968-aae9fa485f4c" testName="AssetHub.Tests.Repositories.AssetCollectionRepositoryTests.RemoveFromCollectionAsync_ReturnsFalse_WhenNotLinked" computerName="runnervmnay03" duration="00:00:00.0089237" startTime="2026-02-28T18:01:07.2826697+00:00" endTime="2026-02-28T18:01:07.2826697+00:00" testType="13cdc9d9-ddb5-4fa4-a97d-d965ccfc6d4b" outcome="Passed" testListId="8c84fa94-04c1-424b-9868-57a2d4851a1d" relativeResultsDirectory="e33b2a50-b676-449a-9090-d841724fc7f0" />
    <UnitTestResult executionId="b703daec-f735-4b98-9fb3-f1e940c3b0a2" testId="4bc1690d-7941-7320-d529-4d77bcd83591" testName="AssetHub.Tests.Services.ShareAccessServiceTests.RevokeShareAsync_NotOwner_ReturnsForbidden" computerName="runnervmnay03" duration="00:00:00.0043359" startTime="2026-02-28T18:00:26.9223028+00:00" endTime="2026-02-28T18:00:26.9223030+00:00" testType="13cdc9d9-ddb5-4fa4-a97d-d965ccfc6d4b" outcome="Passed" testListId="8c84fa94-04c1-424b-9868-57a2d4851a1d" relativeResultsDirectory="b703daec-f735-4b98-9fb3-f1e940c3b0a2" />
    <UnitTestResult executionId="18dd6c04-2993-4f33-aa75-d0f0ae49a3b9" testId="3a405a1f-636d-a813-417b-031f8786fd8a" testName="AssetHub.Tests.EdgeCases.ConcurrencyTests.DeleteAsync_ConcurrentDeletion_OnlyOneSucceeds" computerName="runnervmnay03" duration="00:00:00.0916993" startTime="2026-02-28T18:01:40.0703497+00:00" endTime="2026-02-28T18:01:40.0703497+00:00" testType="13cdc9d9-ddb5-4fa4-a97d-d965ccfc6d4b" outcome="Passed" testListId="8c84fa94-04c1-424b-9868-57a2d4851a1d" relativeResultsDirectory="18dd6c04-2993-4f33-aa75-d0f0ae49a3b9" />
    <UnitTestResult executionId="25c9789b-ce66-4018-b736-bb61fc5198b3" testId="0f12975b-dbfd-dd8a-5bef-48572770d08c" testName="AssetHub.Tests.Repositories.CollectionAclRepositoryTests.GetByCollectionAsync_ReturnsAcls" computerName="runnervmnay03" duration="00:00:00.0338587" startTime="2026-02-28T18:01:20.1109204+00:00" endTime="2026-02-28T18:01:20.1109205+00:00" testType="13cdc9d9-ddb5-4fa4-a97d-d965ccfc6d4b" outcome="Passed" testListId="8c84fa94-04c1-424b-9868-57a2d4851a1d" relativeResultsDirectory="25c9789b-ce66-4018-b736-bb61fc5198b3" />
    <UnitTestResult executionId="91319202-b900-4b74-931d-94f1562a7a23" testId="8acedc6e-71c5-df79-ab0b-ccb5fb410c63" testName="AssetHub.Tests.Services.ShareAccessServiceTests.UpdateSharePasswordAsync_Owner_Success" computerName="runnervmnay03" duration="00:00:00.1564988" startTime="2026-02-28T18:00:28.4439472+00:00" endTime="2026-02-28T18:00:28.4439473+00:00" testType="13cdc9d9-ddb5-4fa4-a97d-d965ccfc6d4b" outcome="Passed" testListId="8c84fa94-04c1-424b-9868-57a2d4851a1d" relativeResultsDirectory="91319202-b900-4b74-931d-94f1562a7a23" />
    <UnitTestResult executionId="4857965e-0aba-4a68-92f6-ae5a60b92156" testId="d624fe36-5f87-acde-88c9-c03bda0aae45" testName="AssetHub.Tests.Services.CollectionServiceTests.UpdateAsync_ViewerCannotUpdate_ReturnsForbidden" computerName="runnervmnay03" duration="00:00:00.0390270" startTime="2026-02-28T18:00:51.6252467+00:00" endTime="2026-02-28T18:00:51.6252468+00:00" testType="13cdc9d9-ddb5-4fa4-a97d-d965ccfc6d4b" outcome="Passed" testListId="8c84fa94-04c1-424b-9868-57a2d4851a1d" relativeResultsDirectory="4857965e-0aba-4a68-92f6-ae5a60b92156" />
    <UnitTestResult executionId="f4d8e4e0-1459-448e-9e4a-38715221e4b7" testId="a5ba8e20-9092-3568-badc-3c23b7d3bcc6" testName="AssetHub.Tests.EdgeCases.SecurityTests.Contributor_CannotDeleteAsset_InOwnCollection" computerName="runnervmnay03" duration="00:00:00.0135880" startTime="2026-02-28T18:00:43.1933286+00:00" endTime="2026-02-28T18:00:43.1933289+00:00" testType="13cdc9d9-ddb5-4fa4-a97d-d965ccfc6d4b" outcome="Passed" testListId="8c84fa94-04c1-424b-9868-57a2d4851a1d" relativeResultsDirectory="f4d8e4e0-1459-448e-9e4a-38715221e4b7" />
    <UnitTestResult executionId="8d9c9a08-d690-4de0-8e79-0f9bd676d15d" testId="65b2c8ce-9c81-cfab-f454-7c87648700ae" testName="AssetHub.Tests.EdgeCases.CollectionAclInheritanceTests.GetUserRole_DirectAcl_ReturnsRole" computerName="runnervmnay03" duration="00:00:00.0457962" startTime="2026-02-28T18:01:33.9046483+00:00" endTime="2026-02-28T18:01:33.9046484+00:00" testType="13cdc9d9-ddb5-4fa4-a97d-d965ccfc6d4b" outcome="Passed" testListId="8c84fa94-04c1-424b-9868-57a2d4851a1d" relativeResultsDirectory="8d9c9a08-d690-4de0-8e79-0f9bd676d15d" />
    <UnitTestResult executionId="b2e14e9b-ad0f-4b30-a9d1-a98b85d312c1" testId="d6687b05-4ba3-99a4-9af9-7e6ec6a3ebc6" testName="AssetHub.Tests.Endpoints.AssetEndpointTests.DeleteAsset_Admin_Returns204" computerName="runnervmnay03" duration="00:00:00.0285995" startTime="2026-02-28T18:00:39.6717374+00:00" endTime="2026-02-28T18:00:39.6717376+00:00" testType="13cdc9d9-ddb5-4fa4-a97d-d965ccfc6d4b" outcome="Passed" testListId="8c84fa94-04c1-424b-9868-57a2d4851a1d" relativeResultsDirectory="b2e14e9b-ad0f-4b30-a9d1-a98b85d312c1" />
    <UnitTestResult executionId="df39321a-61b4-4842-b7a8-6eb3f316d06f" testId="12e172a5-d6fe-25b6-8b34-2e9bc357e0d0" testName="AssetHub.Tests.Endpoints.CollectionEndpointTests.UpdateCollection_Admin_Returns200" computerName="runnervmnay03" duration="00:00:00.0648626" startTime="2026-02-28T18:00:41.2726248+00:00" endTime="2026-02-28T18:00:41.2726249+00:00" testType="13cdc9d9-ddb5-4fa4-a97d-d965ccfc6d4b" outcome="Passed" testListId="8c84fa94-04c1-424b-9868-57a2d4851a1d" relativeResultsDirectory="df39321a-61b4-4842-b7a8-6eb3f316d06f" />
    <UnitTestResult executionId="0d869178-1ee9-4ac7-8837-e627ebdb8637" testId="6a2016e3-0d43-7a4a-41dd-8be40ec46c97" testName="AssetHub.Tests.Services.ZipBuildServiceAuditTests.BuildZip_Success_LogsCollectionDownloadedAuditEvent" computerName="runnervmnay03" duration="00:00:00.1291213" startTime="2026-02-28T18:01:02.3182023+00:00" endTime="2026-02-28T18:01:02.3182023+00:00" testType="13cdc9d9-ddb5-4fa4-a97d-d965ccfc6d4b" outcome="Passed" testListId="8c84fa94-04c1-424b-9868-57a2d4851a1d" relativeResultsDirectory="0d869178-1ee9-4ac7-8837-e627ebdb8637" />
    <UnitTestResult executionId="5f5afe20-902e-4d3e-b26b-c72aef6640cc" testId="0709d87e-fbc0-e26f-0087-a39bca12e275" testName="AssetHub.Tests.Helpers.FileMagicValidatorTests.Validate_ValidFtypContainer_ReturnsTrue(mimeType: &quot;image/heic&quot;)" computerName="runnervmnay03" duration="00:00:00.0000226" startTime="2026-02-28T18:00:44.4155076+00:00" endTime="2026-02-28T18:00:44.4155076+00:00" testType="13cdc9d9-ddb5-4fa4-a97d-d965ccfc6d4b" outcome="Passed" testListId="8c84fa94-04c1-424b-9868-57a2d4851a1d" relativeResultsDirectory="5f5afe20-902e-4d3e-b26b-c72aef6640cc" />
    <UnitTestResult executionId="9cfb3576-4a90-49f4-9f8c-b5ab7dd43924" testId="48dd68d9-4ee4-9604-a63e-ae58dcd64466" testName="AssetHub.Tests.Services.AssetServiceAuditTests.GetRenditionUrl_ForceDownload_LogsAuditEvent" computerName="runnervmnay03" duration="00:00:00.1328085" startTime="2026-02-28T18:00:41.7056326+00:00" endTime="2026-02-28T18:00:41.7056327+00:00" testType="13cdc9d9-ddb5-4fa4-a97d-d965ccfc6d4b" outcome="Passed" testListId="8c84fa94-04c1-424b-9868-57a2d4851a1d" relativeResultsDirectory="9cfb3576-4a90-49f4-9f8c-b5ab7dd43924" />
    <UnitTestResult executionId="50b6dcd8-299c-4d7b-974c-e93757b4632f" testId="64e69f68-1e59-8a88-6d6a-6b1519c435ed" testName="AssetHub.Tests.Repositories.ShareRepositoryTests.GetByUserAsync_SortsByCreatedAtDescending" computerName="runnervmnay03" duration="00:00:00.0353973" startTime="2026-02-28T18:01:29.6410820+00:00" endTime="2026-02-28T18:01:29.6410820+00:00" testType="13cdc9d9-ddb5-4fa4-a97d-d965ccfc6d4b" outcome="Passed" testListId="8c84fa94-04c1-424b-9868-57a2d4851a1d" relativeResultsDirectory="50b6dcd8-299c-4d7b-974c-e93757b4632f" />
    <UnitTestResult executionId="cbca33fb-b2e5-4e64-98c8-32b003fb9703" testId="7baf3033-9ab3-ad5f-0bc3-cd82bfac3888" testName="AssetHub.Tests.Repositories.AssetRepositoryTests.UpdateAsync_ModifiesFields" computerName="runnervmnay03" duration="00:00:00.0361560" startTime="2026-02-28T18:01:08.6230833+00:00" endTime="2026-02-28T18:01:08.6230833+00:00" testType="13cdc9d9-ddb5-4fa4-a97d-d965ccfc6d4b" outcome="Passed" testListId="8c84fa94-04c1-424b-9868-57a2d4851a1d" relativeResultsDirectory="cbca33fb-b2e5-4e64-98c8-32b003fb9703" />
    <UnitTestResult executionId="776a9d0b-ed78-409a-b940-6b359b2583e1" testId="7b330bc7-d094-01d3-2a0a-8bdf365bba8e" testName="AssetHub.Tests.Endpoints.CollectionEndpointTests.UpdateCollection_NonExistentCollection_Returns403" computerName="runnervmnay03" duration="00:00:00.0084786" startTime="2026-02-28T18:00:41.4536138+00:00" endTime="2026-02-28T18:00:41.4536140+00:00" testType="13cdc9d9-ddb5-4fa4-a97d-d965ccfc6d4b" outcome="Passed" testListId="8c84fa94-04c1-424b-9868-57a2d4851a1d" relativeResultsDirectory="776a9d0b-ed78-409a-b940-6b359b2583e1" />
    <UnitTestResult executionId="85f11626-08c9-4f58-8b60-989a2a19de1f" testId="c9ac39c5-99f3-62f8-7c59-4f24b2fe3998" testName="AssetHub.Tests.EdgeCases.SecurityTests.UserA_CannotDelete_UserBs_Asset" computerName="runnervmnay03" duration="00:00:00.0120593" startTime="2026-02-28T18:00:43.0069622+00:00" endTime="2026-02-28T18:00:43.0069624+00:00" testType="13cdc9d9-ddb5-4fa4-a97d-d965ccfc6d4b" outcome="Passed" testListId="8c84fa94-04c1-424b-9868-57a2d4851a1d" relativeResultsDirectory="85f11626-08c9-4f58-8b60-989a2a19de1f" />
    <UnitTestResult executionId="1c739697-0fb6-4897-9f05-a848f4b6a55f" testId="cb2724f8-246f-bbaa-5922-d481c02fb94a" testName="AssetHub.Tests.Endpoints.ShareEndpointTests.UpdateSharePassword_OtherUsersShare_Returns403" computerName="runnervmnay03" duration="00:00:00.0152624" startTime="2026-02-28T18:00:42.0409234+00:00" endTime="2026-02-28T18:00:42.0409236+00:00" testType="13cdc9d9-ddb5-4fa4-a97d-d965ccfc6d4b" outcome="Passed" testListId="8c84fa94-04c1-424b-9868-57a2d4851a1d" relativeResultsDirectory="1c739697-0fb6-4897-9f05-a848f4b6a55f" />
    <UnitTestResult executionId="3fcb9745-61aa-4a5b-a96c-7c7477a28da3" testId="444a1e7c-5d87-53c1-fb15-a33dc1908bac" testName="AssetHub.Tests.Services.CollectionServiceTests.CreateAsync_EmptyName_ReturnsBadRequest" computerName="runnervmnay03" duration="00:00:00.0005396" startTime="2026-02-28T18:00:55.2817229+00:00" endTime="2026-02-28T18:00:55.2817229+00:00" testType="13cdc9d9-ddb5-4fa4-a97d-d965ccfc6d4b" outcome="Passed" testListId="8c84fa94-04c1-424b-9868-57a2d4851a1d" relativeResultsDirectory="3fcb9745-61aa-4a5b-a96c-7c7477a28da3" />
    <UnitTestResult executionId="aa75be40-6159-4fa2-88ea-059b7eb28207" testId="94cac831-369b-d29f-3689-b7ac02c8e68f" testName="AssetHub.Tests.Repositories.CollectionAclRepositoryTests.GetByPrincipalAsync_ReturnsMatchingAcl" computerName="runnervmnay03" duration="00:00:00.0344487" startTime="2026-02-28T18:01:21.5886465+00:00" endTime="2026-02-28T18:01:21.5886466+00:00" testType="13cdc9d9-ddb5-4fa4-a97d-d965ccfc6d4b" outcome="Passed" testListId="8c84fa94-04c1-424b-9868-57a2d4851a1d" relativeResultsDirectory="aa75be40-6159-4fa2-88ea-059b7eb28207" />
    <UnitTestResult executionId="2a32e98a-5cf0-4322-b3f0-cb9d3dd1d124" testId="7238f196-6281-942d-6fd9-3f22783cd75c" testName="AssetHub.Tests.Repositories.CollectionAclRepositoryTests.RevokeAccessAsync_NoOp_WhenNotExists" computerName="runnervmnay03" duration="00:00:00.0275964" startTime="2026-02-28T18:01:21.3287877+00:00" endTime="2026-02-28T18:01:21.3287878+00:00" testType="13cdc9d9-ddb5-4fa4-a97d-d965ccfc6d4b" outcome="Passed" testListId="8c84fa94-04c1-424b-9868-57a2d4851a1d" relativeResultsDirectory="2a32e98a-5cf0-4322-b3f0-cb9d3dd1d124" />
    <UnitTestResult executionId="82971b2c-7357-40d8-a961-c632c6ff9c80" testId="afa78901-9bf8-ef28-6142-0206632bc128" testName="AssetHub.Tests.Helpers.FileMagicValidatorTests.Validate_TextBasedTypes_AlwaysReturnsTrue(mimeType: &quot;text/csv&quot;)" computerName="runnervmnay03" duration="00:00:00.0000066" startTime="2026-02-28T18:00:44.4106398+00:00" endTime="2026-02-28T18:00:44.4106399+00:00" testType="13cdc9d9-ddb5-4fa4-a97d-d965ccfc6d4b" outcome="Passed" testListId="8c84fa94-04c1-424b-9868-57a2d4851a1d" relativeResultsDirectory="82971b2c-7357-40d8-a961-c632c6ff9c80" />
    <UnitTestResult executionId="b4e7f1ae-3d29-4f0b-b119-71b68d0998d3" testId="00caf2fb-3b8f-388c-8c81-a5177e71dbc9" testName="AssetHub.Tests.Repositories.AssetRepositoryTests.SearchAsync_SortsByTitleDescending" computerName="runnervmnay03" duration="00:00:00.0661017" startTime="2026-02-28T18:01:15.6249088+00:00" endTime="2026-02-28T18:01:15.6249089+00:00" testType="13cdc9d9-ddb5-4fa4-a97d-d965ccfc6d4b" outcome="Passed" testListId="8c84fa94-04c1-424b-9868-57a2d4851a1d" relativeResultsDirectory="b4e7f1ae-3d29-4f0b-b119-71b68d0998d3" />
    <UnitTestResult executionId="96c38bd3-6b55-4a28-ae06-0521e32b89e7" testId="92354542-c354-8e98-72ad-25c585d13880" testName="AssetHub.Tests.EdgeCases.SecurityTests.UserA_CannotAccess_UserBs_Asset" computerName="runnervmnay03" duration="00:00:00.0143036" startTime="2026-02-28T18:00:43.1634587+00:00" endTime="2026-02-28T18:00:43.1634589+00:00" testType="13cdc9d9-ddb5-4fa4-a97d-d965ccfc6d4b" outcome="Passed" testListId="8c84fa94-04c1-424b-9868-57a2d4851a1d" relativeResultsDirectory="96c38bd3-6b55-4a28-ae06-0521e32b89e7" />
    <UnitTestResult executionId="74f13f70-e63b-4faf-bcfa-d752b1e20750" testId="951b88c3-d212-4f69-7033-d3e54bb34fa3" testName="AssetHub.Tests.Services.AssetServiceValidationTests.UpdateAsync_DescriptionTooLong_ReturnsBadRequest" computerName="runnervmnay03" duration="00:00:00.1036822" startTime="2026-02-28T18:00:44.6993249+00:00" endTime="2026-02-28T18:00:44.6993250+00:00" testType="13cdc9d9-ddb5-4fa4-a97d-d965ccfc6d4b" outcome="Passed" testListId="8c84fa94-04c1-424b-9868-57a2d4851a1d" relativeResultsDirectory="74f13f70-e63b-4faf-bcfa-d752b1e20750" />
    <UnitTestResult executionId="fb7a06c3-9c49-461f-9301-a02f245073df" testId="8e321cc9-6e74-fdb3-0ba9-3a2ab20b2f60" testName="AssetHub.Tests.Services.AssetDeletionServiceTests.DeleteCollectionAssets_DeletesAllAssetsInCollection" computerName="runnervmnay03" duration="00:00:00.1470883" startTime="2026-02-28T18:00:40.0491388+00:00" endTime="2026-02-28T18:00:40.0491390+00:00" testType="13cdc9d9-ddb5-4fa4-a97d-d965ccfc6d4b" outcome="Passed" testListId="8c84fa94-04c1-424b-9868-57a2d4851a1d" relativeResultsDirectory="fb7a06c3-9c49-461f-9301-a02f245073df" />
    <UnitTestResult executionId="9058d3f5-e38f-4b06-b855-d22e4e96cc79" testId="eeffd1fa-7cf2-c040-367f-5ac66662e6ba" testName="AssetHub.Tests.Repositories.AssetCollectionRepositoryTests.AddToCollectionAsync_ReturnsNull_WhenAssetNotExists" computerName="runnervmnay03" duration="00:00:00.0248240" startTime="2026-02-28T18:01:03.0226897+00:00" endTime="2026-02-28T18:01:03.0226898+00:00" testType="13cdc9d9-ddb5-4fa4-a97d-d965ccfc6d4b" outcome="Passed" testListId="8c84fa94-04c1-424b-9868-57a2d4851a1d" relativeResultsDirectory="9058d3f5-e38f-4b06-b855-d22e4e96cc79" />
    <UnitTestResult executionId="2b203003-8387-44b4-98f4-fcc77382171e" testId="88ae30da-a70b-8758-028f-e80340f372e2" testName="AssetHub.Tests.Repositories.CollectionRepositoryTests.GetByIdAsync_ReturnsCollection" computerName="runnervmnay03" duration="00:00:00.0217556" startTime="2026-02-28T18:01:24.1373359+00:00" endTime="2026-02-28T18:01:24.1373360+00:00" testType="13cdc9d9-ddb5-4fa4-a97d-d965ccfc6d4b" outcome="Passed" testListId="8c84fa94-04c1-424b-9868-57a2d4851a1d" relativeResultsDirectory="2b203003-8387-44b4-98f4-fcc77382171e" />
    <UnitTestResult executionId="da0e3963-2a79-405b-a43f-e18d614d08a4" testId="3fe0303c-301f-9748-8fed-4b2f61afef14" testName="AssetHub.Tests.Repositories.AssetRepositoryTests.SearchAsync_FiltersByAssetType" computerName="runnervmnay03" duration="00:00:00.0675758" startTime="2026-02-28T18:01:15.0528452+00:00" endTime="2026-02-28T18:01:15.0528452+00:00" testType="13cdc9d9-ddb5-4fa4-a97d-d965ccfc6d4b" outcome="Passed" testListId="8c84fa94-04c1-424b-9868-57a2d4851a1d" relativeResultsDirectory="da0e3963-2a79-405b-a43f-e18d614d08a4" />
    <UnitTestResult executionId="0e32b45f-ba99-4ae6-80b1-1edd3920b4e2" testId="7af26aa1-291e-2fa2-97cc-d9bc477f99fe" testName="AssetHub.Tests.EdgeCases.SecurityTests.Manager_CannotGrantAdmin_ToSelf" computerName="runnervmnay03" duration="00:00:00.0144217" startTime="2026-02-28T18:00:43.6217833+00:00" endTime="2026-02-28T18:00:43.6217834+00:00" testType="13cdc9d9-ddb5-4fa4-a97d-d965ccfc6d4b" outcome="Passed" testListId="8c84fa94-04c1-424b-9868-57a2d4851a1d" relativeResultsDirectory="0e32b45f-ba99-4ae6-80b1-1edd3920b4e2" />
    <UnitTestResult executionId="e55b47e3-4de9-4237-94dc-6c9ae6d0fa23" testId="5bd1be7c-be9a-9ead-508a-ba992bb3cd50" testName="AssetHub.Tests.Services.ClamAvScannerServiceTests.IsAvailableAsync_WhenDisabled_ReturnsFalse" computerName="runnervmnay03" duration="00:00:00.0004952" startTime="2026-02-28T18:00:44.3936578+00:00" endTime="2026-02-28T18:00:44.3936580+00:00" testType="13cdc9d9-ddb5-4fa4-a97d-d965ccfc6d4b" outcome="Passed" testListId="8c84fa94-04c1-424b-9868-57a2d4851a1d" relativeResultsDirectory="e55b47e3-4de9-4237-94dc-6c9ae6d0fa23" />
    <UnitTestResult executionId="68c71ff1-7643-45d1-a27a-797a8a225142" testId="966af0ad-e344-844b-e792-f95d650d22e7" testName="AssetHub.Tests.Services.ShareAccessServiceTests.GetSharedContentAsync_WrongPassword_LogsFailedAttempt" computerName="runnervmnay03" duration="00:00:00.3150075" startTime="2026-02-28T18:00:28.9120182+00:00" endTime="2026-02-28T18:00:28.9120184+00:00" testType="13cdc9d9-ddb5-4fa4-a97d-d965ccfc6d4b" outcome="Passed" testListId="8c84fa94-04c1-424b-9868-57a2d4851a1d" relativeResultsDirectory="68c71ff1-7643-45d1-a27a-797a8a225142" />
    <UnitTestResult executionId="20a439f7-54e2-4e99-abe1-88f7c7573c5f" testId="9242198e-67f1-998e-1470-3f45b9e6a13e" testName="AssetHub.Tests.Helpers.FileMagicValidatorTests.Validate_ValidFtypContainer_ReturnsTrue(mimeType: &quot;video/mp4&quot;)" computerName="runnervmnay03" duration="00:00:00.0001071" startTime="2026-02-28T18:00:44.4119474+00:00" endTime="2026-02-28T18:00:44.4119475+00:00" testType="13cdc9d9-ddb5-4fa4-a97d-d965ccfc6d4b" outcome="Passed" testListId="8c84fa94-04c1-424b-9868-57a2d4851a1d" relativeResultsDirectory="20a439f7-54e2-4e99-abe1-88f7c7573c5f" />
    <UnitTestResult executionId="bc147a1b-709d-4c3e-9ea6-4302198842e6" testId="20801dbc-bf26-fe1b-a1b3-791640c7b068" testName="AssetHub.Tests.Services.CollectionServiceTests.GetByIdAsync_NoAccess_ReturnsForbidden" computerName="runnervmnay03" duration="00:00:00.0305920" startTime="2026-02-28T18:00:56.8638464+00:00" endTime="2026-02-28T18:00:56.8638465+00:00" testType="13cdc9d9-ddb5-4fa4-a97d-d965ccfc6d4b" outcome="Passed" testListId="8c84fa94-04c1-424b-9868-57a2d4851a1d" relativeResultsDirectory="bc147a1b-709d-4c3e-9ea6-4302198842e6" />
    <UnitTestResult executionId="1b943a2b-5ad1-4a67-819e-a1f6a43b1e6b" testId="b76bef77-2179-cf85-d8bd-78df38e5556e" testName="AssetHub.Tests.Endpoints.AssetEndpointTests.AddAssetToCollection_Returns201" computerName="runnervmnay03" duration="00:00:00.0798268" startTime="2026-02-28T18:00:39.4084171+00:00" endTime="2026-02-28T18:00:39.4084173+00:00" testType="13cdc9d9-ddb5-4fa4-a97d-d965ccfc6d4b" outcome="Passed" testListId="8c84fa94-04c1-424b-9868-57a2d4851a1d" relativeResultsDirectory="1b943a2b-5ad1-4a67-819e-a1f6a43b1e6b" />
    <UnitTestResult executionId="43bcb19d-8b4c-4ed2-b0a2-3c58e2507a08" testId="2f8ee1f0-64f1-f979-8b75-a7c8fd885c7a" testName="AssetHub.Tests.Endpoints.AssetEndpointTests.PreviewOriginal_NonExistentAsset_Returns404" computerName="runnervmnay03" duration="00:00:00.0086832" startTime="2026-02-28T18:00:40.3369121+00:00" endTime="2026-02-28T18:00:40.3369124+00:00" testType="13cdc9d9-ddb5-4fa4-a97d-d965ccfc6d4b" outcome="Passed" testListId="8c84fa94-04c1-424b-9868-57a2d4851a1d" relativeResultsDirectory="43bcb19d-8b4c-4ed2-b0a2-3c58e2507a08" />
    <UnitTestResult executionId="c721c12b-7dc0-4ed0-961c-27dce86253d5" testId="5aba03d4-f5a9-4fe0-17ed-8c27c4e898a1" testName="AssetHub.Tests.Repositories.CollectionRepositoryTests.ExistsAsync_ReturnsFalse_WhenNotExists" computerName="runnervmnay03" duration="00:00:00.0072027" startTime="2026-02-28T18:01:24.7668554+00:00" endTime="2026-02-28T18:01:24.7668554+00:00" testType="13cdc9d9-ddb5-4fa4-a97d-d965ccfc6d4b" outcome="Passed" testListId="8c84fa94-04c1-424b-9868-57a2d4851a1d" relativeResultsDirectory="c721c12b-7dc0-4ed0-961c-27dce86253d5" />
    <UnitTestResult executionId="c37b10b8-b6dc-4b2e-bf14-7260858aa69d" testId="ee3ddec6-6188-d458-ecdd-c9d91da233c6" testName="AssetHub.Tests.Services.ShareAccessServiceTests.GetSharedContentAsync_ExpiredShare_ReturnsExpiredError" computerName="runnervmnay03" duration="00:00:00.0016389" startTime="2026-02-28T18:00:28.9336805+00:00" endTime="2026-02-28T18:00:28.9336806+00:00" testType="13cdc9d9-ddb5-4fa4-a97d-d965ccfc6d4b" outcome="Passed" testListId="8c84fa94-04c1-424b-9868-57a2d4851a1d" relativeResultsDirectory="c37b10b8-b6dc-4b2e-bf14-7260858aa69d" />
    <UnitTestResult executionId="202989d8-0715-42e7-a37d-6bc6e9f5aad0" testId="1743fda8-f98e-e8ae-131b-f0dd1a9cf7ac" testName="AssetHub.Tests.Repositories.CollectionAclRepositoryTests.GetByCollectionAsync_DoesNotReturnOtherCollections" computerName="runnervmnay03" duration="00:00:00.0345904" startTime="2026-02-28T18:01:19.4304401+00:00" endTime="2026-02-28T18:01:19.4304402+00:00" testType="13cdc9d9-ddb5-4fa4-a97d-d965ccfc6d4b" outcome="Passed" testListId="8c84fa94-04c1-424b-9868-57a2d4851a1d" relativeResultsDirectory="202989d8-0715-42e7-a37d-6bc6e9f5aad0" />
    <UnitTestResult executionId="81d5ab61-83d1-47a7-a3b1-59f4932c0ad6" testId="ebb7b6f4-42b7-0973-126f-6295d88e357c" testName="AssetHub.Tests.Helpers.FileMagicValidatorTests.Validate_ValidPng_ReturnsTrue" computerName="runnervmnay03" duration="00:00:00.0000764" startTime="2026-02-28T18:00:44.4221763+00:00" endTime="2026-02-28T18:00:44.4221763+00:00" testType="13cdc9d9-ddb5-4fa4-a97d-d965ccfc6d4b" outcome="Passed" testListId="8c84fa94-04c1-424b-9868-57a2d4851a1d" relativeResultsDirectory="81d5ab61-83d1-47a7-a3b1-59f4932c0ad6" />
    <UnitTestResult executionId="db98af99-9848-4a1d-b270-81a712314a39" testId="a16d4470-241f-14d0-857c-0097bfaebcce" testName="AssetHub.Tests.Repositories.CollectionAclRepositoryTests.RevokeAccessAsync_RemovesAcl" computerName="runnervmnay03" duration="00:00:00.0450478" startTime="2026-02-28T18:01:20.6142429+00:00" endTime="2026-02-28T18:01:20.6142429+00:00" testType="13cdc9d9-ddb5-4fa4-a97d-d965ccfc6d4b" outcome="Passed" testListId="8c84fa94-04c1-424b-9868-57a2d4851a1d" relativeResultsDirectory="db98af99-9848-4a1d-b270-81a712314a39" />
    <UnitTestResult executionId="3b5e51e8-d60f-420b-8711-89ae4939f487" testId="c208ca1c-5694-6b90-1b2d-d674e781dd46" testName="AssetHub.Tests.Services.AssetServiceMalwareScanTests.UploadAsync_WhenFileIsInfected_RejectsBadRequest" computerName="runnervmnay03" duration="00:00:00.0577967" startTime="2026-02-28T18:00:43.2358686+00:00" endTime="2026-02-28T18:00:43.2358687+00:00" testType="13cdc9d9-ddb5-4fa4-a97d-d965ccfc6d4b" outcome="Passed" testListId="8c84fa94-04c1-424b-9868-57a2d4851a1d" relativeResultsDirectory="3b5e51e8-d60f-420b-8711-89ae4939f487" />
    <UnitTestResult executionId="d8c34e51-01cc-49fd-b15f-954816dfac54" testId="748ad3b6-83fb-c17a-37f5-eec4b8a6700b" testName="AssetHub.Tests.Endpoints.AssetEndpointTests.GetAssetCollections_NotFound_Returns404" computerName="runnervmnay03" duration="00:00:00.0066746" startTime="2026-02-28T18:00:39.7427657+00:00" endTime="2026-02-28T18:00:39.7427659+00:00" testType="13cdc9d9-ddb5-4fa4-a97d-d965ccfc6d4b" outcome="Passed" testListId="8c84fa94-04c1-424b-9868-57a2d4851a1d" relativeResultsDirectory="d8c34e51-01cc-49fd-b15f-954816dfac54" />
[...]
    <TestEntry testId="01ae5f2e-8d86-03f7-b03e-7a9538f150c9" executionId="80d48bec-c42b-49ee-ba19-1e49db4723fe" testListId="8c84fa94-04c1-424b-9868-57a2d4851a1d" />
    <TestEntry testId="cde02438-80c1-b75e-c4cf-a51c4fc8e38f" executionId="b62c59f5-2edf-450e-bef5-24c0226bde08" testListId="8c84fa94-04c1-424b-9868-57a2d4851a1d" />
    <TestEntry testId="4b96fb55-0c1e-c82c-233a-ebf0c769eda6" executionId="479a3e7b-f258-43c7-a3d1-564d1a785820" testListId="8c84fa94-04c1-424b-9868-57a2d4851a1d" />
    <TestEntry testId="50ed34bb-8c87-1d0b-c30b-ae2a659f964a" executionId="7c7b62b6-9a32-4cf2-8f52-0a2457db4452" testListId="8c84fa94-04c1-424b-9868-57a2d4851a1d" />
    <TestEntry testId="378f52a6-671b-46d2-bddb-99766f2058c7" executionId="cdabe4ca-d8f4-410f-89f4-8500881c1d31" testListId="8c84fa94-04c1-424b-9868-57a2d4851a1d" />
    <TestEntry testId="6fe9aa39-dd6f-9b8d-71e7-465906867f86" executionId="cbd12950-5678-4c6a-817f-b0b2bff85d10" testListId="8c84fa94-04c1-424b-9868-57a2d4851a1d" />
    <TestEntry testId="21fcfd92-ca05-489f-31d1-c50a70e45e30" executionId="6de1ac28-3372-4856-9fd3-2bee5182c970" testListId="8c84fa94-04c1-424b-9868-57a2d4851a1d" />
    <TestEntry testId="2e59619b-6ad4-861e-6e97-e30d01c39c46" executionId="5fe880f3-e145-48aa-8ad8-8b79d6744bbf" testListId="8c84fa94-04c1-424b-9868-57a2d4851a1d" />
    <TestEntry testId="a681f442-692a-5e1a-4fed-07eae2efe946" executionId="f0df7e86-994b-4dae-b0e9-3fc68470a358" testListId="8c84fa94-04c1-424b-9868-57a2d4851a1d" />
    <TestEntry testId="2af4971a-89e1-dad4-58d8-5db79c11ee7a" executionId="7d6799ef-043b-49e5-9f85-befacb5b7746" testListId="8c84fa94-04c1-424b-9868-57a2d4851a1d" />
    <TestEntry testId="928e4d27-66fc-4671-928e-febe9ea237b7" executionId="5dab12d9-e31e-4419-80b9-da5408f2cf39" testListId="8c84fa94-04c1-424b-9868-57a2d4851a1d" />
    <TestEntry testId="81c3aade-b110-80fd-fff1-d9eb23809d03" executionId="3eb7a59a-4b12-4b8d-ab4b-0439b748b537" testListId="8c84fa94-04c1-424b-9868-57a2d4851a1d" />
    <TestEntry testId="cfb2ad0e-2d6e-c530-cb2b-42a2238247b2" executionId="33465e40-def5-4621-8851-e312ed453b74" testListId="8c84fa94-04c1-424b-9868-57a2d4851a1d" />
    <TestEntry testId="db824c70-2537-eb8f-6d5d-f0f10ff7f606" executionId="8848ad43-4a5f-401b-b1dd-e633133d83cb" testListId="8c84fa94-04c1-424b-9868-57a2d4851a1d" />
    <TestEntry testId="0475bfed-64df-6fdb-eb2f-ff4b4a45e802" executionId="616ad321-ec5a-47e8-9829-24daf79c23b4" testListId="8c84fa94-04c1-424b-9868-57a2d4851a1d" />
    <TestEntry testId="000c58b3-f2fa-5d6d-3e9e-54349ef37876" executionId="c9125a58-126c-4892-9314-e54211d9a742" testListId="8c84fa94-04c1-424b-9868-57a2d4851a1d" />
    <TestEntry testId="dc9078e1-fe80-6203-7fc9-dd7c98ed40e0" executionId="202c32e0-3884-4e95-815d-97c518e5e6df" testListId="8c84fa94-04c1-424b-9868-57a2d4851a1d" />
    <TestEntry testId="8e9649ae-42ed-b6d7-9f27-081627613a94" executionId="a080c72b-7075-40eb-8ed3-8d57b5e6af5e" testListId="8c84fa94-04c1-424b-9868-57a2d4851a1d" />
    <TestEntry testId="d42dcd40-7a72-fe49-9be8-bcf5838359f8" executionId="ab132cf8-5dde-4cf4-9ede-32ad64be9988" testListId="8c84fa94-04c1-424b-9868-57a2d4851a1d" />
    <TestEntry testId="52538965-d183-45bc-c14d-4f48f8e8a994" executionId="66530f1b-044e-4dd0-89c8-449610dc3f41" testListId="8c84fa94-04c1-424b-9868-57a2d4851a1d" />
    <TestEntry testId="ed01793c-ad24-a7ab-84ec-a1dd513ef625" executionId="cdbe7423-3a30-47c3-aeed-ada3990995d9" testListId="8c84fa94-04c1-424b-9868-57a2d4851a1d" />
    <TestEntry testId="d2f76145-c741-efd7-be64-50a185db6980" executionId="000c7465-3674-44a6-870d-08f6d27152c3" testListId="8c84fa94-04c1-424b-9868-57a2d4851a1d" />
    <TestEntry testId="4628ae7f-3457-b6c5-5b48-11fc5635b1b5" executionId="55429c3d-4eba-470e-93b2-024281ace741" testListId="8c84fa94-04c1-424b-9868-57a2d4851a1d" />
    <TestEntry testId="5db44c1f-e11d-75f9-a6e6-468c6a72c761" executionId="9897c5e3-600b-470d-844d-68c2a2cbdda1" testListId="8c84fa94-04c1-424b-9868-57a2d4851a1d" />
    <TestEntry testId="fd5783c1-a89d-612b-1ee8-45364f841e4d" executionId="0dcfd7a8-4eef-4702-99f4-54a76d72ce9e" testListId="8c84fa94-04c1-424b-9868-57a2d4851a1d" />
    <TestEntry testId="0b1f0705-b3df-c0ed-5a24-12a74b73abf3" executionId="fbc1d9e2-d80b-43cb-bc1a-c6b9ccbbb2bb" testListId="8c84fa94-04c1-424b-9868-57a2d4851a1d" />
    <TestEntry testId="03744a7f-417b-ef6c-1a93-7ee88543ca78" executionId="2463b17b-a231-43b1-a3d4-2de33ef06664" testListId="8c84fa94-04c1-424b-9868-57a2d4851a1d" />
    <TestEntry testId="b24320fa-c578-8b57-45da-21d24bf15d70" executionId="71ae6a9b-d999-4aaa-a3d4-4985d5c9a660" testListId="8c84fa94-04c1-424b-9868-57a2d4851a1d" />
    <TestEntry testId="bf9459b1-f528-5336-7cd7-afbdf0a8aca9" executionId="c9f4c255-3e80-4e56-88f2-557fec99f465" testListId="8c84fa94-04c1-424b-9868-57a2d4851a1d" />
    <TestEntry testId="cd493417-2601-e4f9-b94f-00459bfdf126" executionId="b7bfd1cb-3d6f-42d1-89d4-25790e1a5468" testListId="8c84fa94-04c1-424b-9868-57a2d4851a1d" />
    <TestEntry testId="ad726725-e5f8-95aa-e84b-eafa3f3c65b2" executionId="a8eebf3d-2e30-4d35-b6f1-1f3132edd151" testListId="8c84fa94-04c1-424b-9868-57a2d4851a1d" />
    <TestEntry testId="5cd21812-0338-3d3f-b13a-d6bb4a61ff33" executionId="5f9fee44-2a36-4064-b3f2-a941381a4dc9" testListId="8c84fa94-04c1-424b-9868-57a2d4851a1d" />
    <TestEntry testId="34c54bb4-d162-830c-36c1-22befd929a1c" executionId="9128f3e3-c48c-4c72-b7e1-88807d6c0e0e" testListId="8c84fa94-04c1-424b-9868-57a2d4851a1d" />
    <TestEntry testId="c7535c66-cd8c-3d3d-7289-81dd32204a47" executionId="89b92ec2-b579-4657-8243-b9946b5c2be2" testListId="8c84fa94-04c1-424b-9868-57a2d4851a1d" />
    <TestEntry testId="29c55c2a-e9e0-a52d-9a9f-220c545b278c" executionId="8c09e469-3068-4cea-a4de-e98779732784" testListId="8c84fa94-04c1-424b-9868-57a2d4851a1d" />
    <TestEntry testId="90941b6a-f09f-3237-9e89-ef11d23187e3" executionId="d87f3955-5a95-4ae5-a79d-f64c43c63f47" testListId="8c84fa94-04c1-424b-9868-57a2d4851a1d" />
    <TestEntry testId="c4cc9660-d25e-0f8c-008f-8e99bda9da97" executionId="1d2f4815-57d4-46bd-9a0f-509fadbd6a51" testListId="8c84fa94-04c1-424b-9868-57a2d4851a1d" />
    <TestEntry testId="2aa53c7e-6aff-ab01-7f8e-25c23bc2aafb" executionId="6693a872-62be-4acb-acd2-3501bad8fc51" testListId="8c84fa94-04c1-424b-9868-57a2d4851a1d" />
    <TestEntry testId="66e17800-e3c9-8e97-0984-23f336bc2c87" executionId="e17da2aa-6ee4-4bf1-9405-0d6cead1e252" testListId="8c84fa94-04c1-424b-9868-57a2d4851a1d" />
    <TestEntry testId="f9250fa7-4217-8662-59ef-300acc74401f" executionId="94776cfe-a8f2-40ed-a12b-866a4110f062" testListId="8c84fa94-04c1-424b-9868-57a2d4851a1d" />
    <TestEntry testId="1a63002b-dbc9-9ff0-8fee-0fa179939f17" executionId="5e3b7bef-b176-47c8-b75c-1492f7404f08" testListId="8c84fa94-04c1-424b-9868-57a2d4851a1d" />
    <TestEntry testId="0b9f622e-abe4-7cfd-194e-c1be58fca327" executionId="d4ce84e0-b405-447c-8f6a-2801ed1321c2" testListId="8c84fa94-04c1-424b-9868-57a2d4851a1d" />
    <TestEntry testId="e5d2cae9-ca9f-c8f3-716d-f1f501d92fee" executionId="0d9a706a-c9fb-4424-bfd6-0eecd99dcaa3" testListId="8c84fa94-04c1-424b-9868-57a2d4851a1d" />
    <TestEntry testId="6fdcb165-2f87-7a13-fba2-532b51955c3c" executionId="89c298eb-c0a9-4992-b66d-f054437f2b81" testListId="8c84fa94-04c1-424b-9868-57a2d4851a1d" />
    <TestEntry testId="bb115852-2fe7-fc68-6fb9-fb93a4712c7c" executionId="6d3449bb-1495-4984-9b69-233ebb6ee8d9" testListId="8c84fa94-04c1-424b-9868-57a2d4851a1d" />
    <TestEntry testId="578ca040-1363-4da7-0c12-8a18e65d910c" executionId="6b2c5d42-354c-46c1-ad33-dd5bbfde1bfa" testListId="8c84fa94-04c1-424b-9868-57a2d4851a1d" />
    <TestEntry testId="a7b9e213-0e2b-2dc0-94ec-c14b9362a2e5" executionId="0690a14b-8931-4c9b-ad72-3b84e676b896" testListId="8c84fa94-04c1-424b-9868-57a2d4851a1d" />
    <TestEntry testId="708eb82c-f39e-cdc8-9fb1-69403736a784" executionId="39514379-a79e-4cb6-9a3c-f84193913930" testListId="8c84fa94-04c1-424b-9868-57a2d4851a1d" />
    <TestEntry testId="b79deb84-1b42-9591-d74e-397eaf18da53" executionId="fd6eedab-2596-4d2d-9370-d1d8fe395296" testListId="8c84fa94-04c1-424b-9868-57a2d4851a1d" />
    <TestEntry testId="b8a1dcd3-c513-d03e-dff1-c95454404205" executionId="2d360eb3-2b98-4ba0-98f2-ef448081a589" testListId="8c84fa94-04c1-424b-9868-57a2d4851a1d" />
    <TestEntry testId="f3af8d36-9aad-c71f-b8ee-bed61342045a" executionId="dafaaec6-755c-4ce0-857a-4b2d5296069c" testListId="8c84fa94-04c1-424b-9868-57a2d4851a1d" />
    <TestEntry testId="4f10bda0-2be3-7f8e-5e0f-2d47e6d9ca49" executionId="d8b1635c-e8c4-4a2b-bc46-a504bb4f9e32" testListId="8c84fa94-04c1-424b-9868-57a2d4851a1d" />
    <TestEntry testId="4dbf6715-415a-d2d7-6456-90c675bd2cff" executionId="8cb16a5b-e6e4-4ccf-841d-9077ba8e4640" testListId="8c84fa94-04c1-424b-9868-57a2d4851a1d" />
    <TestEntry testId="b390f2a8-f782-b06c-8cd2-e2d675881142" executionId="26491a11-18cf-41b7-9f63-980542ffab65" testListId="8c84fa94-04c1-424b-9868-57a2d4851a1d" />
    <TestEntry testId="8827fda5-87fb-8e88-9dc3-86b24a6ad5ee" executionId="ed74df60-1fa8-485b-8da7-4b9b2cac5d9a" testListId="8c84fa94-04c1-424b-9868-57a2d4851a1d" />
    <TestEntry testId="5851a842-6ccf-6e2d-5b8f-d2a9ba4aa582" executionId="71c8c078-5d46-49a9-981e-07abc6d12b83" testListId="8c84fa94-04c1-424b-9868-57a2d4851a1d" />
    <TestEntry testId="4d131546-a7fe-2ac2-da11-5586a4989db2" executionId="0dd7273d-a5e2-4394-8086-383d5076c3cc" testListId="8c84fa94-04c1-424b-9868-57a2d4851a1d" />
    <TestEntry testId="1885fcb8-d7de-632d-c281-b1113603a99d" executionId="739e3df0-e339-486e-9c6e-36390b0cab19" testListId="8c84fa94-04c1-424b-9868-57a2d4851a1d" />
    <TestEntry testId="dd349297-3234-3553-55f7-7afe3f2cde4e" executionId="cf55e0cb-1f4e-45fd-a351-69ce670f6f81" testListId="8c84fa94-04c1-424b-9868-57a2d4851a1d" />
    <TestEntry testId="de0b4b9e-8673-bdf2-f63a-9dc2d5cc36ff" executionId="21c44a1d-573c-4d94-8692-6e7e3e325232" testListId="8c84fa94-04c1-424b-9868-57a2d4851a1d" />
    <TestEntry testId="c1d74412-a505-fabb-71b2-e1f49e1f3c75" executionId="3e6670d2-41d5-4b8c-8c4c-db797a9d6c4c" testListId="8c84fa94-04c1-424b-9868-57a2d4851a1d" />
    <TestEntry testId="be326725-3705-4e0f-7003-6d9da72555c3" executionId="7d6a2b82-d259-4002-98cc-e4de71ffb386" testListId="8c84fa94-04c1-424b-9868-57a2d4851a1d" />
    <TestEntry testId="0874cf08-d25a-5b76-2152-10f13b4e77a4" executionId="99e72775-b464-4335-a0a7-b76134bb26f2" testListId="8c84fa94-04c1-424b-9868-57a2d4851a1d" />
    <TestEntry testId="7a278839-9f4f-f5f5-ee5e-2c37fc2bf7d7" executionId="65766079-6f10-4d8b-bfdd-22505989c068" testListId="8c84fa94-04c1-424b-9868-57a2d4851a1d" />
    <TestEntry testId="84e510be-a1cb-bcb3-e098-cb209465c966" executionId="97606d23-4dd2-4f8c-bb8b-dc96f09505d4" testListId="8c84fa94-04c1-424b-9868-57a2d4851a1d" />
    <TestEntry testId="3d30f9d4-be32-7f38-bec6-e4f64f884785" executionId="4e402a31-643f-4f37-8a52-317bcb70b31b" testListId="8c84fa94-04c1-424b-9868-57a2d4851a1d" />
    <TestEntry testId="8fc365c3-00ad-0176-aacf-4fad9a372c71" executionId="d7e3e100-2a32-4918-89b4-52114832aef9" testListId="8c84fa94-04c1-424b-9868-57a2d4851a1d" />
    <TestEntry testId="6932cfa8-b88e-ed62-a5d8-487a3a18a602" executionId="6ad04031-2144-4011-a0e0-003301f6eb7d" testListId="8c84fa94-04c1-424b-9868-57a2d4851a1d" />
    <TestEntry testId="9392f349-6943-3667-73ed-9947e6a51e28" executionId="b538c39e-cdc5-4738-86e2-69903ea5bc51" testListId="8c84fa94-04c1-424b-9868-57a2d4851a1d" />
    <TestEntry testId="801b2c9b-5529-e68b-809c-14fe72bab5c0" executionId="8281d88a-cff5-489d-9506-2e1557a8ff20" testListId="8c84fa94-04c1-424b-9868-57a2d4851a1d" />
    <TestEntry testId="d6b292a8-2334-6928-66fc-f50bf6ad41e3" executionId="e7962cda-3f63-4e3e-bdad-6c262adf3dda" testListId="8c84fa94-04c1-424b-9868-57a2d4851a1d" />
    <TestEntry testId="371fe424-a131-8ae3-0996-f510298e3ad8" executionId="379cae89-623f-4bbf-86a1-febb19abf7b8" testListId="8c84fa94-04c1-424b-9868-57a2d4851a1d" />
    <TestEntry testId="4aa5dedc-a5da-a842-31aa-1b981d9d9154" executionId="f1d0a79f-a2ef-4867-b04d-0a0b75d8ecf9" testListId="8c84fa94-04c1-424b-9868-57a2d4851a1d" />
    <TestEntry testId="20aa32a5-bdc8-a2ed-020d-84ffde6c5d78" executionId="82dc1bcf-04c0-44ff-835d-e3f342145fd4" testListId="8c84fa94-04c1-424b-9868-57a2d4851a1d" />
    <TestEntry testId="0130cfd2-de87-aa15-7690-7328cb27e86e" executionId="ea63f1c0-9803-45a1-904e-ae2f093b235b" testListId="8c84fa94-04c1-424b-9868-57a2d4851a1d" />
    <TestEntry testId="5a4fd99c-9011-2131-512b-2ead97e71b31" executionId="71273464-33ba-4d75-9726-5142b27e05fe" testListId="8c84fa94-04c1-424b-9868-57a2d4851a1d" />
    <TestEntry testId="08f4a3d5-1c01-80a4-c59a-575026e8055a" executionId="8a5ad95c-02c9-4846-9d7b-0144bc475857" testListId="8c84fa94-04c1-424b-9868-57a2d4851a1d" />
    <TestEntry testId="28dae91e-6752-d618-f96b-63adf182e53b" executionId="c44ef990-c71a-401c-b5d2-2669f8f48cfb" testListId="8c84fa94-04c1-424b-9868-57a2d4851a1d" />
    <TestEntry testId="9bd254a7-a117-0f1b-7c3f-06cf1794f693" executionId="a0c784b1-2e19-4be9-9073-81061519c469" testListId="8c84fa94-04c1-424b-9868-57a2d4851a1d" />
    <TestEntry testId="e8ee1b21-8eec-f9f8-112b-3343828ccfa0" executionId="4c11c696-ee55-424a-977f-620ed820bc7f" testListId="8c84fa94-04c1-424b-9868-57a2d4851a1d" />
    <TestEntry testId="02ccdcfa-f02c-9c47-cf45-9cf4108cb382" executionId="e63c7e2f-b4c8-4f1a-bba6-f34848ed5231" testListId="8c84fa94-04c1-424b-9868-57a2d4851a1d" />
    <TestEntry testId="c84e1d93-cbe2-5b47-5287-29e0d6997c5c" executionId="dd525ecc-fbfc-4932-8428-c4a5b0896730" testListId="8c84fa94-04c1-424b-9868-57a2d4851a1d" />
    <TestEntry testId="efecf5bf-4869-0d63-3967-84f62392eee6" executionId="c0192cd6-cc7c-4bb5-b50d-70719ee727f1" testListId="8c84fa94-04c1-424b-9868-57a2d4851a1d" />
    <TestEntry testId="4640f19d-9243-057c-a10d-b50774552f98" executionId="e3fd0833-68d9-4bd9-abc3-5523f0f4523e" testListId="8c84fa94-04c1-424b-9868-57a2d4851a1d" />
    <TestEntry testId="e467339d-0add-48d1-40d6-e68f89f684a1" executionId="1be1b8c1-ff2d-4041-bbcb-c8ba33505ebb" testListId="8c84fa94-04c1-424b-9868-57a2d4851a1d" />
    <TestEntry testId="de11d375-baea-ee6e-a72b-d7136f35b696" executionId="260ec71c-169e-41da-b103-e23ef2093318" testListId="8c84fa94-04c1-424b-9868-57a2d4851a1d" />
    <TestEntry testId="84e99e8e-b190-563a-550b-0a21c8a9d6ee" executionId="d7a37898-2ab6-441d-85dc-dfbda11b8e38" testListId="8c84fa94-04c1-424b-9868-57a2d4851a1d" />
    <TestEntry testId="e1dc53b3-0262-0154-4f06-8cc2ae45f87f" executionId="e4b454b9-b0ba-4991-bcff-5c850b749073" testListId="8c84fa94-04c1-424b-9868-57a2d4851a1d" />
    <TestEntry testId="490aa00e-fa0b-1e45-3636-64ba30a18862" executionId="23aa7583-722a-4044-84a5-172064e0dd2a" testListId="8c84fa94-04c1-424b-9868-57a2d4851a1d" />
    <TestEntry testId="e731ed4a-c7ea-596e-335e-a64103e7a7cf" executionId="34657860-d295-4fa2-aadb-34df85d287ee" testListId="8c84fa94-04c1-424b-9868-57a2d4851a1d" />
  </TestEntries>
  <TestLists>
    <TestList name="Results Not in a List" id="8c84fa94-04c1-424b-9868-57a2d4851a1d" />
    <TestList name="All Loaded Results" id="19431567-8539-422a-85d7-44ee4e166bda" />
  </TestLists>
  <ResultSummary outcome="Completed">
    <Counters total="466" executed="466" passed="466" failed="0" error="0" timeout="0" aborted="0" inconclusive="0" passedButRunAborted="0" notRunnable="0" notExecuted="0" disconnected="0" warning="0" completed="0" inProgress="0" pending="0" />
    <Output>
      <StdOut>[xUnit.net 00:00:00.00] xUnit.net VSTest Adapter v2.8.2+699d445a1a (64-bit .NET 9.0.13)
[xUnit.net 00:00:00.16]   Discovering: AssetHub.Tests
[xUnit.net 00:00:00.31]   Discovered:  AssetHub.Tests
[xUnit.net 00:00:00.31]   Starting:    AssetHub.Tests
[testcontainers.org 00:00:00.17] Connected to Docker:
  Host: unix:///var/run/docker.sock
  Server Version: 28.0.4
  Kernel Version: 6.14.0-1017-azure
  API Version: 1.48
  Operating System: Ubuntu 24.04.3 LTS
  Total Memory: 7.76 GB
[testcontainers.org 00:00:00.36] Docker container cd7fbb95e015 created
[testcontainers.org 00:00:00.40] Start Docker container cd7fbb95e015
[testcontainers.org 00:00:00.77] Wait for Docker container cd7fbb95e015 to complete readiness checks
[testcontainers.org 00:00:00.78] Docker container cd7fbb95e015 ready
[testcontainers.org 00:00:02.84] Docker container d86d89db1d2a created
[testcontainers.org 00:00:02.84] Docker container 10e9ee04609b created
[testcontainers.org 00:00:02.84] Start Docker container d86d89db1d2a
[testcontainers.org 00:00:02.85] Start Docker container 10e9ee04609b
[testcontainers.org 00:00:03.25] Wait for Docker container 10e9ee04609b to complete readiness checks
[testcontainers.org 00:00:03.27] Execute "pg_isready --host localhost --dbname postgres --username postgres" at Docker container 10e9ee04609b
[testcontainers.org 00:00:03.34] Wait for Docker container d86d89db1d2a to complete readiness checks
[testcontainers.org 00:00:03.34] Execute "pg_isready --host localhost --dbname postgres --username postgres" at Docker container d86d89db1d2a
[testcontainers.org 00:00:04.49] Execute "pg_isready --host localhost --dbname postgres --username postgres" at Docker container d86d89db1d2a
[testcontainers.org 00:00:04.51] Execute "pg_isready --host localhost --dbname postgres --username postgres" at Docker container 10e9ee04609b
[testcontainers.org 00:00:05.66] Execute "pg_isready --host localhost --dbname postgres --username postgres" at Docker container d86d89db1d2a
[testcontainers.org 00:00:05.66] Execute "pg_isready --host localhost --dbname postgres --username postgres" at Docker container 10e9ee04609b
[testcontainers.org 00:00:06.82] Execute "pg_isready --host localhost --dbname postgres --username postgres" at Docker container d86d89db1d2a
[testcontainers.org 00:00:06.82] Execute "pg_isready --host localhost --dbname postgres --username postgres" at Docker container 10e9ee04609b
[testcontainers.org 00:00:06.91] Docker container 10e9ee04609b ready
[testcontainers.org 00:00:06.93] Docker container d86d89db1d2a ready
[18:00:34 ERR] Microsoft.EntityFrameworkCore.Database.Command
  Failed executing DbCommand (12ms) [Parameters=[], CommandType='Text', CommandTimeout='30']
SELECT "MigrationId", "ProductVersion"
FROM "__EFMigrationsHistory"
ORDER BY "MigrationId";
[18:00:34 ERR] Microsoft.EntityFrameworkCore.Database.Command
  Failed executing DbCommand (1ms) [Parameters=[], CommandType='Text', CommandTimeout='30']
SELECT "MigrationId", "ProductVersion"
FROM "__EFMigrationsHistory"
ORDER BY "MigrationId";
[18:00:37 WRN] AssetHub.Infrastructure.Services.AdminService
  Keycloak API error sending password reset email for user 'non-existent-uid'
AssetHub.Application.Services.KeycloakApiException: User not found
   at AssetHub.Infrastructure.Services.AdminService.SendPasswordResetEmailAsync(String userId, CancellationToken ct) in /home/runner/work/AssetHub/AssetHub/src/AssetHub.Infrastructure/Services/AdminService.cs:line 349
[18:00:37 WRN] AssetHub.Infrastructure.Services.AdminService
  Keycloak API error deleting user 'non-existent-uid'
AssetHub.Application.Services.KeycloakApiException: User not found
   at AssetHub.Infrastructure.Services.AdminService.DeleteUserAsync(String userId, CancellationToken ct) in /home/runner/work/AssetHub/AssetHub/src/AssetHub.Infrastructure/Services/AdminService.cs:line 418
[testcontainers.org 00:00:17.32] Delete Docker container 10e9ee04609b
[testcontainers.org 00:01:20.34] Delete Docker container d86d89db1d2a
[xUnit.net 00:01:21.81]   Finished:    AssetHub.Tests
</StdOut>
    </Output>
    <CollectorDataEntries>
      <Collector agentName="runnervmnay03" uri="datacollector://microsoft/CoverletCodeCoverage/1.0" collectorDisplayName="XPlat code coverage">
        <UriAttachments>
          <UriAttachment>
            <A href="runnervmnay03/coverage.cobertura.xml"></A>
          </UriAttachment>
        </UriAttachments>
      </Collector>
    </CollectorDataEntries>
  </ResultSummary>
</TestRun>