<?xml version="1.0" encoding="utf-8"?>
<TestRun id="09feb2f2-d934-4573-8df9-fb7e3c5ebc0b" name="@runnervmnay03 2026-02-28 18:00:18" xmlns="http://microsoft.com/schemas/VisualStudio/TeamTest/2010">
  <Times creation="2026-02-28T18:00:18.1106807+00:00" queuing="2026-02-28T18:00:18.1106808+00:00" start="2026-02-28T18:00:16.1279436+00:00" finish="2026-02-28T18:00:21.8928520+00:00" />
  <TestSettings name="default" id="2d494393-592d-4695-8a9c-30da430f4bf4">
    <Deployment runDeploymentRoot="_runnervmnay03_2026-02-28_18_00_18" />
  </TestSettings>
  <Results>
    <UnitTestResult executionId="8f90af8c-925c-485b-9879-108994cb0405" testId="d977ebe3-fd6b-55ca-a127-bab7209bd079" testName="AssetHub.Ui.Tests.Components.AssetUploadTests.Browse_Button_Disabled_When_No_CollectionId" computerName="runnervmnay03" duration="00:00:00.0064082" startTime="2026-02-28T18:00:19.9514912+00:00" endTime="2026-02-28T18:00:19.9514913+00:00" testType="13cdc9d9-ddb5-4fa4-a97d-d965ccfc6d4b" outcome="Passed" testListId="8c84fa94-04c1-424b-9868-57a2d4851a1d" relativeResultsDirectory="8f90af8c-925c-485b-9879-108994cb0405" />
    <UnitTestResult executionId="7b3f02b7-53ff-4aec-8a5a-771ced54326a" testId="180e3ed6-439f-a4e3-ae6f-6e63845c4f86" testName="AssetHub.Ui.Tests.Components.LanguageSwitcherTests.Changing_Culture_Sets_Cookie_Via_JsInterop" computerName="runnervmnay03" duration="00:00:00.4508390" startTime="2026-02-28T18:00:18.7766189+00:00" endTime="2026-02-28T18:00:18.7766191+00:00" testType="13cdc9d9-ddb5-4fa4-a97d-d965ccfc6d4b" outcome="Passed" testListId="8c84fa94-04c1-424b-9868-57a2d4851a1d" relativeResultsDirectory="7b3f02b7-53ff-4aec-8a5a-771ced54326a" />
    <UnitTestResult executionId="2a31d2ea-10db-496b-a684-0d9be3da418d" testId="567c76c2-3010-ed70-6d71-63c10633e35c" testName="AssetHub.Ui.Tests.Services.RolePermissionsTests.CanUpload_Returns_Correct_Result(role: &quot;viewer&quot;, expected: False)" computerName="runnervmnay03" duration="00:00:00.0000074" startTime="2026-02-28T18:00:19.8793530+00:00" endTime="2026-02-28T18:00:19.8793531+00:00" testType="13cdc9d9-ddb5-4fa4-a97d-d965ccfc6d4b" outcome="Passed" testListId="8c84fa94-04c1-424b-9868-57a2d4851a1d" relativeResultsDirectory="2a31d2ea-10db-496b-a684-0d9be3da418d" />
    <UnitTestResult executionId="c4376e68-cf3a-44e5-99b9-671c5804ffce" testId="92f400f9-2cee-3210-8aaa-45dced446484" testName="AssetHub.Ui.Tests.Components.ManageAccessDialogTests.Shows_Role_Chips_For_Entries" computerName="runnervmnay03" duration="00:00:00.0174526" startTime="2026-02-28T18:00:20.7856347+00:00" endTime="2026-02-28T18:00:20.7856348+00:00" testType="13cdc9d9-ddb5-4fa4-a97d-d965ccfc6d4b" outcome="Passed" testListId="8c84fa94-04c1-424b-9868-57a2d4851a1d" relativeResultsDirectory="c4376e68-cf3a-44e5-99b9-671c5804ffce" />
    <UnitTestResult executionId="20a0a6a6-6dd1-43d8-bc95-297b765feb51" testId="657c4e9e-42fd-7e28-4cab-0596444acd46" testName="AssetHub.Ui.Tests.Services.RolePermissionsTests.Roles_Are_Case_Insensitive(role: &quot;Viewer&quot;)" computerName="runnervmnay03" duration="00:00:00.0000986" startTime="2026-02-28T18:00:19.8641675+00:00" endTime="2026-02-28T18:00:19.8641676+00:00" testType="13cdc9d9-ddb5-4fa4-a97d-d965ccfc6d4b" outcome="Passed" testListId="8c84fa94-04c1-424b-9868-57a2d4851a1d" relativeResultsDirectory="20a0a6a6-6dd1-43d8-bc95-297b765feb51" />
    <UnitTestResult executionId="1222a29c-0366-4112-946e-fa368d911770" testId="397574df-681d-a698-45c8-959937ed8269" testName="AssetHub.Ui.Tests.Components.CollectionTreeTests.Handles_Api_Error_Gracefully" computerName="runnervmnay03" duration="00:00:00.0012864" startTime="2026-02-28T18:00:20.9682833+00:00" endTime="2026-02-28T18:00:20.9682834+00:00" testType="13cdc9d9-ddb5-4fa4-a97d-d965ccfc6d4b" outcome="Passed" testListId="8c84fa94-04c1-424b-9868-57a2d4851a1d" relativeResultsDirectory="1222a29c-0366-4112-946e-fa368d911770" />
    <UnitTestResult executionId="245002f7-0991-443c-affb-11b74ece71fb" testId="643891d5-37fe-0141-bee1-2a8e14b21630" testName="AssetHub.Ui.Tests.Components.EditAssetDialogTests.Renders_Edit_Icon_In_Title" computerName="runnervmnay03" duration="00:00:00.0255606" startTime="2026-02-28T18:00:21.5176347+00:00" endTime="2026-02-28T18:00:21.5176349+00:00" testType="13cdc9d9-ddb5-4fa4-a97d-d965ccfc6d4b" outcome="Passed" testListId="8c84fa94-04c1-424b-9868-57a2d4851a1d" relativeResultsDirectory="245002f7-0991-443c-affb-11b74ece71fb" />
    <UnitTestResult executionId="31eb98e8-f578-4cac-b906-92a59acceec4" testId="08bd2d5a-ea2b-e9a8-e15d-e4cd993fb5d3" testName="AssetHub.Ui.Tests.Services.RolePermissionsTests.CanManageCollections_Returns_Correct_Result(role: &quot;viewer&quot;, expected: False)" computerName="runnervmnay03" duration="00:00:00.0000070" startTime="2026-02-28T18:00:19.8891548+00:00" endTime="2026-02-28T18:00:19.8891549+00:00" testType="13cdc9d9-ddb5-4fa4-a97d-d965ccfc6d4b" outcome="Passed" testListId="8c84fa94-04c1-424b-9868-57a2d4851a1d" relativeResultsDirectory="31eb98e8-f578-4cac-b906-92a59acceec4" />
    <UnitTestResult executionId="8f0d36aa-74a9-463b-af35-67ade0ad7f5a" testId="a020a066-113f-4ce3-0f89-75b15ae74269" testName="AssetHub.Ui.Tests.Components.CreateShareDialogTests.CreateShare_Calls_CreateShareAsync" computerName="runnervmnay03" duration="00:00:00.0260588" startTime="2026-02-28T18:00:19.5510953+00:00" endTime="2026-02-28T18:00:19.5510955+00:00" testType="13cdc9d9-ddb5-4fa4-a97d-d965ccfc6d4b" outcome="Passed" testListId="8c84fa94-04c1-424b-9868-57a2d4851a1d" relativeResultsDirectory="8f0d36aa-74a9-463b-af35-67ade0ad7f5a" />
    <UnitTestResult executionId="17aec4a3-a073-4f63-b07b-4e99e82689ae" testId="47b921b2-ae2e-2bdc-1221-0e0a080174c0" testName="AssetHub.Ui.Tests.Services.UserFeedbackServiceTests.ShowError_Calls_Snackbar_With_Error_Severity" computerName="runnervmnay03" duration="00:00:00.0005931" startTime="2026-02-28T18:00:17.9991412+00:00" endTime="2026-02-28T18:00:17.9991412+00:00" testType="13cdc9d9-ddb5-4fa4-a97d-d965ccfc6d4b" outcome="Passed" testListId="8c84fa94-04c1-424b-9868-57a2d4851a1d" relativeResultsDirectory="17aec4a3-a073-4f63-b07b-4e99e82689ae" />
    <UnitTestResult executionId="1aafce3b-b4e2-403f-a495-f09abb02fa52" testId="8b1112c5-750a-c47a-1e97-1cd48ac27ad8" testName="AssetHub.Ui.Tests.Components.AddToCollectionDialogTests.Submit_Calls_Api_And_Shows_Success" computerName="runnervmnay03" duration="00:00:00.0901203" startTime="2026-02-28T18:00:21.3026425+00:00" endTime="2026-02-28T18:00:21.3026427+00:00" testType="13cdc9d9-ddb5-4fa4-a97d-d965ccfc6d4b" outcome="Passed" testListId="8c84fa94-04c1-424b-9868-57a2d4851a1d" relativeResultsDirectory="1aafce3b-b4e2-403f-a495-f09abb02fa52" />
    <UnitTestResult executionId="59b02571-9761-443b-a9b1-4b0c505dffa4" testId="62c894ef-65b4-24d8-3747-66107ba0f863" testName="AssetHub.Ui.Tests.Services.AssetDisplayHelpersTests.FormatFileSize_Returns_Human_Readable(bytes: 1048576, expected: &quot;1 MB&quot;)" computerName="runnervmnay03" duration="00:00:00.0002124" startTime="2026-02-28T18:00:19.9050337+00:00" endTime="2026-02-28T18:00:19.9050338+00:00" testType="13cdc9d9-ddb5-4fa4-a97d-d965ccfc6d4b" outcome="Passed" testListId="8c84fa94-04c1-424b-9868-57a2d4851a1d" relativeResultsDirectory="59b02571-9761-443b-a9b1-4b0c505dffa4" />
    <UnitTestResult executionId="f1f5d81f-19df-4a27-98c6-e0dd38a3aada" testId="a62a0510-893a-7d32-c0b5-8d9da16f7ddb" testName="AssetHub.Ui.Tests.Components.CollectionTreeTests.Renders_Folder_Icons" computerName="runnervmnay03" duration="00:00:00.0018189" startTime="2026-02-28T18:00:20.9727952+00:00" endTime="2026-02-28T18:00:20.9727954+00:00" testType="13cdc9d9-ddb5-4fa4-a97d-d965ccfc6d4b" outcome="Passed" testListId="8c84fa94-04c1-424b-9868-57a2d4851a1d" relativeResultsDirectory="f1f5d81f-19df-4a27-98c6-e0dd38a3aada" />
    <UnitTestResult executionId="1368112b-0435-47b5-849b-d0f8e287c28f" testId="92804563-6f22-9b11-1e76-ea27a32f9af5" testName="AssetHub.Ui.Tests.Components.ManageAccessDialogTests.Manager_Can_See_Viewer_And_Contributor_Role_Options" computerName="runnervmnay03" duration="00:00:00.0984310" startTime="2026-02-28T18:00:20.7511582+00:00" endTime="2026-02-28T18:00:20.7511585+00:00" testType="13cdc9d9-ddb5-4fa4-a97d-d965ccfc6d4b" outcome="Passed" testListId="8c84fa94-04c1-424b-9868-57a2d4851a1d" relativeResultsDirectory="1368112b-0435-47b5-849b-d0f8e287c28f" />
    <UnitTestResult executionId="3a034a62-bfae-454f-bb5f-b846ef010e66" testId="22c2ef10-8821-1c8b-f25a-e85aec693048" testName="AssetHub.Ui.Tests.Components.EditAssetDialogTests.Has_AddTag_Input_And_Button" computerName="runnervmnay03" duration="00:00:00.0106431" startTime="2026-02-28T18:00:21.5998653+00:00" endTime="2026-02-28T18:00:21.5998653+00:00" testType="13cdc9d9-ddb5-4fa4-a97d-d965ccfc6d4b" outcome="Passed" testListId="8c84fa94-04c1-424b-9868-57a2d4851a1d" relativeResultsDirectory="3a034a62-bfae-454f-bb5f-b846ef010e66" />
    <UnitTestResult executionId="992f0579-197b-43f8-983d-6fcbd5c3f68f" testId="1bbbf37c-aabd-802e-3b1c-5e2010402f2b" testName="AssetHub.Ui.Tests.Components.LanguageSwitcherTests.Renders_Language_Menu" computerName="runnervmnay03" duration="00:00:00.0010621" startTime="2026-02-28T18:00:19.1658798+00:00" endTime="2026-02-28T18:00:19.1658799+00:00" testType="13cdc9d9-ddb5-4fa4-a97d-d965ccfc6d4b" outcome="Passed" testListId="8c84fa94-04c1-424b-9868-57a2d4851a1d" relativeResultsDirectory="992f0579-197b-43f8-983d-6fcbd5c3f68f" />
    <UnitTestResult executionId="37bebc91-5edd-4ceb-80ce-6bc33be78d93" testId="ddfe74dc-b939-598f-8949-bea73ecdfc9a" testName="AssetHub.Ui.Tests.Components.AddToCollectionDialogTests.Add_Button_Disabled_When_No_Selection" computerName="runnervmnay03" duration="00:00:00.0097783" startTime="2026-02-28T18:00:21.4097130+00:00" endTime="2026-02-28T18:00:21.4097131+00:00" testType="13cdc9d9-ddb5-4fa4-a97d-d965ccfc6d4b" outcome="Passed" testListId="8c84fa94-04c1-424b-9868-57a2d4851a1d" relativeResultsDirectory="37bebc91-5edd-4ceb-80ce-6bc33be78d93" />
    <UnitTestResult executionId="f0b4b522-3250-4b7e-a1fa-3ea14966a814" testId="1584a022-17d8-8307-da95-4562c35808c7" testName="AssetHub.Ui.Tests.Components.CollectionTreeTests.Clicking_Collection_Fires_OnCollectionSelected" computerName="runnervmnay03" duration="00:00:00.0590484" startTime="2026-02-28T18:00:21.0376773+00:00" endTime="2026-02-28T18:00:21.0376775+00:00" testType="13cdc9d9-ddb5-4fa4-a97d-d965ccfc6d4b" outcome="Passed" testListId="8c84fa94-04c1-424b-9868-57a2d4851a1d" relativeResultsDirectory="f0b4b522-3250-4b7e-a1fa-3ea14966a814" />
    <UnitTestResult executionId="17c43543-c89b-4171-8dcd-f96539c07574" testId="d10f6d82-a07d-b4da-1373-c172f41f4280" testName="AssetHub.Ui.Tests.Components.EmptyStateTests.Renders_Icon" computerName="runnervmnay03" duration="00:00:00.0013601" startTime="2026-02-28T18:00:20.9374198+00:00" endTime="2026-02-28T18:00:20.9374199+00:00" testType="13cdc9d9-ddb5-4fa4-a97d-d965ccfc6d4b" outcome="Passed" testListId="8c84fa94-04c1-424b-9868-57a2d4851a1d" relativeResultsDirectory="17c43543-c89b-4171-8dcd-f96539c07574" />
    <UnitTestResult executionId="0a13689b-1523-4c50-8f5f-5f9ccad3fcc1" testId="1d089d27-6a55-4702-ca91-9bc5f71494a2" testName="AssetHub.Ui.Tests.Services.AssetDisplayHelpersTests.GetShareStatusKey_Returns_Correct_Resource_Key(status: &quot;Active&quot;, expected: &quot;Active&quot;)" computerName="runnervmnay03" duration="00:00:00.0000059" startTime="2026-02-28T18:00:19.9014760+00:00" endTime="2026-02-28T18:00:19.9014760+00:00" testType="13cdc9d9-ddb5-4fa4-a97d-d965ccfc6d4b" outcome="Passed" testListId="8c84fa94-04c1-424b-9868-57a2d4851a1d" relativeResultsDirectory="0a13689b-1523-4c50-8f5f-5f9ccad3fcc1" />
    <UnitTestResult executionId="13d40332-8f59-4adc-957b-ac1bbcb72ad7" testId="c0772205-c0c0-767b-9aeb-cd96339e3695" testName="AssetHub.Ui.Tests.Components.EmptyStateTests.Hides_Description_When_Null" computerName="runnervmnay03" duration="00:00:00.0013712" startTime="2026-02-28T18:00:20.9248916+00:00" endTime="2026-02-28T18:00:20.9248917+00:00" testType="13cdc9d9-ddb5-4fa4-a97d-d965ccfc6d4b" outcome="Passed" testListId="8c84fa94-04c1-424b-9868-57a2d4851a1d" relativeResultsDirectory="13d40332-8f59-4adc-957b-ac1bbcb72ad7" />
    <UnitTestResult executionId="693a5642-3277-4bb7-bfd5-7a36554fed11" testId="64bbb770-f242-4518-465f-d4509080882a" testName="AssetHub.Ui.Tests.Services.AssetDisplayHelpersTests.GetShareStatusColor_Returns_Correct_Color(status: &quot;Expired&quot;, expected: Warning)" computerName="runnervmnay03" duration="00:00:00.0001992" startTime="2026-02-28T18:00:19.9200537+00:00" endTime="2026-02-28T18:00:19.9200538+00:00" testType="13cdc9d9-ddb5-4fa4-a97d-d965ccfc6d4b" outcome="Passed" testListId="8c84fa94-04c1-424b-9868-57a2d4851a1d" relativeResultsDirectory="693a5642-3277-4bb7-bfd5-7a36554fed11" />
    <UnitTestResult executionId="1b3984b3-1e16-4c4c-9865-798fcba8c294" testId="d37bab86-b454-06e0-82f0-c28515b9523b" testName="AssetHub.Ui.Tests.Components.ManageAccessDialogTests.Shows_EmptyState_When_No_ACLs" computerName="runnervmnay03" duration="00:00:00.0084683" startTime="2026-02-28T18:00:20.7667034+00:00" endTime="2026-02-28T18:00:20.7667036+00:00" testType="13cdc9d9-ddb5-4fa4-a97d-d965ccfc6d4b" outcome="Passed" testListId="8c84fa94-04c1-424b-9868-57a2d4851a1d" relativeResultsDirectory="1b3984b3-1e16-4c4c-9865-798fcba8c294" />
    <UnitTestResult executionId="f299f3ec-836e-47f8-ada2-7356ecba2ad5" testId="30a0b309-d7c1-d039-47cd-dc1017de3e13" testName="AssetHub.Ui.Tests.Services.AssetDisplayHelpersTests.GetAssetTypeColor_Returns_Correct_Color(assetType: &quot;document&quot;, expected: Warning)" computerName="runnervmnay03" duration="00:00:00.0001666" startTime="2026-02-28T18:00:19.9288241+00:00" endTime="2026-02-28T18:00:19.9288242+00:00" testType="13cdc9d9-ddb5-4fa4-a97d-d965ccfc6d4b" outcome="Passed" testListId="8c84fa94-04c1-424b-9868-57a2d4851a1d" relativeResultsDirectory="f299f3ec-836e-47f8-ada2-7356ecba2ad5" />
    <UnitTestResult executionId="cd0c4197-94a2-459b-9aae-a09281dc3715" testId="078a1bf2-1911-fdb6-899a-2f765e2ceae4" testName="AssetHub.Ui.Tests.Services.RolePermissionsTests.CanUpload_Returns_Correct_Result(role: &quot;manager&quot;, expected: True)" computerName="runnervmnay03" duration="00:00:00.0000044" startTime="2026-02-28T18:00:19.8840965+00:00" endTime="2026-02-28T18:00:19.8840965+00:00" testType="13cdc9d9-ddb5-4fa4-a97d-d965ccfc6d4b" outcome="Passed" testListId="8c84fa94-04c1-424b-9868-57a2d4851a1d" relativeResultsDirectory="cd0c4197-94a2-459b-9aae-a09281dc3715" />
    <UnitTestResult executionId="a8bdf3be-8253-4b3d-a884-75fdb784dc3e" testId="21947734-1edd-2e96-0391-9f0ae6490d3a" testName="AssetHub.Ui.Tests.Components.AssetGridInteractionTests.Delete_Button_Click_Opens_DeleteAssetDialog" computerName="runnervmnay03" duration="00:00:00.0157588" startTime="2026-02-28T18:00:20.2275067+00:00" endTime="2026-02-28T18:00:20.2275069+00:00" testType="13cdc9d9-ddb5-4fa4-a97d-d965ccfc6d4b" outcome="Passed" testListId="8c84fa94-04c1-424b-9868-57a2d4851a1d" relativeResultsDirectory="a8bdf3be-8253-4b3d-a884-75fdb784dc3e" />
    <UnitTestResult executionId="3fef9f36-7308-43bc-9e26-224bfb6e28fd" testId="5a5ee2b6-d092-aaf9-0021-3fc1f78a9253" testName="AssetHub.Ui.Tests.Services.AssetDisplayHelpersTests.GetAssetTypeKey_Returns_Correct_Resource_Key(assetType: &quot;video&quot;, expected: &quot;AssetType_Video&quot;)" computerName="runnervmnay03" duration="00:00:00.0000074" startTime="2026-02-28T18:00:19.9096758+00:00" endTime="2026-02-28T18:00:19.9096759+00:00" testType="13cdc9d9-ddb5-4fa4-a97d-d965ccfc6d4b" outcome="Passed" testListId="8c84fa94-04c1-424b-9868-57a2d4851a1d" relativeResultsDirectory="3fef9f36-7308-43bc-9e26-224bfb6e28fd" />
    <UnitTestResult executionId="70eeff7c-4b38-4be2-87bd-2a054652bfff" testId="a42dd449-c12c-54d8-ebd1-f6837a8babc8" testName="AssetHub.Ui.Tests.Services.AssetDisplayHelpersTests.FormatFileSize_Returns_Human_Readable(bytes: 1024, expected: &quot;1 KB&quot;)" computerName="runnervmnay03" duration="00:00:00.0000944" startTime="2026-02-28T18:00:19.9045902+00:00" endTime="2026-02-28T18:00:19.9045903+00:00" testType="13cdc9d9-ddb5-4fa4-a97d-d965ccfc6d4b" outcome="Passed" testListId="8c84fa94-04c1-424b-9868-57a2d4851a1d" relativeResultsDirectory="70eeff7c-4b38-4be2-87bd-2a054652bfff" />
    <UnitTestResult executionId="69cfc7f9-f43d-44af-9464-7cd20e82c6cb" testId="2f5fa291-23ef-e476-624f-8e281b70d48c" testName="AssetHub.Ui.Tests.Components.LanguageSwitcherTests.Shows_English_Option" computerName="runnervmnay03" duration="00:00:00.3167415" startTime="2026-02-28T18:00:19.1535126+00:00" endTime="2026-02-28T18:00:19.1535129+00:00" testType="13cdc9d9-ddb5-4fa4-a97d-d965ccfc6d4b" outcome="Passed" testListId="8c84fa94-04c1-424b-9868-57a2d4851a1d" relativeResultsDirectory="69cfc7f9-f43d-44af-9464-7cd20e82c6cb" />
    <UnitTestResult executionId="3a5ae69c-cad0-4ebe-a997-3c2d3cf8b199" testId="5f889664-7a63-68e3-c940-f5e06a8f575d" testName="AssetHub.Ui.Tests.Components.AddToCollectionDialogTests.Multiple_Available_Collections_All_Rendered" computerName="runnervmnay03" duration="00:00:00.0195139" startTime="2026-02-28T18:00:21.4320882+00:00" endTime="2026-02-28T18:00:21.4320884+00:00" testType="13cdc9d9-ddb5-4fa4-a97d-d965ccfc6d4b" outcome="Passed" testListId="8c84fa94-04c1-424b-9868-57a2d4851a1d" relativeResultsDirectory="3a5ae69c-cad0-4ebe-a997-3c2d3cf8b199" />
    <UnitTestResult executionId="81f20606-0e90-4e9b-b15d-fb67f073749c" testId="349fe61b-16b9-7367-b627-6d77dbf70819" testName="AssetHub.Ui.Tests.Services.AssetDisplayHelpersTests.GetContentTypeIcon_ImageTypes_Return_ImageIcon(contentType: &quot;image/png&quot;)" computerName="runnervmnay03" duration="00:00:00.0001642" startTime="2026-02-28T18:00:19.8989317+00:00" endTime="2026-02-28T18:00:19.8989317+00:00" testType="13cdc9d9-ddb5-4fa4-a97d-d965ccfc6d4b" outcome="Passed" testListId="8c84fa94-04c1-424b-9868-57a2d4851a1d" relativeResultsDirectory="81f20606-0e90-4e9b-b15d-fb67f073749c" />
    <UnitTestResult executionId="666d71d5-772f-4b08-bbb8-a3baf8811cd8" testId="2806b5d6-bdfb-210f-ee24-2568b5b176dd" testName="AssetHub.Ui.Tests.Components.ManageAccessDialogTests.Renders_ACL_Entries" computerName="runnervmnay03" duration="00:00:00.0409700" startTime="2026-02-28T18:00:20.3501725+00:00" endTime="2026-02-28T18:00:20.3501726+00:00" testType="13cdc9d9-ddb5-4fa4-a97d-d965ccfc6d4b" outcome="Passed" testListId="8c84fa94-04c1-424b-9868-57a2d4851a1d" relativeResultsDirectory="666d71d5-772f-4b08-bbb8-a3baf8811cd8" />
    <UnitTestResult executionId="27565d2a-149f-4fc7-a9dc-2abc12e79ae9" testId="51b6e775-4e22-d453-ee58-182182c756ba" testName="AssetHub.Ui.Tests.Services.AssetDisplayHelpersTests.GetRoleColor_Returns_Correct_Color(role: &quot;viewer&quot;, expected: Default)" computerName="runnervmnay03" duration="00:00:00.0000029" startTime="2026-02-28T18:00:19.9165226+00:00" endTime="2026-02-28T18:00:19.9165226+00:00" testType="13cdc9d9-ddb5-4fa4-a97d-d965ccfc6d4b" outcome="Passed" testListId="8c84fa94-04c1-424b-9868-57a2d4851a1d" relativeResultsDirectory="27565d2a-149f-4fc7-a9dc-2abc12e79ae9" />
    <UnitTestResult executionId="23e21095-972b-4aff-9637-9cac2a4eb180" testId="ab5f54bc-a486-6a3f-a959-85c0fa2ee54e" testName="AssetHub.Ui.Tests.Services.AssetDisplayHelpersTests.GetContentTypeIcon_VideoTypes_Return_VideoIcon(contentType: &quot;video/webm&quot;)" computerName="runnervmnay03" duration="00:00:00.0000669" startTime="2026-02-28T18:00:19.9429914+00:00" endTime="2026-02-28T18:00:19.9429915+00:00" testType="13cdc9d9-ddb5-4fa4-a97d-d965ccfc6d4b" outcome="Passed" testListId="8c84fa94-04c1-424b-9868-57a2d4851a1d" relativeResultsDirectory="23e21095-972b-4aff-9637-9cac2a4eb180" />
    <UnitTestResult executionId="c3dc3e5b-0a22-4bc9-8a89-070e7aeeb1da" testId="f7583035-3c09-396e-f97d-c103b41f9418" testName="AssetHub.Ui.Tests.Components.ManageAccessDialogTests.RevokeAccess_Error_Calls_HandleError" computerName="runnervmnay03" duration="00:00:00.1122589" startTime="2026-02-28T18:00:20.6256411+00:00" endTime="2026-02-28T18:00:20.6256412+00:00" testType="13cdc9d9-ddb5-4fa4-a97d-d965ccfc6d4b" outcome="Passed" testListId="8c84fa94-04c1-424b-9868-57a2d4851a1d" relativeResultsDirectory="c3dc3e5b-0a22-4bc9-8a89-070e7aeeb1da" />
    <UnitTestResult executionId="57d6e6e9-799f-4256-bbbb-a841eeb49f23" testId="1af37d60-34f5-73f7-e682-143964136f35" testName="AssetHub.Ui.Tests.Services.AssetDisplayHelpersTests.GetAssetIcon_Document_Returns_DescriptionIcon" computerName="runnervmnay03" duration="00:00:00.0000588" startTime="2026-02-28T18:00:19.9461262+00:00" endTime="2026-02-28T18:00:19.9461262+00:00" testType="13cdc9d9-ddb5-4fa4-a97d-d965ccfc6d4b" outcome="Passed" testListId="8c84fa94-04c1-424b-9868-57a2d4851a1d" relativeResultsDirectory="57d6e6e9-799f-4256-bbbb-a841eeb49f23" />
    <UnitTestResult executionId="a92b5620-def0-48e5-9b16-cab60f6c92d6" testId="40cbf6cd-09c4-4f1b-136b-78d5279b5f91" testName="AssetHub.Ui.Tests.Components.AssetGridTests.Renders_Asset_Cards_With_Titles" computerName="runnervmnay03" duration="00:00:00.0166216" startTime="2026-02-28T18:00:19.6743055+00:00" endTime="2026-02-28T18:00:19.6743056+00:00" testType="13cdc9d9-ddb5-4fa4-a97d-d965ccfc6d4b" outcome="Passed" testListId="8c84fa94-04c1-424b-9868-57a2d4851a1d" relativeResultsDirectory="a92b5620-def0-48e5-9b16-cab60f6c92d6" />
    <UnitTestResult executionId="04bd3612-4ee0-4076-81b1-4d90be590846" testId="2fafc79d-5355-cc08-f37a-3991636d2de1" testName="AssetHub.Ui.Tests.Services.AssetDisplayHelpersTests.GetAssetStatusColor_Returns_Correct_Color(status: null, expected: Default)" computerName="runnervmnay03" duration="00:00:00.0000045" startTime="2026-02-28T18:00:19.8978180+00:00" endTime="2026-02-28T18:00:19.8978180+00:00" testType="13cdc9d9-ddb5-4fa4-a97d-d965ccfc6d4b" outcome="Passed" testListId="8c84fa94-04c1-424b-9868-57a2d4851a1d" relativeResultsDirectory="04bd3612-4ee0-4076-81b1-4d90be590846" />
    <UnitTestResult executionId="9604dcde-b10d-4c70-bfe9-c2e977f16ee1" testId="17af5aba-0a6f-f8da-3a6c-c0633a0fed13" testName="AssetHub.Ui.Tests.Components.EditAssetDialogTests.Has_Cancel_And_Save_Buttons" computerName="runnervmnay03" duration="00:00:00.0436523" startTime="2026-02-28T18:00:21.5652252+00:00" endTime="2026-02-28T18:00:21.5652253+00:00" testType="13cdc9d9-ddb5-4fa4-a97d-d965ccfc6d4b" outcome="Passed" testListId="8c84fa94-04c1-424b-9868-57a2d4851a1d" relativeResultsDirectory="9604dcde-b10d-4c70-bfe9-c2e977f16ee1" />
    <UnitTestResult executionId="7df814ce-3228-41bf-9d8a-e521ad86a28d" testId="c47b3099-33bc-bafa-089e-66daa69b4e94" testName="AssetHub.Ui.Tests.Components.EditAssetDialogTests.Shows_NoTags_Message_When_Empty" computerName="runnervmnay03" duration="00:00:00.0067520" startTime="2026-02-28T18:00:21.6294262+00:00" endTime="2026-02-28T18:00:21.6294263+00:00" testType="13cdc9d9-ddb5-4fa4-a97d-d965ccfc6d4b" outcome="Passed" testListId="8c84fa94-04c1-424b-9868-57a2d4851a1d" relativeResultsDirectory="7df814ce-3228-41bf-9d8a-e521ad86a28d" />
    <UnitTestResult executionId="f5bc884c-44bc-4c99-923a-caccc2d1df9a" testId="33bf5fdc-5bd4-ce0f-3e8f-87a2070f703a" testName="AssetHub.Ui.Tests.Services.AssetDisplayHelpersTests.GetAssetTypeKey_Returns_Correct_Resource_Key(assetType: null, expected: &quot;&quot;)" computerName="runnervmnay03" duration="00:00:00.0000035" startTime="2026-02-28T18:00:19.9105296+00:00" endTime="2026-02-28T18:00:19.9105297+00:00" testType="13cdc9d9-ddb5-4fa4-a97d-d965ccfc6d4b" outcome="Passed" testListId="8c84fa94-04c1-424b-9868-57a2d4851a1d" relativeResultsDirectory="f5bc884c-44bc-4c99-923a-caccc2d1df9a" />
    <UnitTestResult executionId="c651e93c-1e25-4f63-983a-4720b054d4a8" testId="f11855bd-063b-d4ea-31f2-473de5356793" testName="AssetHub.Ui.Tests.Services.RolePermissionsTests.CanManageCollections_Returns_Correct_Result(role: &quot;manager&quot;, expected: True)" computerName="runnervmnay03" duration="00:00:00.0000748" startTime="2026-02-28T18:00:19.8870196+00:00" endTime="2026-02-28T18:00:19.8870196+00:00" testType="13cdc9d9-ddb5-4fa4-a97d-d965ccfc6d4b" outcome="Passed" testListId="8c84fa94-04c1-424b-9868-57a2d4851a1d" relativeResultsDirectory="c651e93c-1e25-4f63-983a-4720b054d4a8" />
    <UnitTestResult executionId="c36ec0c6-59c7-45fc-a4d2-c21235f09e45" testId="ab8485ad-0ada-3a73-418f-0aaea032909d" testName="AssetHub.Ui.Tests.Components.CollectionTreeTests.Shows_Loading_Indicator_Initially" computerName="runnervmnay03" duration="00:00:00.0098188" startTime="2026-02-28T18:00:21.0536094+00:00" endTime="2026-02-28T18:00:21.0536096+00:00" testType="13cdc9d9-ddb5-4fa4-a97d-d965ccfc6d4b" outcome="Passed" testListId="8c84fa94-04c1-424b-9868-57a2d4851a1d" relativeResultsDirectory="c36ec0c6-59c7-45fc-a4d2-c21235f09e45" />
    <UnitTestResult executionId="19e09916-4b4f-459e-86fc-ea9793ec34b6" testId="34a6ba9d-7745-6683-0fae-ede4db20aa2b" testName="AssetHub.Ui.Tests.Components.CollectionTreeTests.Highlights_Selected_Collection" computerName="runnervmnay03" duration="00:00:00.0116940" startTime="2026-02-28T18:00:20.9601006+00:00" endTime="2026-02-28T18:00:20.9601007+00:00" testType="13cdc9d9-ddb5-4fa4-a97d-d965ccfc6d4b" outcome="Passed" testListId="8c84fa94-04c1-424b-9868-57a2d4851a1d" relativeResultsDirectory="19e09916-4b4f-459e-86fc-ea9793ec34b6" />
    <UnitTestResult executionId="5e2489a4-a58c-4d0c-81e4-ddf60f1521d7" testId="d5938703-cec1-fbdf-3b9c-719a755634fb" testName="AssetHub.Ui.Tests.Services.AssetDisplayHelpersTests.GetAssetStatusColor_Returns_Correct_Color(status: &quot;unknown&quot;, expected: Default)" computerName="runnervmnay03" duration="00:00:00.0000077" startTime="2026-02-28T18:00:19.8960808+00:00" endTime="2026-02-28T18:00:19.8960809+00:00" testType="13cdc9d9-ddb5-4fa4-a97d-d965ccfc6d4b" outcome="Passed" testListId="8c84fa94-04c1-424b-9868-57a2d4851a1d" relativeResultsDirectory="5e2489a4-a58c-4d0c-81e4-ddf60f1521d7" />
    <UnitTestResult executionId="521a461a-d05a-40ee-ad53-a5827ca6a1ba" testId="4d7d26fc-c7f9-d150-fa11-8555e06c80dc" testName="AssetHub.Ui.Tests.Services.AssetDisplayHelpersTests.GetPlaceholderForType_Returns_Correct_SVG(assetType: null, expectedLabel: &quot;Asset&quot;)" computerName="runnervmnay03" duration="00:00:00.0025116" startTime="2026-02-28T18:00:19.9238866+00:00" endTime="2026-02-28T18:00:19.9238867+00:00" testType="13cdc9d9-ddb5-4fa4-a97d-d965ccfc6d4b" outcome="Passed" testListId="8c84fa94-04c1-424b-9868-57a2d4851a1d" relativeResultsDirectory="521a461a-d05a-40ee-ad53-a5827ca6a1ba" />
    <UnitTestResult executionId="fb556ace-5d87-4050-afd3-759b8629d86a" testId="4751da36-41d3-ef5c-9415-9a6048b7b056" testName="AssetHub.Ui.Tests.Services.RolePermissionsTests.CanEdit_Returns_Correct_Result(role: &quot;viewer&quot;, expected: False)" computerName="runnervmnay03" duration="00:00:00.0000047" startTime="2026-02-28T18:00:19.8929931+00:00" endTime="2026-02-28T18:00:19.8929932+00:00" testType="13cdc9d9-ddb5-4fa4-a97d-d965ccfc6d4b" outcome="Passed" testListId="8c84fa94-04c1-424b-9868-57a2d4851a1d" relativeResultsDirectory="fb556ace-5d87-4050-afd3-759b8629d86a" />
    <UnitTestResult executionId="84201d96-4ceb-4c2e-a2a0-1ee94126cb7b" testId="100c73b3-7842-d59e-d8b6-18b5721add3e" testName="AssetHub.Ui.Tests.Services.AssetDisplayHelpersTests.GetContentTypeIcon_Pdf_Returns_PdfIcon" computerName="runnervmnay03" duration="00:00:00.0000597" startTime="2026-02-28T18:00:19.9466304+00:00" endTime="2026-02-28T18:00:19.9466305+00:00" testType="13cdc9d9-ddb5-4fa4-a97d-d965ccfc6d4b" outcome="Passed" testListId="8c84fa94-04c1-424b-9868-57a2d4851a1d" relativeResultsDirectory="84201d96-4ceb-4c2e-a2a0-1ee94126cb7b" />
    <UnitTestResult executionId="565c0cf2-3c24-4950-995b-e0e066d5efe7" testId="22b8148d-8437-4134-fe9e-b78bd6904450" testName="AssetHub.Ui.Tests.Components.CreateCollectionDialogTests.Renders_CreateNewFolder_Icon" computerName="runnervmnay03" duration="00:00:00.0069134" startTime="2026-02-28T18:00:20.0210864+00:00" endTime="2026-02-28T18:00:20.0210865+00:00" testType="13cdc9d9-ddb5-4fa4-a97d-d965ccfc6d4b" outcome="Passed" testListId="8c84fa94-04c1-424b-9868-57a2d4851a1d" relativeResultsDirectory="565c0cf2-3c24-4950-995b-e0e066d5efe7" />
    <UnitTestResult executionId="303fa093-b70c-460e-a3d7-c908e1aa38ae" testId="0e8f9ac9-c93b-557b-8dd9-ac0d4bd9e3e2" testName="AssetHub.Ui.Tests.Services.AssetDisplayHelpersTests.GetAssetTypeKey_Returns_Correct_Resource_Key(assetType: &quot;audio&quot;, expected: &quot;AssetType_Audio&quot;)" computerName="runnervmnay03" duration="00:00:00.0000041" startTime="2026-02-28T18:00:19.9101109+00:00" endTime="2026-02-28T18:00:19.9101109+00:00" testType="13cdc9d9-ddb5-4fa4-a97d-d965ccfc6d4b" outcome="Passed" testListId="8c84fa94-04c1-424b-9868-57a2d4851a1d" relativeResultsDirectory="303fa093-b70c-460e-a3d7-c908e1aa38ae" />
    <UnitTestResult executionId="45479846-4f32-4675-99f5-027675c490ac" testId="ff87a0e2-e867-b569-ee59-83a10d177e60" testName="AssetHub.Ui.Tests.Components.CollectionTreeTests.Hides_Asset_Count_When_Zero" computerName="runnervmnay03" duration="00:00:00.0019713" startTime="2026-02-28T18:00:21.0936158+00:00" endTime="2026-02-28T18:00:21.0936160+00:00" testType="13cdc9d9-ddb5-4fa4-a97d-d965ccfc6d4b" outcome="Passed" testListId="8c84fa94-04c1-424b-9868-57a2d4851a1d" relativeResultsDirectory="45479846-4f32-4675-99f5-027675c490ac" />
    <UnitTestResult executionId="ec980687-bd2c-43e8-bdae-51641c163a9d" testId="c3ad1844-39b3-cc3a-315c-258a9b1e5fa8" testName="AssetHub.Ui.Tests.Services.UserFeedbackServiceTests.HandleApiError_Shows_ForbiddenMessage_For_403" computerName="runnervmnay03" duration="00:00:00.0042483" startTime="2026-02-28T18:00:18.0859290+00:00" endTime="2026-02-28T18:00:18.0859291+00:00" testType="13cdc9d9-ddb5-4fa4-a97d-d965ccfc6d4b" outcome="Passed" testListId="8c84fa94-04c1-424b-9868-57a2d4851a1d" relativeResultsDirectory="ec980687-bd2c-43e8-bdae-51641c163a9d" />
    <UnitTestResult executionId="fcf8613f-97df-47e8-a899-171f1f01bd71" testId="b4bdeb22-cf6e-a09d-283e-cabf20fa37e4" testName="AssetHub.Ui.Tests.Components.CreateShareDialogTests.Expiration_Option_Values_Present" computerName="runnervmnay03" duration="00:00:00.0722705" startTime="2026-02-28T18:00:19.4349812+00:00" endTime="2026-02-28T18:00:19.4349814+00:00" testType="13cdc9d9-ddb5-4fa4-a97d-d965ccfc6d4b" outcome="Passed" testListId="8c84fa94-04c1-424b-9868-57a2d4851a1d" relativeResultsDirectory="fcf8613f-97df-47e8-a899-171f1f01bd71" />
    <UnitTestResult executionId="f74f9482-686c-4413-a851-677162059bef" testId="9a46e0d4-8e43-c527-1bd7-ec2ec8da6ca1" testName="AssetHub.Ui.Tests.Components.AssetGridInteractionTests.Share_Button_Click_Opens_CreateShareDialog" computerName="runnervmnay03" duration="00:00:00.0433589" startTime="2026-02-28T18:00:20.2084217+00:00" endTime="2026-02-28T18:00:20.2084218+00:00" testType="13cdc9d9-ddb5-4fa4-a97d-d965ccfc6d4b" outcome="Passed" testListId="8c84fa94-04c1-424b-9868-57a2d4851a1d" relativeResultsDirectory="f74f9482-686c-4413-a851-677162059bef" />
    <UnitTestResult executionId="7fe10a17-1882-4275-93a0-6bf9737498da" testId="271cafdb-c3e1-db32-5f82-8ec95f43901b" testName="AssetHub.Ui.Tests.Components.AssetGridTests.Shows_Loading_Spinner_While_Fetching" computerName="runnervmnay03" duration="00:00:00.0103884" startTime="2026-02-28T18:00:19.6215356+00:00" endTime="2026-02-28T18:00:19.6215357+00:00" testType="13cdc9d9-ddb5-4fa4-a97d-d965ccfc6d4b" outcome="Passed" testListId="8c84fa94-04c1-424b-9868-57a2d4851a1d" relativeResultsDirectory="7fe10a17-1882-4275-93a0-6bf9737498da" />
    <UnitTestResult executionId="6132309a-a1b6-43ca-8f1f-5d0144518ccc" testId="65690863-7d40-0db7-bc0d-81d2a965da6d" testName="AssetHub.Ui.Tests.Services.RolePermissionsTests.Admin_CaseInsensitive_Has_All_Permissions(role: &quot;aDmIn&quot;)" computerName="runnervmnay03" duration="00:00:00.0000067" startTime="2026-02-28T18:00:19.8860873+00:00" endTime="2026-02-28T18:00:19.8860874+00:00" testType="13cdc9d9-ddb5-4fa4-a97d-d965ccfc6d4b" outcome="Passed" testListId="8c84fa94-04c1-424b-9868-57a2d4851a1d" relativeResultsDirectory="6132309a-a1b6-43ca-8f1f-5d0144518ccc" />
    <UnitTestResult executionId="78945635-801b-4e6a-9aa9-dc32703f5923" testId="131aa4ea-99c9-b538-316d-b094d1c1b90b" testName="AssetHub.Ui.Tests.Services.AssetDisplayHelpersTests.GetAssetStatusColor_Returns_Correct_Color(status: &quot;ready&quot;, expected: Success)" computerName="runnervmnay03" duration="00:00:00.0070762" startTime="2026-02-28T18:00:19.8939273+00:00" endTime="2026-02-28T18:00:19.8939274+00:00" testType="13cdc9d9-ddb5-4fa4-a97d-d965ccfc6d4b" outcome="Passed" testListId="8c84fa94-04c1-424b-9868-57a2d4851a1d" relativeResultsDirectory="78945635-801b-4e6a-9aa9-dc32703f5923" />
    <UnitTestResult executionId="718dc162-e0e8-4520-aca1-d541434f9095" testId="85743496-020b-6642-7d5a-56efe0707d75" testName="AssetHub.Ui.Tests.Components.AddToCollectionDialogTests.Submit_Handles_Api_Error_On_Add" computerName="runnervmnay03" duration="00:00:00.0388152" startTime="2026-02-28T18:00:21.3806600+00:00" endTime="2026-02-28T18:00:21.3806601+00:00" testType="13cdc9d9-ddb5-4fa4-a97d-d965ccfc6d4b" outcome="Passed" testListId="8c84fa94-04c1-424b-9868-57a2d4851a1d" relativeResultsDirectory="718dc162-e0e8-4520-aca1-d541434f9095" />
    <UnitTestResult executionId="74f92018-9d0b-4507-a0e3-ec24d9f194b2" testId="df270b51-c8a1-2c53-ed09-e367d131e102" testName="AssetHub.Ui.Tests.Services.RolePermissionsTests.CanEdit_Returns_Correct_Result(role: &quot;contributor&quot;, expected: True)" computerName="runnervmnay03" duration="00:00:00.0000083" startTime="2026-02-28T18:00:19.8920464+00:00" endTime="2026-02-28T18:00:19.8920464+00:00" testType="13cdc9d9-ddb5-4fa4-a97d-d965ccfc6d4b" outcome="Passed" testListId="8c84fa94-04c1-424b-9868-57a2d4851a1d" relativeResultsDirectory="74f92018-9d0b-4507-a0e3-ec24d9f194b2" />
    <UnitTestResult executionId="892b24ea-8687-405b-9dca-7a2cadfaef37" testId="8463a548-b3fe-a730-30e5-5b06b40b1734" testName="AssetHub.Ui.Tests.Components.EditAssetDialogTests.SaveAsync_Error_Calls_HandleError" computerName="runnervmnay03" duration="00:00:01.2244508" startTime="2026-02-28T18:00:20.1567360+00:00" endTime="2026-02-28T18:00:20.1567362+00:00" testType="13cdc9d9-ddb5-4fa4-a97d-d965ccfc6d4b" outcome="Passed" testListId="8c84fa94-04c1-424b-9868-57a2d4851a1d" relativeResultsDirectory="892b24ea-8687-405b-9dca-7a2cadfaef37" />
    <UnitTestResult executionId="9df14216-327e-4536-9235-3c90f04cdca6" testId="17ca2538-a32d-7025-2e52-29ff5a24eb15" testName="AssetHub.Ui.Tests.Services.RolePermissionsTests.CanManageCollections_Returns_Correct_Result(role: &quot;contributor&quot;, expected: True)" computerName="runnervmnay03" duration="00:00:00.0001754" startTime="2026-02-28T18:00:19.8874582+00:00" endTime="2026-02-28T18:00:19.8874583+00:00" testType="13cdc9d9-ddb5-4fa4-a97d-d965ccfc6d4b" outcome="Passed" testListId="8c84fa94-04c1-424b-9868-57a2d4851a1d" relativeResultsDirectory="9df14216-327e-4536-9235-3c90f04cdca6" />
    <UnitTestResult executionId="e2029a94-2ba1-46c3-a72a-9517d746bf27" testId="7310e043-b70a-0946-f70b-9e60c1f97134" testName="AssetHub.Ui.Tests.Components.AddToCollectionDialogTests.Handles_Api_Error_Gracefully" computerName="runnervmnay03" duration="00:00:00.0249517" startTime="2026-02-28T18:00:21.1314644+00:00" endTime="2026-02-28T18:00:21.1314646+00:00" testType="13cdc9d9-ddb5-4fa4-a97d-d965ccfc6d4b" outcome="Passed" testListId="8c84fa94-04c1-424b-9868-57a2d4851a1d" relativeResultsDirectory="e2029a94-2ba1-46c3-a72a-9517d746bf27" />
    <UnitTestResult executionId="d1c51ca4-d88f-4202-a668-4d3db75e49a4" testId="49c5bdca-00e1-80c1-42cf-743ab21a1526" testName="AssetHub.Ui.Tests.Services.AssetDisplayHelpersTests.GetThumbnailUrl_Returns_Placeholder_When_Empty_ThumbKey" computerName="runnervmnay03" duration="00:00:00.0001343" startTime="2026-02-28T18:00:19.9267662+00:00" endTime="2026-02-28T18:00:19.9267663+00:00" testType="13cdc9d9-ddb5-4fa4-a97d-d965ccfc6d4b" outcome="Passed" testListId="8c84fa94-04c1-424b-9868-57a2d4851a1d" relativeResultsDirectory="d1c51ca4-d88f-4202-a668-4d3db75e49a4" />
    <UnitTestResult executionId="e749f7c9-1083-4fcd-acc3-0dccca654f6e" testId="fe5b34b5-7687-2606-dc49-7e7318ebc184" testName="AssetHub.Ui.Tests.Services.AssetDisplayHelpersTests.GetRoleKey_Returns_Correct_Resource_Key(role: &quot;manager&quot;, expected: &quot;Role_Manager&quot;)" computerName="runnervmnay03" duration="00:00:00.0000025" startTime="2026-02-28T18:00:19.9377281+00:00" endTime="2026-02-28T18:00:19.9377282+00:00" testType="13cdc9d9-ddb5-4fa4-a97d-d965ccfc6d4b" outcome="Passed" testListId="8c84fa94-04c1-424b-9868-57a2d4851a1d" relativeResultsDirectory="e749f7c9-1083-4fcd-acc3-0dccca654f6e" />
    <UnitTestResult executionId="d915d395-4c21-4676-b363-31a92deb8767" testId="9ab1dea5-7d42-f8cf-fadf-1e1916223a5e" testName="AssetHub.Ui.Tests.Services.AssetDisplayHelpersTests.IsPdfContentType_Returns_Correct_Result(contentType: null, expected: False)" computerName="runnervmnay03" duration="00:00:00.0001526" startTime="2026-02-28T18:00:19.9393201+00:00" endTime="2026-02-28T18:00:19.9393201+00:00" testType="13cdc9d9-ddb5-4fa4-a97d-d965ccfc6d4b" outcome="Passed" testListId="8c84fa94-04c1-424b-9868-57a2d4851a1d" relativeResultsDirectory="d915d395-4c21-4676-b363-31a92deb8767" />
    <UnitTestResult executionId="482b7bea-f539-4def-a162-a71ba6456122" testId="150c4f46-9991-3b24-9ab1-e327cb49c91c" testName="AssetHub.Ui.Tests.Components.AssetGridTests.Shows_File_Size_For_Each_Asset" computerName="runnervmnay03" duration="00:00:00.0053546" startTime="2026-02-28T18:00:19.8266293+00:00" endTime="2026-02-28T18:00:19.8266294+00:00" testType="13cdc9d9-ddb5-4fa4-a97d-d965ccfc6d4b" outcome="Passed" testListId="8c84fa94-04c1-424b-9868-57a2d4851a1d" relativeResultsDirectory="482b7bea-f539-4def-a162-a71ba6456122" />
    <UnitTestResult executionId="94f571d7-029b-4fec-9eff-bbdc7b8e8b53" testId="c3628674-48ad-e10b-f306-ca8bf03e7f67" testName="AssetHub.Ui.Tests.Services.RolePermissionsTests.CanDelete_Returns_Correct_Result(role: &quot;contributor&quot;, expected: False)" computerName="runnervmnay03" duration="00:00:00.0084589" startTime="2026-02-28T18:00:19.8466152+00:00" endTime="2026-02-28T18:00:19.8466153+00:00" testType="13cdc9d9-ddb5-4fa4-a97d-d965ccfc6d4b" outcome="Passed" testListId="8c84fa94-04c1-424b-9868-57a2d4851a1d" relativeResultsDirectory="94f571d7-029b-4fec-9eff-bbdc7b8e8b53" />
    <UnitTestResult executionId="7daff844-a48c-41c9-a0cd-280bbd5536bf" testId="7694df2b-9c6e-2e53-9f1d-b15ee62bc57a" testName="AssetHub.Ui.Tests.Services.AssetDisplayHelpersTests.GetShareStatusKey_Returns_Correct_Resource_Key(status: &quot;Unknown&quot;, expected: &quot;Unknown&quot;)" computerName="runnervmnay03" duration="00:00:00.0000023" startTime="2026-02-28T18:00:19.9024202+00:00" endTime="2026-02-28T18:00:19.9024203+00:00" testType="13cdc9d9-ddb5-4fa4-a97d-d965ccfc6d4b" outcome="Passed" testListId="8c84fa94-04c1-424b-9868-57a2d4851a1d" relativeResultsDirectory="7daff844-a48c-41c9-a0cd-280bbd5536bf" />
    <UnitTestResult executionId="337ed394-4840-49f9-b2f6-4a254468002e" testId="001499bf-13a7-3a98-a253-35e37a71fbdf" testName="AssetHub.Ui.Tests.Components.AssetGridTests.Renders_AssetType_Chip" computerName="runnervmnay03" duration="00:00:00.0027785" startTime="2026-02-28T18:00:19.6337169+00:00" endTime="2026-02-28T18:00:19.6337170+00:00" testType="13cdc9d9-ddb5-4fa4-a97d-d965ccfc6d4b" outcome="Passed" testListId="8c84fa94-04c1-424b-9868-57a2d4851a1d" relativeResultsDirectory="337ed394-4840-49f9-b2f6-4a254468002e" />
    <UnitTestResult executionId="ce916874-5663-4f0d-a46c-1c31439eae43" testId="104e7023-64e4-92e3-9d46-3194914de0f1" testName="AssetHub.Ui.Tests.Services.UserFeedbackServiceTests.ShowSuccess_Calls_Snackbar_With_Success_Severity" computerName="runnervmnay03" duration="00:00:00.0005955" startTime="2026-02-28T18:00:18.0833652+00:00" endTime="2026-02-28T18:00:18.0833653+00:00" testType="13cdc9d9-ddb5-4fa4-a97d-d965ccfc6d4b" outcome="Passed" testListId="8c84fa94-04c1-424b-9868-57a2d4851a1d" relativeResultsDirectory="ce916874-5663-4f0d-a46c-1c31439eae43" />
    <UnitTestResult executionId="157dabb1-e428-4274-9670-694a44c8ac11" testId="da895344-618c-113f-bb11-40f0910993c0" testName="AssetHub.Ui.Tests.Components.AssetGridTests.Viewer_Cannot_See_Share_Button" computerName="runnervmnay03" duration="00:00:00.0287616" startTime="2026-02-28T18:00:19.8006426+00:00" endTime="2026-02-28T18:00:19.8006428+00:00" testType="13cdc9d9-ddb5-4fa4-a97d-d965ccfc6d4b" outcome="Passed" testListId="8c84fa94-04c1-424b-9868-57a2d4851a1d" relativeResultsDirectory="157dabb1-e428-4274-9670-694a44c8ac11" />
    <UnitTestResult executionId="5fc7c698-8b48-482c-aa5d-b7fc0ee377d7" testId="fe89bd93-d7a0-61f8-fb86-b9d6e3bb8392" testName="AssetHub.Ui.Tests.Components.EditAssetDialogTests.Renders_Existing_Tags_As_Chips" computerName="runnervmnay03" duration="00:00:00.0209876" startTime="2026-02-28T18:00:20.1839338+00:00" endTime="2026-02-28T18:00:20.1839340+00:00" testType="13cdc9d9-ddb5-4fa4-a97d-d965ccfc6d4b" outcome="Passed" testListId="8c84fa94-04c1-424b-9868-57a2d4851a1d" relativeResultsDirectory="5fc7c698-8b48-482c-aa5d-b7fc0ee377d7" />
    <UnitTestResult executionId="1ec81d51-a41c-460a-bb7f-a6f445e32d08" testId="c2139e19-57e7-23db-7547-c4746444a1ca" testName="AssetHub.Ui.Tests.Services.AssetDisplayHelpersTests.GetRoleColor_Returns_Correct_Color(role: &quot;unknown&quot;, expected: Default)" computerName="runnervmnay03" duration="00:00:00.0000049" startTime="2026-02-28T18:00:19.9149248+00:00" endTime="2026-02-28T18:00:19.9149249+00:00" testType="13cdc9d9-ddb5-4fa4-a97d-d965ccfc6d4b" outcome="Passed" testListId="8c84fa94-04c1-424b-9868-57a2d4851a1d" relativeResultsDirectory="1ec81d51-a41c-460a-bb7f-a6f445e32d08" />
    <UnitTestResult executionId="94be7a1e-335d-40ff-b4da-9c422ba95a36" testId="838410df-970a-9bba-d2aa-9771c1a4d7c8" testName="AssetHub.Ui.Tests.Services.AssetDisplayHelpersTests.GetAssetStatusKey_Returns_Correct_Resource_Key(status: &quot;processing&quot;, expected: &quot;AssetStatus_Processing&quot;)" computerName="runnervmnay03" duration="00:00:00.0000066" startTime="2026-02-28T18:00:19.9178692+00:00" endTime="2026-02-28T18:00:19.9178693+00:00" testType="13cdc9d9-ddb5-4fa4-a97d-d965ccfc6d4b" outcome="Passed" testListId="8c84fa94-04c1-424b-9868-57a2d4851a1d" relativeResultsDirectory="94be7a1e-335d-40ff-b4da-9c422ba95a36" />
    <UnitTestResult executionId="8a39c014-8232-4f4d-be82-bfcdf9712896" testId="ad715978-7a38-6519-98ba-dac4df22bdbe" testName="AssetHub.Ui.Tests.Components.ManageAccessDialogTests.Shows_Collection_Name" computerName="runnervmnay03" duration="00:00:00.0089292" startTime="2026-02-28T18:00:20.8462158+00:00" endTime="2026-02-28T18:00:20.8462160+00:00" testType="13cdc9d9-ddb5-4fa4-a97d-d965ccfc6d4b" outcome="Passed" testListId="8c84fa94-04c1-424b-9868-57a2d4851a1d" relativeResultsDirectory="8a39c014-8232-4f4d-be82-bfcdf9712896" />
    <UnitTestResult executionId="53f2171c-daef-45ce-81f2-be7a2e39cb30" testId="bac3189c-f034-8534-bc6b-cf880a8b8932" testName="AssetHub.Ui.Tests.Components.AssetUploadTests.FileInput_Accepts_Correct_Types" computerName="runnervmnay03" duration="00:00:00.0071216" startTime="2026-02-28T18:00:19.9576087+00:00" endTime="2026-02-28T18:00:19.9576088+00:00" testType="13cdc9d9-ddb5-4fa4-a97d-d965ccfc6d4b" outcome="Passed" testListId="8c84fa94-04c1-424b-9868-57a2d4851a1d" relativeResultsDirectory="53f2171c-daef-45ce-81f2-be7a2e39cb30" />
    <UnitTestResult executionId="079bb54c-9828-4487-bba3-ef714175d4d4" testId="573e3875-f842-3a30-b99d-01f9255b909c" testName="AssetHub.Ui.Tests.Services.UserFeedbackServiceTests.ExecuteWithFeedback_ReturnsFalse_OnException" computerName="runnervmnay03" duration="00:00:00.0028871" startTime="2026-02-28T18:00:18.0817486+00:00" endTime="2026-02-28T18:00:18.0817487+00:00" testType="13cdc9d9-ddb5-4fa4-a97d-d965ccfc6d4b" outcome="Passed" testListId="8c84fa94-04c1-424b-9868-57a2d4851a1d" relativeResultsDirectory="079bb54c-9828-4487-bba3-ef714175d4d4" />
    <UnitTestResult executionId="91ad33a8-4109-4823-9b4e-1000b5458755" testId="4908b6c7-728d-6416-a4c7-e6725f162119" testName="AssetHub.Ui.Tests.Components.LanguageSwitcherTests.Shows_Swedish_Option" computerName="runnervmnay03" duration="00:00:00.0042892" startTime="2026-02-28T18:00:19.1668563+00:00" endTime="2026-02-28T18:00:19.1668563+00:00" testType="13cdc9d9-ddb5-4fa4-a97d-d965ccfc6d4b" outcome="Passed" testListId="8c84fa94-04c1-424b-9868-57a2d4851a1d" relativeResultsDirectory="91ad33a8-4109-4823-9b4e-1000b5458755" />
    <UnitTestResult executionId="40809ba1-8a39-416a-a78e-35ec890b5f3a" testId="c495cb90-019d-82d4-7ab7-b722c965b936" testName="AssetHub.Ui.Tests.Services.RolePermissionsTests.CanManageAccess_Returns_Correct_Result(role: &quot;viewer&quot;, expected: False)" computerName="runnervmnay03" duration="00:00:00.0002139" startTime="2026-02-28T18:00:19.8571158+00:00" endTime="2026-02-28T18:00:19.8571159+00:00" testType="13cdc9d9-ddb5-4fa4-a97d-d965ccfc6d4b" outcome="Passed" testListId="8c84fa94-04c1-424b-9868-57a2d4851a1d" relativeResultsDirectory="40809ba1-8a39-416a-a78e-35ec890b5f3a" />
    <UnitTestResult executionId="f921781b-4044-4247-9c2a-24d3b4f0cb4c" testId="e0c5841b-aa72-7118-aea2-2e7fadcc59db" testName="AssetHub.Ui.Tests.Components.CreateShareDialogTests.Has_Email_Notification_Section" computerName="runnervmnay03" duration="00:00:00.0063635" startTime="2026-02-28T18:00:19.3506852+00:00" endTime="2026-02-28T18:00:19.3506853+00:00" testType="13cdc9d9-ddb5-4fa4-a97d-d965ccfc6d4b" outcome="Passed" testListId="8c84fa94-04c1-424b-9868-57a2d4851a1d" relativeResultsDirectory="f921781b-4044-4247-9c2a-24d3b4f0cb4c" />
    <UnitTestResult executionId="390e22af-d9f4-4aad-bdbe-7d3d8e050642" testId="5c502f7f-d646-97de-8966-fc061445e32d" testName="AssetHub.Ui.Tests.Services.AssetDisplayHelpersTests.GetPlaceholderForType_Returns_Correct_SVG(assetType: &quot;unknown&quot;, expectedLabel: &quot;Asset&quot;)" computerName="runnervmnay03" duration="00:00:00.0000937" startTime="2026-02-28T18:00:19.9247991+00:00" endTime="2026-02-28T18:00:19.9247992+00:00" testType="13cdc9d9-ddb5-4fa4-a97d-d965ccfc6d4b" outcome="Passed" testListId="8c84fa94-04c1-424b-9868-57a2d4851a1d" relativeResultsDirectory="390e22af-d9f4-4aad-bdbe-7d3d8e050642" />
    <UnitTestResult executionId="530a4ff3-edd3-49d7-a386-c9892fb4bc9f" testId="cdb2f748-a91e-4bef-ec01-d8feb720645e" testName="AssetHub.Ui.Tests.Components.CreateShareDialogTests.Has_Generate_New_Password_Button" computerName="runnervmnay03" duration="00:00:00.0055072" startTime="2026-02-28T18:00:19.5032250+00:00" endTime="2026-02-28T18:00:19.5032251+00:00" testType="13cdc9d9-ddb5-4fa4-a97d-d965ccfc6d4b" outcome="Passed" testListId="8c84fa94-04c1-424b-9868-57a2d4851a1d" relativeResultsDirectory="530a4ff3-edd3-49d7-a386-c9892fb4bc9f" />
    <UnitTestResult executionId="cb1a8a99-daf0-4833-95be-174126e1306f" testId="cbf5f193-21b0-1a4a-ca7f-716363811b51" testName="AssetHub.Ui.Tests.Services.AssetDisplayHelpersTests.GetRoleColor_Returns_Correct_Color(role: &quot;contributor&quot;, expected: Info)" computerName="runnervmnay03" duration="00:00:00.0002172" startTime="2026-02-28T18:00:19.9123801+00:00" endTime="2026-02-28T18:00:19.9123802+00:00" testType="13cdc9d9-ddb5-4fa4-a97d-d965ccfc6d4b" outcome="Passed" testListId="8c84fa94-04c1-424b-9868-57a2d4851a1d" relativeResultsDirectory="cb1a8a99-daf0-4833-95be-174126e1306f" />
    <UnitTestResult executionId="6508bcc3-19d2-4639-871f-19ea49fa25dd" testId="b36fca49-b94d-9869-3209-2c26b85f6776" testName="AssetHub.Ui.Tests.Services.AssetDisplayHelpersTests.GetRoleColor_Returns_Correct_Color(role: &quot;admin&quot;, expected: Error)" computerName="runnervmnay03" duration="00:00:00.0000079" startTime="2026-02-28T18:00:19.9128535+00:00" endTime="2026-02-28T18:00:19.9128536+00:00" testType="13cdc9d9-ddb5-4fa4-a97d-d965ccfc6d4b" outcome="Passed" testListId="8c84fa94-04c1-424b-9868-57a2d4851a1d" relativeResultsDirectory="6508bcc3-19d2-4639-871f-19ea49fa25dd" />
    <UnitTestResult executionId="0f1b5f30-0d7f-4574-8e2e-01bc1e5ace50" testId="918365e8-5851-5b28-7ea2-b5def01435ff" testName="AssetHub.Ui.Tests.Services.RolePermissionsTests.CanUpload_Returns_Correct_Result(role: null, expected: False)" computerName="runnervmnay03" duration="00:00:00.0000023" startTime="2026-02-28T18:00:19.8845208+00:00" endTime="2026-02-28T18:00:19.8845209+00:00" testType="13cdc9d9-ddb5-4fa4-a97d-d965ccfc6d4b" outcome="Passed" testListId="8c84fa94-04c1-424b-9868-57a2d4851a1d" relativeResultsDirectory="0f1b5f30-0d7f-4574-8e2e-01bc1e5ace50" />
    <UnitTestResult executionId="a51954e2-8575-47ba-8908-ca530903555c" testId="ad4c7f0c-99f7-728f-533c-c4122c2caf2b" testName="AssetHub.Ui.Tests.Services.RolePermissionsTests.CanManageAccess_Returns_Correct_Result(role: &quot;manager&quot;, expected: True)" computerName="runnervmnay03" duration="00:00:00.0000031" startTime="2026-02-28T18:00:19.8600536+00:00" endTime="2026-02-28T18:00:19.8600536+00:00" testType="13cdc9d9-ddb5-4fa4-a97d-d965ccfc6d4b" outcome="Passed" testListId="8c84fa94-04c1-424b-9868-57a2d4851a1d" relativeResultsDirectory="a51954e2-8575-47ba-8908-ca530903555c" />
    <UnitTestResult executionId="b122a65a-dc0d-4a03-9bf2-849db7408d6a" testId="68a75de8-0d9c-8627-56c0-aca24b397dc5" testName="AssetHub.Ui.Tests.Services.AssetDisplayHelpersTests.GetAssetIcon_Video_Returns_VideoIcon" computerName="runnervmnay03" duration="00:00:00.0000613" startTime="2026-02-28T18:00:19.9456410+00:00" endTime="2026-02-28T18:00:19.9456411+00:00" testType="13cdc9d9-ddb5-4fa4-a97d-d965ccfc6d4b" outcome="Passed" testListId="8c84fa94-04c1-424b-9868-57a2d4851a1d" relativeResultsDirectory="b122a65a-dc0d-4a03-9bf2-849db7408d6a" />
    <UnitTestResult executionId="b3cae8df-6439-4371-bcd7-c1da17a98afa" testId="f39cabfc-0ae5-eceb-feb1-4f8217f5aa84" testName="AssetHub.Ui.Tests.Components.AssetGridTests.Shows_LoadMore_Button_When_More_Assets_Available" computerName="runnervmnay03" duration="00:00:00.0486283" startTime="2026-02-28T18:00:19.6093310+00:00" endTime="2026-02-28T18:00:19.6093310+00:00" testType="13cdc9d9-ddb5-4fa4-a97d-d965ccfc6d4b" outcome="Passed" testListId="8c84fa94-04c1-424b-9868-57a2d4851a1d" relativeResultsDirectory="b3cae8df-6439-4371-bcd7-c1da17a98afa" />
    <UnitTestResult executionId="7fd58b91-0b20-48ad-a650-6d77083c3f29" testId="f5e518fd-6364-0f9a-adf6-16e88e9bc89d" testName="AssetHub.Ui.Tests.Services.AssetDisplayHelpersTests.GetPlaceholderForType_Returns_Correct_SVG(assetType: &quot;document&quot;, expectedLabel: &quot;Document&quot;)" computerName="runnervmnay03" duration="00:00:00.0001069" startTime="2026-02-28T18:00:19.9258674+00:00" endTime="2026-02-28T18:00:19.9258675+00:00" testType="13cdc9d9-ddb5-4fa4-a97d-d965ccfc6d4b" outcome="Passed" testListId="8c84fa94-04c1-424b-9868-57a2d4851a1d" relativeResultsDirectory="7fd58b91-0b20-48ad-a650-6d77083c3f29" />
    <UnitTestResult executionId="12785885-3b1d-4685-b0da-97134c11a760" testId="4384a5fe-6f32-5e84-8d43-63f89d04484c" testName="AssetHub.Ui.Tests.Components.CreateShareDialogTests.Collection_Scope_Type_Renders_Correctly" computerName="runnervmnay03" duration="00:00:00.0060735" startTime="2026-02-28T18:00:19.4706195+00:00" endTime="2026-02-28T18:00:19.4706196+00:00" testType="13cdc9d9-ddb5-4fa4-a97d-d965ccfc6d4b" outcome="Passed" testListId="8c84fa94-04c1-424b-9868-57a2d4851a1d" relativeResultsDirectory="12785885-3b1d-4685-b0da-97134c11a760" />
    <UnitTestResult executionId="ab7a2432-edb8-4bf0-8478-49ede4a64fa7" testId="dd3ea1da-552b-7964-273d-da0b122f6878" testName="AssetHub.Ui.Tests.Components.CreateShareDialogTests.Generates_Password_On_Init" computerName="runnervmnay03" duration="00:00:00.0101937" startTime="2026-02-28T18:00:19.4825699+00:00" endTime="2026-02-28T18:00:19.4825700+00:00" testType="13cdc9d9-ddb5-4fa4-a97d-d965ccfc6d4b" outcome="Passed" testListId="8c84fa94-04c1-424b-9868-57a2d4851a1d" relativeResultsDirectory="ab7a2432-edb8-4bf0-8478-49ede4a64fa7" />
    <UnitTestResult executionId="a9855e56-de66-47f8-a65c-c4b5a176f9d7" testId="bd2a2170-c540-e39c-4f63-d47490524bb1" testName="AssetHub.Ui.Tests.Components.CreateCollectionDialogTests.Renders_Dialog_With_Title_And_Form" computerName="runnervmnay03" duration="00:00:00.0066813" startTime="2026-02-28T18:00:20.0305441+00:00" endTime="2026-02-28T18:00:20.0305443+00:00" testType="13cdc9d9-ddb5-4fa4-a97d-d965ccfc6d4b" outcome="Passed" testListId="8c84fa94-04c1-424b-9868-57a2d4851a1d" relativeResultsDirectory="a9855e56-de66-47f8-a65c-c4b5a176f9d7" />
    <UnitTestResult executionId="cd669695-f561-48af-9b10-718dce7ec66f" testId="1a3f2609-5d5f-82c2-431c-92ea31bd168c" testName="AssetHub.Ui.Tests.Services.UserFeedbackServiceTests.ExecuteWithFeedback_NoSuccessMessage_When_Null" computerName="runnervmnay03" duration="00:00:00.0064130" startTime="2026-02-28T18:00:18.0864483+00:00" endTime="2026-02-28T18:00:18.0864484+00:00" testType="13cdc9d9-ddb5-4fa4-a97d-d965ccfc6d4b" outcome="Passed" testListId="8c84fa94-04c1-424b-9868-57a2d4851a1d" relativeResultsDirectory="cd669695-f561-48af-9b10-718dce7ec66f" />
    <UnitTestResult executionId="7a82c54e-103a-42a1-b878-34ca981967fe" testId="e6c5feff-d964-3bee-e353-710e9c5dbb41" testName="AssetHub.Ui.Tests.Services.AssetDisplayHelpersTests.GetAssetTypeKey_Returns_Correct_Resource_Key(assetType: &quot;unknown&quot;, expected: &quot;unknown&quot;)" computerName="runnervmnay03" duration="00:00:00.0000630" startTime="2026-02-28T18:00:19.9087710+00:00" endTime="2026-02-28T18:00:19.9087711+00:00" testType="13cdc9d9-ddb5-4fa4-a97d-d965ccfc6d4b" outcome="Passed" testListId="8c84fa94-04c1-424b-9868-57a2d4851a1d" relativeResultsDirectory="7a82c54e-103a-42a1-b878-34ca981967fe" />
    <UnitTestResult executionId="16dc444a-e939-432e-8c95-b9e2aab26699" testId="06e5e2b1-7d4e-792c-302a-22366c8f93bb" testName="AssetHub.Ui.Tests.Services.AssetDisplayHelpersTests.GetAssetStatusColor_Returns_Correct_Color(status: &quot;processing&quot;, expected: Info)" computerName="runnervmnay03" duration="00:00:00.0000032" startTime="2026-02-28T18:00:19.8973001+00:00" endTime="2026-02-28T18:00:19.8973003+00:00" testType="13cdc9d9-ddb5-4fa4-a97d-d965ccfc6d4b" outcome="Passed" testListId="8c84fa94-04c1-424b-9868-57a2d4851a1d" relativeResultsDirectory="16dc444a-e939-432e-8c95-b9e2aab26699" />
    <UnitTestResult executionId="d0bd2094-1674-48b8-9cc4-9a994f239469" testId="1c0a2e1f-5aa3-c2fa-272f-53d67a51e2af" testName="AssetHub.Ui.Tests.Services.RolePermissionsTests.CanUpload_Returns_Correct_Result(role: &quot;unknown&quot;, expected: False)" computerName="runnervmnay03" duration="00:00:00.0001629" startTime="2026-02-28T18:00:19.8788615+00:00" endTime="2026-02-28T18:00:19.8788616+00:00" testType="13cdc9d9-ddb5-4fa4-a97d-d965ccfc6d4b" outcome="Passed" testListId="8c84fa94-04c1-424b-9868-57a2d4851a1d" relativeResultsDirectory="d0bd2094-1674-48b8-9cc4-9a994f239469" />
    <UnitTestResult executionId="211ce4cd-5fbd-4292-95c7-90a63eb4c9d9" testId="45576def-585c-1de0-7fe5-2395e2863eb2" testName="AssetHub.Ui.Tests.Services.AssetDisplayHelpersTests.GetAssetIcon_Image_Returns_ImageIcon" computerName="runnervmnay03" duration="00:00:00.0000576" startTime="2026-02-28T18:00:19.9328744+00:00" endTime="2026-02-28T18:00:19.9328745+00:00" testType="13cdc9d9-ddb5-4fa4-a97d-d965ccfc6d4b" outcome="Passed" testListId="8c84fa94-04c1-424b-9868-57a2d4851a1d" relativeResultsDirectory="211ce4cd-5fbd-4292-95c7-90a63eb4c9d9" />
    <UnitTestResult executionId="707d0598-d874-4d36-a3b9-0b31a31f2b79" testId="1fc8aec6-6e06-849e-0e39-602844f2424d" testName="AssetHub.Ui.Tests.Services.AssetDisplayHelpersTests.IsPdfContentType_Returns_Correct_Result(contentType: &quot;&quot;, expected: False)" computerName="runnervmnay03" duration="00:00:00.0000054" startTime="2026-02-28T18:00:19.9424394+00:00" endTime="2026-02-28T18:00:19.9424395+00:00" testType="13cdc9d9-ddb5-4fa4-a97d-d965ccfc6d4b" outcome="Passed" testListId="8c84fa94-04c1-424b-9868-57a2d4851a1d" relativeResultsDirectory="707d0598-d874-4d36-a3b9-0b31a31f2b79" />
    <UnitTestResult executionId="8dae9c8e-8d9f-4f48-a40e-c88e3f928977" testId="2fc10199-db5c-0f30-522e-49960f501289" testName="AssetHub.Ui.Tests.Services.RolePermissionsTests.Roles_Are_Case_Insensitive(role: &quot;VIEWER&quot;)" computerName="runnervmnay03" duration="00:00:00.0001942" startTime="2026-02-28T18:00:19.8646749+00:00" endTime="2026-02-28T18:00:19.8646750+00:00" testType="13cdc9d9-ddb5-4fa4-a97d-d965ccfc6d4b" outcome="Passed" testListId="8c84fa94-04c1-424b-9868-57a2d4851a1d" relativeResultsDirectory="8dae9c8e-8d9f-4f48-a40e-c88e3f928977" />
    <UnitTestResult executionId="81c3c54c-2716-4d18-82c6-a26fd55790e4" testId="a2f8f6e3-2aef-01bc-0510-ead556d1e4d4" testName="AssetHub.Ui.Tests.Components.CreateCollectionDialogTests.Has_Cancel_And_Create_Buttons" computerName="runnervmnay03" duration="00:00:00.0066260" startTime="2026-02-28T18:00:20.1446235+00:00" endTime="2026-02-28T18:00:20.1446236+00:00" testType="13cdc9d9-ddb5-4fa4-a97d-d965ccfc6d4b" outcome="Passed" testListId="8c84fa94-04c1-424b-9868-57a2d4851a1d" relativeResultsDirectory="81c3c54c-2716-4d18-82c6-a26fd55790e4" />
    <UnitTestResult executionId="a6ddd88d-fe03-460c-bdbd-f53761c1ba38" testId="d7e3f701-1552-6c35-19b5-b1018f724c7c" testName="AssetHub.Ui.Tests.Services.AssetDisplayHelpersTests.GetThumbnailUrl_Returns_Placeholder_When_No_ThumbKey" computerName="runnervmnay03" duration="00:00:00.0001321" startTime="2026-02-28T18:00:19.9441160+00:00" endTime="2026-02-28T18:00:19.9441161+00:00" testType="13cdc9d9-ddb5-4fa4-a97d-d965ccfc6d4b" outcome="Passed" testListId="8c84fa94-04c1-424b-9868-57a2d4851a1d" relativeResultsDirectory="a6ddd88d-fe03-460c-bdbd-f53761c1ba38" />
    <UnitTestResult executionId="6495c661-8645-4ce0-b591-f3a9bf9ee61c" testId="a291c7e4-4593-40b2-5e3c-ef74eed39e67" testName="AssetHub.Ui.Tests.Components.EditAssetDialogTests.Shows_Tags_Label" computerName="runnervmnay03" duration="00:00:00.0135496" startTime="2026-02-28T18:00:21.6636157+00:00" endTime="2026-02-28T18:00:21.6636159+00:00" testType="13cdc9d9-ddb5-4fa4-a97d-d965ccfc6d4b" outcome="Passed" testListId="8c84fa94-04c1-424b-9868-57a2d4851a1d" relativeResultsDirectory="6495c661-8645-4ce0-b591-f3a9bf9ee61c" />
    <UnitTestResult executionId="6ebfd9ac-7804-4aa8-b95f-7a0872d602ba" testId="2e8701e0-9d3a-6654-70c4-47f532d42cbb" testName="AssetHub.Ui.Tests.Services.UserFeedbackServiceTests.HandleError_Shows_Permission_Message_For_UnauthorizedAccessException" computerName="runnervmnay03" duration="00:00:00.0043749" startTime="2026-02-28T18:00:17.9945996+00:00" endTime="2026-02-28T18:00:17.9945997+00:00" testType="13cdc9d9-ddb5-4fa4-a97d-d965ccfc6d4b" outcome="Passed" testListId="8c84fa94-04c1-424b-9868-57a2d4851a1d" relativeResultsDirectory="6ebfd9ac-7804-4aa8-b95f-7a0872d602ba" />
    <UnitTestResult executionId="c5bea2c4-77aa-4afe-92ad-e8c282ec8477" testId="7f959221-5f80-cb4f-5549-b20b68725b3d" testName="AssetHub.Ui.Tests.Components.AssetGridTests.Hides_LoadMore_When_All_Assets_Loaded" computerName="runnervmnay03" duration="00:00:00.0063657" startTime="2026-02-28T18:00:19.6294220+00:00" endTime="2026-02-28T18:00:19.6294221+00:00" testType="13cdc9d9-ddb5-4fa4-a97d-d965ccfc6d4b" outcome="Passed" testListId="8c84fa94-04c1-424b-9868-57a2d4851a1d" relativeResultsDirectory="c5bea2c4-77aa-4afe-92ad-e8c282ec8477" />
    <UnitTestResult executionId="5d3651bf-3990-4d64-9dbf-a580ab41e89e" testId="ce12e044-8645-b135-31d5-0d994fb31c86" testName="AssetHub.Ui.Tests.Services.AssetDisplayHelpersTests.GetAssetStatusKey_Returns_Correct_Resource_Key(status: &quot;unknown&quot;, expected: &quot;unknown&quot;)" computerName="runnervmnay03" duration="00:00:00.0000029" startTime="2026-02-28T18:00:19.9182728+00:00" endTime="2026-02-28T18:00:19.9182729+00:00" testType="13cdc9d9-ddb5-4fa4-a97d-d965ccfc6d4b" outcome="Passed" testListId="8c84fa94-04c1-424b-9868-57a2d4851a1d" relativeResultsDirectory="5d3651bf-3990-4d64-9dbf-a580ab41e89e" />
    <UnitTestResult executionId="7282cced-d857-45a4-b672-34d29e91e30a" testId="ed9bb013-ed2d-a0cb-7db3-bfdcc943039e" testName="AssetHub.Ui.Tests.Components.CollectionTreeTests.Shows_Asset_Count_Badge" computerName="runnervmnay03" duration="00:00:00.0041489" startTime="2026-02-28T18:00:21.0971483+00:00" endTime="2026-02-28T18:00:21.0971485+00:00" testType="13cdc9d9-ddb5-4fa4-a97d-d965ccfc6d4b" outcome="Passed" testListId="8c84fa94-04c1-424b-9868-57a2d4851a1d" relativeResultsDirectory="7282cced-d857-45a4-b672-34d29e91e30a" />
    <UnitTestResult executionId="b04cc3f3-2710-4537-8a42-f72b743f6820" testId="10ec32a4-73ed-9e0c-8c46-c795ba6fac17" testName="AssetHub.Ui.Tests.Components.ManageAccessDialogTests.RevokeAccess_Calls_Api_And_Shows_Success" computerName="runnervmnay03" duration="00:00:00.0238591" startTime="2026-02-28T18:00:20.8336377+00:00" endTime="2026-02-28T18:00:20.8336378+00:00" testType="13cdc9d9-ddb5-4fa4-a97d-d965ccfc6d4b" outcome="Passed" testListId="8c84fa94-04c1-424b-9868-57a2d4851a1d" relativeResultsDirectory="b04cc3f3-2710-4537-8a42-f72b743f6820" />
    <UnitTestResult executionId="3db4fef2-5c6d-45b9-a161-1ca436d5c358" testId="ff9e6ba4-02a2-64db-bbbc-7e350bea2ff5" testName="AssetHub.Ui.Tests.Services.AssetDisplayHelpersTests.GetRoleColor_Returns_Correct_Color(role: null, expected: Default)" computerName="runnervmnay03" duration="00:00:00.0002126" startTime="2026-02-28T18:00:19.9119246+00:00" endTime="2026-02-28T18:00:19.9119247+00:00" testType="13cdc9d9-ddb5-4fa4-a97d-d965ccfc6d4b" outcome="Passed" testListId="8c84fa94-04c1-424b-9868-57a2d4851a1d" relativeResultsDirectory="3db4fef2-5c6d-45b9-a161-1ca436d5c358" />
    <UnitTestResult executionId="fdb0ea62-4c8c-438c-85f1-15f82c2c45aa" testId="7e949169-7a7f-06fc-c25a-c7c7bbf85833" testName="AssetHub.Ui.Tests.Services.AssetDisplayHelpersTests.GetRoleKey_Returns_Correct_Resource_Key(role: &quot;contributor&quot;, expected: &quot;Role_Contributor&quot;)" computerName="runnervmnay03" duration="00:00:00.0001270" startTime="2026-02-28T18:00:19.9364335+00:00" endTime="2026-02-28T18:00:19.9364336+00:00" testType="13cdc9d9-ddb5-4fa4-a97d-d965ccfc6d4b" outcome="Passed" testListId="8c84fa94-04c1-424b-9868-57a2d4851a1d" relativeResultsDirectory="fdb0ea62-4c8c-438c-85f1-15f82c2c45aa" />
    <UnitTestResult executionId="f701efbc-bd7f-4097-8ae8-63b7a526f108" testId="1e709b17-8d90-ef2b-ab33-8f4c7825203c" testName="AssetHub.Ui.Tests.Components.AssetUploadTests.Shows_Browse_Button" computerName="runnervmnay03" duration="00:00:00.0045861" startTime="2026-02-28T18:00:19.9494221+00:00" endTime="2026-02-28T18:00:19.9494222+00:00" testType="13cdc9d9-ddb5-4fa4-a97d-d965ccfc6d4b" outcome="Passed" testListId="8c84fa94-04c1-424b-9868-57a2d4851a1d" relativeResultsDirectory="f701efbc-bd7f-4097-8ae8-63b7a526f108" />
    <UnitTestResult executionId="b823a3a1-e176-4469-ad50-d757250b4eb5" testId="1b669a82-e05f-7497-39e6-69fd993f1f8e" testName="AssetHub.Ui.Tests.Components.ManageAccessDialogTests.Renders_Dialog_Title" computerName="runnervmnay03" duration="00:00:00.0644436" startTime="2026-02-28T18:00:20.3026334+00:00" endTime="2026-02-28T18:00:20.3026335+00:00" testType="13cdc9d9-ddb5-4fa4-a97d-d965ccfc6d4b" outcome="Passed" testListId="8c84fa94-04c1-424b-9868-57a2d4851a1d" relativeResultsDirectory="b823a3a1-e176-4469-ad50-d757250b4eb5" />
    <UnitTestResult executionId="bd9b21bd-a4d3-4c4b-8087-efdbbbf85560" testId="223fcb19-84cc-51a5-6579-f5ea92579813" testName="AssetHub.Ui.Tests.Services.RolePermissionsTests.CanDelete_Returns_Correct_Result(role: &quot;admin&quot;, expected: True)" computerName="runnervmnay03" duration="00:00:00.0000033" startTime="2026-02-28T18:00:19.8540957+00:00" endTime="2026-02-28T18:00:19.8540958+00:00" testType="13cdc9d9-ddb5-4fa4-a97d-d965ccfc6d4b" outcome="Passed" testListId="8c84fa94-04c1-424b-9868-57a2d4851a1d" relativeResultsDirectory="bd9b21bd-a4d3-4c4b-8087-efdbbbf85560" />
    <UnitTestResult executionId="2d47eb88-5b80-4b91-a68b-2898dceb943d" testId="eb187d75-c692-cd1c-e0ab-1b47a25a99e7" testName="AssetHub.Ui.Tests.Components.ManageAccessDialogTests.Has_Role_Selector" computerName="runnervmnay03" duration="00:00:00.0165469" startTime="2026-02-28T18:00:20.5086488+00:00" endTime="2026-02-28T18:00:20.5086492+00:00" testType="13cdc9d9-ddb5-4fa4-a97d-d965ccfc6d4b" outcome="Passed" testListId="8c84fa94-04c1-424b-9868-57a2d4851a1d" relativeResultsDirectory="2d47eb88-5b80-4b91-a68b-2898dceb943d" />
    <UnitTestResult executionId="b09e3b47-70b7-489c-b635-b410ea323005" testId="cc790c02-8aac-1382-4537-d2d9a21d6981" testName="AssetHub.Ui.Tests.Components.AddToCollectionDialogTests.Shows_Info_Alert_When_No_Additional_Collections" computerName="runnervmnay03" duration="00:00:00.0080392" startTime="2026-02-28T18:00:21.3416267+00:00" endTime="2026-02-28T18:00:21.3416268+00:00" testType="13cdc9d9-ddb5-4fa4-a97d-d965ccfc6d4b" outcome="Passed" testListId="8c84fa94-04c1-424b-9868-57a2d4851a1d" relativeResultsDirectory="b09e3b47-70b7-489c-b635-b410ea323005" />
    <UnitTestResult executionId="cad731af-123a-4f3d-b764-684b1927a73a" testId="eeccd5b2-7c92-c1f2-1849-a419c12b4cfc" testName="AssetHub.Ui.Tests.Components.AssetUploadTests.Shows_DragDrop_Text" computerName="runnervmnay03" duration="00:00:00.0032381" startTime="2026-02-28T18:00:19.9546573+00:00" endTime="2026-02-28T18:00:19.9546574+00:00" testType="13cdc9d9-ddb5-4fa4-a97d-d965ccfc6d4b" outcome="Passed" testListId="8c84fa94-04c1-424b-9868-57a2d4851a1d" relativeResultsDirectory="cad731af-123a-4f3d-b764-684b1927a73a" />
    <UnitTestResult executionId="fe988080-f0a7-46f2-bac7-0528e0781acd" testId="6928b25a-3295-51af-21af-2fa363cb1291" testName="AssetHub.Ui.Tests.Services.AssetDisplayHelpersTests.GetAssetStatusKey_Returns_Correct_Resource_Key(status: &quot;ready&quot;, expected: &quot;AssetStatus_Ready&quot;)" computerName="runnervmnay03" duration="00:00:00.0000028" startTime="2026-02-28T18:00:19.9186957+00:00" endTime="2026-02-28T18:00:19.9186958+00:00" testType="13cdc9d9-ddb5-4fa4-a97d-d965ccfc6d4b" outcome="Passed" testListId="8c84fa94-04c1-424b-9868-57a2d4851a1d" relativeResultsDirectory="fe988080-f0a7-46f2-bac7-0528e0781acd" />
    <UnitTestResult executionId="ae1688d1-b59b-41c3-bc97-39823bc0b04e" testId="17bf9606-cdf0-0c21-e800-0f5cda827814" testName="AssetHub.Ui.Tests.Services.AssetDisplayHelpersTests.GetPlaceholderForType_Returns_Correct_SVG(assetType: &quot;image&quot;, expectedLabel: &quot;Image&quot;)" computerName="runnervmnay03" duration="00:00:00.0002372" startTime="2026-02-28T18:00:19.9243357+00:00" endTime="2026-02-28T18:00:19.9243358+00:00" testType="13cdc9d9-ddb5-4fa4-a97d-d965ccfc6d4b" outcome="Passed" testListId="8c84fa94-04c1-424b-9868-57a2d4851a1d" relativeResultsDirectory="ae1688d1-b59b-41c3-bc97-39823bc0b04e" />
    <UnitTestResult executionId="bcbead27-40e8-4312-b637-cf61bc60a7e2" testId="9be8691b-26a3-08d4-706c-09bcced99c6d" testName="AssetHub.Ui.Tests.Components.CollectionTreeTests.Multiple_Collections_All_Rendered" computerName="runnervmnay03" duration="00:00:00.0197484" startTime="2026-02-28T18:00:21.0820883+00:00" endTime="2026-02-28T18:00:21.0820884+00:00" testType="13cdc9d9-ddb5-4fa4-a97d-d965ccfc6d4b" outcome="Passed" testListId="8c84fa94-04c1-424b-9868-57a2d4851a1d" relativeResultsDirectory="bcbead27-40e8-4312-b637-cf61bc60a7e2" />
    <UnitTestResult executionId="0f56b85b-fc19-4b63-ab0e-eec0f7b7618f" testId="f66be9cf-72c3-a5db-a823-eb7b3868fd1f" testName="AssetHub.Ui.Tests.Services.RolePermissionsTests.CanDelete_Returns_Correct_Result(role: null, expected: False)" computerName="runnervmnay03" duration="00:00:00.0004246" startTime="2026-02-28T18:00:19.8506687+00:00" endTime="2026-02-28T18:00:19.8506688+00:00" testType="13cdc9d9-ddb5-4fa4-a97d-d965ccfc6d4b" outcome="Passed" testListId="8c84fa94-04c1-424b-9868-57a2d4851a1d" relativeResultsDirectory="0f56b85b-fc19-4b63-ab0e-eec0f7b7618f" />
    <UnitTestResult executionId="bc3310dd-6e2d-471d-8a0c-c0b82c7e70e9" testId="c657f9a3-de47-0316-087e-49771caa19c9" testName="AssetHub.Ui.Tests.Components.AssetGridTests.Admin_Can_See_All_Actions" computerName="runnervmnay03" duration="00:00:00.0157401" startTime="2026-02-28T18:00:19.7639644+00:00" endTime="2026-02-28T18:00:19.7639645+00:00" testType="13cdc9d9-ddb5-4fa4-a97d-d965ccfc6d4b" outcome="Passed" testListId="8c84fa94-04c1-424b-9868-57a2d4851a1d" relativeResultsDirectory="bc3310dd-6e2d-471d-8a0c-c0b82c7e70e9" />
    <UnitTestResult executionId="7e3c9df4-e7d4-4ac7-8e78-64611c4e76d8" testId="8b9b9bfc-590d-031b-4d13-92e5552d7cd1" testName="AssetHub.Ui.Tests.Components.ManageAccessDialogTests.Shows_Current_User_Role" computerName="runnervmnay03" duration="00:00:00.0161229" startTime="2026-02-28T18:00:20.8075746+00:00" endTime="2026-02-28T18:00:20.8075747+00:00" testType="13cdc9d9-ddb5-4fa4-a97d-d965ccfc6d4b" outcome="Passed" testListId="8c84fa94-04c1-424b-9868-57a2d4851a1d" relativeResultsDirectory="7e3c9df4-e7d4-4ac7-8e78-64611c4e76d8" />
    <UnitTestResult executionId="dd1ef26d-c670-4d94-9f76-643c0d52c280" testId="99c49719-0d33-5056-e77b-adc924b434a4" testName="AssetHub.Ui.Tests.Services.RolePermissionsTests.Roles_Are_Case_Insensitive(role: &quot;vIeWeR&quot;)" computerName="runnervmnay03" duration="00:00:00.0000094" startTime="2026-02-28T18:00:19.8746233+00:00" endTime="2026-02-28T18:00:19.8746234+00:00" testType="13cdc9d9-ddb5-4fa4-a97d-d965ccfc6d4b" outcome="Passed" testListId="8c84fa94-04c1-424b-9868-57a2d4851a1d" relativeResultsDirectory="dd1ef26d-c670-4d94-9f76-643c0d52c280" />
    <UnitTestResult executionId="28a75127-710c-4634-a18e-59175b5b67d1" testId="fa840ab5-75e8-d143-ce20-cc9ee527915f" testName="AssetHub.Ui.Tests.Services.AssetDisplayHelpersTests.GetAssetTypeColor_Returns_Correct_Color(assetType: &quot;image&quot;, expected: Success)" computerName="runnervmnay03" duration="00:00:00.0000770" startTime="2026-02-28T18:00:19.9271988+00:00" endTime="2026-02-28T18:00:19.9271989+00:00" testType="13cdc9d9-ddb5-4fa4-a97d-d965ccfc6d4b" outcome="Passed" testListId="8c84fa94-04c1-424b-9868-57a2d4851a1d" relativeResultsDirectory="28a75127-710c-4634-a18e-59175b5b67d1" />
    <UnitTestResult executionId="36a4462c-dd37-4f7c-9535-c06e51ad3a89" testId="8bc95092-acba-bfd1-0b5b-d61bce61ef0f" testName="AssetHub.Ui.Tests.Services.AssetDisplayHelpersTests.GetShareStatusColor_Returns_Correct_Color(status: &quot;Revoked&quot;, expected: Error)" computerName="runnervmnay03" duration="00:00:00.0000044" startTime="2026-02-28T18:00:19.9234000+00:00" endTime="2026-02-28T18:00:19.9234001+00:00" testType="13cdc9d9-ddb5-4fa4-a97d-d965ccfc6d4b" outcome="Passed" testListId="8c84fa94-04c1-424b-9868-57a2d4851a1d" relativeResultsDirectory="36a4462c-dd37-4f7c-9535-c06e51ad3a89" />
    <UnitTestResult executionId="f290f488-1d0f-4f9f-b53f-cee0f217f615" testId="d6073fab-2f10-f29f-9100-1e44e1638acc" testName="AssetHub.Ui.Tests.Components.CreateShareDialogTests.Shows_Content_Name_In_Description" computerName="runnervmnay03" duration="00:00:00.0060767" startTime="2026-02-28T18:00:19.3416235+00:00" endTime="2026-02-28T18:00:19.3416237+00:00" testType="13cdc9d9-ddb5-4fa4-a97d-d965ccfc6d4b" outcome="Passed" testListId="8c84fa94-04c1-424b-9868-57a2d4851a1d" relativeResultsDirectory="f290f488-1d0f-4f9f-b53f-cee0f217f615" />
    <UnitTestResult executionId="fbd7753e-dec1-48d1-aadf-2cb9f32d7c6a" testId="4978954e-992e-7695-160b-4a317108a761" testName="AssetHub.Ui.Tests.Components.EditAssetDialogTests.Handles_Null_Description_In_Asset" computerName="runnervmnay03" duration="00:00:00.0063508" startTime="2026-02-28T18:00:21.6496229+00:00" endTime="2026-02-28T18:00:21.6496230+00:00" testType="13cdc9d9-ddb5-4fa4-a97d-d965ccfc6d4b" outcome="Passed" testListId="8c84fa94-04c1-424b-9868-57a2d4851a1d" relativeResultsDirectory="fbd7753e-dec1-48d1-aadf-2cb9f32d7c6a" />
    <UnitTestResult executionId="16fb5747-5122-45ba-bdf4-8e4fd6fb57f6" testId="cc9ca687-a06e-a0f3-5cf5-65fd9ce4e82b" testName="AssetHub.Ui.Tests.Components.CreateShareDialogTests.Renders_Share_Icon" computerName="runnervmnay03" duration="00:00:00.0122389" startTime="2026-02-28T18:00:19.5236138+00:00" endTime="2026-02-28T18:00:19.5236138+00:00" testType="13cdc9d9-ddb5-4fa4-a97d-d965ccfc6d4b" outcome="Passed" testListId="8c84fa94-04c1-424b-9868-57a2d4851a1d" relativeResultsDirectory="16fb5747-5122-45ba-bdf4-8e4fd6fb57f6" />
    <UnitTestResult executionId="0b9666cc-6907-48ae-8101-cb8ab9adae58" testId="9a428615-2396-cd1c-c789-a744caa4251a" testName="AssetHub.Ui.Tests.Services.AssetDisplayHelpersTests.IsPdfContentType_Returns_Correct_Result(contentType: &quot;image/jpeg&quot;, expected: False)" computerName="runnervmnay03" duration="00:00:00.0012099" startTime="2026-02-28T18:00:19.9398596+00:00" endTime="2026-02-28T18:00:19.9398597+00:00" testType="13cdc9d9-ddb5-4fa4-a97d-d965ccfc6d4b" outcome="Passed" testListId="8c84fa94-04c1-424b-9868-57a2d4851a1d" relativeResultsDirectory="0b9666cc-6907-48ae-8101-cb8ab9adae58" />
    <UnitTestResult executionId="0b6d0b14-ba1e-40e3-84e4-a671af240f6d" testId="036e7c63-9534-9436-3861-ca8501aa2b7d" testName="AssetHub.Ui.Tests.Components.EditAssetDialogTests.Handles_Null_Tags_In_Asset" computerName="runnervmnay03" duration="00:00:00.0072210" startTime="2026-02-28T18:00:21.6216525+00:00" endTime="2026-02-28T18:00:21.6216526+00:00" testType="13cdc9d9-ddb5-4fa4-a97d-d965ccfc6d4b" outcome="Passed" testListId="8c84fa94-04c1-424b-9868-57a2d4851a1d" relativeResultsDirectory="0b6d0b14-ba1e-40e3-84e4-a671af240f6d" />
    <UnitTestResult executionId="2ddd7691-2120-4882-99de-f177961910d6" testId="610737e8-4f58-5e3d-5e78-f75c381885be" testName="AssetHub.Ui.Tests.Components.AssetGridTests.Contributor_Can_See_Share_Button" computerName="runnervmnay03" duration="00:00:00.0081086" startTime="2026-02-28T18:00:19.8136086+00:00" endTime="2026-02-28T18:00:19.8136087+00:00" testType="13cdc9d9-ddb5-4fa4-a97d-d965ccfc6d4b" outcome="Passed" testListId="8c84fa94-04c1-424b-9868-57a2d4851a1d" relativeResultsDirectory="2ddd7691-2120-4882-99de-f177961910d6" />
    <UnitTestResult executionId="bf3abfb1-eeb4-4b4f-8c2a-4b1b823b0a44" testId="5ff6f225-dd89-cecf-85e7-18f40f63b363" testName="AssetHub.Ui.Tests.Services.AssetDisplayHelpersTests.GetRoleKey_Returns_Correct_Resource_Key(role: &quot;admin&quot;, expected: &quot;Role_Admin&quot;)" computerName="runnervmnay03" duration="00:00:00.0000022" startTime="2026-02-28T18:00:19.9382151+00:00" endTime="2026-02-28T18:00:19.9382152+00:00" testType="13cdc9d9-ddb5-4fa4-a97d-d965ccfc6d4b" outcome="Passed" testListId="8c84fa94-04c1-424b-9868-57a2d4851a1d" relativeResultsDirectory="bf3abfb1-eeb4-4b4f-8c2a-4b1b823b0a44" />
    <UnitTestResult executionId="c8cfed35-7fea-43ff-a729-4a9c66eaa765" testId="1471575b-8157-c1ff-bdd4-463b4a558a91" testName="AssetHub.Ui.Tests.Services.RolePermissionsTests.CanUpload_Returns_Correct_Result(role: &quot;admin&quot;, expected: True)" computerName="runnervmnay03" duration="00:00:00.0000686" startTime="2026-02-28T18:00:19.8779407+00:00" endTime="2026-02-28T18:00:19.8779408+00:00" testType="13cdc9d9-ddb5-4fa4-a97d-d965ccfc6d4b" outcome="Passed" testListId="8c84fa94-04c1-424b-9868-57a2d4851a1d" relativeResultsDirectory="c8cfed35-7fea-43ff-a729-4a9c66eaa765" />
    <UnitTestResult executionId="6452b590-71c3-4e1d-8e56-432327c7842e" testId="a825db87-c34f-e6f9-5a75-2eb65c539a55" testName="AssetHub.Ui.Tests.Services.RolePermissionsTests.CanShare_Returns_Correct_Result(role: &quot;admin&quot;, expected: True)" computerName="runnervmnay03" duration="00:00:00.0001203" startTime="2026-02-28T18:00:19.8751238+00:00" endTime="2026-02-28T18:00:19.8751238+00:00" testType="13cdc9d9-ddb5-4fa4-a97d-d965ccfc6d4b" outcome="Passed" testListId="8c84fa94-04c1-424b-9868-57a2d4851a1d" relativeResultsDirectory="6452b590-71c3-4e1d-8e56-432327c7842e" />
    <UnitTestResult executionId="1ca0bb57-dac1-44e4-a9f6-0af7bceaa37c" testId="1955265a-03a3-9bff-50be-6860b97bdc20" testName="AssetHub.Ui.Tests.Services.UserFeedbackServiceTests.ShowWarning_Calls_Snackbar_With_Warning_Severity" computerName="runnervmnay03" duration="00:00:00.0046353" startTime="2026-02-28T18:00:17.9763020+00:00" endTime="2026-02-28T18:00:17.9763021+00:00" testType="13cdc9d9-ddb5-4fa4-a97d-d965ccfc6d4b" outcome="Passed" testListId="8c84fa94-04c1-424b-9868-57a2d4851a1d" relativeResultsDirectory="1ca0bb57-dac1-44e4-a9f6-0af7bceaa37c" />
    <UnitTestResult executionId="9f2c6369-56d2-4607-8238-401e2e42ffde" testId="d109b8e3-74df-fb9a-0917-c3beecc4cd03" testName="AssetHub.Ui.Tests.Services.AssetDisplayHelpersTests.GetThumbnailUrl_Returns_ApiUrl_When_ThumbKey_Exists" computerName="runnervmnay03" duration="00:00:00.0001216" startTime="2026-02-28T18:00:19.9317510+00:00" endTime="2026-02-28T18:00:19.9317511+00:00" testType="13cdc9d9-ddb5-4fa4-a97d-d965ccfc6d4b" outcome="Passed" testListId="8c84fa94-04c1-424b-9868-57a2d4851a1d" relativeResultsDirectory="9f2c6369-56d2-4607-8238-401e2e42ffde" />
    <UnitTestResult executionId="faa931d4-0dc4-40db-ad29-9f121325b059" testId="3b3d4367-b1fa-d6bd-f770-1185915a6a99" testName="AssetHub.Ui.Tests.Services.RolePermissionsTests.Admin_CaseInsensitive_Has_All_Permissions(role: &quot;ADMIN&quot;)" computerName="runnervmnay03" duration="00:00:00.0001110" startTime="2026-02-28T18:00:19.8856071+00:00" endTime="2026-02-28T18:00:19.8856072+00:00" testType="13cdc9d9-ddb5-4fa4-a97d-d965ccfc6d4b" outcome="Passed" testListId="8c84fa94-04c1-424b-9868-57a2d4851a1d" relativeResultsDirectory="faa931d4-0dc4-40db-ad29-9f121325b059" />
    <UnitTestResult executionId="fab82555-bb8d-48ee-b4a5-c29fe9a1789e" testId="37cb5bdb-5490-dc0e-d801-829289d1433a" testName="AssetHub.Ui.Tests.Services.AssetDisplayHelpersTests.GetContentTypeIcon_VideoTypes_Return_VideoIcon(contentType: &quot;video/mp4&quot;)" computerName="runnervmnay03" duration="00:00:00.0001197" startTime="2026-02-28T18:00:19.9435036+00:00" endTime="2026-02-28T18:00:19.9435037+00:00" testType="13cdc9d9-ddb5-4fa4-a97d-d965ccfc6d4b" outcome="Passed" testListId="8c84fa94-04c1-424b-9868-57a2d4851a1d" relativeResultsDirectory="fab82555-bb8d-48ee-b4a5-c29fe9a1789e" />
    <UnitTestResult executionId="ad6f16fe-d2f2-4cce-871c-3c4c1044fc89" testId="6828dc09-878c-ed8b-552b-d829e3f045b5" testName="AssetHub.Ui.Tests.Components.EditAssetDialogTests.Shows_Title_Required_Label" computerName="runnervmnay03" duration="00:00:00.0089245" startTime="2026-02-28T18:00:21.6126059+00:00" endTime="2026-02-28T18:00:21.6126060+00:00" testType="13cdc9d9-ddb5-4fa4-a97d-d965ccfc6d4b" outcome="Passed" testListId="8c84fa94-04c1-424b-9868-57a2d4851a1d" relativeResultsDirectory="ad6f16fe-d2f2-4cce-871c-3c4c1044fc89" />
    <UnitTestResult executionId="3d1556dc-0705-4d6e-a4c0-5c9d59abff74" testId="903c2bc2-ceb3-f565-b750-04f0e4b13a1e" testName="AssetHub.Ui.Tests.Services.RolePermissionsTests.CanManageAccess_Returns_Correct_Result(role: &quot;contributor&quot;, expected: False)" computerName="runnervmnay03" duration="00:00:00.0000065" startTime="2026-02-28T18:00:19.8575369+00:00" endTime="2026-02-28T18:00:19.8575370+00:00" testType="13cdc9d9-ddb5-4fa4-a97d-d965ccfc6d4b" outcome="Passed" testListId="8c84fa94-04c1-424b-9868-57a2d4851a1d" relativeResultsDirectory="3d1556dc-0705-4d6e-a4c0-5c9d59abff74" />
    <UnitTestResult executionId="d5d89f93-69fc-454b-b1bb-a2a81baeb20f" testId="70a23aed-a742-fe9a-ce6e-3b24d9876feb" testName="AssetHub.Ui.Tests.Services.AssetDisplayHelpersTests.GetContentTypeIcon_ImageTypes_Return_ImageIcon(contentType: &quot;image/webp&quot;)" computerName="runnervmnay03" duration="00:00:00.0008269" startTime="2026-02-28T18:00:19.8983104+00:00" endTime="2026-02-28T18:00:19.8983105+00:00" testType="13cdc9d9-ddb5-4fa4-a97d-d965ccfc6d4b" outcome="Passed" testListId="8c84fa94-04c1-424b-9868-57a2d4851a1d" relativeResultsDirectory="d5d89f93-69fc-454b-b1bb-a2a81baeb20f" />
[...]
    <TestEntry testId="cc9ca687-a06e-a0f3-5cf5-65fd9ce4e82b" executionId="16fb5747-5122-45ba-bdf4-8e4fd6fb57f6" testListId="8c84fa94-04c1-424b-9868-57a2d4851a1d" />
    <TestEntry testId="9a428615-2396-cd1c-c789-a744caa4251a" executionId="0b9666cc-6907-48ae-8101-cb8ab9adae58" testListId="8c84fa94-04c1-424b-9868-57a2d4851a1d" />
    <TestEntry testId="036e7c63-9534-9436-3861-ca8501aa2b7d" executionId="0b6d0b14-ba1e-40e3-84e4-a671af240f6d" testListId="8c84fa94-04c1-424b-9868-57a2d4851a1d" />
    <TestEntry testId="610737e8-4f58-5e3d-5e78-f75c381885be" executionId="2ddd7691-2120-4882-99de-f177961910d6" testListId="8c84fa94-04c1-424b-9868-57a2d4851a1d" />
    <TestEntry testId="5ff6f225-dd89-cecf-85e7-18f40f63b363" executionId="bf3abfb1-eeb4-4b4f-8c2a-4b1b823b0a44" testListId="8c84fa94-04c1-424b-9868-57a2d4851a1d" />
    <TestEntry testId="1471575b-8157-c1ff-bdd4-463b4a558a91" executionId="c8cfed35-7fea-43ff-a729-4a9c66eaa765" testListId="8c84fa94-04c1-424b-9868-57a2d4851a1d" />
    <TestEntry testId="a825db87-c34f-e6f9-5a75-2eb65c539a55" executionId="6452b590-71c3-4e1d-8e56-432327c7842e" testListId="8c84fa94-04c1-424b-9868-57a2d4851a1d" />
    <TestEntry testId="1955265a-03a3-9bff-50be-6860b97bdc20" executionId="1ca0bb57-dac1-44e4-a9f6-0af7bceaa37c" testListId="8c84fa94-04c1-424b-9868-57a2d4851a1d" />
    <TestEntry testId="d109b8e3-74df-fb9a-0917-c3beecc4cd03" executionId="9f2c6369-56d2-4607-8238-401e2e42ffde" testListId="8c84fa94-04c1-424b-9868-57a2d4851a1d" />
    <TestEntry testId="3b3d4367-b1fa-d6bd-f770-1185915a6a99" executionId="faa931d4-0dc4-40db-ad29-9f121325b059" testListId="8c84fa94-04c1-424b-9868-57a2d4851a1d" />
    <TestEntry testId="37cb5bdb-5490-dc0e-d801-829289d1433a" executionId="fab82555-bb8d-48ee-b4a5-c29fe9a1789e" testListId="8c84fa94-04c1-424b-9868-57a2d4851a1d" />
    <TestEntry testId="6828dc09-878c-ed8b-552b-d829e3f045b5" executionId="ad6f16fe-d2f2-4cce-871c-3c4c1044fc89" testListId="8c84fa94-04c1-424b-9868-57a2d4851a1d" />
    <TestEntry testId="903c2bc2-ceb3-f565-b750-04f0e4b13a1e" executionId="3d1556dc-0705-4d6e-a4c0-5c9d59abff74" testListId="8c84fa94-04c1-424b-9868-57a2d4851a1d" />
    <TestEntry testId="70a23aed-a742-fe9a-ce6e-3b24d9876feb" executionId="d5d89f93-69fc-454b-b1bb-a2a81baeb20f" testListId="8c84fa94-04c1-424b-9868-57a2d4851a1d" />
    <TestEntry testId="009c0052-dd0f-5236-6bf2-d8e4c97a7e42" executionId="a7e8c5a3-949f-47ae-a51d-c3d1db61fdca" testListId="8c84fa94-04c1-424b-9868-57a2d4851a1d" />
    <TestEntry testId="6e18a575-5ad7-5aef-a8a6-f4a9c8b3fcbe" executionId="840b115a-dcb5-4aba-91da-dd5ea98f9802" testListId="8c84fa94-04c1-424b-9868-57a2d4851a1d" />
    <TestEntry testId="7367a26d-07db-66af-8115-70c54c0f2350" executionId="4a955647-b9a2-42e2-a56f-f1ab767b282f" testListId="8c84fa94-04c1-424b-9868-57a2d4851a1d" />
    <TestEntry testId="edfa346c-7c8b-0709-7954-8b61f689cd7d" executionId="a7ce9471-d00c-4f91-9eea-7817045ac7aa" testListId="8c84fa94-04c1-424b-9868-57a2d4851a1d" />
    <TestEntry testId="4b78d056-6ea4-36a1-168a-d85066f0ef1f" executionId="84a616e3-dbd3-4139-8ce9-ccd3e573d2eb" testListId="8c84fa94-04c1-424b-9868-57a2d4851a1d" />
    <TestEntry testId="a723049c-6268-ffb9-fb2c-134d3cb0121a" executionId="05286c69-ac20-4fcf-9f84-09aae1ee3531" testListId="8c84fa94-04c1-424b-9868-57a2d4851a1d" />
    <TestEntry testId="d3677da8-0e49-e8bf-0033-d12c94bc0f67" executionId="386a83a9-cb4e-4451-9ae7-06f7439ac457" testListId="8c84fa94-04c1-424b-9868-57a2d4851a1d" />
    <TestEntry testId="8edcedc2-baec-7d39-9ebb-ffcf714d175b" executionId="07f7b8a9-c596-43db-b6d8-842d0e425b28" testListId="8c84fa94-04c1-424b-9868-57a2d4851a1d" />
    <TestEntry testId="1b3b43d6-eb76-25cd-4523-a44f262751bd" executionId="a20faf0a-cebe-47f7-a9c4-24ed84448da1" testListId="8c84fa94-04c1-424b-9868-57a2d4851a1d" />
    <TestEntry testId="bb7cb8d7-76a8-5e03-e6a9-d80818cfc600" executionId="844a3fb8-d170-46e2-b626-25f49bc32c73" testListId="8c84fa94-04c1-424b-9868-57a2d4851a1d" />
    <TestEntry testId="025722a2-d64d-4813-d49d-2f9adea3e432" executionId="69f693e4-7124-489a-933f-f23d18279100" testListId="8c84fa94-04c1-424b-9868-57a2d4851a1d" />
    <TestEntry testId="3a5e99a4-be0e-8aff-1f39-7f605e998307" executionId="7baa8da0-8b7e-4934-9bf7-66983cfc81b5" testListId="8c84fa94-04c1-424b-9868-57a2d4851a1d" />
    <TestEntry testId="6520a1cc-d019-0698-02cd-38f354b87598" executionId="e7001953-e94b-4c9d-b8e4-74332928bf87" testListId="8c84fa94-04c1-424b-9868-57a2d4851a1d" />
    <TestEntry testId="bc871c63-d796-f60c-b17b-aa6092d645ba" executionId="45734536-c1b7-490a-af1f-0203b45304b9" testListId="8c84fa94-04c1-424b-9868-57a2d4851a1d" />
    <TestEntry testId="40993ffc-1965-bec1-69bc-9470123e5ca4" executionId="736fc4a3-fde0-4fad-931a-944ac8f4236b" testListId="8c84fa94-04c1-424b-9868-57a2d4851a1d" />
    <TestEntry testId="303263c4-c94d-0b13-7453-a8bc77694694" executionId="febf89ad-68b8-416b-92f9-ef2f57a73b2f" testListId="8c84fa94-04c1-424b-9868-57a2d4851a1d" />
    <TestEntry testId="22fa1617-a87c-041e-704d-1d73fb7a3bf5" executionId="69c917b4-cddd-4e8d-8463-28b02d3087f2" testListId="8c84fa94-04c1-424b-9868-57a2d4851a1d" />
    <TestEntry testId="947a7fce-1df6-1410-cf40-c09cdb3ff68e" executionId="39bc0dfe-1045-4e87-bd9a-4ca16fb22c7a" testListId="8c84fa94-04c1-424b-9868-57a2d4851a1d" />
    <TestEntry testId="952e1388-457c-5bdc-3c53-11d645de41fd" executionId="395ce1a5-2f39-41dc-935f-e447b3b920b7" testListId="8c84fa94-04c1-424b-9868-57a2d4851a1d" />
    <TestEntry testId="72bbe840-961b-4cdc-04f9-45184c8e8b52" executionId="3a7f2dd8-bcbd-4b73-8367-b8f646989250" testListId="8c84fa94-04c1-424b-9868-57a2d4851a1d" />
    <TestEntry testId="c1735ad2-9c4e-d78e-2c28-4a9dc2ad8823" executionId="152b2d0f-dbee-4dc1-a758-e9bf440812fb" testListId="8c84fa94-04c1-424b-9868-57a2d4851a1d" />
    <TestEntry testId="6716b4bd-a635-fb71-a240-e965fb137b0c" executionId="58aa11a5-7388-4cbd-b270-7e2c5e1fc2a9" testListId="8c84fa94-04c1-424b-9868-57a2d4851a1d" />
    <TestEntry testId="bea97f0b-87c8-8814-59d9-9bfb67dd6ec4" executionId="1e8af7f7-698e-4f39-8ed5-2aae4ddd1bdc" testListId="8c84fa94-04c1-424b-9868-57a2d4851a1d" />
    <TestEntry testId="81e8d75f-fbca-8f3e-370d-31ec6261cd67" executionId="a4e42c75-bbcd-454a-9f1b-bb812a74c4ec" testListId="8c84fa94-04c1-424b-9868-57a2d4851a1d" />
    <TestEntry testId="d40b0a3d-1df2-69d1-6e24-a6b3ae3245e8" executionId="22f83419-2188-42b5-a5d1-58a640b081cf" testListId="8c84fa94-04c1-424b-9868-57a2d4851a1d" />
    <TestEntry testId="37cae003-9972-fa01-e41b-97ff38d1cf83" executionId="e6d29797-00b4-4552-8327-b50e52d0cd51" testListId="8c84fa94-04c1-424b-9868-57a2d4851a1d" />
    <TestEntry testId="8be5d35a-e07a-0df8-7144-1286eeddfade" executionId="ba455fdb-afd2-4653-ac2f-d4bedfb8434e" testListId="8c84fa94-04c1-424b-9868-57a2d4851a1d" />
    <TestEntry testId="250fbf4b-11ad-7fb4-f8c4-8c5dc757f74d" executionId="26c35563-098e-4250-94dd-4155a922a0ca" testListId="8c84fa94-04c1-424b-9868-57a2d4851a1d" />
    <TestEntry testId="4b9a721a-c553-4ebc-ee87-cbc166233d20" executionId="27f1ebff-c41b-4970-8c1d-6d418093801a" testListId="8c84fa94-04c1-424b-9868-57a2d4851a1d" />
    <TestEntry testId="debfc022-8161-a4c4-d210-dc728b4bd005" executionId="b1fe6aff-f3ec-4f88-86c9-0cfa158df557" testListId="8c84fa94-04c1-424b-9868-57a2d4851a1d" />
    <TestEntry testId="50b6fcc6-5724-b2a8-e245-2679ad6ab9a3" executionId="6b6f1f09-8bc6-48d8-8bf2-2927dbdd4200" testListId="8c84fa94-04c1-424b-9868-57a2d4851a1d" />
    <TestEntry testId="062a8585-d935-5f39-dee6-6939bee7738b" executionId="42d44e24-2c19-4dd1-a82f-467caa5f118f" testListId="8c84fa94-04c1-424b-9868-57a2d4851a1d" />
    <TestEntry testId="c861de92-b98f-b8bb-06b9-1b6e7a44c0c7" executionId="ff243186-7577-4961-93b6-03219c4076b9" testListId="8c84fa94-04c1-424b-9868-57a2d4851a1d" />
    <TestEntry testId="7e586a16-4801-3b88-baf4-0861700c1157" executionId="64213d53-597c-4b4d-90ba-2991804345d1" testListId="8c84fa94-04c1-424b-9868-57a2d4851a1d" />
    <TestEntry testId="8976ceb8-d714-55b0-9bd5-827023922a52" executionId="5c15708d-3c77-4971-ae52-10ea520e544d" testListId="8c84fa94-04c1-424b-9868-57a2d4851a1d" />
    <TestEntry testId="02c8d56c-1518-777d-4d5d-151ff709d59a" executionId="f4288abf-4804-4343-8d63-c221e6fae123" testListId="8c84fa94-04c1-424b-9868-57a2d4851a1d" />
    <TestEntry testId="da2ade5e-637e-c93e-744d-363ebba34600" executionId="9468a6f0-c274-45cb-a2ae-4ed20e094f39" testListId="8c84fa94-04c1-424b-9868-57a2d4851a1d" />
    <TestEntry testId="f51b7d39-6565-d898-9403-c91e639e5baf" executionId="46c102f8-9852-45e4-8733-acea00a5e83d" testListId="8c84fa94-04c1-424b-9868-57a2d4851a1d" />
    <TestEntry testId="315bb319-c5e7-e838-7a77-dad5d4c5a2e7" executionId="a1c78992-b5a4-4bd1-bf37-d856ff3f28d9" testListId="8c84fa94-04c1-424b-9868-57a2d4851a1d" />
    <TestEntry testId="72a9bd8a-6be8-f5d6-040c-742fb7ab8832" executionId="bd0b2e58-980c-490e-a399-4ca9a0abe45f" testListId="8c84fa94-04c1-424b-9868-57a2d4851a1d" />
    <TestEntry testId="92f30b32-7201-f920-cd82-4047b1069731" executionId="77fd3ae1-59f9-4d7a-9448-652108ac0346" testListId="8c84fa94-04c1-424b-9868-57a2d4851a1d" />
    <TestEntry testId="4c8ac494-3d5a-1a2a-5298-fc5125aa3f99" executionId="c2123558-7d50-4252-8087-eca46734de41" testListId="8c84fa94-04c1-424b-9868-57a2d4851a1d" />
    <TestEntry testId="bb05dc88-cf16-c2ec-4e26-f517c037691c" executionId="6446a77f-c722-4e6e-80a4-5659fc36de84" testListId="8c84fa94-04c1-424b-9868-57a2d4851a1d" />
    <TestEntry testId="a6c3ffa7-f642-6938-426e-67f64c29deb5" executionId="0b6727ac-047a-4200-98ab-6714ab8fbd57" testListId="8c84fa94-04c1-424b-9868-57a2d4851a1d" />
    <TestEntry testId="762346e8-4a33-b2d6-70ac-02b447b0b46d" executionId="5a9bf493-9e52-4487-8418-52bdbe76e28f" testListId="8c84fa94-04c1-424b-9868-57a2d4851a1d" />
    <TestEntry testId="afddf939-9b73-7d0f-0081-ef4fc282a503" executionId="6100c5a6-286d-4ed7-a802-8a1d49313c9c" testListId="8c84fa94-04c1-424b-9868-57a2d4851a1d" />
    <TestEntry testId="9514a8c5-0db8-cbb6-58fd-9674e2bf0bf0" executionId="8867463f-499a-4c76-8b9d-b7a5745e9a0b" testListId="8c84fa94-04c1-424b-9868-57a2d4851a1d" />
    <TestEntry testId="e069f840-4ac9-0085-3aa0-b2fae0d6600d" executionId="e8400de2-f45c-48c0-8ddd-1b0cf75675e8" testListId="8c84fa94-04c1-424b-9868-57a2d4851a1d" />
    <TestEntry testId="94ff7a6b-17ad-6669-f98d-b3195dcdbefd" executionId="3fc32a3a-0f65-4e15-b2b7-26f2217bd09b" testListId="8c84fa94-04c1-424b-9868-57a2d4851a1d" />
    <TestEntry testId="b2e94306-6e21-985b-59bc-e1ebeaf002e2" executionId="b056a7cd-82e2-495f-af0d-8e988a27b870" testListId="8c84fa94-04c1-424b-9868-57a2d4851a1d" />
    <TestEntry testId="735ccc2f-5d4c-a44c-db7c-8ba20dc75595" executionId="25959c2f-085a-4372-b355-69c0758e248d" testListId="8c84fa94-04c1-424b-9868-57a2d4851a1d" />
    <TestEntry testId="f739f401-e537-e2c6-ffea-3c7ede5a5cea" executionId="630fd786-1cc5-4a6c-8932-b179d705402d" testListId="8c84fa94-04c1-424b-9868-57a2d4851a1d" />
    <TestEntry testId="9bdae0b4-ecac-37b8-61d0-7660c02a6923" executionId="d0261dce-eb4b-40de-a7ca-986d1e365f48" testListId="8c84fa94-04c1-424b-9868-57a2d4851a1d" />
    <TestEntry testId="c0d8aa84-e258-e511-f774-053538a13028" executionId="ef281f6d-e374-4475-91f8-153681c2b0ee" testListId="8c84fa94-04c1-424b-9868-57a2d4851a1d" />
    <TestEntry testId="0cb10f46-ae8f-1027-9eac-c60a16971024" executionId="e705a53d-a7a3-48f2-a515-6ae1ed5cf75d" testListId="8c84fa94-04c1-424b-9868-57a2d4851a1d" />
    <TestEntry testId="33709387-92c4-4a69-892d-3f16d0e8b8cf" executionId="1726df32-b31c-4137-b66e-8af4cf7a73bf" testListId="8c84fa94-04c1-424b-9868-57a2d4851a1d" />
    <TestEntry testId="a758cc1a-460b-4c94-3b27-e9a297a515db" executionId="5bce6738-2662-4938-95fc-8c61b9ad65ba" testListId="8c84fa94-04c1-424b-9868-57a2d4851a1d" />
    <TestEntry testId="f6c9e6ad-b17d-5f62-c498-e5832ab3331b" executionId="fd512347-376d-4471-9312-8f3db76c4bf2" testListId="8c84fa94-04c1-424b-9868-57a2d4851a1d" />
    <TestEntry testId="8ac146db-55cb-1321-c6ef-0515f55d88e1" executionId="eb99a405-fc89-4120-8b41-20c462020cd3" testListId="8c84fa94-04c1-424b-9868-57a2d4851a1d" />
    <TestEntry testId="83d73d7d-eee9-4f18-0179-91f8c9006a17" executionId="72e200b2-1a47-4ea6-b6aa-990eb09ada82" testListId="8c84fa94-04c1-424b-9868-57a2d4851a1d" />
    <TestEntry testId="54f186c3-8dd9-06c8-e2a0-9c7065f0a649" executionId="7dd7d125-ed93-4d61-bf04-3f802b77b811" testListId="8c84fa94-04c1-424b-9868-57a2d4851a1d" />
    <TestEntry testId="0917c293-f3a9-7319-6f0d-dff90fa2bb58" executionId="a2fb9c2a-720c-48ff-8207-c9269dcd15ab" testListId="8c84fa94-04c1-424b-9868-57a2d4851a1d" />
    <TestEntry testId="9c1df7df-feed-7aa9-185f-33999c1e8da5" executionId="8df4a4dc-2ffa-4f72-9ea3-5e8bc24c311a" testListId="8c84fa94-04c1-424b-9868-57a2d4851a1d" />
    <TestEntry testId="76488c5e-843a-b0b4-cd10-8c9b6fc5fd71" executionId="f562bbc5-e37d-486c-9a26-d31867c32d38" testListId="8c84fa94-04c1-424b-9868-57a2d4851a1d" />
    <TestEntry testId="565196a0-b046-1723-bcaf-53002b7f9dcf" executionId="41ed451c-aaca-42ed-bfad-c88c7824337f" testListId="8c84fa94-04c1-424b-9868-57a2d4851a1d" />
    <TestEntry testId="e5d2f48b-7280-9bf5-e51b-2b53c0cafd49" executionId="c499096d-6463-49d9-a848-185e73f4b18c" testListId="8c84fa94-04c1-424b-9868-57a2d4851a1d" />
    <TestEntry testId="547a1967-f9c0-b0f1-9da2-001668c208e2" executionId="2e3ed029-8d9f-4fea-9e05-c60f81cf4c06" testListId="8c84fa94-04c1-424b-9868-57a2d4851a1d" />
    <TestEntry testId="0ad35614-234b-d808-6332-57362a87a387" executionId="857a703b-aa20-4da9-9ecb-e6fc007cbb49" testListId="8c84fa94-04c1-424b-9868-57a2d4851a1d" />
    <TestEntry testId="884f0984-e383-5a58-6da0-cae12fbd725e" executionId="7e3eb77c-bf76-497e-96e6-80a6f65104f2" testListId="8c84fa94-04c1-424b-9868-57a2d4851a1d" />
    <TestEntry testId="ddf6cc26-b55c-062a-66c2-7e53847ff481" executionId="ba2dee8d-9c7f-45b9-9e8e-ad0f10b41907" testListId="8c84fa94-04c1-424b-9868-57a2d4851a1d" />
    <TestEntry testId="356cce80-1b22-1c55-6a8a-0ce15750b4e8" executionId="826c49b2-3e7b-4585-a76a-21da50517580" testListId="8c84fa94-04c1-424b-9868-57a2d4851a1d" />
    <TestEntry testId="68132aff-a972-d047-800f-46a431eaf935" executionId="28c90181-e281-49bc-96cd-10c8741c9dbe" testListId="8c84fa94-04c1-424b-9868-57a2d4851a1d" />
    <TestEntry testId="2a6c6533-949b-6b25-9d89-a9adb97f699e" executionId="8c5c8d96-dd64-4741-85f5-bbcae7f94d70" testListId="8c84fa94-04c1-424b-9868-57a2d4851a1d" />
    <TestEntry testId="daf6e48f-2fbf-dab3-56f3-d88b49f4b3e6" executionId="ac61656b-a8d0-47f6-af5d-97b278842bf3" testListId="8c84fa94-04c1-424b-9868-57a2d4851a1d" />
    <TestEntry testId="e3851087-529f-6820-ef9e-aa4fcf6569e4" executionId="ccea9fa3-29c0-444f-8141-3561434484fd" testListId="8c84fa94-04c1-424b-9868-57a2d4851a1d" />
    <TestEntry testId="e988afc5-0ee5-a10e-cbd5-ca5d98108840" executionId="5ed33f20-9007-41f1-88c4-3b9db8836841" testListId="8c84fa94-04c1-424b-9868-57a2d4851a1d" />
    <TestEntry testId="6e317767-0e1b-807a-1a31-4e8d6b8f76e4" executionId="cfa16063-9218-4d30-a17f-e51d16e3b1e5" testListId="8c84fa94-04c1-424b-9868-57a2d4851a1d" />
    <TestEntry testId="b743885e-ac50-6d88-d59e-71b7778dfca5" executionId="dee7704e-50ff-4f0c-8d8e-71018ff1fd41" testListId="8c84fa94-04c1-424b-9868-57a2d4851a1d" />
    <TestEntry testId="cc7f84ec-8bcb-7143-1593-b43c8a8069d9" executionId="5a0a9acb-86c2-4332-98ac-4a49032dd78c" testListId="8c84fa94-04c1-424b-9868-57a2d4851a1d" />
    <TestEntry testId="4fc04100-2fd2-497b-e7d1-a44cf4275a0e" executionId="847efc3d-6f4f-4f71-8329-247cd9eb0e37" testListId="8c84fa94-04c1-424b-9868-57a2d4851a1d" />
    <TestEntry testId="11d57a27-43d2-9129-8e2b-fff1ee6fa049" executionId="6d7b474e-b910-494a-a2e4-2db52ee85fba" testListId="8c84fa94-04c1-424b-9868-57a2d4851a1d" />
    <TestEntry testId="7779916d-7d18-725f-2c04-703f085587aa" executionId="ff292299-3ee3-46fb-9727-91c95526b500" testListId="8c84fa94-04c1-424b-9868-57a2d4851a1d" />
    <TestEntry testId="319b6f64-f1b8-11e9-a741-69bfb130d9ac" executionId="8a6da274-5003-41e6-b19b-ba31f1dde746" testListId="8c84fa94-04c1-424b-9868-57a2d4851a1d" />
    <TestEntry testId="9b4da148-b72b-c170-d0b9-2edec049ed88" executionId="a771da9f-818f-4b2d-b572-9b1ec1bb3c90" testListId="8c84fa94-04c1-424b-9868-57a2d4851a1d" />
    <TestEntry testId="e00e70aa-abfe-fd89-7a1f-fc0d3a68e179" executionId="d0c8c4b8-a1e6-45fa-8eb3-2f838c915ee8" testListId="8c84fa94-04c1-424b-9868-57a2d4851a1d" />
    <TestEntry testId="0e404c2c-42aa-5dbf-e706-54f2d0b73a3b" executionId="cc5ca6f0-f159-4b6d-9e1d-230dd9331ddf" testListId="8c84fa94-04c1-424b-9868-57a2d4851a1d" />
    <TestEntry testId="5a0fd218-097d-8b41-4121-9ad430ac1d44" executionId="213a2904-e249-4f5d-b60b-03a5ffd73715" testListId="8c84fa94-04c1-424b-9868-57a2d4851a1d" />
    <TestEntry testId="ae23631e-e2d7-3d80-729f-892e34d106da" executionId="1d6d0b1c-f66e-4f7d-be2a-6bc609beed62" testListId="8c84fa94-04c1-424b-9868-57a2d4851a1d" />
    <TestEntry testId="e08dfece-3832-075f-77e4-fb0211a85e76" executionId="f8d05cd2-52c5-4570-8823-b4af7d71aa98" testListId="8c84fa94-04c1-424b-9868-57a2d4851a1d" />
    <TestEntry testId="c44e1205-b372-4ee5-5b2a-53d92523ce81" executionId="463c3f2a-9c13-44f7-9bf2-3524a68efe17" testListId="8c84fa94-04c1-424b-9868-57a2d4851a1d" />
    <TestEntry testId="5d5907dd-d63f-0625-c8e9-a155f9b35717" executionId="73247eb6-8e88-42bf-af61-4d0888cfb441" testListId="8c84fa94-04c1-424b-9868-57a2d4851a1d" />
    <TestEntry testId="57e67bb6-3978-139d-15bc-bcaca5eaebe4" executionId="841a544c-fa3c-4fb6-948e-dfec2f86c91e" testListId="8c84fa94-04c1-424b-9868-57a2d4851a1d" />
    <TestEntry testId="99ff4022-6d1f-94dc-0c53-309e553fccd6" executionId="b2f783df-8cb5-4708-9be6-6d43cc7b817a" testListId="8c84fa94-04c1-424b-9868-57a2d4851a1d" />
    <TestEntry testId="c3562684-44b8-d8fb-533a-6f86ed59afd2" executionId="4410f851-2b80-454c-993c-384775c5dfab" testListId="8c84fa94-04c1-424b-9868-57a2d4851a1d" />
    <TestEntry testId="aee61603-6d12-2e70-28b0-0be9bdf0259d" executionId="916828df-64d8-46a3-aa70-0a8e36775aef" testListId="8c84fa94-04c1-424b-9868-57a2d4851a1d" />
    <TestEntry testId="6f94654c-9e2e-9bd4-431c-8d05fdc3a46c" executionId="3a0adc00-9c8b-4054-8303-c32a793277cf" testListId="8c84fa94-04c1-424b-9868-57a2d4851a1d" />
    <TestEntry testId="5747ab4b-f20c-57ce-2212-3aa0ba76cee9" executionId="c8160d9a-a62d-4e80-9ce8-8e7096ad1689" testListId="8c84fa94-04c1-424b-9868-57a2d4851a1d" />
    <TestEntry testId="321f72eb-3c5d-84e0-5419-1fed49287803" executionId="7a154bee-ab67-425d-95be-0540f35e7941" testListId="8c84fa94-04c1-424b-9868-57a2d4851a1d" />
  </TestEntries>
  <TestLists>
    <TestList name="Results Not in a List" id="8c84fa94-04c1-424b-9868-57a2d4851a1d" />
    <TestList name="All Loaded Results" id="19431567-8539-422a-85d7-44ee4e166bda" />
  </TestLists>
  <ResultSummary outcome="Completed">
    <Counters total="238" executed="238" passed="238" failed="0" error="0" timeout="0" aborted="0" inconclusive="0" passedButRunAborted="0" notRunnable="0" notExecuted="0" disconnected="0" warning="0" completed="0" inProgress="0" pending="0" />
    <Output>
      <StdOut>[xUnit.net 00:00:00.00] xUnit.net VSTest Adapter v2.8.2+699d445a1a (64-bit .NET 9.0.13)
[xUnit.net 00:00:00.14]   Discovering: AssetHub.Ui.Tests
[xUnit.net 00:00:00.28]   Discovered:  AssetHub.Ui.Tests
[xUnit.net 00:00:00.28]   Starting:    AssetHub.Ui.Tests
[xUnit.net 00:00:04.47]   Finished:    AssetHub.Ui.Tests
</StdOut>
    </Output>
    <RunInfos>
      <RunInfo computerName="runnervmnay03" outcome="Warning" timestamp="2026-02-28T18:00:16.9627441+00:00">
        <Text>Data collection : Unable to find a datacollector with friendly name 'XPlat Code Coverage'.</Text>
      </RunInfo>
      <RunInfo computerName="runnervmnay03" outcome="Warning" timestamp="2026-02-28T18:00:16.9630848+00:00">
        <Text>Data collection : Could not find data collector 'XPlat Code Coverage'</Text>
      </RunInfo>
    </RunInfos>
  </ResultSummary>
</TestRun>