<?xml version="1.0" encoding="utf-8"?>
<TestRun id="93cd5706-4976-44c5-b77f-58f95e3b87c8" name="@runnervmnay03 2026-02-28 18:02:12" xmlns="http://microsoft.com/schemas/VisualStudio/TeamTest/2010">
  <Times creation="2026-02-28T18:02:12.5594196+00:00" queuing="2026-02-28T18:02:12.5594197+00:00" start="2026-02-28T18:02:06.6291577+00:00" finish="2026-02-28T18:03:35.1341218+00:00" />
  <TestSettings name="default" id="136a3ba2-0f6d-45fe-908b-0ab65cad0bce">
    <Deployment runDeploymentRoot="_runnervmnay03_2026-02-28_18_02_12" />
  </TestSettings>
  <Results>
    <UnitTestResult executionId="3d6906ee-8b5b-42f5-83de-e73f8d575efd" testId="70952eaa-b379-4e4f-671b-49b6eb4557bd" testName="AssetHub.Tests.Helpers.FileMagicValidatorTests.Validate_ValidFtypContainer_ReturnsTrue(mimeType: &quot;audio/x-m4a&quot;)" computerName="runnervmnay03" duration="00:00:00.0000083" startTime="2026-02-28T18:02:15.7648168+00:00" endTime="2026-02-28T18:02:15.7648169+00:00" testType="13cdc9d9-ddb5-4fa4-a97d-d965ccfc6d4b" outcome="Passed" testListId="8c84fa94-04c1-424b-9868-57a2d4851a1d" relativeResultsDirectory="3d6906ee-8b5b-42f5-83de-e73f8d575efd" />
    <UnitTestResult executionId="b9b09f05-190e-40b5-bdbb-dab5396baf8d" testId="30b08f3f-a4b3-7740-6efb-6d1a5b2afe8e" testName="AssetHub.Tests.Services.KeycloakUserServiceTests.Constructor_ParsesRealmFromAuthority" computerName="runnervmnay03" duration="00:00:00.0406967" startTime="2026-02-28T18:02:12.2352584+00:00" endTime="2026-02-28T18:02:12.2352961+00:00" testType="13cdc9d9-ddb5-4fa4-a97d-d965ccfc6d4b" outcome="Passed" testListId="8c84fa94-04c1-424b-9868-57a2d4851a1d" relativeResultsDirectory="b9b09f05-190e-40b5-bdbb-dab5396baf8d" />
    <UnitTestResult executionId="de65f3c6-c6b2-4800-97e5-025f922e4b71" testId="2ffd4008-3002-1553-125c-bcd9ccaf2f3e" testName="AssetHub.Tests.Helpers.FileMagicValidatorTests.Validate_JpegClaimingToBePng_ReturnsFalse" computerName="runnervmnay03" duration="00:00:00.0051576" startTime="2026-02-28T18:02:15.7387203+00:00" endTime="2026-02-28T18:02:15.7387204+00:00" testType="13cdc9d9-ddb5-4fa4-a97d-d965ccfc6d4b" outcome="Passed" testListId="8c84fa94-04c1-424b-9868-57a2d4851a1d" relativeResultsDirectory="de65f3c6-c6b2-4800-97e5-025f922e4b71" />
    <UnitTestResult executionId="3d08ccd5-45d6-476f-9f4c-2ce56aa2c7bf" testId="94feaf73-d0c9-5918-09af-9433bc9e229e" testName="AssetHub.Tests.Services.CollectionAclServiceTests.SearchUsersForAcl_FiltersbyQuery" computerName="runnervmnay03" duration="00:00:00.0590159" startTime="2026-02-28T18:02:36.8104843+00:00" endTime="2026-02-28T18:02:36.8104844+00:00" testType="13cdc9d9-ddb5-4fa4-a97d-d965ccfc6d4b" outcome="Passed" testListId="8c84fa94-04c1-424b-9868-57a2d4851a1d" relativeResultsDirectory="3d08ccd5-45d6-476f-9f4c-2ce56aa2c7bf" />
    <UnitTestResult executionId="a890b858-d856-4100-9071-fd42f974ec3b" testId="34c54bb4-d162-830c-36c1-22befd929a1c" testName="AssetHub.Tests.Helpers.FileMagicValidatorTests.Validate_ExecutableClaimingToBeJpeg_ReturnsFalse" computerName="runnervmnay03" duration="00:00:00.0001126" startTime="2026-02-28T18:02:15.7923661+00:00" endTime="2026-02-28T18:02:15.7923661+00:00" testType="13cdc9d9-ddb5-4fa4-a97d-d965ccfc6d4b" outcome="Passed" testListId="8c84fa94-04c1-424b-9868-57a2d4851a1d" relativeResultsDirectory="a890b858-d856-4100-9071-fd42f974ec3b" />
    <UnitTestResult executionId="226d27b3-e870-4b25-942c-599db8a1414c" testId="12e172a5-d6fe-25b6-8b34-2e9bc357e0d0" testName="AssetHub.Tests.Endpoints.CollectionEndpointTests.UpdateCollection_Admin_Returns200" computerName="runnervmnay03" duration="00:00:00.0447396" startTime="2026-02-28T18:02:28.1085881+00:00" endTime="2026-02-28T18:02:28.1085883+00:00" testType="13cdc9d9-ddb5-4fa4-a97d-d965ccfc6d4b" outcome="Passed" testListId="8c84fa94-04c1-424b-9868-57a2d4851a1d" relativeResultsDirectory="226d27b3-e870-4b25-942c-599db8a1414c" />
    <UnitTestResult executionId="82ace19c-35a6-4eef-8d88-0117794cf514" testId="3100c9e4-259b-e1db-5217-225f261f0d5f" testName="AssetHub.Tests.Endpoints.AdminEndpointTests.AdminEndpoints_ViewerForbidden_CollectionAccess" computerName="runnervmnay03" duration="00:00:00.0032234" startTime="2026-02-28T18:02:25.1094638+00:00" endTime="2026-02-28T18:02:25.1094639+00:00" testType="13cdc9d9-ddb5-4fa4-a97d-d965ccfc6d4b" outcome="Passed" testListId="8c84fa94-04c1-424b-9868-57a2d4851a1d" relativeResultsDirectory="82ace19c-35a6-4eef-8d88-0117794cf514" />
    <UnitTestResult executionId="7ba6f53d-0e5e-48b8-8cab-93f66cab4fc9" testId="d8700d2b-1f59-9c6f-a061-0e04c9f8d44e" testName="AssetHub.Tests.EdgeCases.SecurityTests.UserA_CannotModify_UserBs_Collection" computerName="runnervmnay03" duration="00:00:00.0166000" startTime="2026-02-28T18:02:30.8166339+00:00" endTime="2026-02-28T18:02:30.8166340+00:00" testType="13cdc9d9-ddb5-4fa4-a97d-d965ccfc6d4b" outcome="Passed" testListId="8c84fa94-04c1-424b-9868-57a2d4851a1d" relativeResultsDirectory="7ba6f53d-0e5e-48b8-8cab-93f66cab4fc9" />
    <UnitTestResult executionId="eea51e87-3cf9-4c8b-a552-04da27adb47b" testId="dac5bb11-a6f3-e43f-5277-ad1eb37ac329" testName="AssetHub.Tests.Repositories.ShareRepositoryTests.GetAllAsync_ReturnsAllShares" computerName="runnervmnay03" duration="00:00:00.0355990" startTime="2026-02-28T18:03:13.1716235+00:00" endTime="2026-02-28T18:03:13.1716236+00:00" testType="13cdc9d9-ddb5-4fa4-a97d-d965ccfc6d4b" outcome="Passed" testListId="8c84fa94-04c1-424b-9868-57a2d4851a1d" relativeResultsDirectory="eea51e87-3cf9-4c8b-a552-04da27adb47b" />
    <UnitTestResult executionId="21dc5f83-cbd6-43dd-8966-5c96f93cf616" testId="d6687b05-4ba3-99a4-9af9-7e6ec6a3ebc6" testName="AssetHub.Tests.Endpoints.AssetEndpointTests.DeleteAsset_Admin_Returns204" computerName="runnervmnay03" duration="00:00:00.0234722" startTime="2026-02-28T18:02:26.5554127+00:00" endTime="2026-02-28T18:02:26.5554130+00:00" testType="13cdc9d9-ddb5-4fa4-a97d-d965ccfc6d4b" outcome="Passed" testListId="8c84fa94-04c1-424b-9868-57a2d4851a1d" relativeResultsDirectory="21dc5f83-cbd6-43dd-8966-5c96f93cf616" />
    <UnitTestResult executionId="922daee3-4be0-4271-a119-7e9ba63af936" testId="51d633f4-e4a0-e9f0-aa88-d5749eec272d" testName="AssetHub.Tests.Repositories.CollectionAclRepositoryTests.GetByUserAsync_ReturnsUserAclsAcrossCollections" computerName="runnervmnay03" duration="00:00:00.0368823" startTime="2026-02-28T18:03:07.4171793+00:00" endTime="2026-02-28T18:03:07.4171794+00:00" testType="13cdc9d9-ddb5-4fa4-a97d-d965ccfc6d4b" outcome="Passed" testListId="8c84fa94-04c1-424b-9868-57a2d4851a1d" relativeResultsDirectory="922daee3-4be0-4271-a119-7e9ba63af936" />
    <UnitTestResult executionId="5038ebec-230d-43e4-95de-5cc8bfd6766d" testId="4c8a1bc6-909f-c231-d5f0-84dc05165f94" testName="AssetHub.Tests.Endpoints.CollectionEndpointTests.RevokeCollectionAccess_NonExistentCollection_Returns403" computerName="runnervmnay03" duration="00:00:00.0136147" startTime="2026-02-28T18:02:27.4802126+00:00" endTime="2026-02-28T18:02:27.4802127+00:00" testType="13cdc9d9-ddb5-4fa4-a97d-d965ccfc6d4b" outcome="Passed" testListId="8c84fa94-04c1-424b-9868-57a2d4851a1d" relativeResultsDirectory="5038ebec-230d-43e4-95de-5cc8bfd6766d" />
    <UnitTestResult executionId="804da003-e0be-4244-bfcf-794840e09565" testId="6aca2f53-531e-99db-3854-0d889dc419d4" testName="AssetHub.Tests.EdgeCases.SmartDeletionServiceTests.Delete_AssetIn2Collections_UserManagesOne_RemovesFromAuthorizedOnly" computerName="runnervmnay03" duration="00:00:00.0945455" startTime="2026-02-28T18:03:31.4484895+00:00" endTime="2026-02-28T18:03:31.4484895+00:00" testType="13cdc9d9-ddb5-4fa4-a97d-d965ccfc6d4b" outcome="Passed" testListId="8c84fa94-04c1-424b-9868-57a2d4851a1d" relativeResultsDirectory="804da003-e0be-4244-bfcf-794840e09565" />
    <UnitTestResult executionId="61b5877f-7251-46ff-8064-dff0b64db3c1" testId="b7b098d5-080c-e4ad-8a2a-a3641c456a10" testName="AssetHub.Tests.Repositories.AssetRepositoryTests.CountByStatusAsync_ReturnsCorrectCount" computerName="runnervmnay03" duration="00:00:00.0437233" startTime="2026-02-28T18:03:02.2061226+00:00" endTime="2026-02-28T18:03:02.2061227+00:00" testType="13cdc9d9-ddb5-4fa4-a97d-d965ccfc6d4b" outcome="Passed" testListId="8c84fa94-04c1-424b-9868-57a2d4851a1d" relativeResultsDirectory="61b5877f-7251-46ff-8064-dff0b64db3c1" />
    <UnitTestResult executionId="ae73347c-b53a-40d7-b9a9-968ff503eb40" testId="32e39fa1-aa2b-5fa0-aee4-f9f953540fcf" testName="AssetHub.Tests.EdgeCases.ConcurrencyTests.SetAccessAsync_ConcurrentDifferentUsers_AllSucceed" computerName="runnervmnay03" duration="00:00:00.1050913" startTime="2026-02-28T18:03:23.5233767+00:00" endTime="2026-02-28T18:03:23.5233767+00:00" testType="13cdc9d9-ddb5-4fa4-a97d-d965ccfc6d4b" outcome="Passed" testListId="8c84fa94-04c1-424b-9868-57a2d4851a1d" relativeResultsDirectory="ae73347c-b53a-40d7-b9a9-968ff503eb40" />
    <UnitTestResult executionId="32f56254-dc9c-4a97-856d-281ff99f9421" testId="6a618629-0324-4ac7-0be5-3c37f0207c05" testName="AssetHub.Tests.Services.CollectionServiceTests.UpdateAsync_NameTooLong_ReturnsBadRequest" computerName="runnervmnay03" duration="00:00:00.0441981" startTime="2026-02-28T18:02:42.7017633+00:00" endTime="2026-02-28T18:02:42.7017633+00:00" testType="13cdc9d9-ddb5-4fa4-a97d-d965ccfc6d4b" outcome="Passed" testListId="8c84fa94-04c1-424b-9868-57a2d4851a1d" relativeResultsDirectory="32f56254-dc9c-4a97-856d-281ff99f9421" />
    <UnitTestResult executionId="ce2c38d3-fcfa-4592-9849-e8cc0597847e" testId="8d2fa126-7895-7a81-19ef-e9e1c11358b1" testName="AssetHub.Tests.EdgeCases.SmartDeletionServiceTests.Delete_SystemAdmin_AlwaysDeletesPermanently" computerName="runnervmnay03" duration="00:00:00.0698376" startTime="2026-02-28T18:03:31.7178215+00:00" endTime="2026-02-28T18:03:31.7178216+00:00" testType="13cdc9d9-ddb5-4fa4-a97d-d965ccfc6d4b" outcome="Passed" testListId="8c84fa94-04c1-424b-9868-57a2d4851a1d" relativeResultsDirectory="ce2c38d3-fcfa-4592-9849-e8cc0597847e" />
    <UnitTestResult executionId="288890e3-2391-4a06-b935-20636c0044dc" testId="f0effc41-f250-75bf-c344-dd6e19a9c8aa" testName="AssetHub.Tests.Repositories.AssetRepositoryTests.GetByUserAsync_SupportsPagination" computerName="runnervmnay03" duration="00:00:00.0458034" startTime="2026-02-28T18:03:04.9245366+00:00" endTime="2026-02-28T18:03:04.9245367+00:00" testType="13cdc9d9-ddb5-4fa4-a97d-d965ccfc6d4b" outcome="Passed" testListId="8c84fa94-04c1-424b-9868-57a2d4851a1d" relativeResultsDirectory="288890e3-2391-4a06-b935-20636c0044dc" />
    <UnitTestResult executionId="a6915a43-407d-45e3-8e1c-358548bf6a2f" testId="18bad3ee-54ed-4998-3264-a464a551c861" testName="AssetHub.Tests.Repositories.AssetRepositoryTests.SearchAllAsync_RespectsAllowedCollections" computerName="runnervmnay03" duration="00:00:00.0886289" startTime="2026-02-28T18:03:00.4764947+00:00" endTime="2026-02-28T18:03:00.4764947+00:00" testType="13cdc9d9-ddb5-4fa4-a97d-d965ccfc6d4b" outcome="Passed" testListId="8c84fa94-04c1-424b-9868-57a2d4851a1d" relativeResultsDirectory="a6915a43-407d-45e3-8e1c-358548bf6a2f" />
    <UnitTestResult executionId="6fca0e7f-7a30-4e50-857e-88a53d205f56" testId="6a2016e3-0d43-7a4a-41dd-8be40ec46c97" testName="AssetHub.Tests.Services.ZipBuildServiceAuditTests.BuildZip_Success_LogsCollectionDownloadedAuditEvent" computerName="runnervmnay03" duration="00:00:00.1295328" startTime="2026-02-28T18:02:49.0911686+00:00" endTime="2026-02-28T18:02:49.0911687+00:00" testType="13cdc9d9-ddb5-4fa4-a97d-d965ccfc6d4b" outcome="Passed" testListId="8c84fa94-04c1-424b-9868-57a2d4851a1d" relativeResultsDirectory="6fca0e7f-7a30-4e50-857e-88a53d205f56" />
    <UnitTestResult executionId="5e45649e-ba50-4c99-a6c2-4d1af641ede9" testId="6fe9aa39-dd6f-9b8d-71e7-465906867f86" testName="AssetHub.Tests.Repositories.CollectionAclRepositoryTests.GetAllAsync_ReturnsAllAcls" computerName="runnervmnay03" duration="00:00:00.0342437" startTime="2026-02-28T18:03:08.1850297+00:00" endTime="2026-02-28T18:03:08.1850298+00:00" testType="13cdc9d9-ddb5-4fa4-a97d-d965ccfc6d4b" outcome="Passed" testListId="8c84fa94-04c1-424b-9868-57a2d4851a1d" relativeResultsDirectory="5e45649e-ba50-4c99-a6c2-4d1af641ede9" />
    <UnitTestResult executionId="06696ac2-3066-40b1-a184-005c764b54a8" testId="862a802d-8ad6-aa3f-8bb5-8857dc0b29f4" testName="AssetHub.Tests.Endpoints.AdminEndpointTests.AdminSetCollectionAccess_NonExistentCollection_Returns404" computerName="runnervmnay03" duration="00:00:00.0149329" startTime="2026-02-28T18:02:24.9213447+00:00" endTime="2026-02-28T18:02:24.9213449+00:00" testType="13cdc9d9-ddb5-4fa4-a97d-d965ccfc6d4b" outcome="Passed" testListId="8c84fa94-04c1-424b-9868-57a2d4851a1d" relativeResultsDirectory="06696ac2-3066-40b1-a184-005c764b54a8" />
    <UnitTestResult executionId="4683da4b-14f5-49d3-a112-90cbe6ec98a5" testId="c57a6780-2f19-5844-7c4b-a26ffbed6ca6" testName="AssetHub.Tests.EdgeCases.SmartDeletionTests.DeleteByCollection_SharedAssetIn3Collections_PreservedIn2" computerName="runnervmnay03" duration="00:00:00.0723948" startTime="2026-02-28T18:03:33.7345193+00:00" endTime="2026-02-28T18:03:33.7345194+00:00" testType="13cdc9d9-ddb5-4fa4-a97d-d965ccfc6d4b" outcome="Passed" testListId="8c84fa94-04c1-424b-9868-57a2d4851a1d" relativeResultsDirectory="4683da4b-14f5-49d3-a112-90cbe6ec98a5" />
    <UnitTestResult executionId="4c828769-9e37-4098-a919-b2b89e62b987" testId="de1ae213-3be6-2ff0-8ed2-86879b2bdfd6" testName="AssetHub.Tests.Services.ShareAccessServiceTests.UpdateSharePasswordAsync_NotOwnerNotAdmin_ReturnsForbidden" computerName="runnervmnay03" duration="00:00:00.0016431" startTime="2026-02-28T18:02:15.7284816+00:00" endTime="2026-02-28T18:02:15.7284818+00:00" testType="13cdc9d9-ddb5-4fa4-a97d-d965ccfc6d4b" outcome="Passed" testListId="8c84fa94-04c1-424b-9868-57a2d4851a1d" relativeResultsDirectory="4c828769-9e37-4098-a919-b2b89e62b987" />
    <UnitTestResult executionId="71f1f5ca-da5d-4026-95c2-fc1ee5391135" testId="ddca842b-490c-f4dc-f28c-fc41b48fe90e" testName="AssetHub.Tests.Endpoints.AssetEndpointTests.DeleteAsset_ViewerNoAccess_Returns403" computerName="runnervmnay03" duration="00:00:00.0221594" startTime="2026-02-28T18:02:27.0699997+00:00" endTime="2026-02-28T18:02:27.0699998+00:00" testType="13cdc9d9-ddb5-4fa4-a97d-d965ccfc6d4b" outcome="Passed" testListId="8c84fa94-04c1-424b-9868-57a2d4851a1d" relativeResultsDirectory="71f1f5ca-da5d-4026-95c2-fc1ee5391135" />
    <UnitTestResult executionId="88c88477-9d7a-4ba9-83f5-5e41957d78ff" testId="d624fe36-5f87-acde-88c9-c03bda0aae45" testName="AssetHub.Tests.Services.CollectionServiceTests.UpdateAsync_ViewerCannotUpdate_ReturnsForbidden" computerName="runnervmnay03" duration="00:00:00.0401229" startTime="2026-02-28T18:02:38.6092489+00:00" endTime="2026-02-28T18:02:38.6092490+00:00" testType="13cdc9d9-ddb5-4fa4-a97d-d965ccfc6d4b" outcome="Passed" testListId="8c84fa94-04c1-424b-9868-57a2d4851a1d" relativeResultsDirectory="88c88477-9d7a-4ba9-83f5-5e41957d78ff" />
    <UnitTestResult executionId="15bf9d73-b857-4f92-b39c-82b716ea5513" testId="13103cad-b610-c7f6-b6b6-4f96209d6689" testName="AssetHub.Tests.Repositories.ShareRepositoryTests.GetByScopeAsync_SortsByCreatedAtDescending" computerName="runnervmnay03" duration="00:00:00.0359197" startTime="2026-02-28T18:03:12.6655389+00:00" endTime="2026-02-28T18:03:12.6655389+00:00" testType="13cdc9d9-ddb5-4fa4-a97d-d965ccfc6d4b" outcome="Passed" testListId="8c84fa94-04c1-424b-9868-57a2d4851a1d" relativeResultsDirectory="15bf9d73-b857-4f92-b39c-82b716ea5513" />
    <UnitTestResult executionId="d45096a4-89c3-4efd-9b90-aebfde889334" testId="2f14fa62-1c76-91d8-73bc-ac46a44e24d1" testName="AssetHub.Tests.EdgeCases.AuthorizationEdgeCaseTests.CanManageAcl_AdminRole_ReturnsTrue" computerName="runnervmnay03" duration="00:00:00.0657607" startTime="2026-02-28T18:03:19.3550360+00:00" endTime="2026-02-28T18:03:19.3550361+00:00" testType="13cdc9d9-ddb5-4fa4-a97d-d965ccfc6d4b" outcome="Passed" testListId="8c84fa94-04c1-424b-9868-57a2d4851a1d" relativeResultsDirectory="d45096a4-89c3-4efd-9b90-aebfde889334" />
    <UnitTestResult executionId="a250d8f6-00bf-4384-affe-dba69b28a72f" testId="0475bfed-64df-6fdb-eb2f-ff4b4a45e802" testName="AssetHub.Tests.Services.ShareAccessServiceTests.CreateAccessTokenAsync_InvalidPassword_Returns401" computerName="runnervmnay03" duration="00:00:00.3088335" startTime="2026-02-28T18:02:14.7528117+00:00" endTime="2026-02-28T18:02:14.7528118+00:00" testType="13cdc9d9-ddb5-4fa4-a97d-d965ccfc6d4b" outcome="Passed" testListId="8c84fa94-04c1-424b-9868-57a2d4851a1d" relativeResultsDirectory="a250d8f6-00bf-4384-affe-dba69b28a72f" />
    <UnitTestResult executionId="8e6b0d30-8380-41b2-9155-1f25019c66ad" testId="94cac831-369b-d29f-3689-b7ac02c8e68f" testName="AssetHub.Tests.Repositories.CollectionAclRepositoryTests.GetByPrincipalAsync_ReturnsMatchingAcl" computerName="runnervmnay03" duration="00:00:00.0347537" startTime="2026-02-28T18:03:08.6766943+00:00" endTime="2026-02-28T18:03:08.6766944+00:00" testType="13cdc9d9-ddb5-4fa4-a97d-d965ccfc6d4b" outcome="Passed" testListId="8c84fa94-04c1-424b-9868-57a2d4851a1d" relativeResultsDirectory="8e6b0d30-8380-41b2-9155-1f25019c66ad" />
    <UnitTestResult executionId="86019f8e-799a-47f1-b766-fb4bc0925103" testId="a2870b99-80a1-5d26-145a-e9a6c2b59907" testName="AssetHub.Tests.Helpers.FileMagicValidatorTests.ValidateStreamAsync_ValidJpeg_ReturnsTrue" computerName="runnervmnay03" duration="00:00:00.0017008" startTime="2026-02-28T18:02:15.7404894+00:00" endTime="2026-02-28T18:02:15.7404895+00:00" testType="13cdc9d9-ddb5-4fa4-a97d-d965ccfc6d4b" outcome="Passed" testListId="8c84fa94-04c1-424b-9868-57a2d4851a1d" relativeResultsDirectory="86019f8e-799a-47f1-b766-fb4bc0925103" />
    <UnitTestResult executionId="76049f50-4be3-46a9-81f4-4ccdaf9762db" testId="2e59619b-6ad4-861e-6e97-e30d01c39c46" testName="AssetHub.Tests.Services.ClamAvScannerServiceTests.Constructor_WithMissingConfig_UsesDefaults" computerName="runnervmnay03" duration="00:00:00.0004963" startTime="2026-02-28T18:02:12.7551583+00:00" endTime="2026-02-28T18:02:12.7551583+00:00" testType="13cdc9d9-ddb5-4fa4-a97d-d965ccfc6d4b" outcome="Passed" testListId="8c84fa94-04c1-424b-9868-57a2d4851a1d" relativeResultsDirectory="76049f50-4be3-46a9-81f4-4ccdaf9762db" />
    <UnitTestResult executionId="994cf9f9-c8df-48ef-9b6f-a38bb82ad614" testId="632785cb-014c-a0eb-2f1e-999a97f78467" testName="AssetHub.Tests.Repositories.AssetRepositoryTests.GetByCollectionAsync_ReturnsAssetsInCollection" computerName="runnervmnay03" duration="00:00:00.0657462" startTime="2026-02-28T18:02:54.5518017+00:00" endTime="2026-02-28T18:02:54.5518018+00:00" testType="13cdc9d9-ddb5-4fa4-a97d-d965ccfc6d4b" outcome="Passed" testListId="8c84fa94-04c1-424b-9868-57a2d4851a1d" relativeResultsDirectory="994cf9f9-c8df-48ef-9b6f-a38bb82ad614" />
    <UnitTestResult executionId="f451a911-39b4-42d6-b404-56e79a6f166d" testId="9cd279e7-223d-f82f-aca1-4ad402809196" testName="AssetHub.Tests.Repositories.ShareRepositoryTests.GetAllAsync_RespectsSkipAndTake" computerName="runnervmnay03" duration="00:00:00.0436623" startTime="2026-02-28T18:03:16.3621810+00:00" endTime="2026-02-28T18:03:16.3621810+00:00" testType="13cdc9d9-ddb5-4fa4-a97d-d965ccfc6d4b" outcome="Passed" testListId="8c84fa94-04c1-424b-9868-57a2d4851a1d" relativeResultsDirectory="f451a911-39b4-42d6-b404-56e79a6f166d" />
    <UnitTestResult executionId="b58705f9-d658-4826-b5b1-800da36c9c5d" testId="02ccdcfa-f02c-9c47-cf45-9cf4108cb382" testName="AssetHub.Tests.Helpers.FileMagicValidatorTests.Validate_Mp4_LargeFtypBox_ReturnsTrue" computerName="runnervmnay03" duration="00:00:00.0001000" startTime="2026-02-28T18:02:15.7817645+00:00" endTime="2026-02-28T18:02:15.7817647+00:00" testType="13cdc9d9-ddb5-4fa4-a97d-d965ccfc6d4b" outcome="Passed" testListId="8c84fa94-04c1-424b-9868-57a2d4851a1d" relativeResultsDirectory="b58705f9-d658-4826-b5b1-800da36c9c5d" />
    <UnitTestResult executionId="c9244eab-e5cf-4653-afa3-f69056e52b35" testId="73e1bc59-ae5a-23f9-0de6-5d889e9edd74" testName="AssetHub.Tests.Services.AssetServiceValidationTests.UpdateAsync_TitleTooLong_ReturnsBadRequest" computerName="runnervmnay03" duration="00:00:00.1066109" startTime="2026-02-28T18:02:32.6974383+00:00" endTime="2026-02-28T18:02:32.6974384+00:00" testType="13cdc9d9-ddb5-4fa4-a97d-d965ccfc6d4b" outcome="Passed" testListId="8c84fa94-04c1-424b-9868-57a2d4851a1d" relativeResultsDirectory="c9244eab-e5cf-4653-afa3-f69056e52b35" />
    <UnitTestResult executionId="c68937ef-b48d-4a5e-9f1d-f2e89cdb3091" testId="6078275e-9e58-864b-8799-0d30396bb48a" testName="AssetHub.Tests.Services.ExternalServiceResilienceTests.GetRenditionUrlAsync_WhenMinIOThrowsStorageException_ReturnsServerError" computerName="runnervmnay03" duration="00:00:00.0903993" startTime="2026-02-28T18:02:47.2796794+00:00" endTime="2026-02-28T18:02:47.2796814+00:00" testType="13cdc9d9-ddb5-4fa4-a97d-d965ccfc6d4b" outcome="Passed" testListId="8c84fa94-04c1-424b-9868-57a2d4851a1d" relativeResultsDirectory="c68937ef-b48d-4a5e-9f1d-f2e89cdb3091" />
    <UnitTestResult executionId="1a5d9101-27f5-4f0d-815e-82cca64d3606" testId="3e5f2d29-dc28-8da4-e4f3-1dff850f96ee" testName="AssetHub.Tests.Endpoints.AdminEndpointTests.Viewer_CannotCreateUser_Returns403" computerName="runnervmnay03" duration="00:00:00.0062054" startTime="2026-02-28T18:02:25.4633654+00:00" endTime="2026-02-28T18:02:25.4633655+00:00" testType="13cdc9d9-ddb5-4fa4-a97d-d965ccfc6d4b" outcome="Passed" testListId="8c84fa94-04c1-424b-9868-57a2d4851a1d" relativeResultsDirectory="1a5d9101-27f5-4f0d-815e-82cca64d3606" />
    <UnitTestResult executionId="40e93c08-cc1e-4605-82a5-98b0db54ef96" testId="01ae5f2e-8d86-03f7-b03e-7a9538f150c9" testName="AssetHub.Tests.Services.CollectionAclServiceTests.AdminSetAccess_ValidCollection_GrantsAccess" computerName="runnervmnay03" duration="00:00:00.0413265" startTime="2026-02-28T18:02:36.1700759+00:00" endTime="2026-02-28T18:02:36.1700760+00:00" testType="13cdc9d9-ddb5-4fa4-a97d-d965ccfc6d4b" outcome="Passed" testListId="8c84fa94-04c1-424b-9868-57a2d4851a1d" relativeResultsDirectory="40e93c08-cc1e-4605-82a5-98b0db54ef96" />
    <UnitTestResult executionId="e631c2b4-1bf9-43c7-8182-d62653e18a3c" testId="46b842f8-8a4e-7517-26e2-eb4314656b9d" testName="AssetHub.Tests.Repositories.ShareRepositoryTests.GetAllAsync_SortsByCreatedAtDescending" computerName="runnervmnay03" duration="00:00:00.0365296" startTime="2026-02-28T18:03:13.9437019+00:00" endTime="2026-02-28T18:03:13.9437019+00:00" testType="13cdc9d9-ddb5-4fa4-a97d-d965ccfc6d4b" outcome="Passed" testListId="8c84fa94-04c1-424b-9868-57a2d4851a1d" relativeResultsDirectory="e631c2b4-1bf9-43c7-8182-d62653e18a3c" />
    <UnitTestResult executionId="7cc39218-c5be-4832-85c9-4133562d618e" testId="33631489-77e3-5c19-ccdb-f6f58fa14723" testName="AssetHub.Tests.Services.DashboardServiceTests.GetDashboard_NonAdmin_OnlySeesAccessibleCollectionAssets" computerName="runnervmnay03" duration="00:00:00.1096734" startTime="2026-02-28T18:02:45.3807202+00:00" endTime="2026-02-28T18:02:45.3807203+00:00" testType="13cdc9d9-ddb5-4fa4-a97d-d965ccfc6d4b" outcome="Passed" testListId="8c84fa94-04c1-424b-9868-57a2d4851a1d" relativeResultsDirectory="7cc39218-c5be-4832-85c9-4133562d618e" />
    <UnitTestResult executionId="b61e01ae-0a21-46e5-90ee-49df5b6cb4d6" testId="93402d55-ec24-d5a3-ac96-168b94e06eea" testName="AssetHub.Tests.Repositories.AssetRepositoryTests.GetByUserAsync_ReturnsEmpty_ForUnknownUser" computerName="runnervmnay03" duration="00:00:00.0401089" startTime="2026-02-28T18:02:57.9537954+00:00" endTime="2026-02-28T18:02:57.9537954+00:00" testType="13cdc9d9-ddb5-4fa4-a97d-d965ccfc6d4b" outcome="Passed" testListId="8c84fa94-04c1-424b-9868-57a2d4851a1d" relativeResultsDirectory="b61e01ae-0a21-46e5-90ee-49df5b6cb4d6" />
    <UnitTestResult executionId="6152412d-50b5-4188-949c-97d64cdca627" testId="7238f196-6281-942d-6fd9-3f22783cd75c" testName="AssetHub.Tests.Repositories.CollectionAclRepositoryTests.RevokeAccessAsync_NoOp_WhenNotExists" computerName="runnervmnay03" duration="00:00:00.0284998" startTime="2026-02-28T18:03:08.4111293+00:00" endTime="2026-02-28T18:03:08.4111293+00:00" testType="13cdc9d9-ddb5-4fa4-a97d-d965ccfc6d4b" outcome="Passed" testListId="8c84fa94-04c1-424b-9868-57a2d4851a1d" relativeResultsDirectory="6152412d-50b5-4188-949c-97d64cdca627" />
    <UnitTestResult executionId="40ff82da-898d-435f-a9ca-786fe5a75a49" testId="5aba03d4-f5a9-4fe0-17ed-8c27c4e898a1" testName="AssetHub.Tests.Repositories.CollectionRepositoryTests.ExistsAsync_ReturnsFalse_WhenNotExists" computerName="runnervmnay03" duration="00:00:00.0080129" startTime="2026-02-28T18:03:11.9339069+00:00" endTime="2026-02-28T18:03:11.9339069+00:00" testType="13cdc9d9-ddb5-4fa4-a97d-d965ccfc6d4b" outcome="Passed" testListId="8c84fa94-04c1-424b-9868-57a2d4851a1d" relativeResultsDirectory="40ff82da-898d-435f-a9ca-786fe5a75a49" />
    <UnitTestResult executionId="5d353c0f-28a9-4c1a-88f7-49843d7c2c93" testId="d4db3b80-2437-7649-d448-030625e1849f" testName="AssetHub.Tests.Repositories.AssetRepositoryTests.SearchAsync_CombinesQueryTypeAndSort" computerName="runnervmnay03" duration="00:00:00.0693497" startTime="2026-02-28T18:03:03.7912380+00:00" endTime="2026-02-28T18:03:03.7912380+00:00" testType="13cdc9d9-ddb5-4fa4-a97d-d965ccfc6d4b" outcome="Passed" testListId="8c84fa94-04c1-424b-9868-57a2d4851a1d" relativeResultsDirectory="5d353c0f-28a9-4c1a-88f7-49843d7c2c93" />
    <UnitTestResult executionId="52c61f21-48cd-4e8b-b0fe-f7b4ddeb5640" testId="2f8ee1f0-64f1-f979-8b75-a7c8fd885c7a" testName="AssetHub.Tests.Endpoints.AssetEndpointTests.PreviewOriginal_NonExistentAsset_Returns404" computerName="runnervmnay03" duration="00:00:00.0066649" startTime="2026-02-28T18:02:27.2361233+00:00" endTime="2026-02-28T18:02:27.2361234+00:00" testType="13cdc9d9-ddb5-4fa4-a97d-d965ccfc6d4b" outcome="Passed" testListId="8c84fa94-04c1-424b-9868-57a2d4851a1d" relativeResultsDirectory="52c61f21-48cd-4e8b-b0fe-f7b4ddeb5640" />
    <UnitTestResult executionId="acea3db5-fec5-4ac4-b8e8-d1e7e0eaabbf" testId="e467339d-0add-48d1-40d6-e68f89f684a1" testName="AssetHub.Tests.EdgeCases.SecurityTests.Viewer_CannotAccess_AdminHealthEndpoints" computerName="runnervmnay03" duration="00:00:00.0015047" startTime="2026-02-28T18:02:29.9566719+00:00" endTime="2026-02-28T18:02:29.9566721+00:00" testType="13cdc9d9-ddb5-4fa4-a97d-d965ccfc6d4b" outcome="Passed" testListId="8c84fa94-04c1-424b-9868-57a2d4851a1d" relativeResultsDirectory="acea3db5-fec5-4ac4-b8e8-d1e7e0eaabbf" />
    <UnitTestResult executionId="a69d4d1c-8c28-4a42-b6fc-c7ad260c47ac" testId="cd6a89e7-1a9f-2154-247e-6d32165f1b45" testName="AssetHub.Tests.Endpoints.CollectionEndpointTests.RevokeCollectionAccess_Returns204" computerName="runnervmnay03" duration="00:00:00.0403713" startTime="2026-02-28T18:02:27.6158596+00:00" endTime="2026-02-28T18:02:27.6158597+00:00" testType="13cdc9d9-ddb5-4fa4-a97d-d965ccfc6d4b" outcome="Passed" testListId="8c84fa94-04c1-424b-9868-57a2d4851a1d" relativeResultsDirectory="a69d4d1c-8c28-4a42-b6fc-c7ad260c47ac" />
    <UnitTestResult executionId="e9b8ff2e-afc7-4560-835e-64c2ee1492fc" testId="510bdcc8-04d2-4902-2a91-ddea2256d229" testName="AssetHub.Tests.Endpoints.AssetEndpointTests.GetAllAssets_Viewer_Returns403" computerName="runnervmnay03" duration="00:00:00.0014041" startTime="2026-02-28T18:02:27.2834929+00:00" endTime="2026-02-28T18:02:27.2834930+00:00" testType="13cdc9d9-ddb5-4fa4-a97d-d965ccfc6d4b" outcome="Passed" testListId="8c84fa94-04c1-424b-9868-57a2d4851a1d" relativeResultsDirectory="e9b8ff2e-afc7-4560-835e-64c2ee1492fc" />
    <UnitTestResult executionId="d8a04fdd-8c86-4945-80fb-c18eeb7242d8" testId="84e99e8e-b190-563a-550b-0a21c8a9d6ee" testName="AssetHub.Tests.Services.AssetServiceValidationTests.UpdateAsync_ValidTitle_Succeeds" computerName="runnervmnay03" duration="00:00:00.0895802" startTime="2026-02-28T18:02:31.9219440+00:00" endTime="2026-02-28T18:02:31.9219440+00:00" testType="13cdc9d9-ddb5-4fa4-a97d-d965ccfc6d4b" outcome="Passed" testListId="8c84fa94-04c1-424b-9868-57a2d4851a1d" relativeResultsDirectory="d8a04fdd-8c86-4945-80fb-c18eeb7242d8" />
    <UnitTestResult executionId="5c358f81-f0d6-431d-a9c0-10c62d2ae87d" testId="4fcbb879-199b-dde6-ffc6-b57880b4b957" testName="AssetHub.Tests.Endpoints.AdminEndpointTests.CreateUser_UsernameWithSpecialChars_Returns400" computerName="runnervmnay03" duration="00:00:00.0660356" startTime="2026-02-28T18:02:24.4418144+00:00" endTime="2026-02-28T18:02:24.4418146+00:00" testType="13cdc9d9-ddb5-4fa4-a97d-d965ccfc6d4b" outcome="Passed" testListId="8c84fa94-04c1-424b-9868-57a2d4851a1d" relativeResultsDirectory="5c358f81-f0d6-431d-a9c0-10c62d2ae87d" />
    <UnitTestResult executionId="1e11bab6-3497-42ce-a5ad-e07689c5eb29" testId="ff13be91-0f89-1928-200a-806e624105f8" testName="AssetHub.Tests.Services.AssetDeletionServiceTests.DeleteCollectionAssets_CleansUpSharesPerAsset" computerName="runnervmnay03" duration="00:00:00.2887413" startTime="2026-02-28T18:02:25.8911672+00:00" endTime="2026-02-28T18:02:25.8911674+00:00" testType="13cdc9d9-ddb5-4fa4-a97d-d965ccfc6d4b" outcome="Passed" testListId="8c84fa94-04c1-424b-9868-57a2d4851a1d" relativeResultsDirectory="1e11bab6-3497-42ce-a5ad-e07689c5eb29" />
    <UnitTestResult executionId="2e7399ff-203d-4a71-bf18-50bebe083014" testId="ea7fd0eb-7860-8eb5-9156-54ad20f0638b" testName="AssetHub.Tests.Repositories.AssetRepositoryTests.SearchAsync_SortsBySizeDescending" computerName="runnervmnay03" duration="00:00:00.0698907" startTime="2026-02-28T18:03:05.8519311+00:00" endTime="2026-02-28T18:03:05.8519311+00:00" testType="13cdc9d9-ddb5-4fa4-a97d-d965ccfc6d4b" outcome="Passed" testListId="8c84fa94-04c1-424b-9868-57a2d4851a1d" relativeResultsDirectory="2e7399ff-203d-4a71-bf18-50bebe083014" />
    <UnitTestResult executionId="b7b4eda1-8c98-4333-97ae-0e15f55582cd" testId="a773f59d-4133-5304-fa33-5888fc7afe50" testName="AssetHub.Tests.Repositories.AssetCollectionRepositoryTests.GetCollectionIdsForAssetAsync_CachesResult" computerName="runnervmnay03" duration="00:00:00.0620472" startTime="2026-02-28T18:02:51.1435975+00:00" endTime="2026-02-28T18:02:51.1435976+00:00" testType="13cdc9d9-ddb5-4fa4-a97d-d965ccfc6d4b" outcome="Passed" testListId="8c84fa94-04c1-424b-9868-57a2d4851a1d" relativeResultsDirectory="b7b4eda1-8c98-4333-97ae-0e15f55582cd" />
    <UnitTestResult executionId="fe202e55-3cb9-437b-87f0-51469e1c5e99" testId="578ca040-1363-4da7-0c12-8a18e65d910c" testName="AssetHub.Tests.EdgeCases.SecurityTests.ExpiredShare_ReturnsUnauthorized" computerName="runnervmnay03" duration="00:00:00.0239767" startTime="2026-02-28T18:02:30.2328063+00:00" endTime="2026-02-28T18:02:30.2328064+00:00" testType="13cdc9d9-ddb5-4fa4-a97d-d965ccfc6d4b" outcome="Passed" testListId="8c84fa94-04c1-424b-9868-57a2d4851a1d" relativeResultsDirectory="fe202e55-3cb9-437b-87f0-51469e1c5e99" />
    <UnitTestResult executionId="bed1f6ea-e4b7-4118-84d8-4c4c173698f3" testId="582089dc-50c0-9189-e44b-368a92d5617d" testName="AssetHub.Tests.Endpoints.AdminEndpointTests.CreateUser_MissingFirstName_Returns400" computerName="runnervmnay03" duration="00:00:00.0051186" startTime="2026-02-28T18:02:25.1856000+00:00" endTime="2026-02-28T18:02:25.1856002+00:00" testType="13cdc9d9-ddb5-4fa4-a97d-d965ccfc6d4b" outcome="Passed" testListId="8c84fa94-04c1-424b-9868-57a2d4851a1d" relativeResultsDirectory="bed1f6ea-e4b7-4118-84d8-4c4c173698f3" />
    <UnitTestResult executionId="54c0089c-a61c-4765-a5c4-20c23c06b12c" testId="f89234be-106e-2270-031c-4bf2fff238d4" testName="AssetHub.Tests.Endpoints.ShareEndpointTests.DownloadSharedAsset_NonExistentToken_Returns401Or404" computerName="runnervmnay03" duration="00:00:00.0275052" startTime="2026-02-28T18:02:28.7177336+00:00" endTime="2026-02-28T18:02:28.7177337+00:00" testType="13cdc9d9-ddb5-4fa4-a97d-d965ccfc6d4b" outcome="Passed" testListId="8c84fa94-04c1-424b-9868-57a2d4851a1d" relativeResultsDirectory="54c0089c-a61c-4765-a5c4-20c23c06b12c" />
    <UnitTestResult executionId="5d1f6354-b160-45b6-ae0d-e8ccdab02daa" testId="cd493417-2601-e4f9-b94f-00459bfdf126" testName="AssetHub.Tests.Services.CollectionServiceTests.CreateAsync_AdminCreatesRootCollection_Success" computerName="runnervmnay03" duration="00:00:00.0541477" startTime="2026-02-28T18:02:39.6677727+00:00" endTime="2026-02-28T18:02:39.6677728+00:00" testType="13cdc9d9-ddb5-4fa4-a97d-d965ccfc6d4b" outcome="Passed" testListId="8c84fa94-04c1-424b-9868-57a2d4851a1d" relativeResultsDirectory="5d1f6354-b160-45b6-ae0d-e8ccdab02daa" />
    <UnitTestResult executionId="f78f91b7-7f1c-40f6-a205-abc10d422759" testId="b390f2a8-f782-b06c-8cd2-e2d675881142" testName="AssetHub.Tests.EdgeCases.AuthorizationEdgeCaseTests.CanCreateRootCollection_WhitespaceUserId_ReturnsFalse" computerName="runnervmnay03" duration="00:00:00.0004770" startTime="2026-02-28T18:03:19.9824153+00:00" endTime="2026-02-28T18:03:19.9824154+00:00" testType="13cdc9d9-ddb5-4fa4-a97d-d965ccfc6d4b" outcome="Passed" testListId="8c84fa94-04c1-424b-9868-57a2d4851a1d" relativeResultsDirectory="f78f91b7-7f1c-40f6-a205-abc10d422759" />
    <UnitTestResult executionId="4c215a9b-efac-416e-b1a5-4d3272020827" testId="2bf23226-582b-b417-e5ea-22930d2f7715" testName="AssetHub.Tests.EdgeCases.SecurityTests.UserA_CannotRevoke_UserBs_Share" computerName="runnervmnay03" duration="00:00:00.0151447" startTime="2026-02-28T18:02:30.6148901+00:00" endTime="2026-02-28T18:02:30.6148903+00:00" testType="13cdc9d9-ddb5-4fa4-a97d-d965ccfc6d4b" outcome="Passed" testListId="8c84fa94-04c1-424b-9868-57a2d4851a1d" relativeResultsDirectory="4c215a9b-efac-416e-b1a5-4d3272020827" />
    <UnitTestResult executionId="5d288731-e63d-46dc-88fa-55ee3117e784" testId="fbbfff35-83b6-7fdb-ae26-0db8bb92a355" testName="AssetHub.Tests.Services.AssetServiceMalwareScanTests.UploadAsync_WhenScannerFails_RejectsWithInternalError" computerName="runnervmnay03" duration="00:00:00.0739809" startTime="2026-02-28T18:02:31.1256351+00:00" endTime="2026-02-28T18:02:31.1256352+00:00" testType="13cdc9d9-ddb5-4fa4-a97d-d965ccfc6d4b" outcome="Passed" testListId="8c84fa94-04c1-424b-9868-57a2d4851a1d" relativeResultsDirectory="5d288731-e63d-46dc-88fa-55ee3117e784" />
    <UnitTestResult executionId="f123ddc6-e451-4953-8455-5ff72702de13" testId="17f5db22-afe6-713e-58b5-e16d1e935859" testName="AssetHub.Tests.EdgeCases.ConcurrencyTests.DeleteByCollectionAsync_ConcurrentWithAssetRead_HandlesGracefully" computerName="runnervmnay03" duration="00:00:00.1697085" startTime="2026-02-28T18:03:25.7386516+00:00" endTime="2026-02-28T18:03:25.7386517+00:00" testType="13cdc9d9-ddb5-4fa4-a97d-d965ccfc6d4b" outcome="Passed" testListId="8c84fa94-04c1-424b-9868-57a2d4851a1d" relativeResultsDirectory="f123ddc6-e451-4953-8455-5ff72702de13" />
    <UnitTestResult executionId="8061424f-8681-4ae9-85ee-178298dfcfd7" testId="f3af8d36-9aad-c71f-b8ee-bed61342045a" testName="AssetHub.Tests.Endpoints.AssetEndpointTests.GetDeletionContext_ViewerNoAccess_Returns403OrOk" computerName="runnervmnay03" duration="00:00:00.0176265" startTime="2026-02-28T18:02:26.7376687+00:00" endTime="2026-02-28T18:02:26.7376688+00:00" testType="13cdc9d9-ddb5-4fa4-a97d-d965ccfc6d4b" outcome="Passed" testListId="8c84fa94-04c1-424b-9868-57a2d4851a1d" relativeResultsDirectory="8061424f-8681-4ae9-85ee-178298dfcfd7" />
    <UnitTestResult executionId="799d7d93-e026-48c9-ac5d-df01772247a2" testId="4a54c461-e215-4758-51a6-5ea20c605e03" testName="AssetHub.Tests.Repositories.AssetRepositoryTests.SearchAllAsync_NullAllowedCollectionIds_ReturnsAllReadyAssets" computerName="runnervmnay03" duration="00:00:00.0685198" startTime="2026-02-28T18:02:58.4931379+00:00" endTime="2026-02-28T18:02:58.4931379+00:00" testType="13cdc9d9-ddb5-4fa4-a97d-d965ccfc6d4b" outcome="Passed" testListId="8c84fa94-04c1-424b-9868-57a2d4851a1d" relativeResultsDirectory="799d7d93-e026-48c9-ac5d-df01772247a2" />
    <UnitTestResult executionId="cc04d842-3b57-44c2-b50e-87b1d8f3d75a" testId="19aa0dd9-030b-8487-f7e6-20ec22823934" testName="AssetHub.Tests.Endpoints.AssetEndpointTests.DownloadOriginal_WithAccess_Returns302" computerName="runnervmnay03" duration="00:00:00.0170524" startTime="2026-02-28T18:02:26.5154134+00:00" endTime="2026-02-28T18:02:26.5154136+00:00" testType="13cdc9d9-ddb5-4fa4-a97d-d965ccfc6d4b" outcome="Passed" testListId="8c84fa94-04c1-424b-9868-57a2d4851a1d" relativeResultsDirectory="cc04d842-3b57-44c2-b50e-87b1d8f3d75a" />
    <UnitTestResult executionId="75b413c1-d561-426a-a18e-2715eefca9c8" testId="cb2724f8-246f-bbaa-5922-d481c02fb94a" testName="AssetHub.Tests.Endpoints.ShareEndpointTests.UpdateSharePassword_OtherUsersShare_Returns403" computerName="runnervmnay03" duration="00:00:00.0116900" startTime="2026-02-28T18:02:28.9516525+00:00" endTime="2026-02-28T18:02:28.9516526+00:00" testType="13cdc9d9-ddb5-4fa4-a97d-d965ccfc6d4b" outcome="Passed" testListId="8c84fa94-04c1-424b-9868-57a2d4851a1d" relativeResultsDirectory="75b413c1-d561-426a-a18e-2715eefca9c8" />
    <UnitTestResult executionId="3a7da0c9-ba54-4be4-b1a6-964fa47b2d93" testId="ce199b65-318f-8994-5426-1e4a4851b996" testName="AssetHub.Tests.Services.ShareAccessServiceTests.GetSharedContentAsync_RevokedShare_ReturnsRevokedError" computerName="runnervmnay03" duration="00:00:00.0029573" startTime="2026-02-28T18:02:13.6942820+00:00" endTime="2026-02-28T18:02:13.6942821+00:00" testType="13cdc9d9-ddb5-4fa4-a97d-d965ccfc6d4b" outcome="Passed" testListId="8c84fa94-04c1-424b-9868-57a2d4851a1d" relativeResultsDirectory="3a7da0c9-ba54-4be4-b1a6-964fa47b2d93" />
    <UnitTestResult executionId="b6656a2b-7986-44f7-9227-4f09ee478054" testId="eeffd1fa-7cf2-c040-367f-5ac66662e6ba" testName="AssetHub.Tests.Repositories.AssetCollectionRepositoryTests.AddToCollectionAsync_ReturnsNull_WhenAssetNotExists" computerName="runnervmnay03" duration="00:00:00.0245439" startTime="2026-02-28T18:02:49.7776531+00:00" endTime="2026-02-28T18:02:49.7776532+00:00" testType="13cdc9d9-ddb5-4fa4-a97d-d965ccfc6d4b" outcome="Passed" testListId="8c84fa94-04c1-424b-9868-57a2d4851a1d" relativeResultsDirectory="b6656a2b-7986-44f7-9227-4f09ee478054" />
    <UnitTestResult executionId="7149aae3-197b-4d35-bfbd-0ca113da73b9" testId="d1177e1f-e6f3-c2a6-0a1f-21bf95c44328" testName="AssetHub.Tests.EdgeCases.SmartDeletionServiceTests.Delete_PartialAccess_AssetStillAccessibleFromUnauthorizedCollection" computerName="runnervmnay03" duration="00:00:00.1082511" startTime="2026-02-28T18:03:30.2882509+00:00" endTime="2026-02-28T18:03:30.2882509+00:00" testType="13cdc9d9-ddb5-4fa4-a97d-d965ccfc6d4b" outcome="Passed" testListId="8c84fa94-04c1-424b-9868-57a2d4851a1d" relativeResultsDirectory="7149aae3-197b-4d35-bfbd-0ca113da73b9" />
    <UnitTestResult executionId="7d22c90e-2c72-4c0e-9a87-4e1dc033128d" testId="00caf2fb-3b8f-388c-8c81-a5177e71dbc9" testName="AssetHub.Tests.Repositories.AssetRepositoryTests.SearchAsync_SortsByTitleDescending" computerName="runnervmnay03" duration="00:00:00.0699838" startTime="2026-02-28T18:03:02.5000289+00:00" endTime="2026-02-28T18:03:02.5000290+00:00" testType="13cdc9d9-ddb5-4fa4-a97d-d965ccfc6d4b" outcome="Passed" testListId="8c84fa94-04c1-424b-9868-57a2d4851a1d" relativeResultsDirectory="7d22c90e-2c72-4c0e-9a87-4e1dc033128d" />
    <UnitTestResult executionId="505f86f2-fff7-40cd-8663-5e8a0648e89b" testId="ee5093cc-98a0-0a7e-fbdf-a6ab37a041a4" testName="AssetHub.Tests.Endpoints.ShareEndpointTests.GetSharedAsset_EmptyToken_ReturnsUnauthorized" computerName="runnervmnay03" duration="00:00:00.0042484" startTime="2026-02-28T18:02:29.3136150+00:00" endTime="2026-02-28T18:02:29.3136151+00:00" testType="13cdc9d9-ddb5-4fa4-a97d-d965ccfc6d4b" outcome="Passed" testListId="8c84fa94-04c1-424b-9868-57a2d4851a1d" relativeResultsDirectory="505f86f2-fff7-40cd-8663-5e8a0648e89b" />
    <UnitTestResult executionId="dc60de86-ce39-4f25-9d38-33f7fe0ffea3" testId="6e820b4b-bd0a-61b6-9c05-f80271437a26" testName="AssetHub.Tests.Repositories.AssetCollectionRepositoryTests.BelongsToCollectionAsync_ReturnsFalse_WhenNotInCollection" computerName="runnervmnay03" duration="00:00:00.0504289" startTime="2026-02-28T18:02:50.8642057+00:00" endTime="2026-02-28T18:02:50.8642058+00:00" testType="13cdc9d9-ddb5-4fa4-a97d-d965ccfc6d4b" outcome="Passed" testListId="8c84fa94-04c1-424b-9868-57a2d4851a1d" relativeResultsDirectory="dc60de86-ce39-4f25-9d38-33f7fe0ffea3" />
    <UnitTestResult executionId="c89294cd-c0c4-49fd-93cb-a48905062dd3" testId="d6342219-ca61-c0d8-fa31-eb3c8d0b49eb" testName="AssetHub.Tests.Endpoints.CollectionEndpointTests.DeleteCollection_NonExistentCollection_Returns403" computerName="runnervmnay03" duration="00:00:00.0104939" startTime="2026-02-28T18:02:27.5569128+00:00" endTime="2026-02-28T18:02:27.5569129+00:00" testType="13cdc9d9-ddb5-4fa4-a97d-d965ccfc6d4b" outcome="Passed" testListId="8c84fa94-04c1-424b-9868-57a2d4851a1d" relativeResultsDirectory="c89294cd-c0c4-49fd-93cb-a48905062dd3" />
    <UnitTestResult executionId="2a67ca7c-e5ad-4196-b8a8-bd94f199b246" testId="0a30013b-fdc2-3616-cd2e-05fdac869faa" testName="AssetHub.Tests.EdgeCases.SecurityTests.UserA_CannotCreateShare_For_UserBs_Asset" computerName="runnervmnay03" duration="00:00:00.0211061" startTime="2026-02-28T18:02:30.5426892+00:00" endTime="2026-02-28T18:02:30.5426893+00:00" testType="13cdc9d9-ddb5-4fa4-a97d-d965ccfc6d4b" outcome="Passed" testListId="8c84fa94-04c1-424b-9868-57a2d4851a1d" relativeResultsDirectory="2a67ca7c-e5ad-4196-b8a8-bd94f199b246" />
    <UnitTestResult executionId="7b07d583-1ec0-414e-822c-1dbd0d689140" testId="3d4c1d1e-b26b-a63c-86d7-1bbdbbec1a1f" testName="AssetHub.Tests.EdgeCases.ConcurrencyTests.UpdateCollection_ConcurrentUpdates_LastWriteWins" computerName="runnervmnay03" duration="00:00:00.0818971" startTime="2026-02-28T18:03:22.8310651+00:00" endTime="2026-02-28T18:03:22.8310651+00:00" testType="13cdc9d9-ddb5-4fa4-a97d-d965ccfc6d4b" outcome="Passed" testListId="8c84fa94-04c1-424b-9868-57a2d4851a1d" relativeResultsDirectory="7b07d583-1ec0-414e-822c-1dbd0d689140" />
    <UnitTestResult executionId="89e79457-07fa-4301-8fb5-d438504e1821" testId="4aa5dedc-a5da-a842-31aa-1b981d9d9154" testName="AssetHub.Tests.Services.ShareAccessServiceTests.GetSharedContentAsync_InvalidToken_ReturnsNotFound" computerName="runnervmnay03" duration="00:00:00.0016190" startTime="2026-02-28T18:02:14.7545261+00:00" endTime="2026-02-28T18:02:14.7545262+00:00" testType="13cdc9d9-ddb5-4fa4-a97d-d965ccfc6d4b" outcome="Passed" testListId="8c84fa94-04c1-424b-9868-57a2d4851a1d" relativeResultsDirectory="89e79457-07fa-4301-8fb5-d438504e1821" />
    <UnitTestResult executionId="123aef72-83a3-4d0b-a9e1-2d89b1361ac5" testId="98c72eae-c7e7-6af7-7d0d-3a732c69c447" testName="AssetHub.Tests.Endpoints.ShareEndpointTests.CreateShare_PastExpiryDate_ReturnsBadRequest" computerName="runnervmnay03" duration="00:00:00.0188506" startTime="2026-02-28T18:02:29.3551629+00:00" endTime="2026-02-28T18:02:29.3551631+00:00" testType="13cdc9d9-ddb5-4fa4-a97d-d965ccfc6d4b" outcome="Passed" testListId="8c84fa94-04c1-424b-9868-57a2d4851a1d" relativeResultsDirectory="123aef72-83a3-4d0b-a9e1-2d89b1361ac5" />
    <UnitTestResult executionId="af27dd7f-eceb-4324-bea1-c815d57f7b6b" testId="d42dcd40-7a72-fe49-9be8-bcf5838359f8" testName="AssetHub.Tests.Repositories.AssetRepositoryTests.SearchAllAsync_ExcludesNonReadyAssets" computerName="runnervmnay03" duration="00:00:00.0809597" startTime="2026-02-28T18:02:55.6334056+00:00" endTime="2026-02-28T18:02:55.6334057+00:00" testType="13cdc9d9-ddb5-4fa4-a97d-d965ccfc6d4b" outcome="Passed" testListId="8c84fa94-04c1-424b-9868-57a2d4851a1d" relativeResultsDirectory="af27dd7f-eceb-4324-bea1-c815d57f7b6b" />
    <UnitTestResult executionId="69d6b50b-500b-434c-b333-cd40e8b74ac6" testId="c09cad73-4cb4-ff16-fc80-2f36b482c1c3" testName="AssetHub.Tests.Helpers.FileMagicValidatorTests.Validate_HeaderTooShort_ReturnsFalse" computerName="runnervmnay03" duration="00:00:00.0000965" startTime="2026-02-28T18:02:15.7587842+00:00" endTime="2026-02-28T18:02:15.7587843+00:00" testType="13cdc9d9-ddb5-4fa4-a97d-d965ccfc6d4b" outcome="Passed" testListId="8c84fa94-04c1-424b-9868-57a2d4851a1d" relativeResultsDirectory="69d6b50b-500b-434c-b333-cd40e8b74ac6" />
    <UnitTestResult executionId="c2db7a8d-da28-44fc-a910-2e34ac875a58" testId="48dd68d9-4ee4-9604-a63e-ae58dcd64466" testName="AssetHub.Tests.Services.AssetServiceAuditTests.GetRenditionUrl_ForceDownload_LogsAuditEvent" computerName="runnervmnay03" duration="00:00:00.1456729" startTime="2026-02-28T18:02:28.3149873+00:00" endTime="2026-02-28T18:02:28.3149874+00:00" testType="13cdc9d9-ddb5-4fa4-a97d-d965ccfc6d4b" outcome="Passed" testListId="8c84fa94-04c1-424b-9868-57a2d4851a1d" relativeResultsDirectory="c2db7a8d-da28-44fc-a910-2e34ac875a58" />
    <UnitTestResult executionId="338c8890-7a02-4d6e-9997-e3a85bec45e9" testId="c30ccb06-b0a1-e930-0947-d6dd6f833d03" testName="AssetHub.Tests.Repositories.AssetCollectionRepositoryTests.GetCollectionIdsForAssetsAsync_ReturnsBatchResults" computerName="runnervmnay03" duration="00:00:00.0704862" startTime="2026-02-28T18:02:50.0547003+00:00" endTime="2026-02-28T18:02:50.0547004+00:00" testType="13cdc9d9-ddb5-4fa4-a97d-d965ccfc6d4b" outcome="Passed" testListId="8c84fa94-04c1-424b-9868-57a2d4851a1d" relativeResultsDirectory="338c8890-7a02-4d6e-9997-e3a85bec45e9" />
    <UnitTestResult executionId="9192b0dd-6ade-40ee-81bf-e86b3c381de0" testId="38fc4f63-5225-e094-7339-c2d3ee3f2fb4" testName="AssetHub.Tests.Endpoints.ShareEndpointTests.DownloadAllSharedAssets_NonExistentToken_Returns401Or404" computerName="runnervmnay03" duration="00:00:00.0089225" startTime="2026-02-28T18:02:29.5830052+00:00" endTime="2026-02-28T18:02:29.5830053+00:00" testType="13cdc9d9-ddb5-4fa4-a97d-d965ccfc6d4b" outcome="Passed" testListId="8c84fa94-04c1-424b-9868-57a2d4851a1d" relativeResultsDirectory="9192b0dd-6ade-40ee-81bf-e86b3c381de0" />
    <UnitTestResult executionId="3111806f-c8ab-4dcf-8461-ada62e67f820" testId="3a405a1f-636d-a813-417b-031f8786fd8a" testName="AssetHub.Tests.EdgeCases.ConcurrencyTests.DeleteAsync_ConcurrentDeletion_OnlyOneSucceeds" computerName="runnervmnay03" duration="00:00:00.0905589" startTime="2026-02-28T18:03:27.0768710+00:00" endTime="2026-02-28T18:03:27.0768710+00:00" testType="13cdc9d9-ddb5-4fa4-a97d-d965ccfc6d4b" outcome="Passed" testListId="8c84fa94-04c1-424b-9868-57a2d4851a1d" relativeResultsDirectory="3111806f-c8ab-4dcf-8461-ada62e67f820" />
    <UnitTestResult executionId="97f4753f-f1fe-40fc-84fe-d8a15e386ac4" testId="817942ef-01a4-74bb-40b1-849a8577e0c1" testName="AssetHub.Tests.EdgeCases.SecurityTests.UserA_CannotManageACLs_On_UserBs_Collection" computerName="runnervmnay03" duration="00:00:00.0173654" startTime="2026-02-28T18:02:30.8723836+00:00" endTime="2026-02-28T18:02:30.8723838+00:00" testType="13cdc9d9-ddb5-4fa4-a97d-d965ccfc6d4b" outcome="Passed" testListId="8c84fa94-04c1-424b-9868-57a2d4851a1d" relativeResultsDirectory="97f4753f-f1fe-40fc-84fe-d8a15e386ac4" />
    <UnitTestResult executionId="7b02dd73-3328-4d7c-92bf-2840bdc5110f" testId="ac97ec90-c2e2-9435-e86e-21e9dba9ef51" testName="AssetHub.Tests.Endpoints.AssetEndpointTests.UpdateAsset_WithContributorAccess_Returns200" computerName="runnervmnay03" duration="00:00:00.0216715" startTime="2026-02-28T18:02:27.3486239+00:00" endTime="2026-02-28T18:02:27.3486240+00:00" testType="13cdc9d9-ddb5-4fa4-a97d-d965ccfc6d4b" outcome="Passed" testListId="8c84fa94-04c1-424b-9868-57a2d4851a1d" relativeResultsDirectory="7b02dd73-3328-4d7c-92bf-2840bdc5110f" />
    <UnitTestResult executionId="633bb6fe-98f0-4b17-941f-dea775248e83" testId="4628ae7f-3457-b6c5-5b48-11fc5635b1b5" testName="AssetHub.Tests.EdgeCases.MultiCollectionAccessTests.AssetInMultipleCollections_CollectionIdsReturnsAll" computerName="runnervmnay03" duration="00:00:00.0603006" startTime="2026-02-28T18:03:28.4193765+00:00" endTime="2026-02-28T18:03:28.4193766+00:00" testType="13cdc9d9-ddb5-4fa4-a97d-d965ccfc6d4b" outcome="Passed" testListId="8c84fa94-04c1-424b-9868-57a2d4851a1d" relativeResultsDirectory="633bb6fe-98f0-4b17-941f-dea775248e83" />
    <UnitTestResult executionId="28ad2419-3874-4ea3-872f-b0b047b55702" testId="8cd81577-7e97-c433-5866-dde969f64a0c" testName="AssetHub.Tests.Endpoints.AdminEndpointTests.GetCollectionAccessTree_Admin_Returns200" computerName="runnervmnay03" duration="00:00:00.0226736" startTime="2026-02-28T18:02:25.2361609+00:00" endTime="2026-02-28T18:02:25.2361611+00:00" testType="13cdc9d9-ddb5-4fa4-a97d-d965ccfc6d4b" outcome="Passed" testListId="8c84fa94-04c1-424b-9868-57a2d4851a1d" relativeResultsDirectory="28ad2419-3874-4ea3-872f-b0b047b55702" />
    <UnitTestResult executionId="d220f2df-03e8-4d37-9d8d-6b9ee174fc4f" testId="155ef54a-bbdf-a461-917b-f336ce28f1b7" testName="AssetHub.Tests.Services.CollectionServiceTests.CreateAsync_DuplicateRootName_ReturnsBadRequest" computerName="runnervmnay03" duration="00:00:00.0234842" startTime="2026-02-28T18:02:41.8117210+00:00" endTime="2026-02-28T18:02:41.8117210+00:00" testType="13cdc9d9-ddb5-4fa4-a97d-d965ccfc6d4b" outcome="Passed" testListId="8c84fa94-04c1-424b-9868-57a2d4851a1d" relativeResultsDirectory="d220f2df-03e8-4d37-9d8d-6b9ee174fc4f" />
    <UnitTestResult executionId="38d1bb5f-0e49-402b-8ec9-6e3a753a7697" testId="06915603-f8d1-090f-7758-ec7043f6a8c2" testName="AssetHub.Tests.Repositories.CollectionRepositoryTests.UpdateAsync_ModifiesName" computerName="runnervmnay03" duration="00:00:00.0212928" startTime="2026-02-28T18:03:09.5967404+00:00" endTime="2026-02-28T18:03:09.5967404+00:00" testType="13cdc9d9-ddb5-4fa4-a97d-d965ccfc6d4b" outcome="Passed" testListId="8c84fa94-04c1-424b-9868-57a2d4851a1d" relativeResultsDirectory="38d1bb5f-0e49-402b-8ec9-6e3a753a7697" />
    <UnitTestResult executionId="3046bf17-45f7-4707-9700-accc1a878845" testId="eadbbbbc-ef7c-e6c8-043f-82e3bccd677e" testName="AssetHub.Tests.Endpoints.AdminEndpointTests.Viewer_CannotGetShareToken_Returns403" computerName="runnervmnay03" duration="00:00:00.0018710" startTime="2026-02-28T18:02:25.3380571+00:00" endTime="2026-02-28T18:02:25.3380572+00:00" testType="13cdc9d9-ddb5-4fa4-a97d-d965ccfc6d4b" outcome="Passed" testListId="8c84fa94-04c1-424b-9868-57a2d4851a1d" relativeResultsDirectory="3046bf17-45f7-4707-9700-accc1a878845" />
    <UnitTestResult executionId="77f83514-1438-4bb9-b64b-316284c504dc" testId="ba0ea198-6e7f-6e8c-5d30-a8bbd7a760c1" testName="AssetHub.Tests.Repositories.AssetRepositoryTests.SearchAsync_SortsByCreatedAscending" computerName="runnervmnay03" duration="00:00:00.0711746" startTime="2026-02-28T18:03:01.0877084+00:00" endTime="2026-02-28T18:03:01.0877085+00:00" testType="13cdc9d9-ddb5-4fa4-a97d-d965ccfc6d4b" outcome="Passed" testListId="8c84fa94-04c1-424b-9868-57a2d4851a1d" relativeResultsDirectory="77f83514-1438-4bb9-b64b-316284c504dc" />
    <UnitTestResult executionId="4b3c9435-e60f-4e59-b999-670b0bc9fca9" testId="454f0f69-6c3d-4754-7b91-c22d2ba7f60d" testName="AssetHub.Tests.Services.DashboardServiceTests.GetDashboard_PartialUserLookup_HandlesUnresolvedUsers" computerName="runnervmnay03" duration="00:00:00.1548669" startTime="2026-02-28T18:02:44.7378287+00:00" endTime="2026-02-28T18:02:44.7378287+00:00" testType="13cdc9d9-ddb5-4fa4-a97d-d965ccfc6d4b" outcome="Passed" testListId="8c84fa94-04c1-424b-9868-57a2d4851a1d" relativeResultsDirectory="4b3c9435-e60f-4e59-b999-670b0bc9fca9" />
    <UnitTestResult executionId="8fe4a55a-1f76-45df-a0f9-4b02ecaee1f5" testId="748ad3b6-83fb-c17a-37f5-eec4b8a6700b" testName="AssetHub.Tests.Endpoints.AssetEndpointTests.GetAssetCollections_NotFound_Returns404" computerName="runnervmnay03" duration="00:00:00.0083101" startTime="2026-02-28T18:02:26.6268407+00:00" endTime="2026-02-28T18:02:26.6268408+00:00" testType="13cdc9d9-ddb5-4fa4-a97d-d965ccfc6d4b" outcome="Passed" testListId="8c84fa94-04c1-424b-9868-57a2d4851a1d" relativeResultsDirectory="8fe4a55a-1f76-45df-a0f9-4b02ecaee1f5" />
    <UnitTestResult executionId="87122695-b31a-4dda-8788-1b4990adb9cd" testId="070a32e1-ff97-8812-058c-4adc07004079" testName="AssetHub.Tests.Helpers.FileMagicValidatorTests.Validate_ValidPdf_ReturnsTrue" computerName="runnervmnay03" duration="00:00:00.0001030" startTime="2026-02-28T18:02:15.7851129+00:00" endTime="2026-02-28T18:02:15.7851129+00:00" testType="13cdc9d9-ddb5-4fa4-a97d-d965ccfc6d4b" outcome="Passed" testListId="8c84fa94-04c1-424b-9868-57a2d4851a1d" relativeResultsDirectory="87122695-b31a-4dda-8788-1b4990adb9cd" />
    <UnitTestResult executionId="e5b4f89e-69d3-4aeb-ae4d-ececbf0c552f" testId="edbc1873-ca95-5f44-07a4-290b5fd83a36" testName="AssetHub.Tests.EdgeCases.CollectionAclInheritanceTests.RevokeAcl_RemovesAccess" computerName="runnervmnay03" duration="00:00:00.0528648" startTime="2026-02-28T18:03:22.2584259+00:00" endTime="2026-02-28T18:03:22.2584259+00:00" testType="13cdc9d9-ddb5-4fa4-a97d-d965ccfc6d4b" outcome="Passed" testListId="8c84fa94-04c1-424b-9868-57a2d4851a1d" relativeResultsDirectory="e5b4f89e-69d3-4aeb-ae4d-ececbf0c552f" />
    <UnitTestResult executionId="bd9b5545-f872-44c3-a939-11219302c98f" testId="9923e15f-9f53-fe1d-3d28-4b3cbcf7d434" testName="AssetHub.Tests.Endpoints.CollectionEndpointTests.ViewerCannotDeleteCollection_Returns403" computerName="runnervmnay03" duration="00:00:00.0313153" startTime="2026-02-28T18:02:27.7574104+00:00" endTime="2026-02-28T18:02:27.7574105+00:00" testType="13cdc9d9-ddb5-4fa4-a97d-d965ccfc6d4b" outcome="Passed" testListId="8c84fa94-04c1-424b-9868-57a2d4851a1d" relativeResultsDirectory="bd9b5545-f872-44c3-a939-11219302c98f" />
    <UnitTestResult executionId="baffed29-6b48-4e54-ab4c-a29266c65e6f" testId="9392f349-6943-3667-73ed-9947e6a51e28" testName="AssetHub.Tests.EdgeCases.AuthorizationEdgeCaseTests.CheckAccess_DirectAcl_Viewer_MeetsViewerRequirement" computerName="runnervmnay03" duration="00:00:00.0408154" startTime="2026-02-28T18:03:17.6069926+00:00" endTime="2026-02-28T18:03:17.6069927+00:00" testType="13cdc9d9-ddb5-4fa4-a97d-d965ccfc6d4b" outcome="Passed" testListId="8c84fa94-04c1-424b-9868-57a2d4851a1d" relativeResultsDirectory="baffed29-6b48-4e54-ab4c-a29266c65e6f" />
    <UnitTestResult executionId="122a8097-a94b-463b-8571-287307f2ab9b" testId="bb115852-2fe7-fc68-6fb9-fb93a4712c7c" testName="AssetHub.Tests.EdgeCases.SmartDeletionTests.DeleteByCollection_ExclusiveAsset_IsDeleted" computerName="runnervmnay03" duration="00:00:00.0819455" startTime="2026-02-28T18:03:33.4616708+00:00" endTime="2026-02-28T18:03:33.4616709+00:00" testType="13cdc9d9-ddb5-4fa4-a97d-d965ccfc6d4b" outcome="Passed" testListId="8c84fa94-04c1-424b-9868-57a2d4851a1d" relativeResultsDirectory="122a8097-a94b-463b-8571-287307f2ab9b" />
    <UnitTestResult executionId="97b2336b-3c6a-4ca6-a6e5-d97d9f0df250" testId="3167ec50-ee8d-c901-cb11-56a586414bd5" testName="AssetHub.Tests.Repositories.ShareRepositoryTests.GetByUserAsync_ReturnsOnlyUserShares" computerName="runnervmnay03" duration="00:00:00.0347207" startTime="2026-02-28T18:03:17.0960528+00:00" endTime="2026-02-28T18:03:17.0960528+00:00" testType="13cdc9d9-ddb5-4fa4-a97d-d965ccfc6d4b" outcome="Passed" testListId="8c84fa94-04c1-424b-9868-57a2d4851a1d" relativeResultsDirectory="97b2336b-3c6a-4ca6-a6e5-d97d9f0df250" />
    <UnitTestResult executionId="6b7a2008-3695-40af-ad1f-3b9a6ee2149f" testId="4d431d56-7fb0-cd8f-3c7e-5e2388b00f38" testName="AssetHub.Tests.EdgeCases.SecurityTests.Share_Download_WithInvalidToken_ReturnsUnauthorized" computerName="runnervmnay03" duration="00:00:00.0077037" startTime="2026-02-28T18:02:29.7226173+00:00" endTime="2026-02-28T18:02:29.7226175+00:00" testType="13cdc9d9-ddb5-4fa4-a97d-d965ccfc6d4b" outcome="Passed" testListId="8c84fa94-04c1-424b-9868-57a2d4851a1d" relativeResultsDirectory="6b7a2008-3695-40af-ad1f-3b9a6ee2149f" />
    <UnitTestResult executionId="48fc7024-e7c8-4cda-8c37-765fed789e53" testId="a5004da3-ca13-78b0-c619-53098c7a26ba" testName="AssetHub.Tests.EdgeCases.MultiCollectionAccessTests.CollectionDeletion_CascadesAclDeletion" computerName="runnervmnay03" duration="00:00:00.0392391" startTime="2026-02-28T18:03:27.8567441+00:00" endTime="2026-02-28T18:03:27.8567441+00:00" testType="13cdc9d9-ddb5-4fa4-a97d-d965ccfc6d4b" outcome="Passed" testListId="8c84fa94-04c1-424b-9868-57a2d4851a1d" relativeResultsDirectory="48fc7024-e7c8-4cda-8c37-765fed789e53" />
    <UnitTestResult executionId="4db1985a-77a5-405a-986f-ba20a5b66433" testId="db824c70-2537-eb8f-6d5d-f0f10ff7f606" testName="AssetHub.Tests.Services.CollectionServiceTests.DeleteAsync_AdminCanDelete_Success" computerName="runnervmnay03" duration="00:00:00.0524187" startTime="2026-02-28T18:02:38.9626251+00:00" endTime="2026-02-28T18:02:38.9626252+00:00" testType="13cdc9d9-ddb5-4fa4-a97d-d965ccfc6d4b" outcome="Passed" testListId="8c84fa94-04c1-424b-9868-57a2d4851a1d" relativeResultsDirectory="4db1985a-77a5-405a-986f-ba20a5b66433" />
    <UnitTestResult executionId="8ee00444-16d5-44d9-ab27-434e8713abb2" testId="89cf3e6e-e1b2-a8f7-46f9-c7eced4b3575" testName="AssetHub.Tests.Services.ExternalServiceResilienceTests.UploadAsync_WhenMalwareScannerUnavailable_DoesNotUploadToMinIO" computerName="runnervmnay03" duration="00:00:00.0411497" startTime="2026-02-28T18:02:48.7119836+00:00" endTime="2026-02-28T18:02:48.7119836+00:00" testType="13cdc9d9-ddb5-4fa4-a97d-d965ccfc6d4b" outcome="Passed" testListId="8c84fa94-04c1-424b-9868-57a2d4851a1d" relativeResultsDirectory="8ee00444-16d5-44d9-ab27-434e8713abb2" />
    <UnitTestResult executionId="e72a7efe-ac91-4824-9d78-720f9a9b59ee" testId="03744a7f-417b-ef6c-1a93-7ee88543ca78" testName="AssetHub.Tests.Endpoints.AdminEndpointTests.Viewer_CannotSetCollectionAccess_Returns403" computerName="runnervmnay03" duration="00:00:00.0054890" startTime="2026-02-28T18:02:24.8886269+00:00" endTime="2026-02-28T18:02:24.8886270+00:00" testType="13cdc9d9-ddb5-4fa4-a97d-d965ccfc6d4b" outcome="Passed" testListId="8c84fa94-04c1-424b-9868-57a2d4851a1d" relativeResultsDirectory="e72a7efe-ac91-4824-9d78-720f9a9b59ee" />
    <UnitTestResult executionId="b0a0509c-de85-44a7-a525-813315484a6d" testId="0d334b9d-66bc-87f4-6ac4-72fece33c03c" testName="AssetHub.Tests.Endpoints.CollectionEndpointTests.SetCollectionAccess_ManagerCanGrant_Returns201" computerName="runnervmnay03" duration="00:00:00.0301871" startTime="2026-02-28T18:02:27.8886670+00:00" endTime="2026-02-28T18:02:27.8886671+00:00" testType="13cdc9d9-ddb5-4fa4-a97d-d965ccfc6d4b" outcome="Passed" testListId="8c84fa94-04c1-424b-9868-57a2d4851a1d" relativeResultsDirectory="b0a0509c-de85-44a7-a525-813315484a6d" />
    <UnitTestResult executionId="48d96f57-32b5-4cd3-a8ed-f681c9dedb3f" testId="904e9634-db5c-50e7-5fdb-966287ba84a4" testName="AssetHub.Tests.Endpoints.CollectionEndpointTests.SetCollectionAccess_NonExistentCollection_Returns403" computerName="runnervmnay03" duration="00:00:00.0082924" startTime="2026-02-28T18:02:27.7876254+00:00" endTime="2026-02-28T18:02:27.7876256+00:00" testType="13cdc9d9-ddb5-4fa4-a97d-d965ccfc6d4b" outcome="Passed" testListId="8c84fa94-04c1-424b-9868-57a2d4851a1d" relativeResultsDirectory="48d96f57-32b5-4cd3-a8ed-f681c9dedb3f" />
    <UnitTestResult executionId="3553d454-6585-4560-a174-eea1b3587d68" testId="8539b52a-8b44-f516-d9a3-78cdbc924a3c" testName="AssetHub.Tests.Services.CollectionServiceTests.DeleteAsync_NonExistent_ReturnsNotFound" computerName="runnervmnay03" duration="00:00:00.0160181" startTime="2026-02-28T18:02:39.9569148+00:00" endTime="2026-02-28T18:02:39.9569149+00:00" testType="13cdc9d9-ddb5-4fa4-a97d-d965ccfc6d4b" outcome="Passed" testListId="8c84fa94-04c1-424b-9868-57a2d4851a1d" relativeResultsDirectory="3553d454-6585-4560-a174-eea1b3587d68" />
    <UnitTestResult executionId="3ee1db72-c0cf-46c6-bba3-0e3e8218bbc1" testId="e46392e4-2587-e2e0-337c-871f5ebed001" testName="AssetHub.Tests.Services.DashboardServiceTests.GetDashboard_Admin_StatsCountCorrectly" computerName="runnervmnay03" duration="00:00:00.1100494" startTime="2026-02-28T18:02:44.3478683+00:00" endTime="2026-02-28T18:02:44.3478683+00:00" testType="13cdc9d9-ddb5-4fa4-a97d-d965ccfc6d4b" outcome="Passed" testListId="8c84fa94-04c1-424b-9868-57a2d4851a1d" relativeResultsDirectory="3ee1db72-c0cf-46c6-bba3-0e3e8218bbc1" />
    <UnitTestResult executionId="f3af84b5-28ed-49ff-8a5b-e0d25af95169" testId="0671abb1-de6e-286d-4997-977bd0826fc2" testName="AssetHub.Tests.EdgeCases.AuthorizationEdgeCaseTests.CanCreateRootCollection_ValidUserId_ReturnsTrue" computerName="runnervmnay03" duration="00:00:00.0005540" startTime="2026-02-28T18:03:18.0786302+00:00" endTime="2026-02-28T18:03:18.0786302+00:00" testType="13cdc9d9-ddb5-4fa4-a97d-d965ccfc6d4b" outcome="Passed" testListId="8c84fa94-04c1-424b-9868-57a2d4851a1d" relativeResultsDirectory="f3af84b5-28ed-49ff-8a5b-e0d25af95169" />
    <UnitTestResult executionId="4d596187-5762-4b37-a9eb-062c9422fd40" testId="25f2e6d1-4e2c-8102-8f89-56f15a167979" testName="AssetHub.Tests.Services.AssetDeletionServiceTests.PermanentDelete_RemovesAssetSharesAndDbRow" computerName="runnervmnay03" duration="00:00:00.1674582" startTime="2026-02-28T18:02:27.0726756+00:00" endTime="2026-02-28T18:02:27.0726757+00:00" testType="13cdc9d9-ddb5-4fa4-a97d-d965ccfc6d4b" outcome="Passed" testListId="8c84fa94-04c1-424b-9868-57a2d4851a1d" relativeResultsDirectory="4d596187-5762-4b37-a9eb-062c9422fd40" />
    <UnitTestResult executionId="ff15ee7e-ac1f-4a62-9d64-e4a020c6936f" testId="39c92d8c-76ba-f33c-7461-0c5f7b5d93c9" testName="AssetHub.Tests.Repositories.AssetCollectionRepositoryTests.RemoveFromCollectionAsync_RemovesLink" computerName="runnervmnay03" duration="00:00:00.0657917" startTime="2026-02-28T18:02:51.7104766+00:00" endTime="2026-02-28T18:02:51.7104766+00:00" testType="13cdc9d9-ddb5-4fa4-a97d-d965ccfc6d4b" outcome="Passed" testListId="8c84fa94-04c1-424b-9868-57a2d4851a1d" relativeResultsDirectory="ff15ee7e-ac1f-4a62-9d64-e4a020c6936f" />
    <UnitTestResult executionId="45a0085a-d9d0-43da-81f2-c79e0b413886" testId="022fefa3-776d-eb2c-e277-8e67f31f370a" testName="AssetHub.Tests.Repositories.AssetRepositoryTests.SearchAsync_CombinesQueryAndTypeFilter" computerName="runnervmnay03" duration="00:00:00.0712791" startTime="2026-02-28T18:02:57.6658757+00:00" endTime="2026-02-28T18:02:57.6658757+00:00" testType="13cdc9d9-ddb5-4fa4-a97d-d965ccfc6d4b" outcome="Passed" testListId="8c84fa94-04c1-424b-9868-57a2d4851a1d" relativeResultsDirectory="45a0085a-d9d0-43da-81f2-c79e0b413886" />
    <UnitTestResult executionId="4a6a4ae3-d34e-4dde-b980-856550404348" testId="1ae42b63-cf68-afe4-e858-8d18ca474cfe" testName="AssetHub.Tests.Repositories.ShareRepositoryTests.DeleteAsync_NoOp_WhenNotExists" computerName="runnervmnay03" duration="00:00:00.0110650" startTime="2026-02-28T18:03:15.8723590+00:00" endTime="2026-02-28T18:03:15.8723591+00:00" testType="13cdc9d9-ddb5-4fa4-a97d-d965ccfc6d4b" outcome="Passed" testListId="8c84fa94-04c1-424b-9868-57a2d4851a1d" relativeResultsDirectory="4a6a4ae3-d34e-4dde-b980-856550404348" />
    <UnitTestResult executionId="7e76d9e6-7150-4fed-a426-c47d1daba97b" testId="478801e8-bcb0-2d40-e525-9fd13059689a" testName="AssetHub.Tests.Repositories.AssetRepositoryTests.SearchAsync_FindsByDescription" computerName="runnervmnay03" duration="00:00:00.0676079" startTime="2026-02-28T18:03:05.5574234+00:00" endTime="2026-02-28T18:03:05.5574234+00:00" testType="13cdc9d9-ddb5-4fa4-a97d-d965ccfc6d4b" outcome="Passed" testListId="8c84fa94-04c1-424b-9868-57a2d4851a1d" relativeResultsDirectory="7e76d9e6-7150-4fed-a426-c47d1daba97b" />
    <UnitTestResult executionId="958ca937-f27a-437f-b01f-fba00515a125" testId="e674da81-745b-41a9-90ee-f9a4f4203e26" testName="AssetHub.Tests.Helpers.FileMagicValidatorTests.Validate_HtmlClaimingToBePng_ReturnsFalse" computerName="runnervmnay03" duration="00:00:00.0000927" startTime="2026-02-28T18:02:15.7886971+00:00" endTime="2026-02-28T18:02:15.7886971+00:00" testType="13cdc9d9-ddb5-4fa4-a97d-d965ccfc6d4b" outcome="Passed" testListId="8c84fa94-04c1-424b-9868-57a2d4851a1d" relativeResultsDirectory="958ca937-f27a-437f-b01f-fba00515a125" />
    <UnitTestResult executionId="062121c6-a6c4-4c4a-996d-7e17bc21bee7" testId="b5b8366d-5ba4-96d8-676b-340425d6f053" testName="AssetHub.Tests.Endpoints.AssetEndpointTests.GetAssets_Viewer_Returns403" computerName="runnervmnay03" duration="00:00:00.0039772" startTime="2026-02-28T18:02:27.0132957+00:00" endTime="2026-02-28T18:02:27.0132958+00:00" testType="13cdc9d9-ddb5-4fa4-a97d-d965ccfc6d4b" outcome="Passed" testListId="8c84fa94-04c1-424b-9868-57a2d4851a1d" relativeResultsDirectory="062121c6-a6c4-4c4a-996d-7e17bc21bee7" />
    <UnitTestResult executionId="1bbb11d7-696c-49e5-8a65-b8f59470e4b6" testId="5f2028d7-a8cb-8236-c0d5-ed03e7c49c8d" testName="AssetHub.Tests.Endpoints.AssetEndpointTests.InitUpload_WithAccess_Returns200" computerName="runnervmnay03" duration="00:00:00.0472156" startTime="2026-02-28T18:02:26.3922819+00:00" endTime="2026-02-28T18:02:26.3922821+00:00" testType="13cdc9d9-ddb5-4fa4-a97d-d965ccfc6d4b" outcome="Passed" testListId="8c84fa94-04c1-424b-9868-57a2d4851a1d" relativeResultsDirectory="1bbb11d7-696c-49e5-8a65-b8f59470e4b6" />
    <UnitTestResult executionId="6399c227-f3f9-483d-a06c-024b61d7371c" testId="307bd0ed-8ddd-2144-ee07-564e3fe8d6fc" testName="AssetHub.Tests.EdgeCases.AuthorizationEdgeCaseTests.CheckAccess_NoAcl_ReturnsFalse" computerName="runnervmnay03" duration="00:00:00.0262544" startTime="2026-02-28T18:03:20.2030120+00:00" endTime="2026-02-28T18:03:20.2030121+00:00" testType="13cdc9d9-ddb5-4fa4-a97d-d965ccfc6d4b" outcome="Passed" testListId="8c84fa94-04c1-424b-9868-57a2d4851a1d" relativeResultsDirectory="6399c227-f3f9-483d-a06c-024b61d7371c" />
    <UnitTestResult executionId="91624cba-b031-4b1d-8023-dbdf8297a26a" testId="fcda6533-8e8b-0687-b155-3d9d2618b8ba" testName="AssetHub.Tests.Endpoints.AssetEndpointTests.GetDeletionContext_NotFound_Returns404" computerName="runnervmnay03" duration="00:00:00.0127456" startTime="2026-02-28T18:02:26.1044022+00:00" endTime="2026-02-28T18:02:26.1044023+00:00" testType="13cdc9d9-ddb5-4fa4-a97d-d965ccfc6d4b" outcome="Passed" testListId="8c84fa94-04c1-424b-9868-57a2d4851a1d" relativeResultsDirectory="91624cba-b031-4b1d-8023-dbdf8297a26a" />
    <UnitTestResult executionId="b204ef39-dc60-4c87-9a76-fd1882cb971d" testId="53257683-7aa3-b5d4-96a5-65d35d5e7296" testName="AssetHub.Tests.Services.CollectionServiceTests.CreateAsync_DescriptionTooLong_ReturnsBadRequest" computerName="runnervmnay03" duration="00:00:00.0005911" startTime="2026-02-28T18:02:41.5296174+00:00" endTime="2026-02-28T18:02:41.5296175+00:00" testType="13cdc9d9-ddb5-4fa4-a97d-d965ccfc6d4b" outcome="Passed" testListId="8c84fa94-04c1-424b-9868-57a2d4851a1d" relativeResultsDirectory="b204ef39-dc60-4c87-9a76-fd1882cb971d" />
    <UnitTestResult executionId="dc906727-fbd3-4a82-a272-dc5b5d265d7e" testId="8f19cb89-f21d-9709-ee00-66dbf2c64d2a" testName="AssetHub.Tests.EdgeCases.CollectionAclInheritanceTests.CanManageAcl_Manager_ReturnsTrue" computerName="runnervmnay03" duration="00:00:00.0401361" startTime="2026-02-28T18:03:21.9780362+00:00" endTime="2026-02-28T18:03:21.9780363+00:00" testType="13cdc9d9-ddb5-4fa4-a97d-d965ccfc6d4b" outcome="Passed" testListId="8c84fa94-04c1-424b-9868-57a2d4851a1d" relativeResultsDirectory="dc906727-fbd3-4a82-a272-dc5b5d265d7e" />
    <UnitTestResult executionId="6d2e9319-5ba0-4bc9-92d5-1428708649cf" testId="6e11e1b8-3359-5386-f322-18fe2d04cc29" testName="AssetHub.Tests.Services.ClamAvScannerServiceTests.ScanAsync_ByteArray_WhenDisabled_ReturnsSkipped" computerName="runnervmnay03" duration="00:00:00.0039815" startTime="2026-02-28T18:02:12.7635899+00:00" endTime="2026-02-28T18:02:12.7635900+00:00" testType="13cdc9d9-ddb5-4fa4-a97d-d965ccfc6d4b" outcome="Passed" testListId="8c84fa94-04c1-424b-9868-57a2d4851a1d" relativeResultsDirectory="6d2e9319-5ba0-4bc9-92d5-1428708649cf" />
    <UnitTestResult executionId="df1291de-ad51-4e49-b639-0cdb402b5cd1" testId="4f10bda0-2be3-7f8e-5e0f-2d47e6d9ca49" testName="AssetHub.Tests.Helpers.FileMagicValidatorTests.Validate_EmptyHeader_ReturnsFalse" computerName="runnervmnay03" duration="00:00:00.0000945" startTime="2026-02-28T18:02:15.7935624+00:00" endTime="2026-02-28T18:02:15.7935625+00:00" testType="13cdc9d9-ddb5-4fa4-a97d-d965ccfc6d4b" outcome="Passed" testListId="8c84fa94-04c1-424b-9868-57a2d4851a1d" relativeResultsDirectory="df1291de-ad51-4e49-b639-0cdb402b5cd1" />
    <UnitTestResult executionId="461717da-1299-44ef-8c06-304639f334b4" testId="8fc365c3-00ad-0176-aacf-4fad9a372c71" testName="AssetHub.Tests.Services.KeycloakUserServiceTests.Constructor_DefaultsAdminClientIdToAdminCli" computerName="runnervmnay03" duration="00:00:00.0002122" startTime="2026-02-28T18:02:12.4018970+00:00" endTime="2026-02-28T18:02:12.4018971+00:00" testType="13cdc9d9-ddb5-4fa4-a97d-d965ccfc6d4b" outcome="Passed" testListId="8c84fa94-04c1-424b-9868-57a2d4851a1d" relativeResultsDirectory="461717da-1299-44ef-8c06-304639f334b4" />
    <UnitTestResult executionId="89ff4092-361a-4771-8fc5-4bdcb416c1fa" testId="ebc7704d-fbe7-5f1b-55c4-9edfe2f39a79" testName="AssetHub.Tests.EdgeCases.CollectionAclInheritanceTests.MultipleUsers_DifferentRoles" computerName="runnervmnay03" duration="00:00:00.0441866" startTime="2026-02-28T18:03:21.4977702+00:00" endTime="2026-02-28T18:03:21.4977703+00:00" testType="13cdc9d9-ddb5-4fa4-a97d-d965ccfc6d4b" outcome="Passed" testListId="8c84fa94-04c1-424b-9868-57a2d4851a1d" relativeResultsDirectory="89ff4092-361a-4771-8fc5-4bdcb416c1fa" />
    <UnitTestResult executionId="0aff3c02-e029-4062-a710-f50bc25103d9" testId="f9250fa7-4217-8662-59ef-300acc74401f" testName="AssetHub.Tests.Endpoints.AssetEndpointTests.GetMedium_NonExistentAsset_Returns404" computerName="runnervmnay03" duration="00:00:00.0086855" startTime="2026-02-28T18:02:27.2616629+00:00" endTime="2026-02-28T18:02:27.2616631+00:00" testType="13cdc9d9-ddb5-4fa4-a97d-d965ccfc6d4b" outcome="Passed" testListId="8c84fa94-04c1-424b-9868-57a2d4851a1d" relativeResultsDirectory="0aff3c02-e029-4062-a710-f50bc25103d9" />
    <UnitTestResult executionId="a1313a18-1ed0-4be3-94a3-a9c953a9a667" testId="29c55c2a-e9e0-a52d-9a9f-220c545b278c" testName="AssetHub.Tests.EdgeCases.SecurityTests.UserA_CannotView_UserBs_Thumbnail" computerName="runnervmnay03" duration="00:00:00.0206470" startTime="2026-02-28T18:02:29.7584911+00:00" endTime="2026-02-28T18:02:29.7584913+00:00" testType="13cdc9d9-ddb5-4fa4-a97d-d965ccfc6d4b" outcome="Passed" testListId="8c84fa94-04c1-424b-9868-57a2d4851a1d" relativeResultsDirectory="a1313a18-1ed0-4be3-94a3-a9c953a9a667" />
    <UnitTestResult executionId="bdd56264-8577-42b8-a336-784283d7a045" testId="d5446c8d-2592-f477-429c-fb2560efa7ad" testName="AssetHub.Tests.Repositories.AssetCollectionRepositoryTests.AddToCollectionAsync_ReturnsNull_WhenCollectionNotExists" computerName="runnervmnay03" duration="00:00:00.0425357" startTime="2026-02-28T18:02:50.3035013+00:00" endTime="2026-02-28T18:02:50.3035013+00:00" testType="13cdc9d9-ddb5-4fa4-a97d-d965ccfc6d4b" outcome="Passed" testListId="8c84fa94-04c1-424b-9868-57a2d4851a1d" relativeResultsDirectory="bdd56264-8577-42b8-a336-784283d7a045" />
    <UnitTestResult executionId="2d4b4654-7f58-46b1-b522-682099963374" testId="c185a605-ce39-9272-b26f-91aae6bc7198" testName="AssetHub.Tests.EdgeCases.SecurityTests.Contributor_CannotGrantManager_ToOther" computerName="runnervmnay03" duration="00:00:00.0139356" startTime="2026-02-28T18:02:30.1470850+00:00" endTime="2026-02-28T18:02:30.1470851+00:00" testType="13cdc9d9-ddb5-4fa4-a97d-d965ccfc6d4b" outcome="Passed" testListId="8c84fa94-04c1-424b-9868-57a2d4851a1d" relativeResultsDirectory="2d4b4654-7f58-46b1-b522-682099963374" />
    <UnitTestResult executionId="1b6c0cb8-19fd-446f-809c-6f90d13fd5e5" testId="92de11bb-e6f8-0504-09c9-68383ab7ba29" testName="AssetHub.Tests.EdgeCases.SecurityTests.Anonymous_CannotAccess_AuthenticatedEndpoints" computerName="runnervmnay03" duration="00:00:00.0101797" startTime="2026-02-28T18:02:29.9046332+00:00" endTime="2026-02-28T18:02:29.9046332+00:00" testType="13cdc9d9-ddb5-4fa4-a97d-d965ccfc6d4b" outcome="Passed" testListId="8c84fa94-04c1-424b-9868-57a2d4851a1d" relativeResultsDirectory="1b6c0cb8-19fd-446f-809c-6f90d13fd5e5" />
    <UnitTestResult executionId="54aed4be-eb8d-4fbd-9234-700ab88eb45a" testId="acef375b-7b1a-a393-5b0b-5ef2544f8701" testName="AssetHub.Tests.Endpoints.ShareEndpointTests.CreateShare_ViewerNoAccess_NonExistentScope_Returns404Or403" computerName="runnervmnay03" duration="00:00:00.0143559" startTime="2026-02-28T18:02:28.7864222+00:00" endTime="2026-02-28T18:02:28.7864223+00:00" testType="13cdc9d9-ddb5-4fa4-a97d-d965ccfc6d4b" outcome="Passed" testListId="8c84fa94-04c1-424b-9868-57a2d4851a1d" relativeResultsDirectory="54aed4be-eb8d-4fbd-9234-700ab88eb45a" />
    <UnitTestResult executionId="f770798b-9e93-4d7c-b93d-3539dce47a50" testId="5e9e7e71-980a-7c01-5e8c-7381e633498b" testName="AssetHub.Tests.Services.ShareAccessServiceTests.UpdateSharePasswordAsync_EmptyPassword_ReturnsBadRequest" computerName="runnervmnay03" duration="00:00:00.3461085" startTime="2026-02-28T18:02:12.5062470+00:00" endTime="2026-02-28T18:02:12.5062470+00:00" testType="13cdc9d9-ddb5-4fa4-a97d-d965ccfc6d4b" outcome="Passed" testListId="8c84fa94-04c1-424b-9868-57a2d4851a1d" relativeResultsDirectory="f770798b-9e93-4d7c-b93d-3539dce47a50" />
    <UnitTestResult executionId="6a4d421e-1900-4406-b8bc-6344841c6d40" testId="2aa53c7e-6aff-ab01-7f8e-25c23bc2aafb" testName="AssetHub.Tests.EdgeCases.SecurityTests.Random_CollectionId_Guessing_Returns403_Or_404" computerName="runnervmnay03" duration="00:00:00.0124905" startTime="2026-02-28T18:02:30.7569272+00:00" endTime="2026-02-28T18:02:30.7569274+00:00" testType="13cdc9d9-ddb5-4fa4-a97d-d965ccfc6d4b" outcome="Passed" testListId="8c84fa94-04c1-424b-9868-57a2d4851a1d" relativeResultsDirectory="6a4d421e-1900-4406-b8bc-6344841c6d40" />
    <UnitTestResult executionId="981924e5-78ec-492c-8491-e53351d067e1" testId="f5107c97-cd50-d1d5-5711-dc7290548949" testName="AssetHub.Tests.Endpoints.AssetEndpointTests.GetPoster_NonExistentAsset_Returns404" computerName="runnervmnay03" duration="00:00:00.0064367" startTime="2026-02-28T18:02:27.1687538+00:00" endTime="2026-02-28T18:02:27.1687540+00:00" testType="13cdc9d9-ddb5-4fa4-a97d-d965ccfc6d4b" outcome="Passed" testListId="8c84fa94-04c1-424b-9868-57a2d4851a1d" relativeResultsDirectory="981924e5-78ec-492c-8491-e53351d067e1" />
    <UnitTestResult executionId="833553a2-20b3-4c44-a457-b4889fcd7eea" testId="f54659c7-18bd-3177-4cc5-d610ce465d58" testName="AssetHub.Tests.Endpoints.AdminEndpointTests.Viewer_CannotSyncUsers_Returns403" computerName="runnervmnay03" duration="00:00:00.0094459" startTime="2026-02-28T18:02:24.4702807+00:00" endTime="2026-02-28T18:02:24.4702810+00:00" testType="13cdc9d9-ddb5-4fa4-a97d-d965ccfc6d4b" outcome="Passed" testListId="8c84fa94-04c1-424b-9868-57a2d4851a1d" relativeResultsDirectory="833553a2-20b3-4c44-a457-b4889fcd7eea" />
    <UnitTestResult executionId="d40b95ca-beb2-4c9a-aaca-04640779225d" testId="111471a3-fa2b-1bcb-be41-6b91d79d4cdf" testName="AssetHub.Tests.Endpoints.AssetEndpointTests.RemoveAssetFromCollection_NonExistent_Returns404" computerName="runnervmnay03" duration="00:00:00.0091394" startTime="2026-02-28T18:02:26.8965445+00:00" endTime="2026-02-28T18:02:26.8966524+00:00" testType="13cdc9d9-ddb5-4fa4-a97d-d965ccfc6d4b" outcome="Passed" testListId="8c84fa94-04c1-424b-9868-57a2d4851a1d" relativeResultsDirectory="d40b95ca-beb2-4c9a-aaca-04640779225d" />
    <UnitTestResult executionId="9fe57462-17fa-4ce7-ad5b-4c42407a4e21" testId="6ddf0127-a615-4e1e-8714-7fbf86765da0" testName="AssetHub.Tests.EdgeCases.SmartDeletionServiceTests.GetDeletionContext_SingleCollection_CanDeletePermanently" computerName="runnervmnay03" duration="00:00:00.0839164" startTime="2026-02-28T18:03:32.2836023+00:00" endTime="2026-02-28T18:03:32.2836023+00:00" testType="13cdc9d9-ddb5-4fa4-a97d-d965ccfc6d4b" outcome="Passed" testListId="8c84fa94-04c1-424b-9868-57a2d4851a1d" relativeResultsDirectory="9fe57462-17fa-4ce7-ad5b-4c42407a4e21" />
    <UnitTestResult executionId="437293b8-0a78-4914-a88c-3835b59dfbe6" testId="e5e2b14f-c1eb-71ee-546f-dd1e60d00d31" testName="AssetHub.Tests.EdgeCases.SecurityTests.Viewer_CannotCreateCollection" computerName="runnervmnay03" duration="00:00:00.0042920" startTime="2026-02-28T18:02:29.6385933+00:00" endTime="2026-02-28T18:02:29.6385934+00:00" testType="13cdc9d9-ddb5-4fa4-a97d-d965ccfc6d4b" outcome="Passed" testListId="8c84fa94-04c1-424b-9868-57a2d4851a1d" relativeResultsDirectory="437293b8-0a78-4914-a88c-3835b59dfbe6" />
    <UnitTestResult executionId="ea6fac2f-c3b2-4eb2-bedc-28083761fed3" testId="d04d633e-6d02-6308-00ca-a44486722dbf" testName="AssetHub.Tests.EdgeCases.ConcurrencyTests.SetAndRevokeAccess_ConcurrentOperations_DataIntegrity" computerName="runnervmnay03" duration="00:00:00.0883196" startTime="2026-02-28T18:03:22.5340523+00:00" endTime="2026-02-28T18:03:22.5340523+00:00" testType="13cdc9d9-ddb5-4fa4-a97d-d965ccfc6d4b" outcome="Passed" testListId="8c84fa94-04c1-424b-9868-57a2d4851a1d" relativeResultsDirectory="ea6fac2f-c3b2-4eb2-bedc-28083761fed3" />
    <UnitTestResult executionId="84e94c7e-8c61-4481-a5cd-50273dd85e01" testId="f4d8cb1b-cbda-3b0e-8fee-1f3037e7cf65" testName="AssetHub.Tests.Helpers.FileMagicValidatorTests.Validate_TextBasedTypes_AlwaysReturnsTrue(mimeType: &quot;application/svg+xml&quot;)" computerName="runnervmnay03" duration="00:00:00.0001265" startTime="2026-02-28T18:02:15.7487274+00:00" endTime="2026-02-28T18:02:15.7487275+00:00" testType="13cdc9d9-ddb5-4fa4-a97d-d965ccfc6d4b" outcome="Passed" testListId="8c84fa94-04c1-424b-9868-57a2d4851a1d" relativeResultsDirectory="84e94c7e-8c61-4481-a5cd-50273dd85e01" />
    <UnitTestResult executionId="cc01995a-27ac-424f-a6d0-a3759e01b1bf" testId="de0b4b9e-8673-bdf2-f63a-9dc2d5cc36ff" testName="AssetHub.Tests.Services.CollectionServiceTests.GetRootCollectionsAsync_ReturnsOnlyAccessible" computerName="runnervmnay03" duration="00:00:00.0492197" startTime="2026-02-28T18:02:40.6006839+00:00" endTime="2026-02-28T18:02:40.6006840+00:00" testType="13cdc9d9-ddb5-4fa4-a97d-d965ccfc6d4b" outcome="Passed" testListId="8c84fa94-04c1-424b-9868-57a2d4851a1d" relativeResultsDirectory="cc01995a-27ac-424f-a6d0-a3759e01b1bf" />
    <UnitTestResult executionId="a89c8fa2-221c-443c-843a-91b583dc5be4" testId="cc76e177-a998-3a1d-539e-72d3748446f4" testName="AssetHub.Tests.Repositories.AssetRepositoryTests.SearchAllAsync_SortsByTitleAscending" computerName="runnervmnay03" duration="00:00:00.0788831" startTime="2026-02-28T18:02:59.3656811+00:00" endTime="2026-02-28T18:02:59.3656811+00:00" testType="13cdc9d9-ddb5-4fa4-a97d-d965ccfc6d4b" outcome="Passed" testListId="8c84fa94-04c1-424b-9868-57a2d4851a1d" relativeResultsDirectory="a89c8fa2-221c-443c-843a-91b583dc5be4" />
    <UnitTestResult executionId="31f55846-6844-44f4-9114-84796c9527fa" testId="4b96fb55-0c1e-c82c-233a-ebf0c769eda6" testName="AssetHub.Tests.Endpoints.AssetEndpointTests.GetDeletionContext_Returns200" computerName="runnervmnay03" duration="00:00:00.0147571" startTime="2026-02-28T18:02:27.1466191+00:00" endTime="2026-02-28T18:02:27.1466192+00:00" testType="13cdc9d9-ddb5-4fa4-a97d-d965ccfc6d4b" outcome="Passed" testListId="8c84fa94-04c1-424b-9868-57a2d4851a1d" relativeResultsDirectory="31f55846-6844-44f4-9114-84796c9527fa" />
    <UnitTestResult executionId="f9a53f60-04d1-4332-9481-db9a0ee5006b" testId="c8d2d31c-aabc-0d82-8bdd-ef652e391b50" testName="AssetHub.Tests.Repositories.AssetRepositoryTests.SearchAllAsync_EmptyAllowedCollectionIds_ReturnsNothing" computerName="runnervmnay03" duration="00:00:00.0643092" startTime="2026-02-28T18:03:00.7713274+00:00" endTime="2026-02-28T18:03:00.7713276+00:00" testType="13cdc9d9-ddb5-4fa4-a97d-d965ccfc6d4b" outcome="Passed" testListId="8c84fa94-04c1-424b-9868-57a2d4851a1d" relativeResultsDirectory="f9a53f60-04d1-4332-9481-db9a0ee5006b" />
[...]
    <TestEntry testId="9974dbe5-8ed0-5432-a7d1-4ae30c8f99d9" executionId="46df488b-507a-4410-9b9a-0a5dd310e792" testListId="8c84fa94-04c1-424b-9868-57a2d4851a1d" />
    <TestEntry testId="49bd8489-c63b-a515-dd67-c9e03794a7d5" executionId="af9d5c9b-378d-424e-8b21-c01956f1d181" testListId="8c84fa94-04c1-424b-9868-57a2d4851a1d" />
    <TestEntry testId="41bc270d-c5db-3f7b-fb53-3c0a321107a9" executionId="792704ca-236f-4a06-a906-9f4caa0900c2" testListId="8c84fa94-04c1-424b-9868-57a2d4851a1d" />
    <TestEntry testId="0f12975b-dbfd-dd8a-5bef-48572770d08c" executionId="b17f2062-3d93-40b5-a023-f03db81c77f5" testListId="8c84fa94-04c1-424b-9868-57a2d4851a1d" />
    <TestEntry testId="492f30d8-8557-ce42-95f8-3c4694a621ad" executionId="1a9e760a-3db5-482e-aa92-8aa376490fbd" testListId="8c84fa94-04c1-424b-9868-57a2d4851a1d" />
    <TestEntry testId="b626ca25-7160-5d75-0305-c72b31855bd9" executionId="953ad3d5-e956-4867-868e-e09369327838" testListId="8c84fa94-04c1-424b-9868-57a2d4851a1d" />
    <TestEntry testId="c1263dce-79ad-bce4-9697-b1b4529e2f42" executionId="737563db-cdd6-4b50-a01f-cab8dfaa2a20" testListId="8c84fa94-04c1-424b-9868-57a2d4851a1d" />
    <TestEntry testId="8e8e3531-399a-0f62-cabe-5fa6fa3525db" executionId="6ef54686-dbb6-4cc4-bb36-7683505146c6" testListId="8c84fa94-04c1-424b-9868-57a2d4851a1d" />
    <TestEntry testId="c7535c66-cd8c-3d3d-7289-81dd32204a47" executionId="c9a3344d-6837-4a01-831a-49866e110136" testListId="8c84fa94-04c1-424b-9868-57a2d4851a1d" />
    <TestEntry testId="8827fda5-87fb-8e88-9dc3-86b24a6ad5ee" executionId="ffb8747f-b0b9-49a3-9bb1-4d004c3e715d" testListId="8c84fa94-04c1-424b-9868-57a2d4851a1d" />
    <TestEntry testId="fd5783c1-a89d-612b-1ee8-45364f841e4d" executionId="17fca13d-54d2-41fb-89e8-03d646b0fde3" testListId="8c84fa94-04c1-424b-9868-57a2d4851a1d" />
    <TestEntry testId="11f07974-4e9a-9412-abc5-dd5ce325306b" executionId="a7a4e75f-f88f-41c0-86df-b48616325922" testListId="8c84fa94-04c1-424b-9868-57a2d4851a1d" />
    <TestEntry testId="e785590b-b690-eb64-6d6c-5ee47587b913" executionId="41913ca2-9cf8-4843-bbfb-83b342a7a10c" testListId="8c84fa94-04c1-424b-9868-57a2d4851a1d" />
    <TestEntry testId="918777a5-1d94-622e-9f3c-80fad3434282" executionId="8f068934-5229-4fa6-993f-5a68f5a4b1ec" testListId="8c84fa94-04c1-424b-9868-57a2d4851a1d" />
    <TestEntry testId="b1e4f828-8ba3-fc82-541d-5ce415f5d08b" executionId="a187730f-d83e-4505-a9d6-6826e1fdbc7e" testListId="8c84fa94-04c1-424b-9868-57a2d4851a1d" />
    <TestEntry testId="378f52a6-671b-46d2-bddb-99766f2058c7" executionId="ed7eb463-97f8-43f7-bdd7-4bb808cebf1e" testListId="8c84fa94-04c1-424b-9868-57a2d4851a1d" />
    <TestEntry testId="900a074c-6acc-871f-d27e-8fa59fa5c211" executionId="64a96c1b-4d54-4ade-8bbc-f479e7465d8a" testListId="8c84fa94-04c1-424b-9868-57a2d4851a1d" />
    <TestEntry testId="b5e642f6-786e-27b9-c077-cd8d4db8d69a" executionId="75bb799f-916b-4833-b8d0-ce4c333c0a72" testListId="8c84fa94-04c1-424b-9868-57a2d4851a1d" />
    <TestEntry testId="dc061bc2-0212-9b1b-53a4-403363f8e4e0" executionId="41c03954-d598-4304-9dcb-cecf3f8d09b3" testListId="8c84fa94-04c1-424b-9868-57a2d4851a1d" />
    <TestEntry testId="0d6ca51c-6860-cd33-6796-ab114e670633" executionId="15f95655-fc9b-49c5-8f54-0aa15d2517cd" testListId="8c84fa94-04c1-424b-9868-57a2d4851a1d" />
    <TestEntry testId="efecf5bf-4869-0d63-3967-84f62392eee6" executionId="192e4cc7-d0a1-4942-af89-8ba51c76f9b5" testListId="8c84fa94-04c1-424b-9868-57a2d4851a1d" />
    <TestEntry testId="0aea3c30-1375-eaf0-0ad7-78ebc0bb8693" executionId="a443aa9d-2fad-49d2-8908-5bc4558860de" testListId="8c84fa94-04c1-424b-9868-57a2d4851a1d" />
    <TestEntry testId="6aa5721f-ffa2-3e2a-a4f1-46f36e53a8bb" executionId="c7e05b5b-f0e6-44c0-90f5-7617a456e65d" testListId="8c84fa94-04c1-424b-9868-57a2d4851a1d" />
    <TestEntry testId="c65e2948-08f7-6ef3-c4f5-adc252746f38" executionId="d21010ec-e330-48e2-9910-a79d8092c6e6" testListId="8c84fa94-04c1-424b-9868-57a2d4851a1d" />
    <TestEntry testId="dd9a386d-0c5a-b311-9d6a-57f283b2b5db" executionId="68ff6e45-7d3a-4000-820f-e1b1cb362958" testListId="8c84fa94-04c1-424b-9868-57a2d4851a1d" />
    <TestEntry testId="fb0723a9-8f48-261d-0b9b-c3350ae069c4" executionId="007e6369-3a94-41ff-9f5c-30480682f592" testListId="8c84fa94-04c1-424b-9868-57a2d4851a1d" />
    <TestEntry testId="3f8e27a8-de32-2c02-7554-01034ea4e19f" executionId="5eaa2955-8ee3-4ad5-9302-31699b67be3d" testListId="8c84fa94-04c1-424b-9868-57a2d4851a1d" />
    <TestEntry testId="efee7cdb-477e-cfd4-a65b-0acadaa48155" executionId="9aa8c615-3e8e-49b6-8df2-2dbdac486505" testListId="8c84fa94-04c1-424b-9868-57a2d4851a1d" />
    <TestEntry testId="8db4cef6-9081-5069-b501-72b40653300b" executionId="d8134c34-ece9-4152-876b-7365dbf55281" testListId="8c84fa94-04c1-424b-9868-57a2d4851a1d" />
    <TestEntry testId="c8595ec9-01ac-f7b9-886d-1cad05aa40db" executionId="e4cbb2e3-5b2f-45bf-bcea-d46b0e5bc638" testListId="8c84fa94-04c1-424b-9868-57a2d4851a1d" />
    <TestEntry testId="cfb2ad0e-2d6e-c530-cb2b-42a2238247b2" executionId="0c6cfc3e-634b-424f-9414-0268fe0999a5" testListId="8c84fa94-04c1-424b-9868-57a2d4851a1d" />
    <TestEntry testId="cfc8320c-b7fb-084a-b2c2-058e79e736e7" executionId="a0143e80-59ea-4475-8526-aa4261ffd5d8" testListId="8c84fa94-04c1-424b-9868-57a2d4851a1d" />
    <TestEntry testId="c77f2ffb-c13a-cc72-f3cf-0f52d2705e4b" executionId="af2fc5a6-2bdd-4eb5-8ee5-54f8575ae603" testListId="8c84fa94-04c1-424b-9868-57a2d4851a1d" />
    <TestEntry testId="e2f545fc-be5b-8ff2-7752-94959dde5dbe" executionId="2c4b672a-90a7-4b9d-a44a-176d55ff9312" testListId="8c84fa94-04c1-424b-9868-57a2d4851a1d" />
    <TestEntry testId="72e2f1c4-c995-25bb-ce9e-0ef9ed757e62" executionId="68879459-b826-4568-a0a8-b641fbd53459" testListId="8c84fa94-04c1-424b-9868-57a2d4851a1d" />
    <TestEntry testId="d9f5da0f-fad2-5dd5-316e-a05d09ded57b" executionId="a967443c-3b36-494a-906c-8172f293ea73" testListId="8c84fa94-04c1-424b-9868-57a2d4851a1d" />
    <TestEntry testId="90cd5f35-77e7-069b-8994-9f18eef101f1" executionId="15ff6cac-044e-45e5-a3f7-2e0d5b701ede" testListId="8c84fa94-04c1-424b-9868-57a2d4851a1d" />
    <TestEntry testId="88ae30da-a70b-8758-028f-e80340f372e2" executionId="ae2c5ddc-d1fb-4972-9ec6-fe241ec373d9" testListId="8c84fa94-04c1-424b-9868-57a2d4851a1d" />
    <TestEntry testId="875b060a-cdef-2b43-652d-f31e53b1dd91" executionId="5be97a85-e00b-456a-99ad-973e06f845bb" testListId="8c84fa94-04c1-424b-9868-57a2d4851a1d" />
    <TestEntry testId="d1cef5b7-ee9c-7bc0-550f-4946581ab8ba" executionId="a80cf4d6-2bdd-48c8-b95a-71d08ba5ad5b" testListId="8c84fa94-04c1-424b-9868-57a2d4851a1d" />
    <TestEntry testId="5e04170c-cddf-4bc1-d1d4-110ed3325ddd" executionId="7f970b11-7647-4f46-9108-266fe8a0c889" testListId="8c84fa94-04c1-424b-9868-57a2d4851a1d" />
    <TestEntry testId="0130cfd2-de87-aa15-7690-7328cb27e86e" executionId="6e520af9-7eeb-473b-876e-167749e76ef1" testListId="8c84fa94-04c1-424b-9868-57a2d4851a1d" />
    <TestEntry testId="f2c9a673-e540-8915-9a24-a2dadf7fdd32" executionId="fc47d824-0ff8-4698-a8ff-1af07f2651fb" testListId="8c84fa94-04c1-424b-9868-57a2d4851a1d" />
    <TestEntry testId="3d30f9d4-be32-7f38-bec6-e4f64f884785" executionId="9fea6ae3-71e4-491c-8660-ada6147c4fff" testListId="8c84fa94-04c1-424b-9868-57a2d4851a1d" />
    <TestEntry testId="0f29eea3-e454-5c25-7e37-c7f4634be5ad" executionId="b35ecbb2-1115-4b75-a4ff-c47348af0929" testListId="8c84fa94-04c1-424b-9868-57a2d4851a1d" />
    <TestEntry testId="81c3aade-b110-80fd-fff1-d9eb23809d03" executionId="a6a4ef3b-df37-497a-8926-76540c32be32" testListId="8c84fa94-04c1-424b-9868-57a2d4851a1d" />
    <TestEntry testId="923f8827-14a7-292d-99e6-822a82f481e7" executionId="92f83116-0a52-4526-aa6b-d76426661548" testListId="8c84fa94-04c1-424b-9868-57a2d4851a1d" />
    <TestEntry testId="68836ea8-6575-b9eb-79a1-61bf99a5aac9" executionId="6b2b76c5-3fd0-4bd9-8800-d3e165309fc9" testListId="8c84fa94-04c1-424b-9868-57a2d4851a1d" />
    <TestEntry testId="08f4ec7f-4561-bdfb-6f82-4cbebf867a39" executionId="cb55b5c6-5968-4113-a890-6348fbca3496" testListId="8c84fa94-04c1-424b-9868-57a2d4851a1d" />
    <TestEntry testId="651fea2d-744b-6dc0-2a0d-7181d1128217" executionId="4f25a210-74f8-4b87-bd75-f1fa21063f2f" testListId="8c84fa94-04c1-424b-9868-57a2d4851a1d" />
    <TestEntry testId="61c90eee-b50a-4740-19bd-5c5485de7b94" executionId="5ca1bc29-2ac5-46c5-85b1-4236c19a0e24" testListId="8c84fa94-04c1-424b-9868-57a2d4851a1d" />
    <TestEntry testId="ec4dc8f4-1c5c-4390-0019-6c9da51fc328" executionId="9cc8c838-5e3a-4681-98eb-9340529f1123" testListId="8c84fa94-04c1-424b-9868-57a2d4851a1d" />
    <TestEntry testId="7af20b0a-5506-ceea-311f-b32a19e8e5fa" executionId="9f20c206-4fd5-4b4c-95a5-c738d4069aeb" testListId="8c84fa94-04c1-424b-9868-57a2d4851a1d" />
    <TestEntry testId="0cbf6868-2830-2c20-c7bf-526caab82968" executionId="d2081b61-1db6-4af2-83ce-49cdeba3cb5e" testListId="8c84fa94-04c1-424b-9868-57a2d4851a1d" />
    <TestEntry testId="57c48497-5759-b5e2-334b-61a7d071c4ab" executionId="da2d1804-fb44-4f53-9dc5-4ed1fd908602" testListId="8c84fa94-04c1-424b-9868-57a2d4851a1d" />
    <TestEntry testId="6c0ab8bd-665b-1f84-3200-4968707aeb89" executionId="fda55f22-a82d-4d11-ac34-dc65e75d8800" testListId="8c84fa94-04c1-424b-9868-57a2d4851a1d" />
    <TestEntry testId="dd349297-3234-3553-55f7-7afe3f2cde4e" executionId="3b1397a9-e966-4558-a73c-aaf9536accc7" testListId="8c84fa94-04c1-424b-9868-57a2d4851a1d" />
    <TestEntry testId="2d90bab7-f46b-ada8-4536-c52c985c9f38" executionId="42540e14-782a-444b-8cee-e9af13f95aba" testListId="8c84fa94-04c1-424b-9868-57a2d4851a1d" />
    <TestEntry testId="c208ca1c-5694-6b90-1b2d-d674e781dd46" executionId="2d471d20-c681-4853-8070-1fb443d253ab" testListId="8c84fa94-04c1-424b-9868-57a2d4851a1d" />
    <TestEntry testId="5f84df12-84de-4f24-c7d7-5506d9ab5e71" executionId="269ec477-32d3-41d4-985c-1af046b29c5c" testListId="8c84fa94-04c1-424b-9868-57a2d4851a1d" />
    <TestEntry testId="ffd5bfa3-9c16-b3fc-d0db-ad26b39ac2fd" executionId="34f0aff4-7b98-4453-92f4-54fe1a6e4f93" testListId="8c84fa94-04c1-424b-9868-57a2d4851a1d" />
    <TestEntry testId="5db44c1f-e11d-75f9-a6e6-468c6a72c761" executionId="b4fe00d8-7eb7-4df4-b8c6-4373b844ae7a" testListId="8c84fa94-04c1-424b-9868-57a2d4851a1d" />
    <TestEntry testId="16d02c0e-9ab9-4a82-9200-ee371858bff9" executionId="c3f88eeb-3542-4d0d-8597-f2fae3981c43" testListId="8c84fa94-04c1-424b-9868-57a2d4851a1d" />
    <TestEntry testId="c1d74412-a505-fabb-71b2-e1f49e1f3c75" executionId="221a6fa6-9fef-4507-9b1b-a866e60c6d24" testListId="8c84fa94-04c1-424b-9868-57a2d4851a1d" />
    <TestEntry testId="85fb9cb8-b33a-3240-1313-92ccddaf818f" executionId="0087de53-989c-4af8-b806-78e756ed57ff" testListId="8c84fa94-04c1-424b-9868-57a2d4851a1d" />
    <TestEntry testId="bc429232-0153-1402-f07a-634c250f9f76" executionId="d5a8c688-6d3b-45d2-b4a7-b44c916d8451" testListId="8c84fa94-04c1-424b-9868-57a2d4851a1d" />
    <TestEntry testId="a681f442-692a-5e1a-4fed-07eae2efe946" executionId="43340d36-3997-4266-8da5-d5caf2c537eb" testListId="8c84fa94-04c1-424b-9868-57a2d4851a1d" />
    <TestEntry testId="c157961d-f359-571e-4084-075dfacf011e" executionId="2d9a006c-38bb-4d71-8d00-e78b6f7ac061" testListId="8c84fa94-04c1-424b-9868-57a2d4851a1d" />
    <TestEntry testId="43565d9a-2e2e-fd17-e5d1-12b6e3c8e91b" executionId="b0d8ecd9-61d6-464b-bae7-87ec336253d1" testListId="8c84fa94-04c1-424b-9868-57a2d4851a1d" />
    <TestEntry testId="65b2c8ce-9c81-cfab-f454-7c87648700ae" executionId="bdfce355-fc4a-4c0b-a975-4702e10d474c" testListId="8c84fa94-04c1-424b-9868-57a2d4851a1d" />
    <TestEntry testId="7af26aa1-291e-2fa2-97cc-d9bc477f99fe" executionId="2e47dbb8-571a-4446-bcef-65dbdaf3645c" testListId="8c84fa94-04c1-424b-9868-57a2d4851a1d" />
    <TestEntry testId="97697cf0-031e-4ec4-cdab-a1ecd15c3dcf" executionId="c7c05bac-24b7-418a-8bbd-72eb0e9ed831" testListId="8c84fa94-04c1-424b-9868-57a2d4851a1d" />
    <TestEntry testId="a176529c-08ed-a7af-9c7b-8e87fd458191" executionId="3d5487d3-f5a3-4723-ba49-07e7e7eb3d33" testListId="8c84fa94-04c1-424b-9868-57a2d4851a1d" />
    <TestEntry testId="a97f95bf-84e4-73d1-5e9c-08532ff0f101" executionId="be656ae8-32a8-40ed-8c83-444b79281047" testListId="8c84fa94-04c1-424b-9868-57a2d4851a1d" />
    <TestEntry testId="700c890d-23df-fb69-ae71-77fb33f00ec8" executionId="5084180c-a51d-4ea4-af88-dc9f877aaacd" testListId="8c84fa94-04c1-424b-9868-57a2d4851a1d" />
    <TestEntry testId="d441fd40-7a0a-0855-a983-caf0cdc4c133" executionId="f4b6803b-8551-4ae5-92bd-b499b5983734" testListId="8c84fa94-04c1-424b-9868-57a2d4851a1d" />
    <TestEntry testId="20aa32a5-bdc8-a2ed-020d-84ffde6c5d78" executionId="03102dee-f223-4d1e-947b-6540eea91ec9" testListId="8c84fa94-04c1-424b-9868-57a2d4851a1d" />
    <TestEntry testId="37884ed0-913b-9435-b67d-a00d5631962e" executionId="a3dbacb3-b497-42e1-a7ed-063ec3c40695" testListId="8c84fa94-04c1-424b-9868-57a2d4851a1d" />
    <TestEntry testId="c9ac39c5-99f3-62f8-7c59-4f24b2fe3998" executionId="899e4ea8-3faa-4f0a-9203-73c2166e9962" testListId="8c84fa94-04c1-424b-9868-57a2d4851a1d" />
    <TestEntry testId="8af86023-d915-7c5a-2fc7-598335969666" executionId="c0bab57e-6b67-480a-89bd-8499d7fdd64b" testListId="8c84fa94-04c1-424b-9868-57a2d4851a1d" />
    <TestEntry testId="0e421b91-45bf-47b0-8037-256dfb98f85e" executionId="a3f2cd5e-9579-48de-8441-a7250b20c3d0" testListId="8c84fa94-04c1-424b-9868-57a2d4851a1d" />
    <TestEntry testId="72a45461-5d32-7204-5781-9fa10b33854c" executionId="d313774d-4668-4e1b-92c6-cb854a6c2119" testListId="8c84fa94-04c1-424b-9868-57a2d4851a1d" />
    <TestEntry testId="1743fda8-f98e-e8ae-131b-f0dd1a9cf7ac" executionId="5f546f2d-182e-46c1-ab4a-cf9c660cf452" testListId="8c84fa94-04c1-424b-9868-57a2d4851a1d" />
    <TestEntry testId="262e82cf-8b12-a11e-ecbd-d403b60d9b47" executionId="e10c5fad-14b2-4aa2-8055-a011ef8f595a" testListId="8c84fa94-04c1-424b-9868-57a2d4851a1d" />
    <TestEntry testId="40cf1e5c-12f0-43b2-9856-9c47eed5127f" executionId="ba90dba9-4578-463b-b32e-64710d1af3dc" testListId="8c84fa94-04c1-424b-9868-57a2d4851a1d" />
    <TestEntry testId="2a7d299a-8bbe-7bbb-7455-7eab765783a4" executionId="b99d2e16-0294-4057-a4e5-7850721307b3" testListId="8c84fa94-04c1-424b-9868-57a2d4851a1d" />
    <TestEntry testId="4c429a0d-94e3-7ff2-6669-28efad748ac6" executionId="23a0ff6a-62af-4223-bf2e-d97eb0041066" testListId="8c84fa94-04c1-424b-9868-57a2d4851a1d" />
    <TestEntry testId="966af0ad-e344-844b-e792-f95d650d22e7" executionId="d8b9b462-6506-471e-ab83-050c7e2ab4d0" testListId="8c84fa94-04c1-424b-9868-57a2d4851a1d" />
    <TestEntry testId="ef8c038b-227f-53b3-4e4a-260370fd5bb0" executionId="8211267c-abb6-46ed-92b6-71d3d7b61098" testListId="8c84fa94-04c1-424b-9868-57a2d4851a1d" />
    <TestEntry testId="b24320fa-c578-8b57-45da-21d24bf15d70" executionId="d9b5f28c-19d8-4a73-8636-38c12fd1885b" testListId="8c84fa94-04c1-424b-9868-57a2d4851a1d" />
  </TestEntries>
  <TestLists>
    <TestList name="Results Not in a List" id="8c84fa94-04c1-424b-9868-57a2d4851a1d" />
    <TestList name="All Loaded Results" id="19431567-8539-422a-85d7-44ee4e166bda" />
  </TestLists>
  <ResultSummary outcome="Completed">
    <Counters total="466" executed="466" passed="466" failed="0" error="0" timeout="0" aborted="0" inconclusive="0" passedButRunAborted="0" notRunnable="0" notExecuted="0" disconnected="0" warning="0" completed="0" inProgress="0" pending="0" />
    <Output>
      <StdOut>[xUnit.net 00:00:00.00] xUnit.net VSTest Adapter v2.8.2+699d445a1a (64-bit .NET 9.0.13)
[xUnit.net 00:00:00.17]   Discovering: AssetHub.Tests
[xUnit.net 00:00:00.38]   Discovered:  AssetHub.Tests
[xUnit.net 00:00:00.39]   Starting:    AssetHub.Tests
[testcontainers.org 00:00:00.16] Connected to Docker:
  Host: unix:///var/run/docker.sock
  Server Version: 28.0.4
  Kernel Version: 6.14.0-1017-azure
  API Version: 1.48
  Operating System: Ubuntu 24.04.3 LTS
  Total Memory: 7.76 GB
[testcontainers.org 00:00:00.31] Docker container bcda02da1e4a created
[testcontainers.org 00:00:00.36] Start Docker container bcda02da1e4a
[testcontainers.org 00:00:00.64] Wait for Docker container bcda02da1e4a to complete readiness checks
[testcontainers.org 00:00:00.65] Docker container bcda02da1e4a ready
[testcontainers.org 00:00:02.71] Docker container 3838e078f400 created
[testcontainers.org 00:00:02.71] Docker container 915292f65ddc created
[testcontainers.org 00:00:02.71] Start Docker container 3838e078f400
[testcontainers.org 00:00:02.71] Start Docker container 915292f65ddc
[testcontainers.org 00:00:03.19] Wait for Docker container 3838e078f400 to complete readiness checks
[testcontainers.org 00:00:03.19] Wait for Docker container 915292f65ddc to complete readiness checks
[testcontainers.org 00:00:03.21] Execute "pg_isready --host localhost --dbname postgres --username postgres" at Docker container 3838e078f400
[testcontainers.org 00:00:03.21] Execute "pg_isready --host localhost --dbname postgres --username postgres" at Docker container 915292f65ddc
[testcontainers.org 00:00:04.37] Execute "pg_isready --host localhost --dbname postgres --username postgres" at Docker container 3838e078f400
[testcontainers.org 00:00:04.45] Execute "pg_isready --host localhost --dbname postgres --username postgres" at Docker container 915292f65ddc
[testcontainers.org 00:00:05.54] Execute "pg_isready --host localhost --dbname postgres --username postgres" at Docker container 3838e078f400
[testcontainers.org 00:00:05.55] Execute "pg_isready --host localhost --dbname postgres --username postgres" at Docker container 915292f65ddc
[testcontainers.org 00:00:06.66] Execute "pg_isready --host localhost --dbname postgres --username postgres" at Docker container 3838e078f400
[testcontainers.org 00:00:06.71] Execute "pg_isready --host localhost --dbname postgres --username postgres" at Docker container 915292f65ddc
[testcontainers.org 00:00:06.74] Docker container 3838e078f400 ready
[testcontainers.org 00:00:06.84] Docker container 915292f65ddc ready
[18:02:21 ERR] Microsoft.EntityFrameworkCore.Database.Command
  Failed executing DbCommand (10ms) [Parameters=[], CommandType='Text', CommandTimeout='30']
SELECT "MigrationId", "ProductVersion"
FROM "__EFMigrationsHistory"
ORDER BY "MigrationId";
[18:02:21 ERR] Microsoft.EntityFrameworkCore.Database.Command
  Failed executing DbCommand (5ms) [Parameters=[], CommandType='Text', CommandTimeout='30']
SELECT "MigrationId", "ProductVersion"
FROM "__EFMigrationsHistory"
ORDER BY "MigrationId";
[18:02:24 WRN] AssetHub.Infrastructure.Services.AdminService
  Keycloak API error sending password reset email for user 'non-existent-uid'
AssetHub.Application.Services.KeycloakApiException: User not found
   at AssetHub.Infrastructure.Services.AdminService.SendPasswordResetEmailAsync(String userId, CancellationToken ct) in /home/runner/work/AssetHub/AssetHub/src/AssetHub.Infrastructure/Services/AdminService.cs:line 349
[18:02:24 WRN] AssetHub.Infrastructure.Services.AdminService
  Keycloak API error deleting user 'non-existent-uid'
AssetHub.Application.Services.KeycloakApiException: User not found
   at AssetHub.Infrastructure.Services.AdminService.DeleteUserAsync(String userId, CancellationToken ct) in /home/runner/work/AssetHub/AssetHub/src/AssetHub.Infrastructure/Services/AdminService.cs:line 418
[testcontainers.org 00:00:17.54] Delete Docker container 915292f65ddc
[testcontainers.org 00:01:20.54] Delete Docker container 3838e078f400
[xUnit.net 00:01:22.55]   Finished:    AssetHub.Tests
</StdOut>
    </Output>
    <CollectorDataEntries>
      <Collector agentName="runnervmnay03" uri="datacollector://microsoft/CoverletCodeCoverage/1.0" collectorDisplayName="XPlat code coverage">
        <UriAttachments>
          <UriAttachment>
            <A href="runnervmnay03/coverage.cobertura.xml"></A>
          </UriAttachment>
        </UriAttachments>
      </Collector>
    </CollectorDataEntries>
  </ResultSummary>
</TestRun>